[2025-04-17T05:57:02.338+0000] {processor.py:186} INFO - Started process (PID=127) to work on /home/airflow/.local/lib/python3.12/site-packages/airflow/example_dags/example_inlet_event_extra.py
[2025-04-17T05:57:02.340+0000] {processor.py:914} INFO - Processing file /home/airflow/.local/lib/python3.12/site-packages/airflow/example_dags/example_inlet_event_extra.py for tasks to queue
[2025-04-17T05:57:02.350+0000] {logging_mixin.py:190} INFO - [2025-04-17T05:57:02.349+0000] {dagbag.py:588} INFO - Filling up the DagBag from /home/airflow/.local/lib/python3.12/site-packages/airflow/example_dags/example_inlet_event_extra.py
[2025-04-17T05:57:03.491+0000] {processor.py:925} INFO - DAG(s) 'read_dataset_event_from_classic', 'read_dataset_event' retrieved from /home/airflow/.local/lib/python3.12/site-packages/airflow/example_dags/example_inlet_event_extra.py
[2025-04-17T05:57:03.759+0000] {logging_mixin.py:190} INFO - [2025-04-17T05:57:03.758+0000] {override.py:1912} INFO - Created Permission View: can delete on DAG:read_dataset_event_from_classic
[2025-04-17T05:57:03.792+0000] {logging_mixin.py:190} INFO - [2025-04-17T05:57:03.792+0000] {override.py:1912} INFO - Created Permission View: can edit on DAG:read_dataset_event_from_classic
[2025-04-17T05:57:03.811+0000] {logging_mixin.py:190} INFO - [2025-04-17T05:57:03.810+0000] {override.py:1912} INFO - Created Permission View: can read on DAG:read_dataset_event_from_classic
[2025-04-17T05:57:03.829+0000] {logging_mixin.py:190} INFO - [2025-04-17T05:57:03.829+0000] {override.py:1912} INFO - Created Permission View: can delete on DAG Run:read_dataset_event_from_classic
[2025-04-17T05:57:03.843+0000] {logging_mixin.py:190} INFO - [2025-04-17T05:57:03.842+0000] {override.py:1912} INFO - Created Permission View: can read on DAG Run:read_dataset_event_from_classic
[2025-04-17T05:57:03.861+0000] {logging_mixin.py:190} INFO - [2025-04-17T05:57:03.860+0000] {override.py:1912} INFO - Created Permission View: can create on DAG Run:read_dataset_event_from_classic
[2025-04-17T05:57:03.872+0000] {logging_mixin.py:190} INFO - [2025-04-17T05:57:03.871+0000] {override.py:1912} INFO - Created Permission View: menu access on DAG Run:read_dataset_event_from_classic
[2025-04-17T05:57:03.904+0000] {logging_mixin.py:190} INFO - [2025-04-17T05:57:03.903+0000] {override.py:1912} INFO - Created Permission View: can delete on DAG:read_dataset_event
[2025-04-17T05:57:03.924+0000] {logging_mixin.py:190} INFO - [2025-04-17T05:57:03.923+0000] {override.py:1912} INFO - Created Permission View: can edit on DAG:read_dataset_event
[2025-04-17T05:57:03.947+0000] {logging_mixin.py:190} INFO - [2025-04-17T05:57:03.946+0000] {override.py:1912} INFO - Created Permission View: can read on DAG:read_dataset_event
[2025-04-17T05:57:03.970+0000] {logging_mixin.py:190} INFO - [2025-04-17T05:57:03.969+0000] {override.py:1912} INFO - Created Permission View: can delete on DAG Run:read_dataset_event
[2025-04-17T05:57:03.988+0000] {logging_mixin.py:190} INFO - [2025-04-17T05:57:03.988+0000] {override.py:1912} INFO - Created Permission View: can read on DAG Run:read_dataset_event
[2025-04-17T05:57:04.005+0000] {logging_mixin.py:190} INFO - [2025-04-17T05:57:04.004+0000] {override.py:1912} INFO - Created Permission View: can create on DAG Run:read_dataset_event
[2025-04-17T05:57:04.026+0000] {logging_mixin.py:190} INFO - [2025-04-17T05:57:04.025+0000] {override.py:1912} INFO - Created Permission View: menu access on DAG Run:read_dataset_event
[2025-04-17T05:57:04.029+0000] {logging_mixin.py:190} INFO - [2025-04-17T05:57:04.028+0000] {dag.py:3239} INFO - Sync 2 DAGs
[2025-04-17T05:57:04.073+0000] {logging_mixin.py:190} INFO - [2025-04-17T05:57:04.072+0000] {dag.py:3262} INFO - Creating ORM DAG for read_dataset_event_from_classic
[2025-04-17T05:57:04.075+0000] {logging_mixin.py:190} INFO - [2025-04-17T05:57:04.074+0000] {dag.py:3262} INFO - Creating ORM DAG for read_dataset_event
[2025-04-17T05:57:04.115+0000] {logging_mixin.py:190} INFO - [2025-04-17T05:57:04.115+0000] {dag.py:4180} INFO - Setting next_dagrun for read_dataset_event to 2025-04-16 00:00:00+00:00, run_after=2025-04-17 00:00:00+00:00
[2025-04-17T05:57:04.119+0000] {logging_mixin.py:190} INFO - [2025-04-17T05:57:04.119+0000] {dag.py:4180} INFO - Setting next_dagrun for read_dataset_event_from_classic to 2025-04-16 00:00:00+00:00, run_after=2025-04-17 00:00:00+00:00
[2025-04-17T05:57:04.172+0000] {processor.py:208} INFO - Processing /home/airflow/.local/lib/python3.12/site-packages/airflow/example_dags/example_inlet_event_extra.py took 1.841 seconds
[2025-04-17T05:57:34.714+0000] {processor.py:186} INFO - Started process (PID=190) to work on /home/airflow/.local/lib/python3.12/site-packages/airflow/example_dags/example_inlet_event_extra.py
[2025-04-17T05:57:34.716+0000] {processor.py:914} INFO - Processing file /home/airflow/.local/lib/python3.12/site-packages/airflow/example_dags/example_inlet_event_extra.py for tasks to queue
[2025-04-17T05:57:34.719+0000] {logging_mixin.py:190} INFO - [2025-04-17T05:57:34.719+0000] {dagbag.py:588} INFO - Filling up the DagBag from /home/airflow/.local/lib/python3.12/site-packages/airflow/example_dags/example_inlet_event_extra.py
[2025-04-17T05:57:35.530+0000] {processor.py:925} INFO - DAG(s) 'read_dataset_event_from_classic', 'read_dataset_event' retrieved from /home/airflow/.local/lib/python3.12/site-packages/airflow/example_dags/example_inlet_event_extra.py
[2025-04-17T05:57:35.564+0000] {logging_mixin.py:190} INFO - [2025-04-17T05:57:35.564+0000] {dag.py:3239} INFO - Sync 2 DAGs
[2025-04-17T05:57:35.598+0000] {logging_mixin.py:190} INFO - [2025-04-17T05:57:35.597+0000] {dag.py:4180} INFO - Setting next_dagrun for read_dataset_event to 2025-04-16 00:00:00+00:00, run_after=2025-04-17 00:00:00+00:00
[2025-04-17T05:57:35.604+0000] {logging_mixin.py:190} INFO - [2025-04-17T05:57:35.604+0000] {dag.py:4180} INFO - Setting next_dagrun for read_dataset_event_from_classic to 2025-04-16 00:00:00+00:00, run_after=2025-04-17 00:00:00+00:00
[2025-04-17T05:57:35.658+0000] {processor.py:208} INFO - Processing /home/airflow/.local/lib/python3.12/site-packages/airflow/example_dags/example_inlet_event_extra.py took 0.954 seconds
[2025-04-17T05:58:06.703+0000] {processor.py:186} INFO - Started process (PID=254) to work on /home/airflow/.local/lib/python3.12/site-packages/airflow/example_dags/example_inlet_event_extra.py
[2025-04-17T05:58:06.705+0000] {processor.py:914} INFO - Processing file /home/airflow/.local/lib/python3.12/site-packages/airflow/example_dags/example_inlet_event_extra.py for tasks to queue
[2025-04-17T05:58:06.709+0000] {logging_mixin.py:190} INFO - [2025-04-17T05:58:06.708+0000] {dagbag.py:588} INFO - Filling up the DagBag from /home/airflow/.local/lib/python3.12/site-packages/airflow/example_dags/example_inlet_event_extra.py
[2025-04-17T05:58:07.314+0000] {processor.py:925} INFO - DAG(s) 'read_dataset_event_from_classic', 'read_dataset_event' retrieved from /home/airflow/.local/lib/python3.12/site-packages/airflow/example_dags/example_inlet_event_extra.py
[2025-04-17T05:58:07.342+0000] {logging_mixin.py:190} INFO - [2025-04-17T05:58:07.342+0000] {dag.py:3239} INFO - Sync 2 DAGs
[2025-04-17T05:58:07.373+0000] {logging_mixin.py:190} INFO - [2025-04-17T05:58:07.372+0000] {dag.py:4180} INFO - Setting next_dagrun for read_dataset_event to 2025-04-16 00:00:00+00:00, run_after=2025-04-17 00:00:00+00:00
[2025-04-17T05:58:07.381+0000] {logging_mixin.py:190} INFO - [2025-04-17T05:58:07.380+0000] {dag.py:4180} INFO - Setting next_dagrun for read_dataset_event_from_classic to 2025-04-16 00:00:00+00:00, run_after=2025-04-17 00:00:00+00:00
[2025-04-17T05:58:07.405+0000] {processor.py:208} INFO - Processing /home/airflow/.local/lib/python3.12/site-packages/airflow/example_dags/example_inlet_event_extra.py took 0.711 seconds
[2025-04-17T05:58:37.676+0000] {processor.py:186} INFO - Started process (PID=323) to work on /home/airflow/.local/lib/python3.12/site-packages/airflow/example_dags/example_inlet_event_extra.py
[2025-04-17T05:58:37.679+0000] {processor.py:914} INFO - Processing file /home/airflow/.local/lib/python3.12/site-packages/airflow/example_dags/example_inlet_event_extra.py for tasks to queue
[2025-04-17T05:58:37.685+0000] {logging_mixin.py:190} INFO - [2025-04-17T05:58:37.684+0000] {dagbag.py:588} INFO - Filling up the DagBag from /home/airflow/.local/lib/python3.12/site-packages/airflow/example_dags/example_inlet_event_extra.py
[2025-04-17T05:58:38.474+0000] {processor.py:925} INFO - DAG(s) 'read_dataset_event', 'read_dataset_event_from_classic' retrieved from /home/airflow/.local/lib/python3.12/site-packages/airflow/example_dags/example_inlet_event_extra.py
[2025-04-17T05:58:38.499+0000] {logging_mixin.py:190} INFO - [2025-04-17T05:58:38.499+0000] {dag.py:3239} INFO - Sync 2 DAGs
[2025-04-17T05:58:38.529+0000] {logging_mixin.py:190} INFO - [2025-04-17T05:58:38.529+0000] {dag.py:4180} INFO - Setting next_dagrun for read_dataset_event to 2025-04-16 00:00:00+00:00, run_after=2025-04-17 00:00:00+00:00
[2025-04-17T05:58:38.536+0000] {logging_mixin.py:190} INFO - [2025-04-17T05:58:38.536+0000] {dag.py:4180} INFO - Setting next_dagrun for read_dataset_event_from_classic to 2025-04-16 00:00:00+00:00, run_after=2025-04-17 00:00:00+00:00
[2025-04-17T05:58:38.570+0000] {processor.py:208} INFO - Processing /home/airflow/.local/lib/python3.12/site-packages/airflow/example_dags/example_inlet_event_extra.py took 0.908 seconds
[2025-04-17T05:59:09.013+0000] {processor.py:186} INFO - Started process (PID=386) to work on /home/airflow/.local/lib/python3.12/site-packages/airflow/example_dags/example_inlet_event_extra.py
[2025-04-17T05:59:09.014+0000] {processor.py:914} INFO - Processing file /home/airflow/.local/lib/python3.12/site-packages/airflow/example_dags/example_inlet_event_extra.py for tasks to queue
[2025-04-17T05:59:09.019+0000] {logging_mixin.py:190} INFO - [2025-04-17T05:59:09.018+0000] {dagbag.py:588} INFO - Filling up the DagBag from /home/airflow/.local/lib/python3.12/site-packages/airflow/example_dags/example_inlet_event_extra.py
[2025-04-17T05:59:09.728+0000] {processor.py:925} INFO - DAG(s) 'read_dataset_event_from_classic', 'read_dataset_event' retrieved from /home/airflow/.local/lib/python3.12/site-packages/airflow/example_dags/example_inlet_event_extra.py
[2025-04-17T05:59:09.757+0000] {logging_mixin.py:190} INFO - [2025-04-17T05:59:09.757+0000] {dag.py:3239} INFO - Sync 2 DAGs
[2025-04-17T05:59:09.785+0000] {logging_mixin.py:190} INFO - [2025-04-17T05:59:09.785+0000] {dag.py:4180} INFO - Setting next_dagrun for read_dataset_event to 2025-04-16 00:00:00+00:00, run_after=2025-04-17 00:00:00+00:00
[2025-04-17T05:59:09.794+0000] {logging_mixin.py:190} INFO - [2025-04-17T05:59:09.794+0000] {dag.py:4180} INFO - Setting next_dagrun for read_dataset_event_from_classic to 2025-04-16 00:00:00+00:00, run_after=2025-04-17 00:00:00+00:00
[2025-04-17T05:59:09.817+0000] {processor.py:208} INFO - Processing /home/airflow/.local/lib/python3.12/site-packages/airflow/example_dags/example_inlet_event_extra.py took 0.810 seconds
[2025-04-17T05:59:40.380+0000] {processor.py:186} INFO - Started process (PID=451) to work on /home/airflow/.local/lib/python3.12/site-packages/airflow/example_dags/example_inlet_event_extra.py
[2025-04-17T05:59:40.382+0000] {processor.py:914} INFO - Processing file /home/airflow/.local/lib/python3.12/site-packages/airflow/example_dags/example_inlet_event_extra.py for tasks to queue
[2025-04-17T05:59:40.385+0000] {logging_mixin.py:190} INFO - [2025-04-17T05:59:40.385+0000] {dagbag.py:588} INFO - Filling up the DagBag from /home/airflow/.local/lib/python3.12/site-packages/airflow/example_dags/example_inlet_event_extra.py
[2025-04-17T05:59:41.013+0000] {processor.py:925} INFO - DAG(s) 'read_dataset_event', 'read_dataset_event_from_classic' retrieved from /home/airflow/.local/lib/python3.12/site-packages/airflow/example_dags/example_inlet_event_extra.py
[2025-04-17T05:59:41.033+0000] {logging_mixin.py:190} INFO - [2025-04-17T05:59:41.033+0000] {dag.py:3239} INFO - Sync 2 DAGs
[2025-04-17T05:59:41.057+0000] {logging_mixin.py:190} INFO - [2025-04-17T05:59:41.057+0000] {dag.py:4180} INFO - Setting next_dagrun for read_dataset_event to 2025-04-16 00:00:00+00:00, run_after=2025-04-17 00:00:00+00:00
[2025-04-17T05:59:41.063+0000] {logging_mixin.py:190} INFO - [2025-04-17T05:59:41.063+0000] {dag.py:4180} INFO - Setting next_dagrun for read_dataset_event_from_classic to 2025-04-16 00:00:00+00:00, run_after=2025-04-17 00:00:00+00:00
[2025-04-17T05:59:41.078+0000] {processor.py:208} INFO - Processing /home/airflow/.local/lib/python3.12/site-packages/airflow/example_dags/example_inlet_event_extra.py took 0.705 seconds
[2025-04-17T06:00:11.413+0000] {processor.py:186} INFO - Started process (PID=511) to work on /home/airflow/.local/lib/python3.12/site-packages/airflow/example_dags/example_inlet_event_extra.py
[2025-04-17T06:00:11.415+0000] {processor.py:914} INFO - Processing file /home/airflow/.local/lib/python3.12/site-packages/airflow/example_dags/example_inlet_event_extra.py for tasks to queue
[2025-04-17T06:00:11.420+0000] {logging_mixin.py:190} INFO - [2025-04-17T06:00:11.419+0000] {dagbag.py:588} INFO - Filling up the DagBag from /home/airflow/.local/lib/python3.12/site-packages/airflow/example_dags/example_inlet_event_extra.py
[2025-04-17T06:00:12.278+0000] {processor.py:925} INFO - DAG(s) 'read_dataset_event_from_classic', 'read_dataset_event' retrieved from /home/airflow/.local/lib/python3.12/site-packages/airflow/example_dags/example_inlet_event_extra.py
[2025-04-17T06:00:12.300+0000] {logging_mixin.py:190} INFO - [2025-04-17T06:00:12.299+0000] {dag.py:3239} INFO - Sync 2 DAGs
[2025-04-17T06:00:12.326+0000] {logging_mixin.py:190} INFO - [2025-04-17T06:00:12.326+0000] {dag.py:4180} INFO - Setting next_dagrun for read_dataset_event to 2025-04-16 00:00:00+00:00, run_after=2025-04-17 00:00:00+00:00
[2025-04-17T06:00:12.332+0000] {logging_mixin.py:190} INFO - [2025-04-17T06:00:12.332+0000] {dag.py:4180} INFO - Setting next_dagrun for read_dataset_event_from_classic to 2025-04-16 00:00:00+00:00, run_after=2025-04-17 00:00:00+00:00
[2025-04-17T06:00:12.375+0000] {processor.py:208} INFO - Processing /home/airflow/.local/lib/python3.12/site-packages/airflow/example_dags/example_inlet_event_extra.py took 0.967 seconds
[2025-04-17T06:00:43.489+0000] {processor.py:186} INFO - Started process (PID=586) to work on /home/airflow/.local/lib/python3.12/site-packages/airflow/example_dags/example_inlet_event_extra.py
[2025-04-17T06:00:43.492+0000] {processor.py:914} INFO - Processing file /home/airflow/.local/lib/python3.12/site-packages/airflow/example_dags/example_inlet_event_extra.py for tasks to queue
[2025-04-17T06:00:43.498+0000] {logging_mixin.py:190} INFO - [2025-04-17T06:00:43.497+0000] {dagbag.py:588} INFO - Filling up the DagBag from /home/airflow/.local/lib/python3.12/site-packages/airflow/example_dags/example_inlet_event_extra.py
[2025-04-17T06:00:44.107+0000] {processor.py:925} INFO - DAG(s) 'read_dataset_event_from_classic', 'read_dataset_event' retrieved from /home/airflow/.local/lib/python3.12/site-packages/airflow/example_dags/example_inlet_event_extra.py
[2025-04-17T06:00:44.126+0000] {logging_mixin.py:190} INFO - [2025-04-17T06:00:44.126+0000] {dag.py:3239} INFO - Sync 2 DAGs
[2025-04-17T06:00:44.143+0000] {logging_mixin.py:190} INFO - [2025-04-17T06:00:44.143+0000] {dag.py:4180} INFO - Setting next_dagrun for read_dataset_event to 2025-04-16 00:00:00+00:00, run_after=2025-04-17 00:00:00+00:00
[2025-04-17T06:00:44.147+0000] {logging_mixin.py:190} INFO - [2025-04-17T06:00:44.147+0000] {dag.py:4180} INFO - Setting next_dagrun for read_dataset_event_from_classic to 2025-04-16 00:00:00+00:00, run_after=2025-04-17 00:00:00+00:00
[2025-04-17T06:00:44.158+0000] {processor.py:208} INFO - Processing /home/airflow/.local/lib/python3.12/site-packages/airflow/example_dags/example_inlet_event_extra.py took 0.684 seconds
[2025-04-17T06:01:15.261+0000] {processor.py:186} INFO - Started process (PID=651) to work on /home/airflow/.local/lib/python3.12/site-packages/airflow/example_dags/example_inlet_event_extra.py
[2025-04-17T06:01:15.263+0000] {processor.py:914} INFO - Processing file /home/airflow/.local/lib/python3.12/site-packages/airflow/example_dags/example_inlet_event_extra.py for tasks to queue
[2025-04-17T06:01:15.268+0000] {logging_mixin.py:190} INFO - [2025-04-17T06:01:15.267+0000] {dagbag.py:588} INFO - Filling up the DagBag from /home/airflow/.local/lib/python3.12/site-packages/airflow/example_dags/example_inlet_event_extra.py
[2025-04-17T06:01:16.045+0000] {processor.py:925} INFO - DAG(s) 'read_dataset_event_from_classic', 'read_dataset_event' retrieved from /home/airflow/.local/lib/python3.12/site-packages/airflow/example_dags/example_inlet_event_extra.py
[2025-04-17T06:01:16.064+0000] {logging_mixin.py:190} INFO - [2025-04-17T06:01:16.064+0000] {dag.py:3239} INFO - Sync 2 DAGs
[2025-04-17T06:01:16.084+0000] {logging_mixin.py:190} INFO - [2025-04-17T06:01:16.084+0000] {dag.py:4180} INFO - Setting next_dagrun for read_dataset_event to 2025-04-16 00:00:00+00:00, run_after=2025-04-17 00:00:00+00:00
[2025-04-17T06:01:16.089+0000] {logging_mixin.py:190} INFO - [2025-04-17T06:01:16.089+0000] {dag.py:4180} INFO - Setting next_dagrun for read_dataset_event_from_classic to 2025-04-16 00:00:00+00:00, run_after=2025-04-17 00:00:00+00:00
[2025-04-17T06:01:16.106+0000] {processor.py:208} INFO - Processing /home/airflow/.local/lib/python3.12/site-packages/airflow/example_dags/example_inlet_event_extra.py took 0.851 seconds
[2025-04-17T06:01:47.428+0000] {processor.py:186} INFO - Started process (PID=708) to work on /home/airflow/.local/lib/python3.12/site-packages/airflow/example_dags/example_inlet_event_extra.py
[2025-04-17T06:01:47.430+0000] {processor.py:914} INFO - Processing file /home/airflow/.local/lib/python3.12/site-packages/airflow/example_dags/example_inlet_event_extra.py for tasks to queue
[2025-04-17T06:01:47.435+0000] {logging_mixin.py:190} INFO - [2025-04-17T06:01:47.434+0000] {dagbag.py:588} INFO - Filling up the DagBag from /home/airflow/.local/lib/python3.12/site-packages/airflow/example_dags/example_inlet_event_extra.py
[2025-04-17T06:01:48.158+0000] {processor.py:925} INFO - DAG(s) 'read_dataset_event_from_classic', 'read_dataset_event' retrieved from /home/airflow/.local/lib/python3.12/site-packages/airflow/example_dags/example_inlet_event_extra.py
[2025-04-17T06:01:48.191+0000] {logging_mixin.py:190} INFO - [2025-04-17T06:01:48.190+0000] {dag.py:3239} INFO - Sync 2 DAGs
[2025-04-17T06:01:48.229+0000] {logging_mixin.py:190} INFO - [2025-04-17T06:01:48.228+0000] {dag.py:4180} INFO - Setting next_dagrun for read_dataset_event to 2025-04-16 00:00:00+00:00, run_after=2025-04-17 00:00:00+00:00
[2025-04-17T06:01:48.236+0000] {logging_mixin.py:190} INFO - [2025-04-17T06:01:48.236+0000] {dag.py:4180} INFO - Setting next_dagrun for read_dataset_event_from_classic to 2025-04-16 00:00:00+00:00, run_after=2025-04-17 00:00:00+00:00
[2025-04-17T06:01:48.265+0000] {processor.py:208} INFO - Processing /home/airflow/.local/lib/python3.12/site-packages/airflow/example_dags/example_inlet_event_extra.py took 0.857 seconds
[2025-04-17T06:02:19.864+0000] {processor.py:186} INFO - Started process (PID=773) to work on /home/airflow/.local/lib/python3.12/site-packages/airflow/example_dags/example_inlet_event_extra.py
[2025-04-17T06:02:19.866+0000] {processor.py:914} INFO - Processing file /home/airflow/.local/lib/python3.12/site-packages/airflow/example_dags/example_inlet_event_extra.py for tasks to queue
[2025-04-17T06:02:19.870+0000] {logging_mixin.py:190} INFO - [2025-04-17T06:02:19.870+0000] {dagbag.py:588} INFO - Filling up the DagBag from /home/airflow/.local/lib/python3.12/site-packages/airflow/example_dags/example_inlet_event_extra.py
[2025-04-17T06:02:20.667+0000] {processor.py:925} INFO - DAG(s) 'read_dataset_event_from_classic', 'read_dataset_event' retrieved from /home/airflow/.local/lib/python3.12/site-packages/airflow/example_dags/example_inlet_event_extra.py
[2025-04-17T06:02:20.693+0000] {logging_mixin.py:190} INFO - [2025-04-17T06:02:20.693+0000] {dag.py:3239} INFO - Sync 2 DAGs
[2025-04-17T06:02:20.722+0000] {logging_mixin.py:190} INFO - [2025-04-17T06:02:20.722+0000] {dag.py:4180} INFO - Setting next_dagrun for read_dataset_event to 2025-04-16 00:00:00+00:00, run_after=2025-04-17 00:00:00+00:00
[2025-04-17T06:02:20.729+0000] {logging_mixin.py:190} INFO - [2025-04-17T06:02:20.729+0000] {dag.py:4180} INFO - Setting next_dagrun for read_dataset_event_from_classic to 2025-04-16 00:00:00+00:00, run_after=2025-04-17 00:00:00+00:00
[2025-04-17T06:02:20.753+0000] {processor.py:208} INFO - Processing /home/airflow/.local/lib/python3.12/site-packages/airflow/example_dags/example_inlet_event_extra.py took 0.896 seconds
[2025-04-17T06:02:51.657+0000] {processor.py:186} INFO - Started process (PID=838) to work on /home/airflow/.local/lib/python3.12/site-packages/airflow/example_dags/example_inlet_event_extra.py
[2025-04-17T06:02:51.659+0000] {processor.py:914} INFO - Processing file /home/airflow/.local/lib/python3.12/site-packages/airflow/example_dags/example_inlet_event_extra.py for tasks to queue
[2025-04-17T06:02:51.664+0000] {logging_mixin.py:190} INFO - [2025-04-17T06:02:51.663+0000] {dagbag.py:588} INFO - Filling up the DagBag from /home/airflow/.local/lib/python3.12/site-packages/airflow/example_dags/example_inlet_event_extra.py
[2025-04-17T06:02:52.552+0000] {processor.py:925} INFO - DAG(s) 'read_dataset_event', 'read_dataset_event_from_classic' retrieved from /home/airflow/.local/lib/python3.12/site-packages/airflow/example_dags/example_inlet_event_extra.py
[2025-04-17T06:02:52.578+0000] {logging_mixin.py:190} INFO - [2025-04-17T06:02:52.577+0000] {dag.py:3239} INFO - Sync 2 DAGs
[2025-04-17T06:02:52.622+0000] {logging_mixin.py:190} INFO - [2025-04-17T06:02:52.621+0000] {dag.py:4180} INFO - Setting next_dagrun for read_dataset_event to 2025-04-16 00:00:00+00:00, run_after=2025-04-17 00:00:00+00:00
[2025-04-17T06:02:52.632+0000] {logging_mixin.py:190} INFO - [2025-04-17T06:02:52.632+0000] {dag.py:4180} INFO - Setting next_dagrun for read_dataset_event_from_classic to 2025-04-16 00:00:00+00:00, run_after=2025-04-17 00:00:00+00:00
[2025-04-17T06:02:52.664+0000] {processor.py:208} INFO - Processing /home/airflow/.local/lib/python3.12/site-packages/airflow/example_dags/example_inlet_event_extra.py took 1.014 seconds
[2025-04-17T06:03:23.078+0000] {processor.py:186} INFO - Started process (PID=904) to work on /home/airflow/.local/lib/python3.12/site-packages/airflow/example_dags/example_inlet_event_extra.py
[2025-04-17T06:03:23.080+0000] {processor.py:914} INFO - Processing file /home/airflow/.local/lib/python3.12/site-packages/airflow/example_dags/example_inlet_event_extra.py for tasks to queue
[2025-04-17T06:03:23.084+0000] {logging_mixin.py:190} INFO - [2025-04-17T06:03:23.084+0000] {dagbag.py:588} INFO - Filling up the DagBag from /home/airflow/.local/lib/python3.12/site-packages/airflow/example_dags/example_inlet_event_extra.py
[2025-04-17T06:03:23.694+0000] {processor.py:925} INFO - DAG(s) 'read_dataset_event', 'read_dataset_event_from_classic' retrieved from /home/airflow/.local/lib/python3.12/site-packages/airflow/example_dags/example_inlet_event_extra.py
[2025-04-17T06:03:23.730+0000] {logging_mixin.py:190} INFO - [2025-04-17T06:03:23.730+0000] {dag.py:3239} INFO - Sync 2 DAGs
[2025-04-17T06:03:23.765+0000] {logging_mixin.py:190} INFO - [2025-04-17T06:03:23.765+0000] {dag.py:4180} INFO - Setting next_dagrun for read_dataset_event to 2025-04-16 00:00:00+00:00, run_after=2025-04-17 00:00:00+00:00
[2025-04-17T06:03:23.770+0000] {logging_mixin.py:190} INFO - [2025-04-17T06:03:23.770+0000] {dag.py:4180} INFO - Setting next_dagrun for read_dataset_event_from_classic to 2025-04-16 00:00:00+00:00, run_after=2025-04-17 00:00:00+00:00
[2025-04-17T06:03:23.783+0000] {processor.py:208} INFO - Processing /home/airflow/.local/lib/python3.12/site-packages/airflow/example_dags/example_inlet_event_extra.py took 0.711 seconds
[2025-04-17T06:11:02.407+0000] {processor.py:186} INFO - Started process (PID=129) to work on /home/airflow/.local/lib/python3.12/site-packages/airflow/example_dags/example_inlet_event_extra.py
[2025-04-17T06:11:02.411+0000] {processor.py:914} INFO - Processing file /home/airflow/.local/lib/python3.12/site-packages/airflow/example_dags/example_inlet_event_extra.py for tasks to queue
[2025-04-17T06:11:02.417+0000] {logging_mixin.py:190} INFO - [2025-04-17T06:11:02.417+0000] {dagbag.py:588} INFO - Filling up the DagBag from /home/airflow/.local/lib/python3.12/site-packages/airflow/example_dags/example_inlet_event_extra.py
[2025-04-17T06:11:03.635+0000] {processor.py:925} INFO - DAG(s) 'read_dataset_event', 'read_dataset_event_from_classic' retrieved from /home/airflow/.local/lib/python3.12/site-packages/airflow/example_dags/example_inlet_event_extra.py
[2025-04-17T06:11:03.673+0000] {logging_mixin.py:190} INFO - [2025-04-17T06:11:03.673+0000] {dag.py:3239} INFO - Sync 2 DAGs
[2025-04-17T06:11:03.719+0000] {logging_mixin.py:190} INFO - [2025-04-17T06:11:03.718+0000] {dag.py:4180} INFO - Setting next_dagrun for read_dataset_event to 2025-04-16 00:00:00+00:00, run_after=2025-04-17 00:00:00+00:00
[2025-04-17T06:11:03.727+0000] {logging_mixin.py:190} INFO - [2025-04-17T06:11:03.726+0000] {dag.py:4180} INFO - Setting next_dagrun for read_dataset_event_from_classic to 2025-04-16 00:00:00+00:00, run_after=2025-04-17 00:00:00+00:00
[2025-04-17T06:11:03.764+0000] {processor.py:208} INFO - Processing /home/airflow/.local/lib/python3.12/site-packages/airflow/example_dags/example_inlet_event_extra.py took 1.367 seconds
[2025-04-17T06:11:34.247+0000] {processor.py:186} INFO - Started process (PID=192) to work on /home/airflow/.local/lib/python3.12/site-packages/airflow/example_dags/example_inlet_event_extra.py
[2025-04-17T06:11:34.250+0000] {processor.py:914} INFO - Processing file /home/airflow/.local/lib/python3.12/site-packages/airflow/example_dags/example_inlet_event_extra.py for tasks to queue
[2025-04-17T06:11:34.257+0000] {logging_mixin.py:190} INFO - [2025-04-17T06:11:34.256+0000] {dagbag.py:588} INFO - Filling up the DagBag from /home/airflow/.local/lib/python3.12/site-packages/airflow/example_dags/example_inlet_event_extra.py
[2025-04-17T06:11:35.094+0000] {processor.py:925} INFO - DAG(s) 'read_dataset_event_from_classic', 'read_dataset_event' retrieved from /home/airflow/.local/lib/python3.12/site-packages/airflow/example_dags/example_inlet_event_extra.py
[2025-04-17T06:11:35.135+0000] {logging_mixin.py:190} INFO - [2025-04-17T06:11:35.135+0000] {dag.py:3239} INFO - Sync 2 DAGs
[2025-04-17T06:11:35.162+0000] {logging_mixin.py:190} INFO - [2025-04-17T06:11:35.162+0000] {dag.py:4180} INFO - Setting next_dagrun for read_dataset_event to 2025-04-16 00:00:00+00:00, run_after=2025-04-17 00:00:00+00:00
[2025-04-17T06:11:35.171+0000] {logging_mixin.py:190} INFO - [2025-04-17T06:11:35.171+0000] {dag.py:4180} INFO - Setting next_dagrun for read_dataset_event_from_classic to 2025-04-16 00:00:00+00:00, run_after=2025-04-17 00:00:00+00:00
[2025-04-17T06:11:35.191+0000] {processor.py:208} INFO - Processing /home/airflow/.local/lib/python3.12/site-packages/airflow/example_dags/example_inlet_event_extra.py took 0.957 seconds
[2025-04-17T06:12:07.062+0000] {processor.py:186} INFO - Started process (PID=254) to work on /home/airflow/.local/lib/python3.12/site-packages/airflow/example_dags/example_inlet_event_extra.py
[2025-04-17T06:12:07.064+0000] {processor.py:914} INFO - Processing file /home/airflow/.local/lib/python3.12/site-packages/airflow/example_dags/example_inlet_event_extra.py for tasks to queue
[2025-04-17T06:12:07.070+0000] {logging_mixin.py:190} INFO - [2025-04-17T06:12:07.070+0000] {dagbag.py:588} INFO - Filling up the DagBag from /home/airflow/.local/lib/python3.12/site-packages/airflow/example_dags/example_inlet_event_extra.py
[2025-04-17T06:12:08.222+0000] {processor.py:925} INFO - DAG(s) 'read_dataset_event', 'read_dataset_event_from_classic' retrieved from /home/airflow/.local/lib/python3.12/site-packages/airflow/example_dags/example_inlet_event_extra.py
[2025-04-17T06:12:08.253+0000] {logging_mixin.py:190} INFO - [2025-04-17T06:12:08.253+0000] {dag.py:3239} INFO - Sync 2 DAGs
[2025-04-17T06:12:08.288+0000] {logging_mixin.py:190} INFO - [2025-04-17T06:12:08.288+0000] {dag.py:4180} INFO - Setting next_dagrun for read_dataset_event to 2025-04-16 00:00:00+00:00, run_after=2025-04-17 00:00:00+00:00
[2025-04-17T06:12:08.298+0000] {logging_mixin.py:190} INFO - [2025-04-17T06:12:08.298+0000] {dag.py:4180} INFO - Setting next_dagrun for read_dataset_event_from_classic to 2025-04-16 00:00:00+00:00, run_after=2025-04-17 00:00:00+00:00
[2025-04-17T06:12:08.324+0000] {processor.py:208} INFO - Processing /home/airflow/.local/lib/python3.12/site-packages/airflow/example_dags/example_inlet_event_extra.py took 1.272 seconds
[2025-04-17T06:12:39.037+0000] {processor.py:186} INFO - Started process (PID=317) to work on /home/airflow/.local/lib/python3.12/site-packages/airflow/example_dags/example_inlet_event_extra.py
[2025-04-17T06:12:39.042+0000] {processor.py:914} INFO - Processing file /home/airflow/.local/lib/python3.12/site-packages/airflow/example_dags/example_inlet_event_extra.py for tasks to queue
[2025-04-17T06:12:39.051+0000] {logging_mixin.py:190} INFO - [2025-04-17T06:12:39.050+0000] {dagbag.py:588} INFO - Filling up the DagBag from /home/airflow/.local/lib/python3.12/site-packages/airflow/example_dags/example_inlet_event_extra.py
[2025-04-17T06:12:40.426+0000] {processor.py:925} INFO - DAG(s) 'read_dataset_event', 'read_dataset_event_from_classic' retrieved from /home/airflow/.local/lib/python3.12/site-packages/airflow/example_dags/example_inlet_event_extra.py
[2025-04-17T06:12:40.480+0000] {logging_mixin.py:190} INFO - [2025-04-17T06:12:40.479+0000] {dag.py:3239} INFO - Sync 2 DAGs
[2025-04-17T06:12:40.538+0000] {logging_mixin.py:190} INFO - [2025-04-17T06:12:40.538+0000] {dag.py:4180} INFO - Setting next_dagrun for read_dataset_event to 2025-04-16 00:00:00+00:00, run_after=2025-04-17 00:00:00+00:00
[2025-04-17T06:12:40.553+0000] {logging_mixin.py:190} INFO - [2025-04-17T06:12:40.552+0000] {dag.py:4180} INFO - Setting next_dagrun for read_dataset_event_from_classic to 2025-04-16 00:00:00+00:00, run_after=2025-04-17 00:00:00+00:00
[2025-04-17T06:12:40.595+0000] {processor.py:208} INFO - Processing /home/airflow/.local/lib/python3.12/site-packages/airflow/example_dags/example_inlet_event_extra.py took 1.582 seconds
[2025-04-17T06:13:11.277+0000] {processor.py:186} INFO - Started process (PID=389) to work on /home/airflow/.local/lib/python3.12/site-packages/airflow/example_dags/example_inlet_event_extra.py
[2025-04-17T06:13:11.280+0000] {processor.py:914} INFO - Processing file /home/airflow/.local/lib/python3.12/site-packages/airflow/example_dags/example_inlet_event_extra.py for tasks to queue
[2025-04-17T06:13:11.287+0000] {logging_mixin.py:190} INFO - [2025-04-17T06:13:11.286+0000] {dagbag.py:588} INFO - Filling up the DagBag from /home/airflow/.local/lib/python3.12/site-packages/airflow/example_dags/example_inlet_event_extra.py
[2025-04-17T06:13:12.338+0000] {processor.py:925} INFO - DAG(s) 'read_dataset_event_from_classic', 'read_dataset_event' retrieved from /home/airflow/.local/lib/python3.12/site-packages/airflow/example_dags/example_inlet_event_extra.py
[2025-04-17T06:13:12.384+0000] {logging_mixin.py:190} INFO - [2025-04-17T06:13:12.384+0000] {dag.py:3239} INFO - Sync 2 DAGs
[2025-04-17T06:13:12.424+0000] {logging_mixin.py:190} INFO - [2025-04-17T06:13:12.423+0000] {dag.py:4180} INFO - Setting next_dagrun for read_dataset_event to 2025-04-16 00:00:00+00:00, run_after=2025-04-17 00:00:00+00:00
[2025-04-17T06:13:12.433+0000] {logging_mixin.py:190} INFO - [2025-04-17T06:13:12.433+0000] {dag.py:4180} INFO - Setting next_dagrun for read_dataset_event_from_classic to 2025-04-16 00:00:00+00:00, run_after=2025-04-17 00:00:00+00:00
[2025-04-17T06:13:12.470+0000] {processor.py:208} INFO - Processing /home/airflow/.local/lib/python3.12/site-packages/airflow/example_dags/example_inlet_event_extra.py took 1.211 seconds
[2025-04-17T06:14:06.627+0000] {processor.py:186} INFO - Started process (PID=473) to work on /home/airflow/.local/lib/python3.12/site-packages/airflow/example_dags/example_inlet_event_extra.py
[2025-04-17T06:14:06.636+0000] {processor.py:914} INFO - Processing file /home/airflow/.local/lib/python3.12/site-packages/airflow/example_dags/example_inlet_event_extra.py for tasks to queue
[2025-04-17T06:14:06.648+0000] {logging_mixin.py:190} INFO - [2025-04-17T06:14:06.646+0000] {dagbag.py:588} INFO - Filling up the DagBag from /home/airflow/.local/lib/python3.12/site-packages/airflow/example_dags/example_inlet_event_extra.py
[2025-04-17T06:14:09.580+0000] {processor.py:925} INFO - DAG(s) 'read_dataset_event_from_classic', 'read_dataset_event' retrieved from /home/airflow/.local/lib/python3.12/site-packages/airflow/example_dags/example_inlet_event_extra.py
[2025-04-17T06:14:09.707+0000] {logging_mixin.py:190} INFO - [2025-04-17T06:14:09.706+0000] {dag.py:3239} INFO - Sync 2 DAGs
[2025-04-17T06:14:09.858+0000] {logging_mixin.py:190} INFO - [2025-04-17T06:14:09.857+0000] {dag.py:4180} INFO - Setting next_dagrun for read_dataset_event to 2025-04-16 00:00:00+00:00, run_after=2025-04-17 00:00:00+00:00
[2025-04-17T06:14:09.878+0000] {logging_mixin.py:190} INFO - [2025-04-17T06:14:09.877+0000] {dag.py:4180} INFO - Setting next_dagrun for read_dataset_event_from_classic to 2025-04-16 00:00:00+00:00, run_after=2025-04-17 00:00:00+00:00
[2025-04-17T06:14:09.982+0000] {processor.py:208} INFO - Processing /home/airflow/.local/lib/python3.12/site-packages/airflow/example_dags/example_inlet_event_extra.py took 3.374 seconds
[2025-04-17T06:14:40.311+0000] {processor.py:186} INFO - Started process (PID=537) to work on /home/airflow/.local/lib/python3.12/site-packages/airflow/example_dags/example_inlet_event_extra.py
[2025-04-17T06:14:40.317+0000] {processor.py:914} INFO - Processing file /home/airflow/.local/lib/python3.12/site-packages/airflow/example_dags/example_inlet_event_extra.py for tasks to queue
[2025-04-17T06:14:40.350+0000] {logging_mixin.py:190} INFO - [2025-04-17T06:14:40.348+0000] {dagbag.py:588} INFO - Filling up the DagBag from /home/airflow/.local/lib/python3.12/site-packages/airflow/example_dags/example_inlet_event_extra.py
[2025-04-17T06:14:43.060+0000] {processor.py:925} INFO - DAG(s) 'read_dataset_event_from_classic', 'read_dataset_event' retrieved from /home/airflow/.local/lib/python3.12/site-packages/airflow/example_dags/example_inlet_event_extra.py
[2025-04-17T06:14:43.152+0000] {logging_mixin.py:190} INFO - [2025-04-17T06:14:43.151+0000] {dag.py:3239} INFO - Sync 2 DAGs
[2025-04-17T06:14:43.317+0000] {logging_mixin.py:190} INFO - [2025-04-17T06:14:43.316+0000] {dag.py:4180} INFO - Setting next_dagrun for read_dataset_event to 2025-04-16 00:00:00+00:00, run_after=2025-04-17 00:00:00+00:00
[2025-04-17T06:14:43.345+0000] {logging_mixin.py:190} INFO - [2025-04-17T06:14:43.344+0000] {dag.py:4180} INFO - Setting next_dagrun for read_dataset_event_from_classic to 2025-04-16 00:00:00+00:00, run_after=2025-04-17 00:00:00+00:00
[2025-04-17T06:14:43.405+0000] {processor.py:208} INFO - Processing /home/airflow/.local/lib/python3.12/site-packages/airflow/example_dags/example_inlet_event_extra.py took 3.143 seconds
[2025-04-17T06:15:14.468+0000] {processor.py:186} INFO - Started process (PID=606) to work on /home/airflow/.local/lib/python3.12/site-packages/airflow/example_dags/example_inlet_event_extra.py
[2025-04-17T06:15:14.476+0000] {processor.py:914} INFO - Processing file /home/airflow/.local/lib/python3.12/site-packages/airflow/example_dags/example_inlet_event_extra.py for tasks to queue
[2025-04-17T06:15:14.505+0000] {logging_mixin.py:190} INFO - [2025-04-17T06:15:14.504+0000] {dagbag.py:588} INFO - Filling up the DagBag from /home/airflow/.local/lib/python3.12/site-packages/airflow/example_dags/example_inlet_event_extra.py
[2025-04-17T06:15:18.579+0000] {processor.py:925} INFO - DAG(s) 'read_dataset_event_from_classic', 'read_dataset_event' retrieved from /home/airflow/.local/lib/python3.12/site-packages/airflow/example_dags/example_inlet_event_extra.py
[2025-04-17T06:15:18.677+0000] {logging_mixin.py:190} INFO - [2025-04-17T06:15:18.676+0000] {dag.py:3239} INFO - Sync 2 DAGs
[2025-04-17T06:15:18.851+0000] {logging_mixin.py:190} INFO - [2025-04-17T06:15:18.851+0000] {dag.py:4180} INFO - Setting next_dagrun for read_dataset_event to 2025-04-16 00:00:00+00:00, run_after=2025-04-17 00:00:00+00:00
[2025-04-17T06:15:18.901+0000] {logging_mixin.py:190} INFO - [2025-04-17T06:15:18.896+0000] {dag.py:4180} INFO - Setting next_dagrun for read_dataset_event_from_classic to 2025-04-16 00:00:00+00:00, run_after=2025-04-17 00:00:00+00:00
[2025-04-17T06:15:18.993+0000] {processor.py:208} INFO - Processing /home/airflow/.local/lib/python3.12/site-packages/airflow/example_dags/example_inlet_event_extra.py took 4.700 seconds
[2025-04-17T06:15:49.872+0000] {processor.py:186} INFO - Started process (PID=673) to work on /home/airflow/.local/lib/python3.12/site-packages/airflow/example_dags/example_inlet_event_extra.py
[2025-04-17T06:15:49.874+0000] {processor.py:914} INFO - Processing file /home/airflow/.local/lib/python3.12/site-packages/airflow/example_dags/example_inlet_event_extra.py for tasks to queue
[2025-04-17T06:15:49.879+0000] {logging_mixin.py:190} INFO - [2025-04-17T06:15:49.879+0000] {dagbag.py:588} INFO - Filling up the DagBag from /home/airflow/.local/lib/python3.12/site-packages/airflow/example_dags/example_inlet_event_extra.py
[2025-04-17T06:15:51.052+0000] {processor.py:925} INFO - DAG(s) 'read_dataset_event', 'read_dataset_event_from_classic' retrieved from /home/airflow/.local/lib/python3.12/site-packages/airflow/example_dags/example_inlet_event_extra.py
[2025-04-17T06:15:51.094+0000] {logging_mixin.py:190} INFO - [2025-04-17T06:15:51.094+0000] {dag.py:3239} INFO - Sync 2 DAGs
[2025-04-17T06:15:51.152+0000] {logging_mixin.py:190} INFO - [2025-04-17T06:15:51.151+0000] {dag.py:4180} INFO - Setting next_dagrun for read_dataset_event to 2025-04-16 00:00:00+00:00, run_after=2025-04-17 00:00:00+00:00
[2025-04-17T06:15:51.163+0000] {logging_mixin.py:190} INFO - [2025-04-17T06:15:51.163+0000] {dag.py:4180} INFO - Setting next_dagrun for read_dataset_event_from_classic to 2025-04-16 00:00:00+00:00, run_after=2025-04-17 00:00:00+00:00
[2025-04-17T06:15:51.214+0000] {processor.py:208} INFO - Processing /home/airflow/.local/lib/python3.12/site-packages/airflow/example_dags/example_inlet_event_extra.py took 1.351 seconds
[2025-04-17T06:16:22.252+0000] {processor.py:186} INFO - Started process (PID=738) to work on /home/airflow/.local/lib/python3.12/site-packages/airflow/example_dags/example_inlet_event_extra.py
[2025-04-17T06:16:22.255+0000] {processor.py:914} INFO - Processing file /home/airflow/.local/lib/python3.12/site-packages/airflow/example_dags/example_inlet_event_extra.py for tasks to queue
[2025-04-17T06:16:22.262+0000] {logging_mixin.py:190} INFO - [2025-04-17T06:16:22.261+0000] {dagbag.py:588} INFO - Filling up the DagBag from /home/airflow/.local/lib/python3.12/site-packages/airflow/example_dags/example_inlet_event_extra.py
[2025-04-17T06:16:23.007+0000] {processor.py:925} INFO - DAG(s) 'read_dataset_event_from_classic', 'read_dataset_event' retrieved from /home/airflow/.local/lib/python3.12/site-packages/airflow/example_dags/example_inlet_event_extra.py
[2025-04-17T06:16:23.027+0000] {logging_mixin.py:190} INFO - [2025-04-17T06:16:23.027+0000] {dag.py:3239} INFO - Sync 2 DAGs
[2025-04-17T06:16:23.055+0000] {logging_mixin.py:190} INFO - [2025-04-17T06:16:23.055+0000] {dag.py:4180} INFO - Setting next_dagrun for read_dataset_event to 2025-04-16 00:00:00+00:00, run_after=2025-04-17 00:00:00+00:00
[2025-04-17T06:16:23.062+0000] {logging_mixin.py:190} INFO - [2025-04-17T06:16:23.062+0000] {dag.py:4180} INFO - Setting next_dagrun for read_dataset_event_from_classic to 2025-04-16 00:00:00+00:00, run_after=2025-04-17 00:00:00+00:00
[2025-04-17T06:16:23.097+0000] {processor.py:208} INFO - Processing /home/airflow/.local/lib/python3.12/site-packages/airflow/example_dags/example_inlet_event_extra.py took 0.861 seconds
[2025-04-17T06:16:53.383+0000] {processor.py:186} INFO - Started process (PID=801) to work on /home/airflow/.local/lib/python3.12/site-packages/airflow/example_dags/example_inlet_event_extra.py
[2025-04-17T06:16:53.386+0000] {processor.py:914} INFO - Processing file /home/airflow/.local/lib/python3.12/site-packages/airflow/example_dags/example_inlet_event_extra.py for tasks to queue
[2025-04-17T06:16:53.391+0000] {logging_mixin.py:190} INFO - [2025-04-17T06:16:53.391+0000] {dagbag.py:588} INFO - Filling up the DagBag from /home/airflow/.local/lib/python3.12/site-packages/airflow/example_dags/example_inlet_event_extra.py
[2025-04-17T06:16:54.909+0000] {processor.py:925} INFO - DAG(s) 'read_dataset_event', 'read_dataset_event_from_classic' retrieved from /home/airflow/.local/lib/python3.12/site-packages/airflow/example_dags/example_inlet_event_extra.py
[2025-04-17T06:16:54.971+0000] {logging_mixin.py:190} INFO - [2025-04-17T06:16:54.970+0000] {dag.py:3239} INFO - Sync 2 DAGs
[2025-04-17T06:16:55.054+0000] {logging_mixin.py:190} INFO - [2025-04-17T06:16:55.054+0000] {dag.py:4180} INFO - Setting next_dagrun for read_dataset_event to 2025-04-16 00:00:00+00:00, run_after=2025-04-17 00:00:00+00:00
[2025-04-17T06:16:55.071+0000] {logging_mixin.py:190} INFO - [2025-04-17T06:16:55.071+0000] {dag.py:4180} INFO - Setting next_dagrun for read_dataset_event_from_classic to 2025-04-16 00:00:00+00:00, run_after=2025-04-17 00:00:00+00:00
[2025-04-17T06:16:55.128+0000] {processor.py:208} INFO - Processing /home/airflow/.local/lib/python3.12/site-packages/airflow/example_dags/example_inlet_event_extra.py took 1.757 seconds
