[2025-04-17T05:56:52.555+0000] {processor.py:186} INFO - Started process (PID=102) to work on /home/airflow/.local/lib/python3.12/site-packages/airflow/example_dags/example_outlet_event_extra.py
[2025-04-17T05:56:52.557+0000] {processor.py:914} INFO - Processing file /home/airflow/.local/lib/python3.12/site-packages/airflow/example_dags/example_outlet_event_extra.py for tasks to queue
[2025-04-17T05:56:52.562+0000] {logging_mixin.py:190} INFO - [2025-04-17T05:56:52.562+0000] {dagbag.py:588} INFO - Filling up the DagBag from /home/airflow/.local/lib/python3.12/site-packages/airflow/example_dags/example_outlet_event_extra.py
[2025-04-17T05:56:55.350+0000] {processor.py:925} INFO - DAG(s) 'dataset_with_extra_by_yield', 'dataset_with_extra_from_classic_operator', 'dataset_with_extra_by_context' retrieved from /home/airflow/.local/lib/python3.12/site-packages/airflow/example_dags/example_outlet_event_extra.py
[2025-04-17T05:56:55.638+0000] {logging_mixin.py:190} INFO - [2025-04-17T05:56:55.636+0000] {override.py:1912} INFO - Created Permission View: can delete on DAG:dataset_with_extra_by_yield
[2025-04-17T05:56:55.663+0000] {logging_mixin.py:190} INFO - [2025-04-17T05:56:55.662+0000] {override.py:1912} INFO - Created Permission View: can edit on DAG:dataset_with_extra_by_yield
[2025-04-17T05:56:55.680+0000] {logging_mixin.py:190} INFO - [2025-04-17T05:56:55.680+0000] {override.py:1912} INFO - Created Permission View: can read on DAG:dataset_with_extra_by_yield
[2025-04-17T05:56:55.700+0000] {logging_mixin.py:190} INFO - [2025-04-17T05:56:55.699+0000] {override.py:1912} INFO - Created Permission View: can delete on DAG Run:dataset_with_extra_by_yield
[2025-04-17T05:56:55.717+0000] {logging_mixin.py:190} INFO - [2025-04-17T05:56:55.716+0000] {override.py:1912} INFO - Created Permission View: can read on DAG Run:dataset_with_extra_by_yield
[2025-04-17T05:56:55.732+0000] {logging_mixin.py:190} INFO - [2025-04-17T05:56:55.731+0000] {override.py:1912} INFO - Created Permission View: can create on DAG Run:dataset_with_extra_by_yield
[2025-04-17T05:56:55.750+0000] {logging_mixin.py:190} INFO - [2025-04-17T05:56:55.750+0000] {override.py:1912} INFO - Created Permission View: menu access on DAG Run:dataset_with_extra_by_yield
[2025-04-17T05:56:55.782+0000] {logging_mixin.py:190} INFO - [2025-04-17T05:56:55.782+0000] {override.py:1912} INFO - Created Permission View: can delete on DAG:dataset_with_extra_from_classic_operator
[2025-04-17T05:56:55.799+0000] {logging_mixin.py:190} INFO - [2025-04-17T05:56:55.798+0000] {override.py:1912} INFO - Created Permission View: can edit on DAG:dataset_with_extra_from_classic_operator
[2025-04-17T05:56:55.815+0000] {logging_mixin.py:190} INFO - [2025-04-17T05:56:55.814+0000] {override.py:1912} INFO - Created Permission View: can read on DAG:dataset_with_extra_from_classic_operator
[2025-04-17T05:56:55.834+0000] {logging_mixin.py:190} INFO - [2025-04-17T05:56:55.834+0000] {override.py:1912} INFO - Created Permission View: can delete on DAG Run:dataset_with_extra_from_classic_operator
[2025-04-17T05:56:55.849+0000] {logging_mixin.py:190} INFO - [2025-04-17T05:56:55.848+0000] {override.py:1912} INFO - Created Permission View: can read on DAG Run:dataset_with_extra_from_classic_operator
[2025-04-17T05:56:55.867+0000] {logging_mixin.py:190} INFO - [2025-04-17T05:56:55.866+0000] {override.py:1912} INFO - Created Permission View: can create on DAG Run:dataset_with_extra_from_classic_operator
[2025-04-17T05:56:55.884+0000] {logging_mixin.py:190} INFO - [2025-04-17T05:56:55.883+0000] {override.py:1912} INFO - Created Permission View: menu access on DAG Run:dataset_with_extra_from_classic_operator
[2025-04-17T05:56:55.921+0000] {logging_mixin.py:190} INFO - [2025-04-17T05:56:55.921+0000] {override.py:1912} INFO - Created Permission View: can delete on DAG:dataset_with_extra_by_context
[2025-04-17T05:56:55.940+0000] {logging_mixin.py:190} INFO - [2025-04-17T05:56:55.939+0000] {override.py:1912} INFO - Created Permission View: can edit on DAG:dataset_with_extra_by_context
[2025-04-17T05:56:55.956+0000] {logging_mixin.py:190} INFO - [2025-04-17T05:56:55.955+0000] {override.py:1912} INFO - Created Permission View: can read on DAG:dataset_with_extra_by_context
[2025-04-17T05:56:55.971+0000] {logging_mixin.py:190} INFO - [2025-04-17T05:56:55.971+0000] {override.py:1912} INFO - Created Permission View: can delete on DAG Run:dataset_with_extra_by_context
[2025-04-17T05:56:55.983+0000] {logging_mixin.py:190} INFO - [2025-04-17T05:56:55.983+0000] {override.py:1912} INFO - Created Permission View: can read on DAG Run:dataset_with_extra_by_context
[2025-04-17T05:56:55.999+0000] {logging_mixin.py:190} INFO - [2025-04-17T05:56:55.998+0000] {override.py:1912} INFO - Created Permission View: can create on DAG Run:dataset_with_extra_by_context
[2025-04-17T05:56:56.016+0000] {logging_mixin.py:190} INFO - [2025-04-17T05:56:56.015+0000] {override.py:1912} INFO - Created Permission View: menu access on DAG Run:dataset_with_extra_by_context
[2025-04-17T05:56:56.017+0000] {logging_mixin.py:190} INFO - [2025-04-17T05:56:56.017+0000] {dag.py:3239} INFO - Sync 3 DAGs
[2025-04-17T05:56:56.060+0000] {logging_mixin.py:190} INFO - [2025-04-17T05:56:56.058+0000] {dag.py:3262} INFO - Creating ORM DAG for dataset_with_extra_by_context
[2025-04-17T05:56:56.062+0000] {logging_mixin.py:190} INFO - [2025-04-17T05:56:56.061+0000] {dag.py:3262} INFO - Creating ORM DAG for dataset_with_extra_by_yield
[2025-04-17T05:56:56.063+0000] {logging_mixin.py:190} INFO - [2025-04-17T05:56:56.063+0000] {dag.py:3262} INFO - Creating ORM DAG for dataset_with_extra_from_classic_operator
[2025-04-17T05:56:56.084+0000] {logging_mixin.py:190} INFO - [2025-04-17T05:56:56.084+0000] {dag.py:4180} INFO - Setting next_dagrun for dataset_with_extra_by_context to 2025-04-16 00:00:00+00:00, run_after=2025-04-17 00:00:00+00:00
[2025-04-17T05:56:56.088+0000] {logging_mixin.py:190} INFO - [2025-04-17T05:56:56.087+0000] {dag.py:4180} INFO - Setting next_dagrun for dataset_with_extra_by_yield to 2025-04-16 00:00:00+00:00, run_after=2025-04-17 00:00:00+00:00
[2025-04-17T05:56:56.091+0000] {logging_mixin.py:190} INFO - [2025-04-17T05:56:56.091+0000] {dag.py:4180} INFO - Setting next_dagrun for dataset_with_extra_from_classic_operator to 2025-04-16 00:00:00+00:00, run_after=2025-04-17 00:00:00+00:00
[2025-04-17T05:56:56.154+0000] {processor.py:208} INFO - Processing /home/airflow/.local/lib/python3.12/site-packages/airflow/example_dags/example_outlet_event_extra.py took 3.614 seconds
[2025-04-17T05:57:26.607+0000] {processor.py:186} INFO - Started process (PID=166) to work on /home/airflow/.local/lib/python3.12/site-packages/airflow/example_dags/example_outlet_event_extra.py
[2025-04-17T05:57:26.614+0000] {processor.py:914} INFO - Processing file /home/airflow/.local/lib/python3.12/site-packages/airflow/example_dags/example_outlet_event_extra.py for tasks to queue
[2025-04-17T05:57:26.646+0000] {logging_mixin.py:190} INFO - [2025-04-17T05:57:26.643+0000] {dagbag.py:588} INFO - Filling up the DagBag from /home/airflow/.local/lib/python3.12/site-packages/airflow/example_dags/example_outlet_event_extra.py
[2025-04-17T05:57:29.269+0000] {processor.py:925} INFO - DAG(s) 'dataset_with_extra_from_classic_operator', 'dataset_with_extra_by_context', 'dataset_with_extra_by_yield' retrieved from /home/airflow/.local/lib/python3.12/site-packages/airflow/example_dags/example_outlet_event_extra.py
[2025-04-17T05:57:29.339+0000] {logging_mixin.py:190} INFO - [2025-04-17T05:57:29.338+0000] {dag.py:3239} INFO - Sync 3 DAGs
[2025-04-17T05:57:29.401+0000] {logging_mixin.py:190} INFO - [2025-04-17T05:57:29.401+0000] {dag.py:4180} INFO - Setting next_dagrun for dataset_with_extra_by_context to 2025-04-16 00:00:00+00:00, run_after=2025-04-17 00:00:00+00:00
[2025-04-17T05:57:29.417+0000] {logging_mixin.py:190} INFO - [2025-04-17T05:57:29.416+0000] {dag.py:4180} INFO - Setting next_dagrun for dataset_with_extra_by_yield to 2025-04-16 00:00:00+00:00, run_after=2025-04-17 00:00:00+00:00
[2025-04-17T05:57:29.426+0000] {logging_mixin.py:190} INFO - [2025-04-17T05:57:29.425+0000] {dag.py:4180} INFO - Setting next_dagrun for dataset_with_extra_from_classic_operator to 2025-04-16 00:00:00+00:00, run_after=2025-04-17 00:00:00+00:00
[2025-04-17T05:57:29.475+0000] {processor.py:208} INFO - Processing /home/airflow/.local/lib/python3.12/site-packages/airflow/example_dags/example_outlet_event_extra.py took 2.924 seconds
[2025-04-17T05:58:00.342+0000] {processor.py:186} INFO - Started process (PID=229) to work on /home/airflow/.local/lib/python3.12/site-packages/airflow/example_dags/example_outlet_event_extra.py
[2025-04-17T05:58:00.345+0000] {processor.py:914} INFO - Processing file /home/airflow/.local/lib/python3.12/site-packages/airflow/example_dags/example_outlet_event_extra.py for tasks to queue
[2025-04-17T05:58:00.352+0000] {logging_mixin.py:190} INFO - [2025-04-17T05:58:00.351+0000] {dagbag.py:588} INFO - Filling up the DagBag from /home/airflow/.local/lib/python3.12/site-packages/airflow/example_dags/example_outlet_event_extra.py
[2025-04-17T05:58:01.714+0000] {processor.py:925} INFO - DAG(s) 'dataset_with_extra_by_yield', 'dataset_with_extra_from_classic_operator', 'dataset_with_extra_by_context' retrieved from /home/airflow/.local/lib/python3.12/site-packages/airflow/example_dags/example_outlet_event_extra.py
[2025-04-17T05:58:01.808+0000] {logging_mixin.py:190} INFO - [2025-04-17T05:58:01.807+0000] {dag.py:3239} INFO - Sync 3 DAGs
[2025-04-17T05:58:01.892+0000] {logging_mixin.py:190} INFO - [2025-04-17T05:58:01.891+0000] {dag.py:4180} INFO - Setting next_dagrun for dataset_with_extra_by_context to 2025-04-16 00:00:00+00:00, run_after=2025-04-17 00:00:00+00:00
[2025-04-17T05:58:01.909+0000] {logging_mixin.py:190} INFO - [2025-04-17T05:58:01.908+0000] {dag.py:4180} INFO - Setting next_dagrun for dataset_with_extra_by_yield to 2025-04-16 00:00:00+00:00, run_after=2025-04-17 00:00:00+00:00
[2025-04-17T05:58:01.917+0000] {logging_mixin.py:190} INFO - [2025-04-17T05:58:01.917+0000] {dag.py:4180} INFO - Setting next_dagrun for dataset_with_extra_from_classic_operator to 2025-04-16 00:00:00+00:00, run_after=2025-04-17 00:00:00+00:00
[2025-04-17T05:58:01.975+0000] {processor.py:208} INFO - Processing /home/airflow/.local/lib/python3.12/site-packages/airflow/example_dags/example_outlet_event_extra.py took 1.646 seconds
[2025-04-17T05:58:32.074+0000] {processor.py:186} INFO - Started process (PID=292) to work on /home/airflow/.local/lib/python3.12/site-packages/airflow/example_dags/example_outlet_event_extra.py
[2025-04-17T05:58:32.077+0000] {processor.py:914} INFO - Processing file /home/airflow/.local/lib/python3.12/site-packages/airflow/example_dags/example_outlet_event_extra.py for tasks to queue
[2025-04-17T05:58:32.079+0000] {logging_mixin.py:190} INFO - [2025-04-17T05:58:32.079+0000] {dagbag.py:588} INFO - Filling up the DagBag from /home/airflow/.local/lib/python3.12/site-packages/airflow/example_dags/example_outlet_event_extra.py
[2025-04-17T05:58:32.621+0000] {processor.py:925} INFO - DAG(s) 'dataset_with_extra_from_classic_operator', 'dataset_with_extra_by_yield', 'dataset_with_extra_by_context' retrieved from /home/airflow/.local/lib/python3.12/site-packages/airflow/example_dags/example_outlet_event_extra.py
[2025-04-17T05:58:32.650+0000] {logging_mixin.py:190} INFO - [2025-04-17T05:58:32.650+0000] {dag.py:3239} INFO - Sync 3 DAGs
[2025-04-17T05:58:32.680+0000] {logging_mixin.py:190} INFO - [2025-04-17T05:58:32.680+0000] {dag.py:4180} INFO - Setting next_dagrun for dataset_with_extra_by_context to 2025-04-16 00:00:00+00:00, run_after=2025-04-17 00:00:00+00:00
[2025-04-17T05:58:32.688+0000] {logging_mixin.py:190} INFO - [2025-04-17T05:58:32.688+0000] {dag.py:4180} INFO - Setting next_dagrun for dataset_with_extra_by_yield to 2025-04-16 00:00:00+00:00, run_after=2025-04-17 00:00:00+00:00
[2025-04-17T05:58:32.692+0000] {logging_mixin.py:190} INFO - [2025-04-17T05:58:32.691+0000] {dag.py:4180} INFO - Setting next_dagrun for dataset_with_extra_from_classic_operator to 2025-04-16 00:00:00+00:00, run_after=2025-04-17 00:00:00+00:00
[2025-04-17T05:58:32.719+0000] {processor.py:208} INFO - Processing /home/airflow/.local/lib/python3.12/site-packages/airflow/example_dags/example_outlet_event_extra.py took 0.652 seconds
[2025-04-17T05:59:02.853+0000] {processor.py:186} INFO - Started process (PID=355) to work on /home/airflow/.local/lib/python3.12/site-packages/airflow/example_dags/example_outlet_event_extra.py
[2025-04-17T05:59:02.855+0000] {processor.py:914} INFO - Processing file /home/airflow/.local/lib/python3.12/site-packages/airflow/example_dags/example_outlet_event_extra.py for tasks to queue
[2025-04-17T05:59:02.860+0000] {logging_mixin.py:190} INFO - [2025-04-17T05:59:02.860+0000] {dagbag.py:588} INFO - Filling up the DagBag from /home/airflow/.local/lib/python3.12/site-packages/airflow/example_dags/example_outlet_event_extra.py
[2025-04-17T05:59:03.612+0000] {processor.py:925} INFO - DAG(s) 'dataset_with_extra_by_yield', 'dataset_with_extra_by_context', 'dataset_with_extra_from_classic_operator' retrieved from /home/airflow/.local/lib/python3.12/site-packages/airflow/example_dags/example_outlet_event_extra.py
[2025-04-17T05:59:03.644+0000] {logging_mixin.py:190} INFO - [2025-04-17T05:59:03.644+0000] {dag.py:3239} INFO - Sync 3 DAGs
[2025-04-17T05:59:03.673+0000] {logging_mixin.py:190} INFO - [2025-04-17T05:59:03.672+0000] {dag.py:4180} INFO - Setting next_dagrun for dataset_with_extra_by_context to 2025-04-16 00:00:00+00:00, run_after=2025-04-17 00:00:00+00:00
[2025-04-17T05:59:03.679+0000] {logging_mixin.py:190} INFO - [2025-04-17T05:59:03.679+0000] {dag.py:4180} INFO - Setting next_dagrun for dataset_with_extra_by_yield to 2025-04-16 00:00:00+00:00, run_after=2025-04-17 00:00:00+00:00
[2025-04-17T05:59:03.683+0000] {logging_mixin.py:190} INFO - [2025-04-17T05:59:03.682+0000] {dag.py:4180} INFO - Setting next_dagrun for dataset_with_extra_from_classic_operator to 2025-04-16 00:00:00+00:00, run_after=2025-04-17 00:00:00+00:00
[2025-04-17T05:59:03.714+0000] {processor.py:208} INFO - Processing /home/airflow/.local/lib/python3.12/site-packages/airflow/example_dags/example_outlet_event_extra.py took 0.875 seconds
[2025-04-17T05:59:34.579+0000] {processor.py:186} INFO - Started process (PID=418) to work on /home/airflow/.local/lib/python3.12/site-packages/airflow/example_dags/example_outlet_event_extra.py
[2025-04-17T05:59:34.581+0000] {processor.py:914} INFO - Processing file /home/airflow/.local/lib/python3.12/site-packages/airflow/example_dags/example_outlet_event_extra.py for tasks to queue
[2025-04-17T05:59:34.587+0000] {logging_mixin.py:190} INFO - [2025-04-17T05:59:34.586+0000] {dagbag.py:588} INFO - Filling up the DagBag from /home/airflow/.local/lib/python3.12/site-packages/airflow/example_dags/example_outlet_event_extra.py
[2025-04-17T05:59:35.582+0000] {processor.py:925} INFO - DAG(s) 'dataset_with_extra_by_yield', 'dataset_with_extra_from_classic_operator', 'dataset_with_extra_by_context' retrieved from /home/airflow/.local/lib/python3.12/site-packages/airflow/example_dags/example_outlet_event_extra.py
[2025-04-17T05:59:35.641+0000] {logging_mixin.py:190} INFO - [2025-04-17T05:59:35.641+0000] {dag.py:3239} INFO - Sync 3 DAGs
[2025-04-17T05:59:35.686+0000] {logging_mixin.py:190} INFO - [2025-04-17T05:59:35.686+0000] {dag.py:4180} INFO - Setting next_dagrun for dataset_with_extra_by_context to 2025-04-16 00:00:00+00:00, run_after=2025-04-17 00:00:00+00:00
[2025-04-17T05:59:35.695+0000] {logging_mixin.py:190} INFO - [2025-04-17T05:59:35.694+0000] {dag.py:4180} INFO - Setting next_dagrun for dataset_with_extra_by_yield to 2025-04-16 00:00:00+00:00, run_after=2025-04-17 00:00:00+00:00
[2025-04-17T05:59:35.699+0000] {logging_mixin.py:190} INFO - [2025-04-17T05:59:35.699+0000] {dag.py:4180} INFO - Setting next_dagrun for dataset_with_extra_from_classic_operator to 2025-04-16 00:00:00+00:00, run_after=2025-04-17 00:00:00+00:00
[2025-04-17T05:59:35.737+0000] {processor.py:208} INFO - Processing /home/airflow/.local/lib/python3.12/site-packages/airflow/example_dags/example_outlet_event_extra.py took 1.172 seconds
[2025-04-17T06:00:06.740+0000] {processor.py:186} INFO - Started process (PID=481) to work on /home/airflow/.local/lib/python3.12/site-packages/airflow/example_dags/example_outlet_event_extra.py
[2025-04-17T06:00:06.743+0000] {processor.py:914} INFO - Processing file /home/airflow/.local/lib/python3.12/site-packages/airflow/example_dags/example_outlet_event_extra.py for tasks to queue
[2025-04-17T06:00:06.747+0000] {logging_mixin.py:190} INFO - [2025-04-17T06:00:06.747+0000] {dagbag.py:588} INFO - Filling up the DagBag from /home/airflow/.local/lib/python3.12/site-packages/airflow/example_dags/example_outlet_event_extra.py
[2025-04-17T06:00:07.338+0000] {processor.py:925} INFO - DAG(s) 'dataset_with_extra_by_yield', 'dataset_with_extra_from_classic_operator', 'dataset_with_extra_by_context' retrieved from /home/airflow/.local/lib/python3.12/site-packages/airflow/example_dags/example_outlet_event_extra.py
[2025-04-17T06:00:07.373+0000] {logging_mixin.py:190} INFO - [2025-04-17T06:00:07.372+0000] {dag.py:3239} INFO - Sync 3 DAGs
[2025-04-17T06:00:07.400+0000] {logging_mixin.py:190} INFO - [2025-04-17T06:00:07.400+0000] {dag.py:4180} INFO - Setting next_dagrun for dataset_with_extra_by_context to 2025-04-16 00:00:00+00:00, run_after=2025-04-17 00:00:00+00:00
[2025-04-17T06:00:07.407+0000] {logging_mixin.py:190} INFO - [2025-04-17T06:00:07.406+0000] {dag.py:4180} INFO - Setting next_dagrun for dataset_with_extra_by_yield to 2025-04-16 00:00:00+00:00, run_after=2025-04-17 00:00:00+00:00
[2025-04-17T06:00:07.410+0000] {logging_mixin.py:190} INFO - [2025-04-17T06:00:07.410+0000] {dag.py:4180} INFO - Setting next_dagrun for dataset_with_extra_from_classic_operator to 2025-04-16 00:00:00+00:00, run_after=2025-04-17 00:00:00+00:00
[2025-04-17T06:00:07.443+0000] {processor.py:208} INFO - Processing /home/airflow/.local/lib/python3.12/site-packages/airflow/example_dags/example_outlet_event_extra.py took 0.719 seconds
[2025-04-17T06:00:38.003+0000] {processor.py:186} INFO - Started process (PID=544) to work on /home/airflow/.local/lib/python3.12/site-packages/airflow/example_dags/example_outlet_event_extra.py
[2025-04-17T06:00:38.009+0000] {processor.py:914} INFO - Processing file /home/airflow/.local/lib/python3.12/site-packages/airflow/example_dags/example_outlet_event_extra.py for tasks to queue
[2025-04-17T06:00:38.021+0000] {logging_mixin.py:190} INFO - [2025-04-17T06:00:38.019+0000] {dagbag.py:588} INFO - Filling up the DagBag from /home/airflow/.local/lib/python3.12/site-packages/airflow/example_dags/example_outlet_event_extra.py
[2025-04-17T06:00:38.782+0000] {processor.py:925} INFO - DAG(s) 'dataset_with_extra_by_context', 'dataset_with_extra_from_classic_operator', 'dataset_with_extra_by_yield' retrieved from /home/airflow/.local/lib/python3.12/site-packages/airflow/example_dags/example_outlet_event_extra.py
[2025-04-17T06:00:38.829+0000] {logging_mixin.py:190} INFO - [2025-04-17T06:00:38.829+0000] {dag.py:3239} INFO - Sync 3 DAGs
[2025-04-17T06:00:38.866+0000] {logging_mixin.py:190} INFO - [2025-04-17T06:00:38.866+0000] {dag.py:4180} INFO - Setting next_dagrun for dataset_with_extra_by_context to 2025-04-16 00:00:00+00:00, run_after=2025-04-17 00:00:00+00:00
[2025-04-17T06:00:38.874+0000] {logging_mixin.py:190} INFO - [2025-04-17T06:00:38.874+0000] {dag.py:4180} INFO - Setting next_dagrun for dataset_with_extra_by_yield to 2025-04-16 00:00:00+00:00, run_after=2025-04-17 00:00:00+00:00
[2025-04-17T06:00:38.878+0000] {logging_mixin.py:190} INFO - [2025-04-17T06:00:38.878+0000] {dag.py:4180} INFO - Setting next_dagrun for dataset_with_extra_from_classic_operator to 2025-04-16 00:00:00+00:00, run_after=2025-04-17 00:00:00+00:00
[2025-04-17T06:00:38.909+0000] {processor.py:208} INFO - Processing /home/airflow/.local/lib/python3.12/site-packages/airflow/example_dags/example_outlet_event_extra.py took 0.930 seconds
[2025-04-17T06:01:09.683+0000] {processor.py:186} INFO - Started process (PID=607) to work on /home/airflow/.local/lib/python3.12/site-packages/airflow/example_dags/example_outlet_event_extra.py
[2025-04-17T06:01:09.684+0000] {processor.py:914} INFO - Processing file /home/airflow/.local/lib/python3.12/site-packages/airflow/example_dags/example_outlet_event_extra.py for tasks to queue
[2025-04-17T06:01:09.689+0000] {logging_mixin.py:190} INFO - [2025-04-17T06:01:09.688+0000] {dagbag.py:588} INFO - Filling up the DagBag from /home/airflow/.local/lib/python3.12/site-packages/airflow/example_dags/example_outlet_event_extra.py
[2025-04-17T06:01:10.912+0000] {processor.py:925} INFO - DAG(s) 'dataset_with_extra_by_context', 'dataset_with_extra_by_yield', 'dataset_with_extra_from_classic_operator' retrieved from /home/airflow/.local/lib/python3.12/site-packages/airflow/example_dags/example_outlet_event_extra.py
[2025-04-17T06:01:10.970+0000] {logging_mixin.py:190} INFO - [2025-04-17T06:01:10.969+0000] {dag.py:3239} INFO - Sync 3 DAGs
[2025-04-17T06:01:11.020+0000] {logging_mixin.py:190} INFO - [2025-04-17T06:01:11.019+0000] {dag.py:4180} INFO - Setting next_dagrun for dataset_with_extra_by_context to 2025-04-16 00:00:00+00:00, run_after=2025-04-17 00:00:00+00:00
[2025-04-17T06:01:11.031+0000] {logging_mixin.py:190} INFO - [2025-04-17T06:01:11.031+0000] {dag.py:4180} INFO - Setting next_dagrun for dataset_with_extra_by_yield to 2025-04-16 00:00:00+00:00, run_after=2025-04-17 00:00:00+00:00
[2025-04-17T06:01:11.040+0000] {logging_mixin.py:190} INFO - [2025-04-17T06:01:11.040+0000] {dag.py:4180} INFO - Setting next_dagrun for dataset_with_extra_from_classic_operator to 2025-04-16 00:00:00+00:00, run_after=2025-04-17 00:00:00+00:00
[2025-04-17T06:01:11.092+0000] {processor.py:208} INFO - Processing /home/airflow/.local/lib/python3.12/site-packages/airflow/example_dags/example_outlet_event_extra.py took 1.419 seconds
[2025-04-17T06:01:41.587+0000] {processor.py:186} INFO - Started process (PID=670) to work on /home/airflow/.local/lib/python3.12/site-packages/airflow/example_dags/example_outlet_event_extra.py
[2025-04-17T06:01:41.590+0000] {processor.py:914} INFO - Processing file /home/airflow/.local/lib/python3.12/site-packages/airflow/example_dags/example_outlet_event_extra.py for tasks to queue
[2025-04-17T06:01:41.595+0000] {logging_mixin.py:190} INFO - [2025-04-17T06:01:41.594+0000] {dagbag.py:588} INFO - Filling up the DagBag from /home/airflow/.local/lib/python3.12/site-packages/airflow/example_dags/example_outlet_event_extra.py
[2025-04-17T06:01:43.320+0000] {processor.py:925} INFO - DAG(s) 'dataset_with_extra_by_yield', 'dataset_with_extra_by_context', 'dataset_with_extra_from_classic_operator' retrieved from /home/airflow/.local/lib/python3.12/site-packages/airflow/example_dags/example_outlet_event_extra.py
[2025-04-17T06:01:43.401+0000] {logging_mixin.py:190} INFO - [2025-04-17T06:01:43.400+0000] {dag.py:3239} INFO - Sync 3 DAGs
[2025-04-17T06:01:43.515+0000] {logging_mixin.py:190} INFO - [2025-04-17T06:01:43.514+0000] {dag.py:4180} INFO - Setting next_dagrun for dataset_with_extra_by_context to 2025-04-16 00:00:00+00:00, run_after=2025-04-17 00:00:00+00:00
[2025-04-17T06:01:43.539+0000] {logging_mixin.py:190} INFO - [2025-04-17T06:01:43.538+0000] {dag.py:4180} INFO - Setting next_dagrun for dataset_with_extra_by_yield to 2025-04-16 00:00:00+00:00, run_after=2025-04-17 00:00:00+00:00
[2025-04-17T06:01:43.549+0000] {logging_mixin.py:190} INFO - [2025-04-17T06:01:43.549+0000] {dag.py:4180} INFO - Setting next_dagrun for dataset_with_extra_from_classic_operator to 2025-04-16 00:00:00+00:00, run_after=2025-04-17 00:00:00+00:00
[2025-04-17T06:01:43.611+0000] {processor.py:208} INFO - Processing /home/airflow/.local/lib/python3.12/site-packages/airflow/example_dags/example_outlet_event_extra.py took 2.041 seconds
[2025-04-17T06:02:13.766+0000] {processor.py:186} INFO - Started process (PID=739) to work on /home/airflow/.local/lib/python3.12/site-packages/airflow/example_dags/example_outlet_event_extra.py
[2025-04-17T06:02:13.768+0000] {processor.py:914} INFO - Processing file /home/airflow/.local/lib/python3.12/site-packages/airflow/example_dags/example_outlet_event_extra.py for tasks to queue
[2025-04-17T06:02:13.773+0000] {logging_mixin.py:190} INFO - [2025-04-17T06:02:13.773+0000] {dagbag.py:588} INFO - Filling up the DagBag from /home/airflow/.local/lib/python3.12/site-packages/airflow/example_dags/example_outlet_event_extra.py
[2025-04-17T06:02:14.398+0000] {processor.py:925} INFO - DAG(s) 'dataset_with_extra_from_classic_operator', 'dataset_with_extra_by_yield', 'dataset_with_extra_by_context' retrieved from /home/airflow/.local/lib/python3.12/site-packages/airflow/example_dags/example_outlet_event_extra.py
[2025-04-17T06:02:14.444+0000] {logging_mixin.py:190} INFO - [2025-04-17T06:02:14.443+0000] {dag.py:3239} INFO - Sync 3 DAGs
[2025-04-17T06:02:14.484+0000] {logging_mixin.py:190} INFO - [2025-04-17T06:02:14.484+0000] {dag.py:4180} INFO - Setting next_dagrun for dataset_with_extra_by_context to 2025-04-16 00:00:00+00:00, run_after=2025-04-17 00:00:00+00:00
[2025-04-17T06:02:14.497+0000] {logging_mixin.py:190} INFO - [2025-04-17T06:02:14.497+0000] {dag.py:4180} INFO - Setting next_dagrun for dataset_with_extra_by_yield to 2025-04-16 00:00:00+00:00, run_after=2025-04-17 00:00:00+00:00
[2025-04-17T06:02:14.503+0000] {logging_mixin.py:190} INFO - [2025-04-17T06:02:14.503+0000] {dag.py:4180} INFO - Setting next_dagrun for dataset_with_extra_from_classic_operator to 2025-04-16 00:00:00+00:00, run_after=2025-04-17 00:00:00+00:00
[2025-04-17T06:02:14.547+0000] {processor.py:208} INFO - Processing /home/airflow/.local/lib/python3.12/site-packages/airflow/example_dags/example_outlet_event_extra.py took 0.796 seconds
[2025-04-17T06:02:44.803+0000] {processor.py:186} INFO - Started process (PID=802) to work on /home/airflow/.local/lib/python3.12/site-packages/airflow/example_dags/example_outlet_event_extra.py
[2025-04-17T06:02:44.813+0000] {processor.py:914} INFO - Processing file /home/airflow/.local/lib/python3.12/site-packages/airflow/example_dags/example_outlet_event_extra.py for tasks to queue
[2025-04-17T06:02:44.820+0000] {logging_mixin.py:190} INFO - [2025-04-17T06:02:44.819+0000] {dagbag.py:588} INFO - Filling up the DagBag from /home/airflow/.local/lib/python3.12/site-packages/airflow/example_dags/example_outlet_event_extra.py
[2025-04-17T06:02:45.788+0000] {processor.py:925} INFO - DAG(s) 'dataset_with_extra_by_yield', 'dataset_with_extra_by_context', 'dataset_with_extra_from_classic_operator' retrieved from /home/airflow/.local/lib/python3.12/site-packages/airflow/example_dags/example_outlet_event_extra.py
[2025-04-17T06:02:45.826+0000] {logging_mixin.py:190} INFO - [2025-04-17T06:02:45.826+0000] {dag.py:3239} INFO - Sync 3 DAGs
[2025-04-17T06:02:45.867+0000] {logging_mixin.py:190} INFO - [2025-04-17T06:02:45.867+0000] {dag.py:4180} INFO - Setting next_dagrun for dataset_with_extra_by_context to 2025-04-16 00:00:00+00:00, run_after=2025-04-17 00:00:00+00:00
[2025-04-17T06:02:45.874+0000] {logging_mixin.py:190} INFO - [2025-04-17T06:02:45.874+0000] {dag.py:4180} INFO - Setting next_dagrun for dataset_with_extra_by_yield to 2025-04-16 00:00:00+00:00, run_after=2025-04-17 00:00:00+00:00
[2025-04-17T06:02:45.877+0000] {logging_mixin.py:190} INFO - [2025-04-17T06:02:45.877+0000] {dag.py:4180} INFO - Setting next_dagrun for dataset_with_extra_from_classic_operator to 2025-04-16 00:00:00+00:00, run_after=2025-04-17 00:00:00+00:00
[2025-04-17T06:02:45.910+0000] {processor.py:208} INFO - Processing /home/airflow/.local/lib/python3.12/site-packages/airflow/example_dags/example_outlet_event_extra.py took 1.112 seconds
[2025-04-17T06:03:16.004+0000] {processor.py:186} INFO - Started process (PID=865) to work on /home/airflow/.local/lib/python3.12/site-packages/airflow/example_dags/example_outlet_event_extra.py
[2025-04-17T06:03:16.006+0000] {processor.py:914} INFO - Processing file /home/airflow/.local/lib/python3.12/site-packages/airflow/example_dags/example_outlet_event_extra.py for tasks to queue
[2025-04-17T06:03:16.011+0000] {logging_mixin.py:190} INFO - [2025-04-17T06:03:16.011+0000] {dagbag.py:588} INFO - Filling up the DagBag from /home/airflow/.local/lib/python3.12/site-packages/airflow/example_dags/example_outlet_event_extra.py
[2025-04-17T06:03:16.614+0000] {processor.py:925} INFO - DAG(s) 'dataset_with_extra_by_context', 'dataset_with_extra_from_classic_operator', 'dataset_with_extra_by_yield' retrieved from /home/airflow/.local/lib/python3.12/site-packages/airflow/example_dags/example_outlet_event_extra.py
[2025-04-17T06:03:16.636+0000] {logging_mixin.py:190} INFO - [2025-04-17T06:03:16.636+0000] {dag.py:3239} INFO - Sync 3 DAGs
[2025-04-17T06:03:16.658+0000] {logging_mixin.py:190} INFO - [2025-04-17T06:03:16.658+0000] {dag.py:4180} INFO - Setting next_dagrun for dataset_with_extra_by_context to 2025-04-16 00:00:00+00:00, run_after=2025-04-17 00:00:00+00:00
[2025-04-17T06:03:16.665+0000] {logging_mixin.py:190} INFO - [2025-04-17T06:03:16.664+0000] {dag.py:4180} INFO - Setting next_dagrun for dataset_with_extra_by_yield to 2025-04-16 00:00:00+00:00, run_after=2025-04-17 00:00:00+00:00
[2025-04-17T06:03:16.668+0000] {logging_mixin.py:190} INFO - [2025-04-17T06:03:16.668+0000] {dag.py:4180} INFO - Setting next_dagrun for dataset_with_extra_from_classic_operator to 2025-04-16 00:00:00+00:00, run_after=2025-04-17 00:00:00+00:00
[2025-04-17T06:03:16.699+0000] {processor.py:208} INFO - Processing /home/airflow/.local/lib/python3.12/site-packages/airflow/example_dags/example_outlet_event_extra.py took 0.705 seconds
[2025-04-17T06:10:51.545+0000] {processor.py:186} INFO - Started process (PID=104) to work on /home/airflow/.local/lib/python3.12/site-packages/airflow/example_dags/example_outlet_event_extra.py
[2025-04-17T06:10:51.569+0000] {processor.py:914} INFO - Processing file /home/airflow/.local/lib/python3.12/site-packages/airflow/example_dags/example_outlet_event_extra.py for tasks to queue
[2025-04-17T06:10:51.586+0000] {logging_mixin.py:190} INFO - [2025-04-17T06:10:51.581+0000] {dagbag.py:588} INFO - Filling up the DagBag from /home/airflow/.local/lib/python3.12/site-packages/airflow/example_dags/example_outlet_event_extra.py
[2025-04-17T06:10:57.222+0000] {processor.py:925} INFO - DAG(s) 'dataset_with_extra_from_classic_operator', 'dataset_with_extra_by_yield', 'dataset_with_extra_by_context' retrieved from /home/airflow/.local/lib/python3.12/site-packages/airflow/example_dags/example_outlet_event_extra.py
[2025-04-17T06:10:57.292+0000] {logging_mixin.py:190} INFO - [2025-04-17T06:10:57.291+0000] {dag.py:3239} INFO - Sync 3 DAGs
[2025-04-17T06:10:57.358+0000] {logging_mixin.py:190} INFO - [2025-04-17T06:10:57.357+0000] {dag.py:4180} INFO - Setting next_dagrun for dataset_with_extra_by_context to 2025-04-16 00:00:00+00:00, run_after=2025-04-17 00:00:00+00:00
[2025-04-17T06:10:57.378+0000] {logging_mixin.py:190} INFO - [2025-04-17T06:10:57.377+0000] {dag.py:4180} INFO - Setting next_dagrun for dataset_with_extra_by_yield to 2025-04-16 00:00:00+00:00, run_after=2025-04-17 00:00:00+00:00
[2025-04-17T06:10:57.390+0000] {logging_mixin.py:190} INFO - [2025-04-17T06:10:57.389+0000] {dag.py:4180} INFO - Setting next_dagrun for dataset_with_extra_from_classic_operator to 2025-04-16 00:00:00+00:00, run_after=2025-04-17 00:00:00+00:00
[2025-04-17T06:10:57.449+0000] {processor.py:208} INFO - Processing /home/airflow/.local/lib/python3.12/site-packages/airflow/example_dags/example_outlet_event_extra.py took 5.925 seconds
[2025-04-17T06:11:28.003+0000] {processor.py:186} INFO - Started process (PID=168) to work on /home/airflow/.local/lib/python3.12/site-packages/airflow/example_dags/example_outlet_event_extra.py
[2025-04-17T06:11:28.005+0000] {processor.py:914} INFO - Processing file /home/airflow/.local/lib/python3.12/site-packages/airflow/example_dags/example_outlet_event_extra.py for tasks to queue
[2025-04-17T06:11:28.009+0000] {logging_mixin.py:190} INFO - [2025-04-17T06:11:28.008+0000] {dagbag.py:588} INFO - Filling up the DagBag from /home/airflow/.local/lib/python3.12/site-packages/airflow/example_dags/example_outlet_event_extra.py
[2025-04-17T06:11:28.765+0000] {processor.py:925} INFO - DAG(s) 'dataset_with_extra_by_yield', 'dataset_with_extra_from_classic_operator', 'dataset_with_extra_by_context' retrieved from /home/airflow/.local/lib/python3.12/site-packages/airflow/example_dags/example_outlet_event_extra.py
[2025-04-17T06:11:28.822+0000] {logging_mixin.py:190} INFO - [2025-04-17T06:11:28.822+0000] {dag.py:3239} INFO - Sync 3 DAGs
[2025-04-17T06:11:28.863+0000] {logging_mixin.py:190} INFO - [2025-04-17T06:11:28.863+0000] {dag.py:4180} INFO - Setting next_dagrun for dataset_with_extra_by_context to 2025-04-16 00:00:00+00:00, run_after=2025-04-17 00:00:00+00:00
[2025-04-17T06:11:28.873+0000] {logging_mixin.py:190} INFO - [2025-04-17T06:11:28.873+0000] {dag.py:4180} INFO - Setting next_dagrun for dataset_with_extra_by_yield to 2025-04-16 00:00:00+00:00, run_after=2025-04-17 00:00:00+00:00
[2025-04-17T06:11:28.879+0000] {logging_mixin.py:190} INFO - [2025-04-17T06:11:28.878+0000] {dag.py:4180} INFO - Setting next_dagrun for dataset_with_extra_from_classic_operator to 2025-04-16 00:00:00+00:00, run_after=2025-04-17 00:00:00+00:00
[2025-04-17T06:11:28.921+0000] {processor.py:208} INFO - Processing /home/airflow/.local/lib/python3.12/site-packages/airflow/example_dags/example_outlet_event_extra.py took 0.924 seconds
[2025-04-17T06:11:59.437+0000] {processor.py:186} INFO - Started process (PID=230) to work on /home/airflow/.local/lib/python3.12/site-packages/airflow/example_dags/example_outlet_event_extra.py
[2025-04-17T06:11:59.439+0000] {processor.py:914} INFO - Processing file /home/airflow/.local/lib/python3.12/site-packages/airflow/example_dags/example_outlet_event_extra.py for tasks to queue
[2025-04-17T06:11:59.443+0000] {logging_mixin.py:190} INFO - [2025-04-17T06:11:59.443+0000] {dagbag.py:588} INFO - Filling up the DagBag from /home/airflow/.local/lib/python3.12/site-packages/airflow/example_dags/example_outlet_event_extra.py
[2025-04-17T06:12:01.587+0000] {processor.py:925} INFO - DAG(s) 'dataset_with_extra_from_classic_operator', 'dataset_with_extra_by_yield', 'dataset_with_extra_by_context' retrieved from /home/airflow/.local/lib/python3.12/site-packages/airflow/example_dags/example_outlet_event_extra.py
[2025-04-17T06:12:01.701+0000] {logging_mixin.py:190} INFO - [2025-04-17T06:12:01.700+0000] {dag.py:3239} INFO - Sync 3 DAGs
[2025-04-17T06:12:01.771+0000] {logging_mixin.py:190} INFO - [2025-04-17T06:12:01.770+0000] {dag.py:4180} INFO - Setting next_dagrun for dataset_with_extra_by_context to 2025-04-16 00:00:00+00:00, run_after=2025-04-17 00:00:00+00:00
[2025-04-17T06:12:01.785+0000] {logging_mixin.py:190} INFO - [2025-04-17T06:12:01.784+0000] {dag.py:4180} INFO - Setting next_dagrun for dataset_with_extra_by_yield to 2025-04-16 00:00:00+00:00, run_after=2025-04-17 00:00:00+00:00
[2025-04-17T06:12:01.793+0000] {logging_mixin.py:190} INFO - [2025-04-17T06:12:01.792+0000] {dag.py:4180} INFO - Setting next_dagrun for dataset_with_extra_from_classic_operator to 2025-04-16 00:00:00+00:00, run_after=2025-04-17 00:00:00+00:00
[2025-04-17T06:12:01.879+0000] {processor.py:208} INFO - Processing /home/airflow/.local/lib/python3.12/site-packages/airflow/example_dags/example_outlet_event_extra.py took 2.451 seconds
[2025-04-17T06:12:32.307+0000] {processor.py:186} INFO - Started process (PID=293) to work on /home/airflow/.local/lib/python3.12/site-packages/airflow/example_dags/example_outlet_event_extra.py
[2025-04-17T06:12:32.310+0000] {processor.py:914} INFO - Processing file /home/airflow/.local/lib/python3.12/site-packages/airflow/example_dags/example_outlet_event_extra.py for tasks to queue
[2025-04-17T06:12:32.316+0000] {logging_mixin.py:190} INFO - [2025-04-17T06:12:32.315+0000] {dagbag.py:588} INFO - Filling up the DagBag from /home/airflow/.local/lib/python3.12/site-packages/airflow/example_dags/example_outlet_event_extra.py
[2025-04-17T06:12:34.227+0000] {processor.py:925} INFO - DAG(s) 'dataset_with_extra_from_classic_operator', 'dataset_with_extra_by_yield', 'dataset_with_extra_by_context' retrieved from /home/airflow/.local/lib/python3.12/site-packages/airflow/example_dags/example_outlet_event_extra.py
[2025-04-17T06:12:34.349+0000] {logging_mixin.py:190} INFO - [2025-04-17T06:12:34.348+0000] {dag.py:3239} INFO - Sync 3 DAGs
[2025-04-17T06:12:34.462+0000] {logging_mixin.py:190} INFO - [2025-04-17T06:12:34.461+0000] {dag.py:4180} INFO - Setting next_dagrun for dataset_with_extra_by_context to 2025-04-16 00:00:00+00:00, run_after=2025-04-17 00:00:00+00:00
[2025-04-17T06:12:34.480+0000] {logging_mixin.py:190} INFO - [2025-04-17T06:12:34.480+0000] {dag.py:4180} INFO - Setting next_dagrun for dataset_with_extra_by_yield to 2025-04-16 00:00:00+00:00, run_after=2025-04-17 00:00:00+00:00
[2025-04-17T06:12:34.490+0000] {logging_mixin.py:190} INFO - [2025-04-17T06:12:34.489+0000] {dag.py:4180} INFO - Setting next_dagrun for dataset_with_extra_from_classic_operator to 2025-04-16 00:00:00+00:00, run_after=2025-04-17 00:00:00+00:00
[2025-04-17T06:12:34.552+0000] {processor.py:208} INFO - Processing /home/airflow/.local/lib/python3.12/site-packages/airflow/example_dags/example_outlet_event_extra.py took 2.265 seconds
[2025-04-17T06:13:05.393+0000] {processor.py:186} INFO - Started process (PID=356) to work on /home/airflow/.local/lib/python3.12/site-packages/airflow/example_dags/example_outlet_event_extra.py
[2025-04-17T06:13:05.395+0000] {processor.py:914} INFO - Processing file /home/airflow/.local/lib/python3.12/site-packages/airflow/example_dags/example_outlet_event_extra.py for tasks to queue
[2025-04-17T06:13:05.398+0000] {logging_mixin.py:190} INFO - [2025-04-17T06:13:05.397+0000] {dagbag.py:588} INFO - Filling up the DagBag from /home/airflow/.local/lib/python3.12/site-packages/airflow/example_dags/example_outlet_event_extra.py
[2025-04-17T06:13:06.391+0000] {processor.py:925} INFO - DAG(s) 'dataset_with_extra_by_context', 'dataset_with_extra_from_classic_operator', 'dataset_with_extra_by_yield' retrieved from /home/airflow/.local/lib/python3.12/site-packages/airflow/example_dags/example_outlet_event_extra.py
[2025-04-17T06:13:06.435+0000] {logging_mixin.py:190} INFO - [2025-04-17T06:13:06.435+0000] {dag.py:3239} INFO - Sync 3 DAGs
[2025-04-17T06:13:06.475+0000] {logging_mixin.py:190} INFO - [2025-04-17T06:13:06.474+0000] {dag.py:4180} INFO - Setting next_dagrun for dataset_with_extra_by_context to 2025-04-16 00:00:00+00:00, run_after=2025-04-17 00:00:00+00:00
[2025-04-17T06:13:06.483+0000] {logging_mixin.py:190} INFO - [2025-04-17T06:13:06.482+0000] {dag.py:4180} INFO - Setting next_dagrun for dataset_with_extra_by_yield to 2025-04-16 00:00:00+00:00, run_after=2025-04-17 00:00:00+00:00
[2025-04-17T06:13:06.488+0000] {logging_mixin.py:190} INFO - [2025-04-17T06:13:06.487+0000] {dag.py:4180} INFO - Setting next_dagrun for dataset_with_extra_from_classic_operator to 2025-04-16 00:00:00+00:00, run_after=2025-04-17 00:00:00+00:00
[2025-04-17T06:13:06.522+0000] {processor.py:208} INFO - Processing /home/airflow/.local/lib/python3.12/site-packages/airflow/example_dags/example_outlet_event_extra.py took 1.138 seconds
[2025-04-17T06:13:37.444+0000] {processor.py:186} INFO - Started process (PID=419) to work on /home/airflow/.local/lib/python3.12/site-packages/airflow/example_dags/example_outlet_event_extra.py
[2025-04-17T06:13:37.448+0000] {processor.py:914} INFO - Processing file /home/airflow/.local/lib/python3.12/site-packages/airflow/example_dags/example_outlet_event_extra.py for tasks to queue
[2025-04-17T06:13:37.467+0000] {logging_mixin.py:190} INFO - [2025-04-17T06:13:37.457+0000] {dagbag.py:588} INFO - Filling up the DagBag from /home/airflow/.local/lib/python3.12/site-packages/airflow/example_dags/example_outlet_event_extra.py
[2025-04-17T06:13:40.501+0000] {processor.py:925} INFO - DAG(s) 'dataset_with_extra_by_yield', 'dataset_with_extra_by_context', 'dataset_with_extra_from_classic_operator' retrieved from /home/airflow/.local/lib/python3.12/site-packages/airflow/example_dags/example_outlet_event_extra.py
[2025-04-17T06:13:40.579+0000] {logging_mixin.py:190} INFO - [2025-04-17T06:13:40.578+0000] {dag.py:3239} INFO - Sync 3 DAGs
[2025-04-17T06:13:40.664+0000] {logging_mixin.py:190} INFO - [2025-04-17T06:13:40.662+0000] {dag.py:4180} INFO - Setting next_dagrun for dataset_with_extra_by_context to 2025-04-16 00:00:00+00:00, run_after=2025-04-17 00:00:00+00:00
[2025-04-17T06:13:40.700+0000] {logging_mixin.py:190} INFO - [2025-04-17T06:13:40.699+0000] {dag.py:4180} INFO - Setting next_dagrun for dataset_with_extra_by_yield to 2025-04-16 00:00:00+00:00, run_after=2025-04-17 00:00:00+00:00
[2025-04-17T06:13:40.722+0000] {logging_mixin.py:190} INFO - [2025-04-17T06:13:40.721+0000] {dag.py:4180} INFO - Setting next_dagrun for dataset_with_extra_from_classic_operator to 2025-04-16 00:00:00+00:00, run_after=2025-04-17 00:00:00+00:00
[2025-04-17T06:13:40.852+0000] {processor.py:208} INFO - Processing /home/airflow/.local/lib/python3.12/site-packages/airflow/example_dags/example_outlet_event_extra.py took 3.449 seconds
[2025-04-17T06:14:11.228+0000] {processor.py:186} INFO - Started process (PID=482) to work on /home/airflow/.local/lib/python3.12/site-packages/airflow/example_dags/example_outlet_event_extra.py
[2025-04-17T06:14:11.231+0000] {processor.py:914} INFO - Processing file /home/airflow/.local/lib/python3.12/site-packages/airflow/example_dags/example_outlet_event_extra.py for tasks to queue
[2025-04-17T06:14:11.244+0000] {logging_mixin.py:190} INFO - [2025-04-17T06:14:11.243+0000] {dagbag.py:588} INFO - Filling up the DagBag from /home/airflow/.local/lib/python3.12/site-packages/airflow/example_dags/example_outlet_event_extra.py
[2025-04-17T06:14:14.242+0000] {processor.py:925} INFO - DAG(s) 'dataset_with_extra_by_yield', 'dataset_with_extra_by_context', 'dataset_with_extra_from_classic_operator' retrieved from /home/airflow/.local/lib/python3.12/site-packages/airflow/example_dags/example_outlet_event_extra.py
[2025-04-17T06:14:14.388+0000] {logging_mixin.py:190} INFO - [2025-04-17T06:14:14.387+0000] {dag.py:3239} INFO - Sync 3 DAGs
[2025-04-17T06:14:14.498+0000] {logging_mixin.py:190} INFO - [2025-04-17T06:14:14.498+0000] {dag.py:4180} INFO - Setting next_dagrun for dataset_with_extra_by_context to 2025-04-16 00:00:00+00:00, run_after=2025-04-17 00:00:00+00:00
[2025-04-17T06:14:14.517+0000] {logging_mixin.py:190} INFO - [2025-04-17T06:14:14.516+0000] {dag.py:4180} INFO - Setting next_dagrun for dataset_with_extra_by_yield to 2025-04-16 00:00:00+00:00, run_after=2025-04-17 00:00:00+00:00
[2025-04-17T06:14:14.524+0000] {logging_mixin.py:190} INFO - [2025-04-17T06:14:14.524+0000] {dag.py:4180} INFO - Setting next_dagrun for dataset_with_extra_from_classic_operator to 2025-04-16 00:00:00+00:00, run_after=2025-04-17 00:00:00+00:00
[2025-04-17T06:14:14.598+0000] {processor.py:208} INFO - Processing /home/airflow/.local/lib/python3.12/site-packages/airflow/example_dags/example_outlet_event_extra.py took 3.387 seconds
[2025-04-17T06:14:45.322+0000] {processor.py:186} INFO - Started process (PID=552) to work on /home/airflow/.local/lib/python3.12/site-packages/airflow/example_dags/example_outlet_event_extra.py
[2025-04-17T06:14:45.327+0000] {processor.py:914} INFO - Processing file /home/airflow/.local/lib/python3.12/site-packages/airflow/example_dags/example_outlet_event_extra.py for tasks to queue
[2025-04-17T06:14:45.337+0000] {logging_mixin.py:190} INFO - [2025-04-17T06:14:45.336+0000] {dagbag.py:588} INFO - Filling up the DagBag from /home/airflow/.local/lib/python3.12/site-packages/airflow/example_dags/example_outlet_event_extra.py
[2025-04-17T06:14:47.938+0000] {processor.py:925} INFO - DAG(s) 'dataset_with_extra_by_context', 'dataset_with_extra_from_classic_operator', 'dataset_with_extra_by_yield' retrieved from /home/airflow/.local/lib/python3.12/site-packages/airflow/example_dags/example_outlet_event_extra.py
[2025-04-17T06:14:48.161+0000] {logging_mixin.py:190} INFO - [2025-04-17T06:14:48.152+0000] {dag.py:3239} INFO - Sync 3 DAGs
[2025-04-17T06:14:48.259+0000] {logging_mixin.py:190} INFO - [2025-04-17T06:14:48.259+0000] {dag.py:4180} INFO - Setting next_dagrun for dataset_with_extra_by_context to 2025-04-16 00:00:00+00:00, run_after=2025-04-17 00:00:00+00:00
[2025-04-17T06:14:48.277+0000] {logging_mixin.py:190} INFO - [2025-04-17T06:14:48.277+0000] {dag.py:4180} INFO - Setting next_dagrun for dataset_with_extra_by_yield to 2025-04-16 00:00:00+00:00, run_after=2025-04-17 00:00:00+00:00
[2025-04-17T06:14:48.294+0000] {logging_mixin.py:190} INFO - [2025-04-17T06:14:48.294+0000] {dag.py:4180} INFO - Setting next_dagrun for dataset_with_extra_from_classic_operator to 2025-04-16 00:00:00+00:00, run_after=2025-04-17 00:00:00+00:00
[2025-04-17T06:14:48.360+0000] {processor.py:208} INFO - Processing /home/airflow/.local/lib/python3.12/site-packages/airflow/example_dags/example_outlet_event_extra.py took 3.079 seconds
[2025-04-17T06:15:19.605+0000] {processor.py:186} INFO - Started process (PID=614) to work on /home/airflow/.local/lib/python3.12/site-packages/airflow/example_dags/example_outlet_event_extra.py
[2025-04-17T06:15:19.608+0000] {processor.py:914} INFO - Processing file /home/airflow/.local/lib/python3.12/site-packages/airflow/example_dags/example_outlet_event_extra.py for tasks to queue
[2025-04-17T06:15:19.662+0000] {logging_mixin.py:190} INFO - [2025-04-17T06:15:19.612+0000] {dagbag.py:588} INFO - Filling up the DagBag from /home/airflow/.local/lib/python3.12/site-packages/airflow/example_dags/example_outlet_event_extra.py
[2025-04-17T06:15:22.013+0000] {processor.py:925} INFO - DAG(s) 'dataset_with_extra_by_context', 'dataset_with_extra_by_yield', 'dataset_with_extra_from_classic_operator' retrieved from /home/airflow/.local/lib/python3.12/site-packages/airflow/example_dags/example_outlet_event_extra.py
[2025-04-17T06:15:22.143+0000] {logging_mixin.py:190} INFO - [2025-04-17T06:15:22.142+0000] {dag.py:3239} INFO - Sync 3 DAGs
[2025-04-17T06:15:22.231+0000] {logging_mixin.py:190} INFO - [2025-04-17T06:15:22.231+0000] {dag.py:4180} INFO - Setting next_dagrun for dataset_with_extra_by_context to 2025-04-16 00:00:00+00:00, run_after=2025-04-17 00:00:00+00:00
[2025-04-17T06:15:22.252+0000] {logging_mixin.py:190} INFO - [2025-04-17T06:15:22.251+0000] {dag.py:4180} INFO - Setting next_dagrun for dataset_with_extra_by_yield to 2025-04-16 00:00:00+00:00, run_after=2025-04-17 00:00:00+00:00
[2025-04-17T06:15:22.265+0000] {logging_mixin.py:190} INFO - [2025-04-17T06:15:22.264+0000] {dag.py:4180} INFO - Setting next_dagrun for dataset_with_extra_from_classic_operator to 2025-04-16 00:00:00+00:00, run_after=2025-04-17 00:00:00+00:00
[2025-04-17T06:15:22.351+0000] {processor.py:208} INFO - Processing /home/airflow/.local/lib/python3.12/site-packages/airflow/example_dags/example_outlet_event_extra.py took 2.770 seconds
[2025-04-17T06:15:52.776+0000] {processor.py:186} INFO - Started process (PID=677) to work on /home/airflow/.local/lib/python3.12/site-packages/airflow/example_dags/example_outlet_event_extra.py
[2025-04-17T06:15:52.780+0000] {processor.py:914} INFO - Processing file /home/airflow/.local/lib/python3.12/site-packages/airflow/example_dags/example_outlet_event_extra.py for tasks to queue
[2025-04-17T06:15:52.786+0000] {logging_mixin.py:190} INFO - [2025-04-17T06:15:52.785+0000] {dagbag.py:588} INFO - Filling up the DagBag from /home/airflow/.local/lib/python3.12/site-packages/airflow/example_dags/example_outlet_event_extra.py
[2025-04-17T06:15:53.962+0000] {processor.py:925} INFO - DAG(s) 'dataset_with_extra_by_yield', 'dataset_with_extra_by_context', 'dataset_with_extra_from_classic_operator' retrieved from /home/airflow/.local/lib/python3.12/site-packages/airflow/example_dags/example_outlet_event_extra.py
[2025-04-17T06:15:54.030+0000] {logging_mixin.py:190} INFO - [2025-04-17T06:15:54.030+0000] {dag.py:3239} INFO - Sync 3 DAGs
[2025-04-17T06:15:54.088+0000] {logging_mixin.py:190} INFO - [2025-04-17T06:15:54.087+0000] {dag.py:4180} INFO - Setting next_dagrun for dataset_with_extra_by_context to 2025-04-16 00:00:00+00:00, run_after=2025-04-17 00:00:00+00:00
[2025-04-17T06:15:54.102+0000] {logging_mixin.py:190} INFO - [2025-04-17T06:15:54.101+0000] {dag.py:4180} INFO - Setting next_dagrun for dataset_with_extra_by_yield to 2025-04-16 00:00:00+00:00, run_after=2025-04-17 00:00:00+00:00
[2025-04-17T06:15:54.117+0000] {logging_mixin.py:190} INFO - [2025-04-17T06:15:54.116+0000] {dag.py:4180} INFO - Setting next_dagrun for dataset_with_extra_from_classic_operator to 2025-04-16 00:00:00+00:00, run_after=2025-04-17 00:00:00+00:00
[2025-04-17T06:15:54.185+0000] {processor.py:208} INFO - Processing /home/airflow/.local/lib/python3.12/site-packages/airflow/example_dags/example_outlet_event_extra.py took 1.421 seconds
[2025-04-17T06:16:24.400+0000] {processor.py:186} INFO - Started process (PID=743) to work on /home/airflow/.local/lib/python3.12/site-packages/airflow/example_dags/example_outlet_event_extra.py
[2025-04-17T06:16:24.403+0000] {processor.py:914} INFO - Processing file /home/airflow/.local/lib/python3.12/site-packages/airflow/example_dags/example_outlet_event_extra.py for tasks to queue
[2025-04-17T06:16:24.407+0000] {logging_mixin.py:190} INFO - [2025-04-17T06:16:24.406+0000] {dagbag.py:588} INFO - Filling up the DagBag from /home/airflow/.local/lib/python3.12/site-packages/airflow/example_dags/example_outlet_event_extra.py
[2025-04-17T06:16:25.017+0000] {processor.py:925} INFO - DAG(s) 'dataset_with_extra_by_yield', 'dataset_with_extra_from_classic_operator', 'dataset_with_extra_by_context' retrieved from /home/airflow/.local/lib/python3.12/site-packages/airflow/example_dags/example_outlet_event_extra.py
[2025-04-17T06:16:25.040+0000] {logging_mixin.py:190} INFO - [2025-04-17T06:16:25.040+0000] {dag.py:3239} INFO - Sync 3 DAGs
[2025-04-17T06:16:25.067+0000] {logging_mixin.py:190} INFO - [2025-04-17T06:16:25.067+0000] {dag.py:4180} INFO - Setting next_dagrun for dataset_with_extra_by_context to 2025-04-16 00:00:00+00:00, run_after=2025-04-17 00:00:00+00:00
[2025-04-17T06:16:25.073+0000] {logging_mixin.py:190} INFO - [2025-04-17T06:16:25.073+0000] {dag.py:4180} INFO - Setting next_dagrun for dataset_with_extra_by_yield to 2025-04-16 00:00:00+00:00, run_after=2025-04-17 00:00:00+00:00
[2025-04-17T06:16:25.077+0000] {logging_mixin.py:190} INFO - [2025-04-17T06:16:25.077+0000] {dag.py:4180} INFO - Setting next_dagrun for dataset_with_extra_from_classic_operator to 2025-04-16 00:00:00+00:00, run_after=2025-04-17 00:00:00+00:00
[2025-04-17T06:16:25.113+0000] {processor.py:208} INFO - Processing /home/airflow/.local/lib/python3.12/site-packages/airflow/example_dags/example_outlet_event_extra.py took 0.723 seconds
[2025-04-17T06:16:55.241+0000] {processor.py:186} INFO - Started process (PID=805) to work on /home/airflow/.local/lib/python3.12/site-packages/airflow/example_dags/example_outlet_event_extra.py
[2025-04-17T06:16:55.247+0000] {processor.py:914} INFO - Processing file /home/airflow/.local/lib/python3.12/site-packages/airflow/example_dags/example_outlet_event_extra.py for tasks to queue
[2025-04-17T06:16:55.260+0000] {logging_mixin.py:190} INFO - [2025-04-17T06:16:55.258+0000] {dagbag.py:588} INFO - Filling up the DagBag from /home/airflow/.local/lib/python3.12/site-packages/airflow/example_dags/example_outlet_event_extra.py
[2025-04-17T06:16:57.093+0000] {processor.py:925} INFO - DAG(s) 'dataset_with_extra_from_classic_operator', 'dataset_with_extra_by_context', 'dataset_with_extra_by_yield' retrieved from /home/airflow/.local/lib/python3.12/site-packages/airflow/example_dags/example_outlet_event_extra.py
[2025-04-17T06:16:57.190+0000] {logging_mixin.py:190} INFO - [2025-04-17T06:16:57.189+0000] {dag.py:3239} INFO - Sync 3 DAGs
[2025-04-17T06:16:57.303+0000] {logging_mixin.py:190} INFO - [2025-04-17T06:16:57.302+0000] {dag.py:4180} INFO - Setting next_dagrun for dataset_with_extra_by_context to 2025-04-16 00:00:00+00:00, run_after=2025-04-17 00:00:00+00:00
[2025-04-17T06:16:57.320+0000] {logging_mixin.py:190} INFO - [2025-04-17T06:16:57.318+0000] {dag.py:4180} INFO - Setting next_dagrun for dataset_with_extra_by_yield to 2025-04-16 00:00:00+00:00, run_after=2025-04-17 00:00:00+00:00
[2025-04-17T06:16:57.329+0000] {logging_mixin.py:190} INFO - [2025-04-17T06:16:57.328+0000] {dag.py:4180} INFO - Setting next_dagrun for dataset_with_extra_from_classic_operator to 2025-04-16 00:00:00+00:00, run_after=2025-04-17 00:00:00+00:00
[2025-04-17T06:16:57.392+0000] {processor.py:208} INFO - Processing /home/airflow/.local/lib/python3.12/site-packages/airflow/example_dags/example_outlet_event_extra.py took 2.174 seconds
