[2025-04-17T05:56:49.666+0000] {processor.py:186} INFO - Started process (PID=97) to work on /home/airflow/.local/lib/python3.12/site-packages/airflow/example_dags/example_task_group.py
[2025-04-17T05:56:49.669+0000] {processor.py:914} INFO - Processing file /home/airflow/.local/lib/python3.12/site-packages/airflow/example_dags/example_task_group.py for tasks to queue
[2025-04-17T05:56:49.675+0000] {logging_mixin.py:190} INFO - [2025-04-17T05:56:49.674+0000] {dagbag.py:588} INFO - Filling up the DagBag from /home/airflow/.local/lib/python3.12/site-packages/airflow/example_dags/example_task_group.py
[2025-04-17T05:56:49.720+0000] {processor.py:925} INFO - DAG(s) 'example_task_group' retrieved from /home/airflow/.local/lib/python3.12/site-packages/airflow/example_dags/example_task_group.py
[2025-04-17T05:56:50.568+0000] {logging_mixin.py:190} INFO - [2025-04-17T05:56:50.565+0000] {override.py:1912} INFO - Created Permission View: can delete on DAG:example_task_group
[2025-04-17T05:56:50.600+0000] {logging_mixin.py:190} INFO - [2025-04-17T05:56:50.599+0000] {override.py:1912} INFO - Created Permission View: can edit on DAG:example_task_group
[2025-04-17T05:56:50.621+0000] {logging_mixin.py:190} INFO - [2025-04-17T05:56:50.621+0000] {override.py:1912} INFO - Created Permission View: can read on DAG:example_task_group
[2025-04-17T05:56:50.661+0000] {logging_mixin.py:190} INFO - [2025-04-17T05:56:50.660+0000] {override.py:1912} INFO - Created Permission View: can delete on DAG Run:example_task_group
[2025-04-17T05:56:50.688+0000] {logging_mixin.py:190} INFO - [2025-04-17T05:56:50.687+0000] {override.py:1912} INFO - Created Permission View: can read on DAG Run:example_task_group
[2025-04-17T05:56:50.713+0000] {logging_mixin.py:190} INFO - [2025-04-17T05:56:50.712+0000] {override.py:1912} INFO - Created Permission View: can create on DAG Run:example_task_group
[2025-04-17T05:56:50.759+0000] {logging_mixin.py:190} INFO - [2025-04-17T05:56:50.758+0000] {override.py:1912} INFO - Created Permission View: menu access on DAG Run:example_task_group
[2025-04-17T05:56:50.764+0000] {logging_mixin.py:190} INFO - [2025-04-17T05:56:50.763+0000] {dag.py:3239} INFO - Sync 1 DAGs
[2025-04-17T05:56:50.882+0000] {logging_mixin.py:190} INFO - [2025-04-17T05:56:50.882+0000] {dag.py:3262} INFO - Creating ORM DAG for example_task_group
[2025-04-17T05:56:50.886+0000] {logging_mixin.py:190} INFO - [2025-04-17T05:56:50.886+0000] {dag.py:4180} INFO - Setting next_dagrun for example_task_group to None, run_after=None
[2025-04-17T05:56:50.980+0000] {processor.py:208} INFO - Processing /home/airflow/.local/lib/python3.12/site-packages/airflow/example_dags/example_task_group.py took 1.326 seconds
[2025-04-17T05:57:21.456+0000] {processor.py:186} INFO - Started process (PID=160) to work on /home/airflow/.local/lib/python3.12/site-packages/airflow/example_dags/example_task_group.py
[2025-04-17T05:57:21.458+0000] {processor.py:914} INFO - Processing file /home/airflow/.local/lib/python3.12/site-packages/airflow/example_dags/example_task_group.py for tasks to queue
[2025-04-17T05:57:21.465+0000] {logging_mixin.py:190} INFO - [2025-04-17T05:57:21.465+0000] {dagbag.py:588} INFO - Filling up the DagBag from /home/airflow/.local/lib/python3.12/site-packages/airflow/example_dags/example_task_group.py
[2025-04-17T05:57:21.496+0000] {processor.py:925} INFO - DAG(s) 'example_task_group' retrieved from /home/airflow/.local/lib/python3.12/site-packages/airflow/example_dags/example_task_group.py
[2025-04-17T05:57:21.589+0000] {logging_mixin.py:190} INFO - [2025-04-17T05:57:21.588+0000] {dag.py:3239} INFO - Sync 1 DAGs
[2025-04-17T05:57:21.717+0000] {logging_mixin.py:190} INFO - [2025-04-17T05:57:21.717+0000] {dag.py:4180} INFO - Setting next_dagrun for example_task_group to None, run_after=None
[2025-04-17T05:57:21.807+0000] {processor.py:208} INFO - Processing /home/airflow/.local/lib/python3.12/site-packages/airflow/example_dags/example_task_group.py took 0.366 seconds
[2025-04-17T05:57:52.801+0000] {processor.py:186} INFO - Started process (PID=223) to work on /home/airflow/.local/lib/python3.12/site-packages/airflow/example_dags/example_task_group.py
[2025-04-17T05:57:52.803+0000] {processor.py:914} INFO - Processing file /home/airflow/.local/lib/python3.12/site-packages/airflow/example_dags/example_task_group.py for tasks to queue
[2025-04-17T05:57:52.807+0000] {logging_mixin.py:190} INFO - [2025-04-17T05:57:52.806+0000] {dagbag.py:588} INFO - Filling up the DagBag from /home/airflow/.local/lib/python3.12/site-packages/airflow/example_dags/example_task_group.py
[2025-04-17T05:57:52.815+0000] {processor.py:925} INFO - DAG(s) 'example_task_group' retrieved from /home/airflow/.local/lib/python3.12/site-packages/airflow/example_dags/example_task_group.py
[2025-04-17T05:57:52.833+0000] {logging_mixin.py:190} INFO - [2025-04-17T05:57:52.833+0000] {dag.py:3239} INFO - Sync 1 DAGs
[2025-04-17T05:57:52.845+0000] {logging_mixin.py:190} INFO - [2025-04-17T05:57:52.845+0000] {dag.py:4180} INFO - Setting next_dagrun for example_task_group to None, run_after=None
[2025-04-17T05:57:52.863+0000] {processor.py:208} INFO - Processing /home/airflow/.local/lib/python3.12/site-packages/airflow/example_dags/example_task_group.py took 0.070 seconds
[2025-04-17T05:58:23.296+0000] {processor.py:186} INFO - Started process (PID=286) to work on /home/airflow/.local/lib/python3.12/site-packages/airflow/example_dags/example_task_group.py
[2025-04-17T05:58:23.300+0000] {processor.py:914} INFO - Processing file /home/airflow/.local/lib/python3.12/site-packages/airflow/example_dags/example_task_group.py for tasks to queue
[2025-04-17T05:58:23.311+0000] {logging_mixin.py:190} INFO - [2025-04-17T05:58:23.311+0000] {dagbag.py:588} INFO - Filling up the DagBag from /home/airflow/.local/lib/python3.12/site-packages/airflow/example_dags/example_task_group.py
[2025-04-17T05:58:23.332+0000] {processor.py:925} INFO - DAG(s) 'example_task_group' retrieved from /home/airflow/.local/lib/python3.12/site-packages/airflow/example_dags/example_task_group.py
[2025-04-17T05:58:23.370+0000] {logging_mixin.py:190} INFO - [2025-04-17T05:58:23.369+0000] {dag.py:3239} INFO - Sync 1 DAGs
[2025-04-17T05:58:23.382+0000] {logging_mixin.py:190} INFO - [2025-04-17T05:58:23.382+0000] {dag.py:4180} INFO - Setting next_dagrun for example_task_group to None, run_after=None
[2025-04-17T05:58:23.432+0000] {processor.py:208} INFO - Processing /home/airflow/.local/lib/python3.12/site-packages/airflow/example_dags/example_task_group.py took 0.169 seconds
[2025-04-17T05:58:54.201+0000] {processor.py:186} INFO - Started process (PID=349) to work on /home/airflow/.local/lib/python3.12/site-packages/airflow/example_dags/example_task_group.py
[2025-04-17T05:58:54.202+0000] {processor.py:914} INFO - Processing file /home/airflow/.local/lib/python3.12/site-packages/airflow/example_dags/example_task_group.py for tasks to queue
[2025-04-17T05:58:54.206+0000] {logging_mixin.py:190} INFO - [2025-04-17T05:58:54.205+0000] {dagbag.py:588} INFO - Filling up the DagBag from /home/airflow/.local/lib/python3.12/site-packages/airflow/example_dags/example_task_group.py
[2025-04-17T05:58:54.217+0000] {processor.py:925} INFO - DAG(s) 'example_task_group' retrieved from /home/airflow/.local/lib/python3.12/site-packages/airflow/example_dags/example_task_group.py
[2025-04-17T05:58:54.242+0000] {logging_mixin.py:190} INFO - [2025-04-17T05:58:54.242+0000] {dag.py:3239} INFO - Sync 1 DAGs
[2025-04-17T05:58:54.255+0000] {logging_mixin.py:190} INFO - [2025-04-17T05:58:54.255+0000] {dag.py:4180} INFO - Setting next_dagrun for example_task_group to None, run_after=None
[2025-04-17T05:58:54.275+0000] {processor.py:208} INFO - Processing /home/airflow/.local/lib/python3.12/site-packages/airflow/example_dags/example_task_group.py took 0.081 seconds
[2025-04-17T05:59:24.601+0000] {processor.py:186} INFO - Started process (PID=412) to work on /home/airflow/.local/lib/python3.12/site-packages/airflow/example_dags/example_task_group.py
[2025-04-17T05:59:24.604+0000] {processor.py:914} INFO - Processing file /home/airflow/.local/lib/python3.12/site-packages/airflow/example_dags/example_task_group.py for tasks to queue
[2025-04-17T05:59:24.617+0000] {logging_mixin.py:190} INFO - [2025-04-17T05:59:24.616+0000] {dagbag.py:588} INFO - Filling up the DagBag from /home/airflow/.local/lib/python3.12/site-packages/airflow/example_dags/example_task_group.py
[2025-04-17T05:59:24.641+0000] {processor.py:925} INFO - DAG(s) 'example_task_group' retrieved from /home/airflow/.local/lib/python3.12/site-packages/airflow/example_dags/example_task_group.py
[2025-04-17T05:59:24.715+0000] {logging_mixin.py:190} INFO - [2025-04-17T05:59:24.714+0000] {dag.py:3239} INFO - Sync 1 DAGs
[2025-04-17T05:59:24.777+0000] {logging_mixin.py:190} INFO - [2025-04-17T05:59:24.776+0000] {dag.py:4180} INFO - Setting next_dagrun for example_task_group to None, run_after=None
[2025-04-17T05:59:24.841+0000] {processor.py:208} INFO - Processing /home/airflow/.local/lib/python3.12/site-packages/airflow/example_dags/example_task_group.py took 0.254 seconds
[2025-04-17T05:59:54.947+0000] {processor.py:186} INFO - Started process (PID=475) to work on /home/airflow/.local/lib/python3.12/site-packages/airflow/example_dags/example_task_group.py
[2025-04-17T05:59:54.949+0000] {processor.py:914} INFO - Processing file /home/airflow/.local/lib/python3.12/site-packages/airflow/example_dags/example_task_group.py for tasks to queue
[2025-04-17T05:59:54.952+0000] {logging_mixin.py:190} INFO - [2025-04-17T05:59:54.952+0000] {dagbag.py:588} INFO - Filling up the DagBag from /home/airflow/.local/lib/python3.12/site-packages/airflow/example_dags/example_task_group.py
[2025-04-17T05:59:54.968+0000] {processor.py:925} INFO - DAG(s) 'example_task_group' retrieved from /home/airflow/.local/lib/python3.12/site-packages/airflow/example_dags/example_task_group.py
[2025-04-17T05:59:54.995+0000] {logging_mixin.py:190} INFO - [2025-04-17T05:59:54.995+0000] {dag.py:3239} INFO - Sync 1 DAGs
[2025-04-17T05:59:55.011+0000] {logging_mixin.py:190} INFO - [2025-04-17T05:59:55.010+0000] {dag.py:4180} INFO - Setting next_dagrun for example_task_group to None, run_after=None
[2025-04-17T05:59:55.053+0000] {processor.py:208} INFO - Processing /home/airflow/.local/lib/python3.12/site-packages/airflow/example_dags/example_task_group.py took 0.113 seconds
[2025-04-17T06:00:25.199+0000] {processor.py:186} INFO - Started process (PID=538) to work on /home/airflow/.local/lib/python3.12/site-packages/airflow/example_dags/example_task_group.py
[2025-04-17T06:00:25.202+0000] {processor.py:914} INFO - Processing file /home/airflow/.local/lib/python3.12/site-packages/airflow/example_dags/example_task_group.py for tasks to queue
[2025-04-17T06:00:25.207+0000] {logging_mixin.py:190} INFO - [2025-04-17T06:00:25.206+0000] {dagbag.py:588} INFO - Filling up the DagBag from /home/airflow/.local/lib/python3.12/site-packages/airflow/example_dags/example_task_group.py
[2025-04-17T06:00:25.222+0000] {processor.py:925} INFO - DAG(s) 'example_task_group' retrieved from /home/airflow/.local/lib/python3.12/site-packages/airflow/example_dags/example_task_group.py
[2025-04-17T06:00:25.261+0000] {logging_mixin.py:190} INFO - [2025-04-17T06:00:25.261+0000] {dag.py:3239} INFO - Sync 1 DAGs
[2025-04-17T06:00:25.281+0000] {logging_mixin.py:190} INFO - [2025-04-17T06:00:25.281+0000] {dag.py:4180} INFO - Setting next_dagrun for example_task_group to None, run_after=None
[2025-04-17T06:00:25.332+0000] {processor.py:208} INFO - Processing /home/airflow/.local/lib/python3.12/site-packages/airflow/example_dags/example_task_group.py took 0.143 seconds
[2025-04-17T06:00:56.185+0000] {processor.py:186} INFO - Started process (PID=601) to work on /home/airflow/.local/lib/python3.12/site-packages/airflow/example_dags/example_task_group.py
[2025-04-17T06:00:56.187+0000] {processor.py:914} INFO - Processing file /home/airflow/.local/lib/python3.12/site-packages/airflow/example_dags/example_task_group.py for tasks to queue
[2025-04-17T06:00:56.192+0000] {logging_mixin.py:190} INFO - [2025-04-17T06:00:56.191+0000] {dagbag.py:588} INFO - Filling up the DagBag from /home/airflow/.local/lib/python3.12/site-packages/airflow/example_dags/example_task_group.py
[2025-04-17T06:00:56.211+0000] {processor.py:925} INFO - DAG(s) 'example_task_group' retrieved from /home/airflow/.local/lib/python3.12/site-packages/airflow/example_dags/example_task_group.py
[2025-04-17T06:00:56.251+0000] {logging_mixin.py:190} INFO - [2025-04-17T06:00:56.251+0000] {dag.py:3239} INFO - Sync 1 DAGs
[2025-04-17T06:00:56.278+0000] {logging_mixin.py:190} INFO - [2025-04-17T06:00:56.278+0000] {dag.py:4180} INFO - Setting next_dagrun for example_task_group to None, run_after=None
[2025-04-17T06:00:56.307+0000] {processor.py:208} INFO - Processing /home/airflow/.local/lib/python3.12/site-packages/airflow/example_dags/example_task_group.py took 0.132 seconds
[2025-04-17T06:01:26.904+0000] {processor.py:186} INFO - Started process (PID=664) to work on /home/airflow/.local/lib/python3.12/site-packages/airflow/example_dags/example_task_group.py
[2025-04-17T06:01:26.906+0000] {processor.py:914} INFO - Processing file /home/airflow/.local/lib/python3.12/site-packages/airflow/example_dags/example_task_group.py for tasks to queue
[2025-04-17T06:01:26.910+0000] {logging_mixin.py:190} INFO - [2025-04-17T06:01:26.910+0000] {dagbag.py:588} INFO - Filling up the DagBag from /home/airflow/.local/lib/python3.12/site-packages/airflow/example_dags/example_task_group.py
[2025-04-17T06:01:26.926+0000] {processor.py:925} INFO - DAG(s) 'example_task_group' retrieved from /home/airflow/.local/lib/python3.12/site-packages/airflow/example_dags/example_task_group.py
[2025-04-17T06:01:26.958+0000] {logging_mixin.py:190} INFO - [2025-04-17T06:01:26.957+0000] {dag.py:3239} INFO - Sync 1 DAGs
[2025-04-17T06:01:26.976+0000] {logging_mixin.py:190} INFO - [2025-04-17T06:01:26.976+0000] {dag.py:4180} INFO - Setting next_dagrun for example_task_group to None, run_after=None
[2025-04-17T06:01:27.001+0000] {processor.py:208} INFO - Processing /home/airflow/.local/lib/python3.12/site-packages/airflow/example_dags/example_task_group.py took 0.109 seconds
[2025-04-17T06:01:57.154+0000] {processor.py:186} INFO - Started process (PID=727) to work on /home/airflow/.local/lib/python3.12/site-packages/airflow/example_dags/example_task_group.py
[2025-04-17T06:01:57.156+0000] {processor.py:914} INFO - Processing file /home/airflow/.local/lib/python3.12/site-packages/airflow/example_dags/example_task_group.py for tasks to queue
[2025-04-17T06:01:57.160+0000] {logging_mixin.py:190} INFO - [2025-04-17T06:01:57.160+0000] {dagbag.py:588} INFO - Filling up the DagBag from /home/airflow/.local/lib/python3.12/site-packages/airflow/example_dags/example_task_group.py
[2025-04-17T06:01:57.174+0000] {processor.py:925} INFO - DAG(s) 'example_task_group' retrieved from /home/airflow/.local/lib/python3.12/site-packages/airflow/example_dags/example_task_group.py
[2025-04-17T06:01:57.210+0000] {logging_mixin.py:190} INFO - [2025-04-17T06:01:57.210+0000] {dag.py:3239} INFO - Sync 1 DAGs
[2025-04-17T06:01:57.230+0000] {logging_mixin.py:190} INFO - [2025-04-17T06:01:57.230+0000] {dag.py:4180} INFO - Setting next_dagrun for example_task_group to None, run_after=None
[2025-04-17T06:01:57.259+0000] {processor.py:208} INFO - Processing /home/airflow/.local/lib/python3.12/site-packages/airflow/example_dags/example_task_group.py took 0.116 seconds
[2025-04-17T06:02:27.959+0000] {processor.py:186} INFO - Started process (PID=790) to work on /home/airflow/.local/lib/python3.12/site-packages/airflow/example_dags/example_task_group.py
[2025-04-17T06:02:27.961+0000] {processor.py:914} INFO - Processing file /home/airflow/.local/lib/python3.12/site-packages/airflow/example_dags/example_task_group.py for tasks to queue
[2025-04-17T06:02:27.963+0000] {logging_mixin.py:190} INFO - [2025-04-17T06:02:27.963+0000] {dagbag.py:588} INFO - Filling up the DagBag from /home/airflow/.local/lib/python3.12/site-packages/airflow/example_dags/example_task_group.py
[2025-04-17T06:02:27.988+0000] {processor.py:925} INFO - DAG(s) 'example_task_group' retrieved from /home/airflow/.local/lib/python3.12/site-packages/airflow/example_dags/example_task_group.py
[2025-04-17T06:02:28.031+0000] {logging_mixin.py:190} INFO - [2025-04-17T06:02:28.031+0000] {dag.py:3239} INFO - Sync 1 DAGs
[2025-04-17T06:02:28.056+0000] {logging_mixin.py:190} INFO - [2025-04-17T06:02:28.056+0000] {dag.py:4180} INFO - Setting next_dagrun for example_task_group to None, run_after=None
[2025-04-17T06:02:28.089+0000] {processor.py:208} INFO - Processing /home/airflow/.local/lib/python3.12/site-packages/airflow/example_dags/example_task_group.py took 0.136 seconds
[2025-04-17T06:02:58.412+0000] {processor.py:186} INFO - Started process (PID=853) to work on /home/airflow/.local/lib/python3.12/site-packages/airflow/example_dags/example_task_group.py
[2025-04-17T06:02:58.415+0000] {processor.py:914} INFO - Processing file /home/airflow/.local/lib/python3.12/site-packages/airflow/example_dags/example_task_group.py for tasks to queue
[2025-04-17T06:02:58.422+0000] {logging_mixin.py:190} INFO - [2025-04-17T06:02:58.421+0000] {dagbag.py:588} INFO - Filling up the DagBag from /home/airflow/.local/lib/python3.12/site-packages/airflow/example_dags/example_task_group.py
[2025-04-17T06:02:58.434+0000] {processor.py:925} INFO - DAG(s) 'example_task_group' retrieved from /home/airflow/.local/lib/python3.12/site-packages/airflow/example_dags/example_task_group.py
[2025-04-17T06:02:58.457+0000] {logging_mixin.py:190} INFO - [2025-04-17T06:02:58.457+0000] {dag.py:3239} INFO - Sync 1 DAGs
[2025-04-17T06:02:58.470+0000] {logging_mixin.py:190} INFO - [2025-04-17T06:02:58.470+0000] {dag.py:4180} INFO - Setting next_dagrun for example_task_group to None, run_after=None
[2025-04-17T06:02:58.489+0000] {processor.py:208} INFO - Processing /home/airflow/.local/lib/python3.12/site-packages/airflow/example_dags/example_task_group.py took 0.088 seconds
[2025-04-17T06:03:29.203+0000] {processor.py:186} INFO - Started process (PID=916) to work on /home/airflow/.local/lib/python3.12/site-packages/airflow/example_dags/example_task_group.py
[2025-04-17T06:03:29.204+0000] {processor.py:914} INFO - Processing file /home/airflow/.local/lib/python3.12/site-packages/airflow/example_dags/example_task_group.py for tasks to queue
[2025-04-17T06:03:29.208+0000] {logging_mixin.py:190} INFO - [2025-04-17T06:03:29.208+0000] {dagbag.py:588} INFO - Filling up the DagBag from /home/airflow/.local/lib/python3.12/site-packages/airflow/example_dags/example_task_group.py
[2025-04-17T06:03:29.216+0000] {processor.py:925} INFO - DAG(s) 'example_task_group' retrieved from /home/airflow/.local/lib/python3.12/site-packages/airflow/example_dags/example_task_group.py
[2025-04-17T06:03:29.234+0000] {logging_mixin.py:190} INFO - [2025-04-17T06:03:29.234+0000] {dag.py:3239} INFO - Sync 1 DAGs
[2025-04-17T06:03:29.245+0000] {logging_mixin.py:190} INFO - [2025-04-17T06:03:29.245+0000] {dag.py:4180} INFO - Setting next_dagrun for example_task_group to None, run_after=None
[2025-04-17T06:03:29.265+0000] {processor.py:208} INFO - Processing /home/airflow/.local/lib/python3.12/site-packages/airflow/example_dags/example_task_group.py took 0.074 seconds
[2025-04-17T06:10:50.054+0000] {processor.py:186} INFO - Started process (PID=99) to work on /home/airflow/.local/lib/python3.12/site-packages/airflow/example_dags/example_task_group.py
[2025-04-17T06:10:50.096+0000] {processor.py:914} INFO - Processing file /home/airflow/.local/lib/python3.12/site-packages/airflow/example_dags/example_task_group.py for tasks to queue
[2025-04-17T06:10:50.104+0000] {logging_mixin.py:190} INFO - [2025-04-17T06:10:50.103+0000] {dagbag.py:588} INFO - Filling up the DagBag from /home/airflow/.local/lib/python3.12/site-packages/airflow/example_dags/example_task_group.py
[2025-04-17T06:10:50.172+0000] {processor.py:925} INFO - DAG(s) 'example_task_group' retrieved from /home/airflow/.local/lib/python3.12/site-packages/airflow/example_dags/example_task_group.py
[2025-04-17T06:10:50.246+0000] {logging_mixin.py:190} INFO - [2025-04-17T06:10:50.245+0000] {dag.py:3239} INFO - Sync 1 DAGs
[2025-04-17T06:10:50.301+0000] {logging_mixin.py:190} INFO - [2025-04-17T06:10:50.300+0000] {dag.py:4180} INFO - Setting next_dagrun for example_task_group to None, run_after=None
[2025-04-17T06:10:50.476+0000] {processor.py:208} INFO - Processing /home/airflow/.local/lib/python3.12/site-packages/airflow/example_dags/example_task_group.py took 0.442 seconds
[2025-04-17T06:11:20.607+0000] {processor.py:186} INFO - Started process (PID=162) to work on /home/airflow/.local/lib/python3.12/site-packages/airflow/example_dags/example_task_group.py
[2025-04-17T06:11:20.609+0000] {processor.py:914} INFO - Processing file /home/airflow/.local/lib/python3.12/site-packages/airflow/example_dags/example_task_group.py for tasks to queue
[2025-04-17T06:11:20.616+0000] {logging_mixin.py:190} INFO - [2025-04-17T06:11:20.615+0000] {dagbag.py:588} INFO - Filling up the DagBag from /home/airflow/.local/lib/python3.12/site-packages/airflow/example_dags/example_task_group.py
[2025-04-17T06:11:20.639+0000] {processor.py:925} INFO - DAG(s) 'example_task_group' retrieved from /home/airflow/.local/lib/python3.12/site-packages/airflow/example_dags/example_task_group.py
[2025-04-17T06:11:20.687+0000] {logging_mixin.py:190} INFO - [2025-04-17T06:11:20.686+0000] {dag.py:3239} INFO - Sync 1 DAGs
[2025-04-17T06:11:20.715+0000] {logging_mixin.py:190} INFO - [2025-04-17T06:11:20.714+0000] {dag.py:4180} INFO - Setting next_dagrun for example_task_group to None, run_after=None
[2025-04-17T06:11:20.765+0000] {processor.py:208} INFO - Processing /home/airflow/.local/lib/python3.12/site-packages/airflow/example_dags/example_task_group.py took 0.168 seconds
[2025-04-17T06:11:51.145+0000] {processor.py:186} INFO - Started process (PID=224) to work on /home/airflow/.local/lib/python3.12/site-packages/airflow/example_dags/example_task_group.py
[2025-04-17T06:11:51.147+0000] {processor.py:914} INFO - Processing file /home/airflow/.local/lib/python3.12/site-packages/airflow/example_dags/example_task_group.py for tasks to queue
[2025-04-17T06:11:51.150+0000] {logging_mixin.py:190} INFO - [2025-04-17T06:11:51.150+0000] {dagbag.py:588} INFO - Filling up the DagBag from /home/airflow/.local/lib/python3.12/site-packages/airflow/example_dags/example_task_group.py
[2025-04-17T06:11:51.160+0000] {processor.py:925} INFO - DAG(s) 'example_task_group' retrieved from /home/airflow/.local/lib/python3.12/site-packages/airflow/example_dags/example_task_group.py
[2025-04-17T06:11:51.207+0000] {logging_mixin.py:190} INFO - [2025-04-17T06:11:51.207+0000] {dag.py:3239} INFO - Sync 1 DAGs
[2025-04-17T06:11:51.229+0000] {logging_mixin.py:190} INFO - [2025-04-17T06:11:51.229+0000] {dag.py:4180} INFO - Setting next_dagrun for example_task_group to None, run_after=None
[2025-04-17T06:11:51.261+0000] {processor.py:208} INFO - Processing /home/airflow/.local/lib/python3.12/site-packages/airflow/example_dags/example_task_group.py took 0.121 seconds
[2025-04-17T06:12:21.681+0000] {processor.py:186} INFO - Started process (PID=287) to work on /home/airflow/.local/lib/python3.12/site-packages/airflow/example_dags/example_task_group.py
[2025-04-17T06:12:21.683+0000] {processor.py:914} INFO - Processing file /home/airflow/.local/lib/python3.12/site-packages/airflow/example_dags/example_task_group.py for tasks to queue
[2025-04-17T06:12:21.687+0000] {logging_mixin.py:190} INFO - [2025-04-17T06:12:21.686+0000] {dagbag.py:588} INFO - Filling up the DagBag from /home/airflow/.local/lib/python3.12/site-packages/airflow/example_dags/example_task_group.py
[2025-04-17T06:12:21.702+0000] {processor.py:925} INFO - DAG(s) 'example_task_group' retrieved from /home/airflow/.local/lib/python3.12/site-packages/airflow/example_dags/example_task_group.py
[2025-04-17T06:12:21.743+0000] {logging_mixin.py:190} INFO - [2025-04-17T06:12:21.742+0000] {dag.py:3239} INFO - Sync 1 DAGs
[2025-04-17T06:12:21.773+0000] {logging_mixin.py:190} INFO - [2025-04-17T06:12:21.772+0000] {dag.py:4180} INFO - Setting next_dagrun for example_task_group to None, run_after=None
[2025-04-17T06:12:21.814+0000] {processor.py:208} INFO - Processing /home/airflow/.local/lib/python3.12/site-packages/airflow/example_dags/example_task_group.py took 0.140 seconds
[2025-04-17T06:12:52.052+0000] {processor.py:186} INFO - Started process (PID=350) to work on /home/airflow/.local/lib/python3.12/site-packages/airflow/example_dags/example_task_group.py
[2025-04-17T06:12:52.058+0000] {processor.py:914} INFO - Processing file /home/airflow/.local/lib/python3.12/site-packages/airflow/example_dags/example_task_group.py for tasks to queue
[2025-04-17T06:12:52.063+0000] {logging_mixin.py:190} INFO - [2025-04-17T06:12:52.062+0000] {dagbag.py:588} INFO - Filling up the DagBag from /home/airflow/.local/lib/python3.12/site-packages/airflow/example_dags/example_task_group.py
[2025-04-17T06:12:52.084+0000] {processor.py:925} INFO - DAG(s) 'example_task_group' retrieved from /home/airflow/.local/lib/python3.12/site-packages/airflow/example_dags/example_task_group.py
[2025-04-17T06:12:52.140+0000] {logging_mixin.py:190} INFO - [2025-04-17T06:12:52.140+0000] {dag.py:3239} INFO - Sync 1 DAGs
[2025-04-17T06:12:52.169+0000] {logging_mixin.py:190} INFO - [2025-04-17T06:12:52.168+0000] {dag.py:4180} INFO - Setting next_dagrun for example_task_group to None, run_after=None
[2025-04-17T06:12:52.221+0000] {processor.py:208} INFO - Processing /home/airflow/.local/lib/python3.12/site-packages/airflow/example_dags/example_task_group.py took 0.181 seconds
[2025-04-17T06:13:23.114+0000] {processor.py:186} INFO - Started process (PID=413) to work on /home/airflow/.local/lib/python3.12/site-packages/airflow/example_dags/example_task_group.py
[2025-04-17T06:13:23.119+0000] {processor.py:914} INFO - Processing file /home/airflow/.local/lib/python3.12/site-packages/airflow/example_dags/example_task_group.py for tasks to queue
[2025-04-17T06:13:23.129+0000] {logging_mixin.py:190} INFO - [2025-04-17T06:13:23.129+0000] {dagbag.py:588} INFO - Filling up the DagBag from /home/airflow/.local/lib/python3.12/site-packages/airflow/example_dags/example_task_group.py
[2025-04-17T06:13:23.150+0000] {processor.py:925} INFO - DAG(s) 'example_task_group' retrieved from /home/airflow/.local/lib/python3.12/site-packages/airflow/example_dags/example_task_group.py
[2025-04-17T06:13:23.214+0000] {logging_mixin.py:190} INFO - [2025-04-17T06:13:23.214+0000] {dag.py:3239} INFO - Sync 1 DAGs
[2025-04-17T06:13:23.285+0000] {logging_mixin.py:190} INFO - [2025-04-17T06:13:23.284+0000] {dag.py:4180} INFO - Setting next_dagrun for example_task_group to None, run_after=None
[2025-04-17T06:13:23.404+0000] {processor.py:208} INFO - Processing /home/airflow/.local/lib/python3.12/site-packages/airflow/example_dags/example_task_group.py took 0.315 seconds
[2025-04-17T06:14:05.376+0000] {processor.py:186} INFO - Started process (PID=469) to work on /home/airflow/.local/lib/python3.12/site-packages/airflow/example_dags/example_task_group.py
[2025-04-17T06:14:05.384+0000] {processor.py:914} INFO - Processing file /home/airflow/.local/lib/python3.12/site-packages/airflow/example_dags/example_task_group.py for tasks to queue
[2025-04-17T06:14:05.403+0000] {logging_mixin.py:190} INFO - [2025-04-17T06:14:05.401+0000] {dagbag.py:588} INFO - Filling up the DagBag from /home/airflow/.local/lib/python3.12/site-packages/airflow/example_dags/example_task_group.py
[2025-04-17T06:14:05.468+0000] {processor.py:925} INFO - DAG(s) 'example_task_group' retrieved from /home/airflow/.local/lib/python3.12/site-packages/airflow/example_dags/example_task_group.py
[2025-04-17T06:14:05.587+0000] {logging_mixin.py:190} INFO - [2025-04-17T06:14:05.586+0000] {dag.py:3239} INFO - Sync 1 DAGs
[2025-04-17T06:14:05.667+0000] {logging_mixin.py:190} INFO - [2025-04-17T06:14:05.666+0000] {dag.py:4180} INFO - Setting next_dagrun for example_task_group to None, run_after=None
[2025-04-17T06:14:05.802+0000] {processor.py:208} INFO - Processing /home/airflow/.local/lib/python3.12/site-packages/airflow/example_dags/example_task_group.py took 0.468 seconds
[2025-04-17T06:14:36.713+0000] {processor.py:186} INFO - Started process (PID=533) to work on /home/airflow/.local/lib/python3.12/site-packages/airflow/example_dags/example_task_group.py
[2025-04-17T06:14:36.717+0000] {processor.py:914} INFO - Processing file /home/airflow/.local/lib/python3.12/site-packages/airflow/example_dags/example_task_group.py for tasks to queue
[2025-04-17T06:14:36.747+0000] {logging_mixin.py:190} INFO - [2025-04-17T06:14:36.746+0000] {dagbag.py:588} INFO - Filling up the DagBag from /home/airflow/.local/lib/python3.12/site-packages/airflow/example_dags/example_task_group.py
[2025-04-17T06:14:36.857+0000] {processor.py:925} INFO - DAG(s) 'example_task_group' retrieved from /home/airflow/.local/lib/python3.12/site-packages/airflow/example_dags/example_task_group.py
[2025-04-17T06:14:36.994+0000] {logging_mixin.py:190} INFO - [2025-04-17T06:14:36.994+0000] {dag.py:3239} INFO - Sync 1 DAGs
[2025-04-17T06:14:37.151+0000] {logging_mixin.py:190} INFO - [2025-04-17T06:14:37.151+0000] {dag.py:4180} INFO - Setting next_dagrun for example_task_group to None, run_after=None
[2025-04-17T06:14:37.340+0000] {processor.py:208} INFO - Processing /home/airflow/.local/lib/python3.12/site-packages/airflow/example_dags/example_task_group.py took 0.683 seconds
[2025-04-17T06:15:10.316+0000] {processor.py:186} INFO - Started process (PID=596) to work on /home/airflow/.local/lib/python3.12/site-packages/airflow/example_dags/example_task_group.py
[2025-04-17T06:15:10.328+0000] {processor.py:914} INFO - Processing file /home/airflow/.local/lib/python3.12/site-packages/airflow/example_dags/example_task_group.py for tasks to queue
[2025-04-17T06:15:10.348+0000] {logging_mixin.py:190} INFO - [2025-04-17T06:15:10.346+0000] {dagbag.py:588} INFO - Filling up the DagBag from /home/airflow/.local/lib/python3.12/site-packages/airflow/example_dags/example_task_group.py
[2025-04-17T06:15:10.428+0000] {processor.py:925} INFO - DAG(s) 'example_task_group' retrieved from /home/airflow/.local/lib/python3.12/site-packages/airflow/example_dags/example_task_group.py
[2025-04-17T06:15:10.602+0000] {logging_mixin.py:190} INFO - [2025-04-17T06:15:10.601+0000] {dag.py:3239} INFO - Sync 1 DAGs
[2025-04-17T06:15:10.745+0000] {logging_mixin.py:190} INFO - [2025-04-17T06:15:10.744+0000] {dag.py:4180} INFO - Setting next_dagrun for example_task_group to None, run_after=None
[2025-04-17T06:15:10.904+0000] {processor.py:208} INFO - Processing /home/airflow/.local/lib/python3.12/site-packages/airflow/example_dags/example_task_group.py took 0.639 seconds
[2025-04-17T06:15:41.901+0000] {processor.py:186} INFO - Started process (PID=659) to work on /home/airflow/.local/lib/python3.12/site-packages/airflow/example_dags/example_task_group.py
[2025-04-17T06:15:41.903+0000] {processor.py:914} INFO - Processing file /home/airflow/.local/lib/python3.12/site-packages/airflow/example_dags/example_task_group.py for tasks to queue
[2025-04-17T06:15:41.914+0000] {logging_mixin.py:190} INFO - [2025-04-17T06:15:41.913+0000] {dagbag.py:588} INFO - Filling up the DagBag from /home/airflow/.local/lib/python3.12/site-packages/airflow/example_dags/example_task_group.py
[2025-04-17T06:15:41.937+0000] {processor.py:925} INFO - DAG(s) 'example_task_group' retrieved from /home/airflow/.local/lib/python3.12/site-packages/airflow/example_dags/example_task_group.py
[2025-04-17T06:15:41.995+0000] {logging_mixin.py:190} INFO - [2025-04-17T06:15:41.994+0000] {dag.py:3239} INFO - Sync 1 DAGs
[2025-04-17T06:15:42.020+0000] {logging_mixin.py:190} INFO - [2025-04-17T06:15:42.020+0000] {dag.py:4180} INFO - Setting next_dagrun for example_task_group to None, run_after=None
[2025-04-17T06:15:42.048+0000] {processor.py:208} INFO - Processing /home/airflow/.local/lib/python3.12/site-packages/airflow/example_dags/example_task_group.py took 0.164 seconds
[2025-04-17T06:16:12.439+0000] {processor.py:186} INFO - Started process (PID=722) to work on /home/airflow/.local/lib/python3.12/site-packages/airflow/example_dags/example_task_group.py
[2025-04-17T06:16:12.442+0000] {processor.py:914} INFO - Processing file /home/airflow/.local/lib/python3.12/site-packages/airflow/example_dags/example_task_group.py for tasks to queue
[2025-04-17T06:16:12.456+0000] {logging_mixin.py:190} INFO - [2025-04-17T06:16:12.455+0000] {dagbag.py:588} INFO - Filling up the DagBag from /home/airflow/.local/lib/python3.12/site-packages/airflow/example_dags/example_task_group.py
[2025-04-17T06:16:12.490+0000] {processor.py:925} INFO - DAG(s) 'example_task_group' retrieved from /home/airflow/.local/lib/python3.12/site-packages/airflow/example_dags/example_task_group.py
[2025-04-17T06:16:12.536+0000] {logging_mixin.py:190} INFO - [2025-04-17T06:16:12.536+0000] {dag.py:3239} INFO - Sync 1 DAGs
[2025-04-17T06:16:12.556+0000] {logging_mixin.py:190} INFO - [2025-04-17T06:16:12.555+0000] {dag.py:4180} INFO - Setting next_dagrun for example_task_group to None, run_after=None
[2025-04-17T06:16:12.590+0000] {processor.py:208} INFO - Processing /home/airflow/.local/lib/python3.12/site-packages/airflow/example_dags/example_task_group.py took 0.173 seconds
[2025-04-17T06:16:42.756+0000] {processor.py:186} INFO - Started process (PID=785) to work on /home/airflow/.local/lib/python3.12/site-packages/airflow/example_dags/example_task_group.py
[2025-04-17T06:16:42.758+0000] {processor.py:914} INFO - Processing file /home/airflow/.local/lib/python3.12/site-packages/airflow/example_dags/example_task_group.py for tasks to queue
[2025-04-17T06:16:42.765+0000] {logging_mixin.py:190} INFO - [2025-04-17T06:16:42.764+0000] {dagbag.py:588} INFO - Filling up the DagBag from /home/airflow/.local/lib/python3.12/site-packages/airflow/example_dags/example_task_group.py
[2025-04-17T06:16:42.798+0000] {processor.py:925} INFO - DAG(s) 'example_task_group' retrieved from /home/airflow/.local/lib/python3.12/site-packages/airflow/example_dags/example_task_group.py
[2025-04-17T06:16:42.846+0000] {logging_mixin.py:190} INFO - [2025-04-17T06:16:42.846+0000] {dag.py:3239} INFO - Sync 1 DAGs
[2025-04-17T06:16:42.860+0000] {logging_mixin.py:190} INFO - [2025-04-17T06:16:42.860+0000] {dag.py:4180} INFO - Setting next_dagrun for example_task_group to None, run_after=None
[2025-04-17T06:16:42.877+0000] {processor.py:208} INFO - Processing /home/airflow/.local/lib/python3.12/site-packages/airflow/example_dags/example_task_group.py took 0.134 seconds
[2025-04-17T06:17:13.234+0000] {processor.py:186} INFO - Started process (PID=848) to work on /home/airflow/.local/lib/python3.12/site-packages/airflow/example_dags/example_task_group.py
[2025-04-17T06:17:13.243+0000] {processor.py:914} INFO - Processing file /home/airflow/.local/lib/python3.12/site-packages/airflow/example_dags/example_task_group.py for tasks to queue
[2025-04-17T06:17:13.274+0000] {logging_mixin.py:190} INFO - [2025-04-17T06:17:13.273+0000] {dagbag.py:588} INFO - Filling up the DagBag from /home/airflow/.local/lib/python3.12/site-packages/airflow/example_dags/example_task_group.py
[2025-04-17T06:17:13.303+0000] {processor.py:925} INFO - DAG(s) 'example_task_group' retrieved from /home/airflow/.local/lib/python3.12/site-packages/airflow/example_dags/example_task_group.py
[2025-04-17T06:17:13.380+0000] {logging_mixin.py:190} INFO - [2025-04-17T06:17:13.379+0000] {dag.py:3239} INFO - Sync 1 DAGs
[2025-04-17T06:17:13.409+0000] {logging_mixin.py:190} INFO - [2025-04-17T06:17:13.408+0000] {dag.py:4180} INFO - Setting next_dagrun for example_task_group to None, run_after=None
[2025-04-17T06:17:13.461+0000] {processor.py:208} INFO - Processing /home/airflow/.local/lib/python3.12/site-packages/airflow/example_dags/example_task_group.py took 0.267 seconds
