[2025-04-17T05:57:00.489+0000] {processor.py:186} INFO - Started process (PID=119) to work on /home/airflow/.local/lib/python3.12/site-packages/airflow/example_dags/example_latest_only_with_trigger.py
[2025-04-17T05:57:00.491+0000] {processor.py:914} INFO - Processing file /home/airflow/.local/lib/python3.12/site-packages/airflow/example_dags/example_latest_only_with_trigger.py for tasks to queue
[2025-04-17T05:57:00.495+0000] {logging_mixin.py:190} INFO - [2025-04-17T05:57:00.495+0000] {dagbag.py:588} INFO - Filling up the DagBag from /home/airflow/.local/lib/python3.12/site-packages/airflow/example_dags/example_latest_only_with_trigger.py
[2025-04-17T05:57:00.506+0000] {processor.py:925} INFO - DAG(s) 'latest_only_with_trigger' retrieved from /home/airflow/.local/lib/python3.12/site-packages/airflow/example_dags/example_latest_only_with_trigger.py
[2025-04-17T05:57:00.682+0000] {logging_mixin.py:190} INFO - [2025-04-17T05:57:00.681+0000] {override.py:1912} INFO - Created Permission View: can delete on DAG:latest_only_with_trigger
[2025-04-17T05:57:00.703+0000] {logging_mixin.py:190} INFO - [2025-04-17T05:57:00.703+0000] {override.py:1912} INFO - Created Permission View: can edit on DAG:latest_only_with_trigger
[2025-04-17T05:57:00.718+0000] {logging_mixin.py:190} INFO - [2025-04-17T05:57:00.717+0000] {override.py:1912} INFO - Created Permission View: can read on DAG:latest_only_with_trigger
[2025-04-17T05:57:00.736+0000] {logging_mixin.py:190} INFO - [2025-04-17T05:57:00.735+0000] {override.py:1912} INFO - Created Permission View: can delete on DAG Run:latest_only_with_trigger
[2025-04-17T05:57:00.749+0000] {logging_mixin.py:190} INFO - [2025-04-17T05:57:00.748+0000] {override.py:1912} INFO - Created Permission View: can read on DAG Run:latest_only_with_trigger
[2025-04-17T05:57:00.762+0000] {logging_mixin.py:190} INFO - [2025-04-17T05:57:00.762+0000] {override.py:1912} INFO - Created Permission View: can create on DAG Run:latest_only_with_trigger
[2025-04-17T05:57:00.775+0000] {logging_mixin.py:190} INFO - [2025-04-17T05:57:00.774+0000] {override.py:1912} INFO - Created Permission View: menu access on DAG Run:latest_only_with_trigger
[2025-04-17T05:57:00.776+0000] {logging_mixin.py:190} INFO - [2025-04-17T05:57:00.776+0000] {dag.py:3239} INFO - Sync 1 DAGs
[2025-04-17T05:57:00.797+0000] {logging_mixin.py:190} INFO - [2025-04-17T05:57:00.797+0000] {dag.py:3262} INFO - Creating ORM DAG for latest_only_with_trigger
[2025-04-17T05:57:00.818+0000] {logging_mixin.py:190} INFO - [2025-04-17T05:57:00.818+0000] {dag.py:4180} INFO - Setting next_dagrun for latest_only_with_trigger to 2025-04-17 00:00:00+00:00, run_after=2025-04-17 04:00:00+00:00
[2025-04-17T05:57:00.851+0000] {processor.py:208} INFO - Processing /home/airflow/.local/lib/python3.12/site-packages/airflow/example_dags/example_latest_only_with_trigger.py took 0.369 seconds
[2025-04-17T05:57:31.472+0000] {processor.py:186} INFO - Started process (PID=182) to work on /home/airflow/.local/lib/python3.12/site-packages/airflow/example_dags/example_latest_only_with_trigger.py
[2025-04-17T05:57:31.474+0000] {processor.py:914} INFO - Processing file /home/airflow/.local/lib/python3.12/site-packages/airflow/example_dags/example_latest_only_with_trigger.py for tasks to queue
[2025-04-17T05:57:31.478+0000] {logging_mixin.py:190} INFO - [2025-04-17T05:57:31.477+0000] {dagbag.py:588} INFO - Filling up the DagBag from /home/airflow/.local/lib/python3.12/site-packages/airflow/example_dags/example_latest_only_with_trigger.py
[2025-04-17T05:57:31.487+0000] {processor.py:925} INFO - DAG(s) 'latest_only_with_trigger' retrieved from /home/airflow/.local/lib/python3.12/site-packages/airflow/example_dags/example_latest_only_with_trigger.py
[2025-04-17T05:57:31.517+0000] {logging_mixin.py:190} INFO - [2025-04-17T05:57:31.517+0000] {dag.py:3239} INFO - Sync 1 DAGs
[2025-04-17T05:57:31.544+0000] {logging_mixin.py:190} INFO - [2025-04-17T05:57:31.544+0000] {dag.py:4180} INFO - Setting next_dagrun for latest_only_with_trigger to 2025-04-17 00:00:00+00:00, run_after=2025-04-17 04:00:00+00:00
[2025-04-17T05:57:31.570+0000] {processor.py:208} INFO - Processing /home/airflow/.local/lib/python3.12/site-packages/airflow/example_dags/example_latest_only_with_trigger.py took 0.104 seconds
[2025-04-17T05:58:04.764+0000] {processor.py:186} INFO - Started process (PID=245) to work on /home/airflow/.local/lib/python3.12/site-packages/airflow/example_dags/example_latest_only_with_trigger.py
[2025-04-17T05:58:04.766+0000] {processor.py:914} INFO - Processing file /home/airflow/.local/lib/python3.12/site-packages/airflow/example_dags/example_latest_only_with_trigger.py for tasks to queue
[2025-04-17T05:58:04.771+0000] {logging_mixin.py:190} INFO - [2025-04-17T05:58:04.771+0000] {dagbag.py:588} INFO - Filling up the DagBag from /home/airflow/.local/lib/python3.12/site-packages/airflow/example_dags/example_latest_only_with_trigger.py
[2025-04-17T05:58:04.781+0000] {processor.py:925} INFO - DAG(s) 'latest_only_with_trigger' retrieved from /home/airflow/.local/lib/python3.12/site-packages/airflow/example_dags/example_latest_only_with_trigger.py
[2025-04-17T05:58:04.814+0000] {logging_mixin.py:190} INFO - [2025-04-17T05:58:04.813+0000] {dag.py:3239} INFO - Sync 1 DAGs
[2025-04-17T05:58:04.851+0000] {logging_mixin.py:190} INFO - [2025-04-17T05:58:04.851+0000] {dag.py:4180} INFO - Setting next_dagrun for latest_only_with_trigger to 2025-04-17 00:00:00+00:00, run_after=2025-04-17 04:00:00+00:00
[2025-04-17T05:58:04.884+0000] {processor.py:208} INFO - Processing /home/airflow/.local/lib/python3.12/site-packages/airflow/example_dags/example_latest_only_with_trigger.py took 0.128 seconds
[2025-04-17T05:58:35.908+0000] {processor.py:186} INFO - Started process (PID=308) to work on /home/airflow/.local/lib/python3.12/site-packages/airflow/example_dags/example_latest_only_with_trigger.py
[2025-04-17T05:58:35.911+0000] {processor.py:914} INFO - Processing file /home/airflow/.local/lib/python3.12/site-packages/airflow/example_dags/example_latest_only_with_trigger.py for tasks to queue
[2025-04-17T05:58:35.917+0000] {logging_mixin.py:190} INFO - [2025-04-17T05:58:35.916+0000] {dagbag.py:588} INFO - Filling up the DagBag from /home/airflow/.local/lib/python3.12/site-packages/airflow/example_dags/example_latest_only_with_trigger.py
[2025-04-17T05:58:35.930+0000] {processor.py:925} INFO - DAG(s) 'latest_only_with_trigger' retrieved from /home/airflow/.local/lib/python3.12/site-packages/airflow/example_dags/example_latest_only_with_trigger.py
[2025-04-17T05:58:35.973+0000] {logging_mixin.py:190} INFO - [2025-04-17T05:58:35.972+0000] {dag.py:3239} INFO - Sync 1 DAGs
[2025-04-17T05:58:36.010+0000] {logging_mixin.py:190} INFO - [2025-04-17T05:58:36.009+0000] {dag.py:4180} INFO - Setting next_dagrun for latest_only_with_trigger to 2025-04-17 00:00:00+00:00, run_after=2025-04-17 04:00:00+00:00
[2025-04-17T05:58:36.054+0000] {processor.py:208} INFO - Processing /home/airflow/.local/lib/python3.12/site-packages/airflow/example_dags/example_latest_only_with_trigger.py took 0.159 seconds
[2025-04-17T05:59:06.412+0000] {processor.py:186} INFO - Started process (PID=371) to work on /home/airflow/.local/lib/python3.12/site-packages/airflow/example_dags/example_latest_only_with_trigger.py
[2025-04-17T05:59:06.414+0000] {processor.py:914} INFO - Processing file /home/airflow/.local/lib/python3.12/site-packages/airflow/example_dags/example_latest_only_with_trigger.py for tasks to queue
[2025-04-17T05:59:06.417+0000] {logging_mixin.py:190} INFO - [2025-04-17T05:59:06.416+0000] {dagbag.py:588} INFO - Filling up the DagBag from /home/airflow/.local/lib/python3.12/site-packages/airflow/example_dags/example_latest_only_with_trigger.py
[2025-04-17T05:59:06.430+0000] {processor.py:925} INFO - DAG(s) 'latest_only_with_trigger' retrieved from /home/airflow/.local/lib/python3.12/site-packages/airflow/example_dags/example_latest_only_with_trigger.py
[2025-04-17T05:59:06.479+0000] {logging_mixin.py:190} INFO - [2025-04-17T05:59:06.478+0000] {dag.py:3239} INFO - Sync 1 DAGs
[2025-04-17T05:59:06.526+0000] {logging_mixin.py:190} INFO - [2025-04-17T05:59:06.525+0000] {dag.py:4180} INFO - Setting next_dagrun for latest_only_with_trigger to 2025-04-17 00:00:00+00:00, run_after=2025-04-17 04:00:00+00:00
[2025-04-17T05:59:06.567+0000] {processor.py:208} INFO - Processing /home/airflow/.local/lib/python3.12/site-packages/airflow/example_dags/example_latest_only_with_trigger.py took 0.161 seconds
[2025-04-17T05:59:37.406+0000] {processor.py:186} INFO - Started process (PID=433) to work on /home/airflow/.local/lib/python3.12/site-packages/airflow/example_dags/example_latest_only_with_trigger.py
[2025-04-17T05:59:37.409+0000] {processor.py:914} INFO - Processing file /home/airflow/.local/lib/python3.12/site-packages/airflow/example_dags/example_latest_only_with_trigger.py for tasks to queue
[2025-04-17T05:59:37.414+0000] {logging_mixin.py:190} INFO - [2025-04-17T05:59:37.413+0000] {dagbag.py:588} INFO - Filling up the DagBag from /home/airflow/.local/lib/python3.12/site-packages/airflow/example_dags/example_latest_only_with_trigger.py
[2025-04-17T05:59:37.433+0000] {processor.py:925} INFO - DAG(s) 'latest_only_with_trigger' retrieved from /home/airflow/.local/lib/python3.12/site-packages/airflow/example_dags/example_latest_only_with_trigger.py
[2025-04-17T05:59:37.490+0000] {logging_mixin.py:190} INFO - [2025-04-17T05:59:37.490+0000] {dag.py:3239} INFO - Sync 1 DAGs
[2025-04-17T05:59:37.549+0000] {logging_mixin.py:190} INFO - [2025-04-17T05:59:37.547+0000] {dag.py:4180} INFO - Setting next_dagrun for latest_only_with_trigger to 2025-04-17 00:00:00+00:00, run_after=2025-04-17 04:00:00+00:00
[2025-04-17T05:59:37.593+0000] {processor.py:208} INFO - Processing /home/airflow/.local/lib/python3.12/site-packages/airflow/example_dags/example_latest_only_with_trigger.py took 0.198 seconds
[2025-04-17T06:00:08.748+0000] {processor.py:186} INFO - Started process (PID=496) to work on /home/airflow/.local/lib/python3.12/site-packages/airflow/example_dags/example_latest_only_with_trigger.py
[2025-04-17T06:00:08.749+0000] {processor.py:914} INFO - Processing file /home/airflow/.local/lib/python3.12/site-packages/airflow/example_dags/example_latest_only_with_trigger.py for tasks to queue
[2025-04-17T06:00:08.753+0000] {logging_mixin.py:190} INFO - [2025-04-17T06:00:08.753+0000] {dagbag.py:588} INFO - Filling up the DagBag from /home/airflow/.local/lib/python3.12/site-packages/airflow/example_dags/example_latest_only_with_trigger.py
[2025-04-17T06:00:08.768+0000] {processor.py:925} INFO - DAG(s) 'latest_only_with_trigger' retrieved from /home/airflow/.local/lib/python3.12/site-packages/airflow/example_dags/example_latest_only_with_trigger.py
[2025-04-17T06:00:08.793+0000] {logging_mixin.py:190} INFO - [2025-04-17T06:00:08.793+0000] {dag.py:3239} INFO - Sync 1 DAGs
[2025-04-17T06:00:08.815+0000] {logging_mixin.py:190} INFO - [2025-04-17T06:00:08.815+0000] {dag.py:4180} INFO - Setting next_dagrun for latest_only_with_trigger to 2025-04-17 00:00:00+00:00, run_after=2025-04-17 04:00:00+00:00
[2025-04-17T06:00:08.837+0000] {processor.py:208} INFO - Processing /home/airflow/.local/lib/python3.12/site-packages/airflow/example_dags/example_latest_only_with_trigger.py took 0.097 seconds
[2025-04-17T06:00:40.415+0000] {processor.py:186} INFO - Started process (PID=559) to work on /home/airflow/.local/lib/python3.12/site-packages/airflow/example_dags/example_latest_only_with_trigger.py
[2025-04-17T06:00:40.417+0000] {processor.py:914} INFO - Processing file /home/airflow/.local/lib/python3.12/site-packages/airflow/example_dags/example_latest_only_with_trigger.py for tasks to queue
[2025-04-17T06:00:40.423+0000] {logging_mixin.py:190} INFO - [2025-04-17T06:00:40.422+0000] {dagbag.py:588} INFO - Filling up the DagBag from /home/airflow/.local/lib/python3.12/site-packages/airflow/example_dags/example_latest_only_with_trigger.py
[2025-04-17T06:00:40.437+0000] {processor.py:925} INFO - DAG(s) 'latest_only_with_trigger' retrieved from /home/airflow/.local/lib/python3.12/site-packages/airflow/example_dags/example_latest_only_with_trigger.py
[2025-04-17T06:00:40.500+0000] {logging_mixin.py:190} INFO - [2025-04-17T06:00:40.499+0000] {dag.py:3239} INFO - Sync 1 DAGs
[2025-04-17T06:00:40.572+0000] {logging_mixin.py:190} INFO - [2025-04-17T06:00:40.572+0000] {dag.py:4180} INFO - Setting next_dagrun for latest_only_with_trigger to 2025-04-17 00:00:00+00:00, run_after=2025-04-17 04:00:00+00:00
[2025-04-17T06:00:40.622+0000] {processor.py:208} INFO - Processing /home/airflow/.local/lib/python3.12/site-packages/airflow/example_dags/example_latest_only_with_trigger.py took 0.214 seconds
[2025-04-17T06:01:12.778+0000] {processor.py:186} INFO - Started process (PID=622) to work on /home/airflow/.local/lib/python3.12/site-packages/airflow/example_dags/example_latest_only_with_trigger.py
[2025-04-17T06:01:12.780+0000] {processor.py:914} INFO - Processing file /home/airflow/.local/lib/python3.12/site-packages/airflow/example_dags/example_latest_only_with_trigger.py for tasks to queue
[2025-04-17T06:01:12.786+0000] {logging_mixin.py:190} INFO - [2025-04-17T06:01:12.785+0000] {dagbag.py:588} INFO - Filling up the DagBag from /home/airflow/.local/lib/python3.12/site-packages/airflow/example_dags/example_latest_only_with_trigger.py
[2025-04-17T06:01:12.797+0000] {processor.py:925} INFO - DAG(s) 'latest_only_with_trigger' retrieved from /home/airflow/.local/lib/python3.12/site-packages/airflow/example_dags/example_latest_only_with_trigger.py
[2025-04-17T06:01:12.828+0000] {logging_mixin.py:190} INFO - [2025-04-17T06:01:12.828+0000] {dag.py:3239} INFO - Sync 1 DAGs
[2025-04-17T06:01:12.861+0000] {logging_mixin.py:190} INFO - [2025-04-17T06:01:12.861+0000] {dag.py:4180} INFO - Setting next_dagrun for latest_only_with_trigger to 2025-04-17 00:00:00+00:00, run_after=2025-04-17 04:00:00+00:00
[2025-04-17T06:01:12.888+0000] {processor.py:208} INFO - Processing /home/airflow/.local/lib/python3.12/site-packages/airflow/example_dags/example_latest_only_with_trigger.py took 0.118 seconds
[2025-04-17T06:01:45.561+0000] {processor.py:186} INFO - Started process (PID=691) to work on /home/airflow/.local/lib/python3.12/site-packages/airflow/example_dags/example_latest_only_with_trigger.py
[2025-04-17T06:01:45.562+0000] {processor.py:914} INFO - Processing file /home/airflow/.local/lib/python3.12/site-packages/airflow/example_dags/example_latest_only_with_trigger.py for tasks to queue
[2025-04-17T06:01:45.568+0000] {logging_mixin.py:190} INFO - [2025-04-17T06:01:45.567+0000] {dagbag.py:588} INFO - Filling up the DagBag from /home/airflow/.local/lib/python3.12/site-packages/airflow/example_dags/example_latest_only_with_trigger.py
[2025-04-17T06:01:45.591+0000] {processor.py:925} INFO - DAG(s) 'latest_only_with_trigger' retrieved from /home/airflow/.local/lib/python3.12/site-packages/airflow/example_dags/example_latest_only_with_trigger.py
[2025-04-17T06:01:45.625+0000] {logging_mixin.py:190} INFO - [2025-04-17T06:01:45.624+0000] {dag.py:3239} INFO - Sync 1 DAGs
[2025-04-17T06:01:45.647+0000] {logging_mixin.py:190} INFO - [2025-04-17T06:01:45.647+0000] {dag.py:4180} INFO - Setting next_dagrun for latest_only_with_trigger to 2025-04-17 00:00:00+00:00, run_after=2025-04-17 04:00:00+00:00
[2025-04-17T06:01:45.686+0000] {processor.py:208} INFO - Processing /home/airflow/.local/lib/python3.12/site-packages/airflow/example_dags/example_latest_only_with_trigger.py took 0.136 seconds
[2025-04-17T06:02:16.324+0000] {processor.py:186} INFO - Started process (PID=754) to work on /home/airflow/.local/lib/python3.12/site-packages/airflow/example_dags/example_latest_only_with_trigger.py
[2025-04-17T06:02:16.326+0000] {processor.py:914} INFO - Processing file /home/airflow/.local/lib/python3.12/site-packages/airflow/example_dags/example_latest_only_with_trigger.py for tasks to queue
[2025-04-17T06:02:16.328+0000] {logging_mixin.py:190} INFO - [2025-04-17T06:02:16.328+0000] {dagbag.py:588} INFO - Filling up the DagBag from /home/airflow/.local/lib/python3.12/site-packages/airflow/example_dags/example_latest_only_with_trigger.py
[2025-04-17T06:02:16.339+0000] {processor.py:925} INFO - DAG(s) 'latest_only_with_trigger' retrieved from /home/airflow/.local/lib/python3.12/site-packages/airflow/example_dags/example_latest_only_with_trigger.py
[2025-04-17T06:02:16.367+0000] {logging_mixin.py:190} INFO - [2025-04-17T06:02:16.367+0000] {dag.py:3239} INFO - Sync 1 DAGs
[2025-04-17T06:02:16.397+0000] {logging_mixin.py:190} INFO - [2025-04-17T06:02:16.397+0000] {dag.py:4180} INFO - Setting next_dagrun for latest_only_with_trigger to 2025-04-17 00:00:00+00:00, run_after=2025-04-17 04:00:00+00:00
[2025-04-17T06:02:16.439+0000] {processor.py:208} INFO - Processing /home/airflow/.local/lib/python3.12/site-packages/airflow/example_dags/example_latest_only_with_trigger.py took 0.121 seconds
[2025-04-17T06:02:47.265+0000] {processor.py:186} INFO - Started process (PID=817) to work on /home/airflow/.local/lib/python3.12/site-packages/airflow/example_dags/example_latest_only_with_trigger.py
[2025-04-17T06:02:47.267+0000] {processor.py:914} INFO - Processing file /home/airflow/.local/lib/python3.12/site-packages/airflow/example_dags/example_latest_only_with_trigger.py for tasks to queue
[2025-04-17T06:02:47.271+0000] {logging_mixin.py:190} INFO - [2025-04-17T06:02:47.271+0000] {dagbag.py:588} INFO - Filling up the DagBag from /home/airflow/.local/lib/python3.12/site-packages/airflow/example_dags/example_latest_only_with_trigger.py
[2025-04-17T06:02:47.282+0000] {processor.py:925} INFO - DAG(s) 'latest_only_with_trigger' retrieved from /home/airflow/.local/lib/python3.12/site-packages/airflow/example_dags/example_latest_only_with_trigger.py
[2025-04-17T06:02:47.312+0000] {logging_mixin.py:190} INFO - [2025-04-17T06:02:47.312+0000] {dag.py:3239} INFO - Sync 1 DAGs
[2025-04-17T06:02:47.360+0000] {logging_mixin.py:190} INFO - [2025-04-17T06:02:47.359+0000] {dag.py:4180} INFO - Setting next_dagrun for latest_only_with_trigger to 2025-04-17 00:00:00+00:00, run_after=2025-04-17 04:00:00+00:00
[2025-04-17T06:02:47.480+0000] {processor.py:208} INFO - Processing /home/airflow/.local/lib/python3.12/site-packages/airflow/example_dags/example_latest_only_with_trigger.py took 0.226 seconds
[2025-04-17T06:03:18.273+0000] {processor.py:186} INFO - Started process (PID=880) to work on /home/airflow/.local/lib/python3.12/site-packages/airflow/example_dags/example_latest_only_with_trigger.py
[2025-04-17T06:03:18.274+0000] {processor.py:914} INFO - Processing file /home/airflow/.local/lib/python3.12/site-packages/airflow/example_dags/example_latest_only_with_trigger.py for tasks to queue
[2025-04-17T06:03:18.277+0000] {logging_mixin.py:190} INFO - [2025-04-17T06:03:18.277+0000] {dagbag.py:588} INFO - Filling up the DagBag from /home/airflow/.local/lib/python3.12/site-packages/airflow/example_dags/example_latest_only_with_trigger.py
[2025-04-17T06:03:18.286+0000] {processor.py:925} INFO - DAG(s) 'latest_only_with_trigger' retrieved from /home/airflow/.local/lib/python3.12/site-packages/airflow/example_dags/example_latest_only_with_trigger.py
[2025-04-17T06:03:18.311+0000] {logging_mixin.py:190} INFO - [2025-04-17T06:03:18.310+0000] {dag.py:3239} INFO - Sync 1 DAGs
[2025-04-17T06:03:18.338+0000] {logging_mixin.py:190} INFO - [2025-04-17T06:03:18.338+0000] {dag.py:4180} INFO - Setting next_dagrun for latest_only_with_trigger to 2025-04-17 00:00:00+00:00, run_after=2025-04-17 04:00:00+00:00
[2025-04-17T06:03:18.365+0000] {processor.py:208} INFO - Processing /home/airflow/.local/lib/python3.12/site-packages/airflow/example_dags/example_latest_only_with_trigger.py took 0.099 seconds
[2025-04-17T06:11:01.044+0000] {processor.py:186} INFO - Started process (PID=121) to work on /home/airflow/.local/lib/python3.12/site-packages/airflow/example_dags/example_latest_only_with_trigger.py
[2025-04-17T06:11:01.048+0000] {processor.py:914} INFO - Processing file /home/airflow/.local/lib/python3.12/site-packages/airflow/example_dags/example_latest_only_with_trigger.py for tasks to queue
[2025-04-17T06:11:01.054+0000] {logging_mixin.py:190} INFO - [2025-04-17T06:11:01.053+0000] {dagbag.py:588} INFO - Filling up the DagBag from /home/airflow/.local/lib/python3.12/site-packages/airflow/example_dags/example_latest_only_with_trigger.py
[2025-04-17T06:11:01.070+0000] {processor.py:925} INFO - DAG(s) 'latest_only_with_trigger' retrieved from /home/airflow/.local/lib/python3.12/site-packages/airflow/example_dags/example_latest_only_with_trigger.py
[2025-04-17T06:11:01.133+0000] {logging_mixin.py:190} INFO - [2025-04-17T06:11:01.132+0000] {dag.py:3239} INFO - Sync 1 DAGs
[2025-04-17T06:11:01.195+0000] {logging_mixin.py:190} INFO - [2025-04-17T06:11:01.194+0000] {dag.py:4180} INFO - Setting next_dagrun for latest_only_with_trigger to 2025-04-17 00:00:00+00:00, run_after=2025-04-17 04:00:00+00:00
[2025-04-17T06:11:01.242+0000] {processor.py:208} INFO - Processing /home/airflow/.local/lib/python3.12/site-packages/airflow/example_dags/example_latest_only_with_trigger.py took 0.210 seconds
[2025-04-17T06:11:32.027+0000] {processor.py:186} INFO - Started process (PID=184) to work on /home/airflow/.local/lib/python3.12/site-packages/airflow/example_dags/example_latest_only_with_trigger.py
[2025-04-17T06:11:32.030+0000] {processor.py:914} INFO - Processing file /home/airflow/.local/lib/python3.12/site-packages/airflow/example_dags/example_latest_only_with_trigger.py for tasks to queue
[2025-04-17T06:11:32.035+0000] {logging_mixin.py:190} INFO - [2025-04-17T06:11:32.034+0000] {dagbag.py:588} INFO - Filling up the DagBag from /home/airflow/.local/lib/python3.12/site-packages/airflow/example_dags/example_latest_only_with_trigger.py
[2025-04-17T06:11:32.047+0000] {processor.py:925} INFO - DAG(s) 'latest_only_with_trigger' retrieved from /home/airflow/.local/lib/python3.12/site-packages/airflow/example_dags/example_latest_only_with_trigger.py
[2025-04-17T06:11:32.093+0000] {logging_mixin.py:190} INFO - [2025-04-17T06:11:32.093+0000] {dag.py:3239} INFO - Sync 1 DAGs
[2025-04-17T06:11:32.147+0000] {logging_mixin.py:190} INFO - [2025-04-17T06:11:32.147+0000] {dag.py:4180} INFO - Setting next_dagrun for latest_only_with_trigger to 2025-04-17 00:00:00+00:00, run_after=2025-04-17 04:00:00+00:00
[2025-04-17T06:11:32.188+0000] {processor.py:208} INFO - Processing /home/airflow/.local/lib/python3.12/site-packages/airflow/example_dags/example_latest_only_with_trigger.py took 0.169 seconds
[2025-04-17T06:12:05.244+0000] {processor.py:186} INFO - Started process (PID=246) to work on /home/airflow/.local/lib/python3.12/site-packages/airflow/example_dags/example_latest_only_with_trigger.py
[2025-04-17T06:12:05.251+0000] {processor.py:914} INFO - Processing file /home/airflow/.local/lib/python3.12/site-packages/airflow/example_dags/example_latest_only_with_trigger.py for tasks to queue
[2025-04-17T06:12:05.269+0000] {logging_mixin.py:190} INFO - [2025-04-17T06:12:05.268+0000] {dagbag.py:588} INFO - Filling up the DagBag from /home/airflow/.local/lib/python3.12/site-packages/airflow/example_dags/example_latest_only_with_trigger.py
[2025-04-17T06:12:05.329+0000] {processor.py:925} INFO - DAG(s) 'latest_only_with_trigger' retrieved from /home/airflow/.local/lib/python3.12/site-packages/airflow/example_dags/example_latest_only_with_trigger.py
[2025-04-17T06:12:05.442+0000] {logging_mixin.py:190} INFO - [2025-04-17T06:12:05.441+0000] {dag.py:3239} INFO - Sync 1 DAGs
[2025-04-17T06:12:05.561+0000] {logging_mixin.py:190} INFO - [2025-04-17T06:12:05.560+0000] {dag.py:4180} INFO - Setting next_dagrun for latest_only_with_trigger to 2025-04-17 00:00:00+00:00, run_after=2025-04-17 04:00:00+00:00
[2025-04-17T06:12:05.677+0000] {processor.py:208} INFO - Processing /home/airflow/.local/lib/python3.12/site-packages/airflow/example_dags/example_latest_only_with_trigger.py took 0.466 seconds
[2025-04-17T06:12:37.018+0000] {processor.py:186} INFO - Started process (PID=309) to work on /home/airflow/.local/lib/python3.12/site-packages/airflow/example_dags/example_latest_only_with_trigger.py
[2025-04-17T06:12:37.021+0000] {processor.py:914} INFO - Processing file /home/airflow/.local/lib/python3.12/site-packages/airflow/example_dags/example_latest_only_with_trigger.py for tasks to queue
[2025-04-17T06:12:37.028+0000] {logging_mixin.py:190} INFO - [2025-04-17T06:12:37.027+0000] {dagbag.py:588} INFO - Filling up the DagBag from /home/airflow/.local/lib/python3.12/site-packages/airflow/example_dags/example_latest_only_with_trigger.py
[2025-04-17T06:12:37.042+0000] {processor.py:925} INFO - DAG(s) 'latest_only_with_trigger' retrieved from /home/airflow/.local/lib/python3.12/site-packages/airflow/example_dags/example_latest_only_with_trigger.py
[2025-04-17T06:12:37.098+0000] {logging_mixin.py:190} INFO - [2025-04-17T06:12:37.097+0000] {dag.py:3239} INFO - Sync 1 DAGs
[2025-04-17T06:12:37.162+0000] {logging_mixin.py:190} INFO - [2025-04-17T06:12:37.161+0000] {dag.py:4180} INFO - Setting next_dagrun for latest_only_with_trigger to 2025-04-17 00:00:00+00:00, run_after=2025-04-17 04:00:00+00:00
[2025-04-17T06:12:37.215+0000] {processor.py:208} INFO - Processing /home/airflow/.local/lib/python3.12/site-packages/airflow/example_dags/example_latest_only_with_trigger.py took 0.214 seconds
[2025-04-17T06:13:08.862+0000] {processor.py:186} INFO - Started process (PID=371) to work on /home/airflow/.local/lib/python3.12/site-packages/airflow/example_dags/example_latest_only_with_trigger.py
[2025-04-17T06:13:08.864+0000] {processor.py:914} INFO - Processing file /home/airflow/.local/lib/python3.12/site-packages/airflow/example_dags/example_latest_only_with_trigger.py for tasks to queue
[2025-04-17T06:13:08.871+0000] {logging_mixin.py:190} INFO - [2025-04-17T06:13:08.870+0000] {dagbag.py:588} INFO - Filling up the DagBag from /home/airflow/.local/lib/python3.12/site-packages/airflow/example_dags/example_latest_only_with_trigger.py
[2025-04-17T06:13:08.889+0000] {processor.py:925} INFO - DAG(s) 'latest_only_with_trigger' retrieved from /home/airflow/.local/lib/python3.12/site-packages/airflow/example_dags/example_latest_only_with_trigger.py
[2025-04-17T06:13:08.936+0000] {logging_mixin.py:190} INFO - [2025-04-17T06:13:08.936+0000] {dag.py:3239} INFO - Sync 1 DAGs
[2025-04-17T06:13:08.986+0000] {logging_mixin.py:190} INFO - [2025-04-17T06:13:08.986+0000] {dag.py:4180} INFO - Setting next_dagrun for latest_only_with_trigger to 2025-04-17 00:00:00+00:00, run_after=2025-04-17 04:00:00+00:00
[2025-04-17T06:13:09.018+0000] {processor.py:208} INFO - Processing /home/airflow/.local/lib/python3.12/site-packages/airflow/example_dags/example_latest_only_with_trigger.py took 0.170 seconds
[2025-04-17T06:13:48.075+0000] {processor.py:186} INFO - Started process (PID=441) to work on /home/airflow/.local/lib/python3.12/site-packages/airflow/example_dags/example_latest_only_with_trigger.py
[2025-04-17T06:13:48.092+0000] {processor.py:914} INFO - Processing file /home/airflow/.local/lib/python3.12/site-packages/airflow/example_dags/example_latest_only_with_trigger.py for tasks to queue
[2025-04-17T06:13:48.119+0000] {logging_mixin.py:190} INFO - [2025-04-17T06:13:48.118+0000] {dagbag.py:588} INFO - Filling up the DagBag from /home/airflow/.local/lib/python3.12/site-packages/airflow/example_dags/example_latest_only_with_trigger.py
[2025-04-17T06:13:48.202+0000] {processor.py:925} INFO - DAG(s) 'latest_only_with_trigger' retrieved from /home/airflow/.local/lib/python3.12/site-packages/airflow/example_dags/example_latest_only_with_trigger.py
[2025-04-17T06:13:48.374+0000] {logging_mixin.py:190} INFO - [2025-04-17T06:13:48.373+0000] {dag.py:3239} INFO - Sync 1 DAGs
[2025-04-17T06:13:48.498+0000] {logging_mixin.py:190} INFO - [2025-04-17T06:13:48.496+0000] {dag.py:4180} INFO - Setting next_dagrun for latest_only_with_trigger to 2025-04-17 00:00:00+00:00, run_after=2025-04-17 04:00:00+00:00
[2025-04-17T06:13:48.571+0000] {processor.py:208} INFO - Processing /home/airflow/.local/lib/python3.12/site-packages/airflow/example_dags/example_latest_only_with_trigger.py took 0.541 seconds
[2025-04-17T06:14:19.357+0000] {processor.py:186} INFO - Started process (PID=504) to work on /home/airflow/.local/lib/python3.12/site-packages/airflow/example_dags/example_latest_only_with_trigger.py
[2025-04-17T06:14:19.367+0000] {processor.py:914} INFO - Processing file /home/airflow/.local/lib/python3.12/site-packages/airflow/example_dags/example_latest_only_with_trigger.py for tasks to queue
[2025-04-17T06:14:19.375+0000] {logging_mixin.py:190} INFO - [2025-04-17T06:14:19.374+0000] {dagbag.py:588} INFO - Filling up the DagBag from /home/airflow/.local/lib/python3.12/site-packages/airflow/example_dags/example_latest_only_with_trigger.py
[2025-04-17T06:14:19.438+0000] {processor.py:925} INFO - DAG(s) 'latest_only_with_trigger' retrieved from /home/airflow/.local/lib/python3.12/site-packages/airflow/example_dags/example_latest_only_with_trigger.py
[2025-04-17T06:14:19.567+0000] {logging_mixin.py:190} INFO - [2025-04-17T06:14:19.567+0000] {dag.py:3239} INFO - Sync 1 DAGs
[2025-04-17T06:14:19.750+0000] {logging_mixin.py:190} INFO - [2025-04-17T06:14:19.750+0000] {dag.py:4180} INFO - Setting next_dagrun for latest_only_with_trigger to 2025-04-17 00:00:00+00:00, run_after=2025-04-17 04:00:00+00:00
[2025-04-17T06:14:19.875+0000] {processor.py:208} INFO - Processing /home/airflow/.local/lib/python3.12/site-packages/airflow/example_dags/example_latest_only_with_trigger.py took 0.545 seconds
[2025-04-17T06:14:52.599+0000] {processor.py:186} INFO - Started process (PID=567) to work on /home/airflow/.local/lib/python3.12/site-packages/airflow/example_dags/example_latest_only_with_trigger.py
[2025-04-17T06:14:52.602+0000] {processor.py:914} INFO - Processing file /home/airflow/.local/lib/python3.12/site-packages/airflow/example_dags/example_latest_only_with_trigger.py for tasks to queue
[2025-04-17T06:14:52.617+0000] {logging_mixin.py:190} INFO - [2025-04-17T06:14:52.616+0000] {dagbag.py:588} INFO - Filling up the DagBag from /home/airflow/.local/lib/python3.12/site-packages/airflow/example_dags/example_latest_only_with_trigger.py
[2025-04-17T06:14:52.655+0000] {processor.py:925} INFO - DAG(s) 'latest_only_with_trigger' retrieved from /home/airflow/.local/lib/python3.12/site-packages/airflow/example_dags/example_latest_only_with_trigger.py
[2025-04-17T06:14:52.748+0000] {logging_mixin.py:190} INFO - [2025-04-17T06:14:52.741+0000] {dag.py:3239} INFO - Sync 1 DAGs
[2025-04-17T06:14:52.823+0000] {logging_mixin.py:190} INFO - [2025-04-17T06:14:52.823+0000] {dag.py:4180} INFO - Setting next_dagrun for latest_only_with_trigger to 2025-04-17 00:00:00+00:00, run_after=2025-04-17 04:00:00+00:00
[2025-04-17T06:14:52.903+0000] {processor.py:208} INFO - Processing /home/airflow/.local/lib/python3.12/site-packages/airflow/example_dags/example_latest_only_with_trigger.py took 0.326 seconds
[2025-04-17T06:15:25.999+0000] {processor.py:186} INFO - Started process (PID=630) to work on /home/airflow/.local/lib/python3.12/site-packages/airflow/example_dags/example_latest_only_with_trigger.py
[2025-04-17T06:15:26.002+0000] {processor.py:914} INFO - Processing file /home/airflow/.local/lib/python3.12/site-packages/airflow/example_dags/example_latest_only_with_trigger.py for tasks to queue
[2025-04-17T06:15:26.007+0000] {logging_mixin.py:190} INFO - [2025-04-17T06:15:26.006+0000] {dagbag.py:588} INFO - Filling up the DagBag from /home/airflow/.local/lib/python3.12/site-packages/airflow/example_dags/example_latest_only_with_trigger.py
[2025-04-17T06:15:26.032+0000] {processor.py:925} INFO - DAG(s) 'latest_only_with_trigger' retrieved from /home/airflow/.local/lib/python3.12/site-packages/airflow/example_dags/example_latest_only_with_trigger.py
[2025-04-17T06:15:26.095+0000] {logging_mixin.py:190} INFO - [2025-04-17T06:15:26.094+0000] {dag.py:3239} INFO - Sync 1 DAGs
[2025-04-17T06:15:26.181+0000] {logging_mixin.py:190} INFO - [2025-04-17T06:15:26.180+0000] {dag.py:4180} INFO - Setting next_dagrun for latest_only_with_trigger to 2025-04-17 00:00:00+00:00, run_after=2025-04-17 04:00:00+00:00
[2025-04-17T06:15:26.248+0000] {processor.py:208} INFO - Processing /home/airflow/.local/lib/python3.12/site-packages/airflow/example_dags/example_latest_only_with_trigger.py took 0.268 seconds
[2025-04-17T06:15:56.748+0000] {processor.py:186} INFO - Started process (PID=693) to work on /home/airflow/.local/lib/python3.12/site-packages/airflow/example_dags/example_latest_only_with_trigger.py
[2025-04-17T06:15:56.752+0000] {processor.py:914} INFO - Processing file /home/airflow/.local/lib/python3.12/site-packages/airflow/example_dags/example_latest_only_with_trigger.py for tasks to queue
[2025-04-17T06:15:56.759+0000] {logging_mixin.py:190} INFO - [2025-04-17T06:15:56.758+0000] {dagbag.py:588} INFO - Filling up the DagBag from /home/airflow/.local/lib/python3.12/site-packages/airflow/example_dags/example_latest_only_with_trigger.py
[2025-04-17T06:15:56.780+0000] {processor.py:925} INFO - DAG(s) 'latest_only_with_trigger' retrieved from /home/airflow/.local/lib/python3.12/site-packages/airflow/example_dags/example_latest_only_with_trigger.py
[2025-04-17T06:15:56.836+0000] {logging_mixin.py:190} INFO - [2025-04-17T06:15:56.835+0000] {dag.py:3239} INFO - Sync 1 DAGs
[2025-04-17T06:15:56.897+0000] {logging_mixin.py:190} INFO - [2025-04-17T06:15:56.897+0000] {dag.py:4180} INFO - Setting next_dagrun for latest_only_with_trigger to 2025-04-17 00:00:00+00:00, run_after=2025-04-17 04:00:00+00:00
[2025-04-17T06:15:56.945+0000] {processor.py:208} INFO - Processing /home/airflow/.local/lib/python3.12/site-packages/airflow/example_dags/example_latest_only_with_trigger.py took 0.209 seconds
[2025-04-17T06:16:27.938+0000] {processor.py:186} INFO - Started process (PID=756) to work on /home/airflow/.local/lib/python3.12/site-packages/airflow/example_dags/example_latest_only_with_trigger.py
[2025-04-17T06:16:27.940+0000] {processor.py:914} INFO - Processing file /home/airflow/.local/lib/python3.12/site-packages/airflow/example_dags/example_latest_only_with_trigger.py for tasks to queue
[2025-04-17T06:16:27.945+0000] {logging_mixin.py:190} INFO - [2025-04-17T06:16:27.944+0000] {dagbag.py:588} INFO - Filling up the DagBag from /home/airflow/.local/lib/python3.12/site-packages/airflow/example_dags/example_latest_only_with_trigger.py
[2025-04-17T06:16:27.958+0000] {processor.py:925} INFO - DAG(s) 'latest_only_with_trigger' retrieved from /home/airflow/.local/lib/python3.12/site-packages/airflow/example_dags/example_latest_only_with_trigger.py
[2025-04-17T06:16:27.996+0000] {logging_mixin.py:190} INFO - [2025-04-17T06:16:27.995+0000] {dag.py:3239} INFO - Sync 1 DAGs
[2025-04-17T06:16:28.036+0000] {logging_mixin.py:190} INFO - [2025-04-17T06:16:28.036+0000] {dag.py:4180} INFO - Setting next_dagrun for latest_only_with_trigger to 2025-04-17 00:00:00+00:00, run_after=2025-04-17 04:00:00+00:00
[2025-04-17T06:16:28.073+0000] {processor.py:208} INFO - Processing /home/airflow/.local/lib/python3.12/site-packages/airflow/example_dags/example_latest_only_with_trigger.py took 0.146 seconds
[2025-04-17T06:17:01.366+0000] {processor.py:186} INFO - Started process (PID=819) to work on /home/airflow/.local/lib/python3.12/site-packages/airflow/example_dags/example_latest_only_with_trigger.py
[2025-04-17T06:17:01.369+0000] {processor.py:914} INFO - Processing file /home/airflow/.local/lib/python3.12/site-packages/airflow/example_dags/example_latest_only_with_trigger.py for tasks to queue
[2025-04-17T06:17:01.376+0000] {logging_mixin.py:190} INFO - [2025-04-17T06:17:01.375+0000] {dagbag.py:588} INFO - Filling up the DagBag from /home/airflow/.local/lib/python3.12/site-packages/airflow/example_dags/example_latest_only_with_trigger.py
[2025-04-17T06:17:01.399+0000] {processor.py:925} INFO - DAG(s) 'latest_only_with_trigger' retrieved from /home/airflow/.local/lib/python3.12/site-packages/airflow/example_dags/example_latest_only_with_trigger.py
[2025-04-17T06:17:01.471+0000] {logging_mixin.py:190} INFO - [2025-04-17T06:17:01.470+0000] {dag.py:3239} INFO - Sync 1 DAGs
[2025-04-17T06:17:01.536+0000] {logging_mixin.py:190} INFO - [2025-04-17T06:17:01.536+0000] {dag.py:4180} INFO - Setting next_dagrun for latest_only_with_trigger to 2025-04-17 00:00:00+00:00, run_after=2025-04-17 04:00:00+00:00
[2025-04-17T06:17:01.603+0000] {processor.py:208} INFO - Processing /home/airflow/.local/lib/python3.12/site-packages/airflow/example_dags/example_latest_only_with_trigger.py took 0.252 seconds
