[2025-04-17T05:56:59.118+0000] {processor.py:186} INFO - Started process (PID=116) to work on /home/airflow/.local/lib/python3.12/site-packages/airflow/example_dags/example_bash_decorator.py
[2025-04-17T05:56:59.120+0000] {processor.py:914} INFO - Processing file /home/airflow/.local/lib/python3.12/site-packages/airflow/example_dags/example_bash_decorator.py for tasks to queue
[2025-04-17T05:56:59.126+0000] {logging_mixin.py:190} INFO - [2025-04-17T05:56:59.125+0000] {dagbag.py:588} INFO - Filling up the DagBag from /home/airflow/.local/lib/python3.12/site-packages/airflow/example_dags/example_bash_decorator.py
[2025-04-17T05:56:59.152+0000] {processor.py:925} INFO - DAG(s) 'example_bash_decorator' retrieved from /home/airflow/.local/lib/python3.12/site-packages/airflow/example_dags/example_bash_decorator.py
[2025-04-17T05:56:59.312+0000] {logging_mixin.py:190} INFO - [2025-04-17T05:56:59.311+0000] {override.py:1912} INFO - Created Permission View: can delete on DAG:example_bash_decorator
[2025-04-17T05:56:59.332+0000] {logging_mixin.py:190} INFO - [2025-04-17T05:56:59.332+0000] {override.py:1912} INFO - Created Permission View: can edit on DAG:example_bash_decorator
[2025-04-17T05:56:59.344+0000] {logging_mixin.py:190} INFO - [2025-04-17T05:56:59.344+0000] {override.py:1912} INFO - Created Permission View: can read on DAG:example_bash_decorator
[2025-04-17T05:56:59.358+0000] {logging_mixin.py:190} INFO - [2025-04-17T05:56:59.357+0000] {override.py:1912} INFO - Created Permission View: can delete on DAG Run:example_bash_decorator
[2025-04-17T05:56:59.370+0000] {logging_mixin.py:190} INFO - [2025-04-17T05:56:59.370+0000] {override.py:1912} INFO - Created Permission View: can read on DAG Run:example_bash_decorator
[2025-04-17T05:56:59.382+0000] {logging_mixin.py:190} INFO - [2025-04-17T05:56:59.382+0000] {override.py:1912} INFO - Created Permission View: can create on DAG Run:example_bash_decorator
[2025-04-17T05:56:59.394+0000] {logging_mixin.py:190} INFO - [2025-04-17T05:56:59.393+0000] {override.py:1912} INFO - Created Permission View: menu access on DAG Run:example_bash_decorator
[2025-04-17T05:56:59.395+0000] {logging_mixin.py:190} INFO - [2025-04-17T05:56:59.395+0000] {dag.py:3239} INFO - Sync 1 DAGs
[2025-04-17T05:56:59.411+0000] {logging_mixin.py:190} INFO - [2025-04-17T05:56:59.411+0000] {dag.py:3262} INFO - Creating ORM DAG for example_bash_decorator
[2025-04-17T05:56:59.413+0000] {logging_mixin.py:190} INFO - [2025-04-17T05:56:59.413+0000] {dag.py:4180} INFO - Setting next_dagrun for example_bash_decorator to None, run_after=None
[2025-04-17T05:56:59.440+0000] {processor.py:208} INFO - Processing /home/airflow/.local/lib/python3.12/site-packages/airflow/example_dags/example_bash_decorator.py took 0.330 seconds
[2025-04-17T05:57:31.014+0000] {processor.py:186} INFO - Started process (PID=178) to work on /home/airflow/.local/lib/python3.12/site-packages/airflow/example_dags/example_bash_decorator.py
[2025-04-17T05:57:31.018+0000] {processor.py:914} INFO - Processing file /home/airflow/.local/lib/python3.12/site-packages/airflow/example_dags/example_bash_decorator.py for tasks to queue
[2025-04-17T05:57:31.025+0000] {logging_mixin.py:190} INFO - [2025-04-17T05:57:31.025+0000] {dagbag.py:588} INFO - Filling up the DagBag from /home/airflow/.local/lib/python3.12/site-packages/airflow/example_dags/example_bash_decorator.py
[2025-04-17T05:57:31.053+0000] {processor.py:925} INFO - DAG(s) 'example_bash_decorator' retrieved from /home/airflow/.local/lib/python3.12/site-packages/airflow/example_dags/example_bash_decorator.py
[2025-04-17T05:57:31.085+0000] {logging_mixin.py:190} INFO - [2025-04-17T05:57:31.085+0000] {dag.py:3239} INFO - Sync 1 DAGs
[2025-04-17T05:57:31.103+0000] {logging_mixin.py:190} INFO - [2025-04-17T05:57:31.103+0000] {dag.py:4180} INFO - Setting next_dagrun for example_bash_decorator to None, run_after=None
[2025-04-17T05:57:31.128+0000] {processor.py:208} INFO - Processing /home/airflow/.local/lib/python3.12/site-packages/airflow/example_dags/example_bash_decorator.py took 0.132 seconds
[2025-04-17T05:58:04.320+0000] {processor.py:186} INFO - Started process (PID=242) to work on /home/airflow/.local/lib/python3.12/site-packages/airflow/example_dags/example_bash_decorator.py
[2025-04-17T05:58:04.323+0000] {processor.py:914} INFO - Processing file /home/airflow/.local/lib/python3.12/site-packages/airflow/example_dags/example_bash_decorator.py for tasks to queue
[2025-04-17T05:58:04.328+0000] {logging_mixin.py:190} INFO - [2025-04-17T05:58:04.328+0000] {dagbag.py:588} INFO - Filling up the DagBag from /home/airflow/.local/lib/python3.12/site-packages/airflow/example_dags/example_bash_decorator.py
[2025-04-17T05:58:04.352+0000] {processor.py:925} INFO - DAG(s) 'example_bash_decorator' retrieved from /home/airflow/.local/lib/python3.12/site-packages/airflow/example_dags/example_bash_decorator.py
[2025-04-17T05:58:04.396+0000] {logging_mixin.py:190} INFO - [2025-04-17T05:58:04.396+0000] {dag.py:3239} INFO - Sync 1 DAGs
[2025-04-17T05:58:04.422+0000] {logging_mixin.py:190} INFO - [2025-04-17T05:58:04.421+0000] {dag.py:4180} INFO - Setting next_dagrun for example_bash_decorator to None, run_after=None
[2025-04-17T05:58:04.459+0000] {processor.py:208} INFO - Processing /home/airflow/.local/lib/python3.12/site-packages/airflow/example_dags/example_bash_decorator.py took 0.153 seconds
[2025-04-17T05:58:34.637+0000] {processor.py:186} INFO - Started process (PID=304) to work on /home/airflow/.local/lib/python3.12/site-packages/airflow/example_dags/example_bash_decorator.py
[2025-04-17T05:58:34.639+0000] {processor.py:914} INFO - Processing file /home/airflow/.local/lib/python3.12/site-packages/airflow/example_dags/example_bash_decorator.py for tasks to queue
[2025-04-17T05:58:34.642+0000] {logging_mixin.py:190} INFO - [2025-04-17T05:58:34.642+0000] {dagbag.py:588} INFO - Filling up the DagBag from /home/airflow/.local/lib/python3.12/site-packages/airflow/example_dags/example_bash_decorator.py
[2025-04-17T05:58:34.664+0000] {processor.py:925} INFO - DAG(s) 'example_bash_decorator' retrieved from /home/airflow/.local/lib/python3.12/site-packages/airflow/example_dags/example_bash_decorator.py
[2025-04-17T05:58:34.698+0000] {logging_mixin.py:190} INFO - [2025-04-17T05:58:34.698+0000] {dag.py:3239} INFO - Sync 1 DAGs
[2025-04-17T05:58:34.717+0000] {logging_mixin.py:190} INFO - [2025-04-17T05:58:34.717+0000] {dag.py:4180} INFO - Setting next_dagrun for example_bash_decorator to None, run_after=None
[2025-04-17T05:58:34.747+0000] {processor.py:208} INFO - Processing /home/airflow/.local/lib/python3.12/site-packages/airflow/example_dags/example_bash_decorator.py took 0.118 seconds
[2025-04-17T05:59:04.934+0000] {processor.py:186} INFO - Started process (PID=367) to work on /home/airflow/.local/lib/python3.12/site-packages/airflow/example_dags/example_bash_decorator.py
[2025-04-17T05:59:04.936+0000] {processor.py:914} INFO - Processing file /home/airflow/.local/lib/python3.12/site-packages/airflow/example_dags/example_bash_decorator.py for tasks to queue
[2025-04-17T05:59:04.938+0000] {logging_mixin.py:190} INFO - [2025-04-17T05:59:04.938+0000] {dagbag.py:588} INFO - Filling up the DagBag from /home/airflow/.local/lib/python3.12/site-packages/airflow/example_dags/example_bash_decorator.py
[2025-04-17T05:59:04.956+0000] {processor.py:925} INFO - DAG(s) 'example_bash_decorator' retrieved from /home/airflow/.local/lib/python3.12/site-packages/airflow/example_dags/example_bash_decorator.py
[2025-04-17T05:59:04.983+0000] {logging_mixin.py:190} INFO - [2025-04-17T05:59:04.983+0000] {dag.py:3239} INFO - Sync 1 DAGs
[2025-04-17T05:59:05.000+0000] {logging_mixin.py:190} INFO - [2025-04-17T05:59:05.000+0000] {dag.py:4180} INFO - Setting next_dagrun for example_bash_decorator to None, run_after=None
[2025-04-17T05:59:05.036+0000] {processor.py:208} INFO - Processing /home/airflow/.local/lib/python3.12/site-packages/airflow/example_dags/example_bash_decorator.py took 0.108 seconds
[2025-04-17T05:59:37.099+0000] {processor.py:186} INFO - Started process (PID=430) to work on /home/airflow/.local/lib/python3.12/site-packages/airflow/example_dags/example_bash_decorator.py
[2025-04-17T05:59:37.101+0000] {processor.py:914} INFO - Processing file /home/airflow/.local/lib/python3.12/site-packages/airflow/example_dags/example_bash_decorator.py for tasks to queue
[2025-04-17T05:59:37.105+0000] {logging_mixin.py:190} INFO - [2025-04-17T05:59:37.105+0000] {dagbag.py:588} INFO - Filling up the DagBag from /home/airflow/.local/lib/python3.12/site-packages/airflow/example_dags/example_bash_decorator.py
[2025-04-17T05:59:37.122+0000] {processor.py:925} INFO - DAG(s) 'example_bash_decorator' retrieved from /home/airflow/.local/lib/python3.12/site-packages/airflow/example_dags/example_bash_decorator.py
[2025-04-17T05:59:37.172+0000] {logging_mixin.py:190} INFO - [2025-04-17T05:59:37.172+0000] {dag.py:3239} INFO - Sync 1 DAGs
[2025-04-17T05:59:37.197+0000] {logging_mixin.py:190} INFO - [2025-04-17T05:59:37.196+0000] {dag.py:4180} INFO - Setting next_dagrun for example_bash_decorator to None, run_after=None
[2025-04-17T05:59:37.223+0000] {processor.py:208} INFO - Processing /home/airflow/.local/lib/python3.12/site-packages/airflow/example_dags/example_bash_decorator.py took 0.138 seconds
[2025-04-17T06:00:08.319+0000] {processor.py:186} INFO - Started process (PID=493) to work on /home/airflow/.local/lib/python3.12/site-packages/airflow/example_dags/example_bash_decorator.py
[2025-04-17T06:00:08.321+0000] {processor.py:914} INFO - Processing file /home/airflow/.local/lib/python3.12/site-packages/airflow/example_dags/example_bash_decorator.py for tasks to queue
[2025-04-17T06:00:08.326+0000] {logging_mixin.py:190} INFO - [2025-04-17T06:00:08.325+0000] {dagbag.py:588} INFO - Filling up the DagBag from /home/airflow/.local/lib/python3.12/site-packages/airflow/example_dags/example_bash_decorator.py
[2025-04-17T06:00:08.341+0000] {processor.py:925} INFO - DAG(s) 'example_bash_decorator' retrieved from /home/airflow/.local/lib/python3.12/site-packages/airflow/example_dags/example_bash_decorator.py
[2025-04-17T06:00:08.365+0000] {logging_mixin.py:190} INFO - [2025-04-17T06:00:08.365+0000] {dag.py:3239} INFO - Sync 1 DAGs
[2025-04-17T06:00:08.381+0000] {logging_mixin.py:190} INFO - [2025-04-17T06:00:08.380+0000] {dag.py:4180} INFO - Setting next_dagrun for example_bash_decorator to None, run_after=None
[2025-04-17T06:00:08.402+0000] {processor.py:208} INFO - Processing /home/airflow/.local/lib/python3.12/site-packages/airflow/example_dags/example_bash_decorator.py took 0.091 seconds
[2025-04-17T06:00:40.101+0000] {processor.py:186} INFO - Started process (PID=556) to work on /home/airflow/.local/lib/python3.12/site-packages/airflow/example_dags/example_bash_decorator.py
[2025-04-17T06:00:40.105+0000] {processor.py:914} INFO - Processing file /home/airflow/.local/lib/python3.12/site-packages/airflow/example_dags/example_bash_decorator.py for tasks to queue
[2025-04-17T06:00:40.115+0000] {logging_mixin.py:190} INFO - [2025-04-17T06:00:40.114+0000] {dagbag.py:588} INFO - Filling up the DagBag from /home/airflow/.local/lib/python3.12/site-packages/airflow/example_dags/example_bash_decorator.py
[2025-04-17T06:00:40.166+0000] {processor.py:925} INFO - DAG(s) 'example_bash_decorator' retrieved from /home/airflow/.local/lib/python3.12/site-packages/airflow/example_dags/example_bash_decorator.py
[2025-04-17T06:00:40.235+0000] {logging_mixin.py:190} INFO - [2025-04-17T06:00:40.234+0000] {dag.py:3239} INFO - Sync 1 DAGs
[2025-04-17T06:00:40.259+0000] {logging_mixin.py:190} INFO - [2025-04-17T06:00:40.258+0000] {dag.py:4180} INFO - Setting next_dagrun for example_bash_decorator to None, run_after=None
[2025-04-17T06:00:40.294+0000] {processor.py:208} INFO - Processing /home/airflow/.local/lib/python3.12/site-packages/airflow/example_dags/example_bash_decorator.py took 0.221 seconds
[2025-04-17T06:01:12.468+0000] {processor.py:186} INFO - Started process (PID=619) to work on /home/airflow/.local/lib/python3.12/site-packages/airflow/example_dags/example_bash_decorator.py
[2025-04-17T06:01:12.470+0000] {processor.py:914} INFO - Processing file /home/airflow/.local/lib/python3.12/site-packages/airflow/example_dags/example_bash_decorator.py for tasks to queue
[2025-04-17T06:01:12.474+0000] {logging_mixin.py:190} INFO - [2025-04-17T06:01:12.474+0000] {dagbag.py:588} INFO - Filling up the DagBag from /home/airflow/.local/lib/python3.12/site-packages/airflow/example_dags/example_bash_decorator.py
[2025-04-17T06:01:12.500+0000] {processor.py:925} INFO - DAG(s) 'example_bash_decorator' retrieved from /home/airflow/.local/lib/python3.12/site-packages/airflow/example_dags/example_bash_decorator.py
[2025-04-17T06:01:12.545+0000] {logging_mixin.py:190} INFO - [2025-04-17T06:01:12.545+0000] {dag.py:3239} INFO - Sync 1 DAGs
[2025-04-17T06:01:12.576+0000] {logging_mixin.py:190} INFO - [2025-04-17T06:01:12.575+0000] {dag.py:4180} INFO - Setting next_dagrun for example_bash_decorator to None, run_after=None
[2025-04-17T06:01:12.601+0000] {processor.py:208} INFO - Processing /home/airflow/.local/lib/python3.12/site-packages/airflow/example_dags/example_bash_decorator.py took 0.143 seconds
[2025-04-17T06:01:45.089+0000] {processor.py:186} INFO - Started process (PID=688) to work on /home/airflow/.local/lib/python3.12/site-packages/airflow/example_dags/example_bash_decorator.py
[2025-04-17T06:01:45.092+0000] {processor.py:914} INFO - Processing file /home/airflow/.local/lib/python3.12/site-packages/airflow/example_dags/example_bash_decorator.py for tasks to queue
[2025-04-17T06:01:45.095+0000] {logging_mixin.py:190} INFO - [2025-04-17T06:01:45.095+0000] {dagbag.py:588} INFO - Filling up the DagBag from /home/airflow/.local/lib/python3.12/site-packages/airflow/example_dags/example_bash_decorator.py
[2025-04-17T06:01:45.120+0000] {processor.py:925} INFO - DAG(s) 'example_bash_decorator' retrieved from /home/airflow/.local/lib/python3.12/site-packages/airflow/example_dags/example_bash_decorator.py
[2025-04-17T06:01:45.142+0000] {logging_mixin.py:190} INFO - [2025-04-17T06:01:45.142+0000] {dag.py:3239} INFO - Sync 1 DAGs
[2025-04-17T06:01:45.187+0000] {logging_mixin.py:190} INFO - [2025-04-17T06:01:45.186+0000] {dag.py:4180} INFO - Setting next_dagrun for example_bash_decorator to None, run_after=None
[2025-04-17T06:01:45.256+0000] {processor.py:208} INFO - Processing /home/airflow/.local/lib/python3.12/site-packages/airflow/example_dags/example_bash_decorator.py took 0.180 seconds
[2025-04-17T06:02:16.041+0000] {processor.py:186} INFO - Started process (PID=751) to work on /home/airflow/.local/lib/python3.12/site-packages/airflow/example_dags/example_bash_decorator.py
[2025-04-17T06:02:16.043+0000] {processor.py:914} INFO - Processing file /home/airflow/.local/lib/python3.12/site-packages/airflow/example_dags/example_bash_decorator.py for tasks to queue
[2025-04-17T06:02:16.047+0000] {logging_mixin.py:190} INFO - [2025-04-17T06:02:16.047+0000] {dagbag.py:588} INFO - Filling up the DagBag from /home/airflow/.local/lib/python3.12/site-packages/airflow/example_dags/example_bash_decorator.py
[2025-04-17T06:02:16.071+0000] {processor.py:925} INFO - DAG(s) 'example_bash_decorator' retrieved from /home/airflow/.local/lib/python3.12/site-packages/airflow/example_dags/example_bash_decorator.py
[2025-04-17T06:02:16.098+0000] {logging_mixin.py:190} INFO - [2025-04-17T06:02:16.098+0000] {dag.py:3239} INFO - Sync 1 DAGs
[2025-04-17T06:02:16.112+0000] {logging_mixin.py:190} INFO - [2025-04-17T06:02:16.112+0000] {dag.py:4180} INFO - Setting next_dagrun for example_bash_decorator to None, run_after=None
[2025-04-17T06:02:16.127+0000] {processor.py:208} INFO - Processing /home/airflow/.local/lib/python3.12/site-packages/airflow/example_dags/example_bash_decorator.py took 0.097 seconds
[2025-04-17T06:02:46.917+0000] {processor.py:186} INFO - Started process (PID=814) to work on /home/airflow/.local/lib/python3.12/site-packages/airflow/example_dags/example_bash_decorator.py
[2025-04-17T06:02:46.918+0000] {processor.py:914} INFO - Processing file /home/airflow/.local/lib/python3.12/site-packages/airflow/example_dags/example_bash_decorator.py for tasks to queue
[2025-04-17T06:02:46.921+0000] {logging_mixin.py:190} INFO - [2025-04-17T06:02:46.921+0000] {dagbag.py:588} INFO - Filling up the DagBag from /home/airflow/.local/lib/python3.12/site-packages/airflow/example_dags/example_bash_decorator.py
[2025-04-17T06:02:46.936+0000] {processor.py:925} INFO - DAG(s) 'example_bash_decorator' retrieved from /home/airflow/.local/lib/python3.12/site-packages/airflow/example_dags/example_bash_decorator.py
[2025-04-17T06:02:46.965+0000] {logging_mixin.py:190} INFO - [2025-04-17T06:02:46.965+0000] {dag.py:3239} INFO - Sync 1 DAGs
[2025-04-17T06:02:46.990+0000] {logging_mixin.py:190} INFO - [2025-04-17T06:02:46.990+0000] {dag.py:4180} INFO - Setting next_dagrun for example_bash_decorator to None, run_after=None
[2025-04-17T06:02:47.014+0000] {processor.py:208} INFO - Processing /home/airflow/.local/lib/python3.12/site-packages/airflow/example_dags/example_bash_decorator.py took 0.104 seconds
[2025-04-17T06:03:18.017+0000] {processor.py:186} INFO - Started process (PID=877) to work on /home/airflow/.local/lib/python3.12/site-packages/airflow/example_dags/example_bash_decorator.py
[2025-04-17T06:03:18.019+0000] {processor.py:914} INFO - Processing file /home/airflow/.local/lib/python3.12/site-packages/airflow/example_dags/example_bash_decorator.py for tasks to queue
[2025-04-17T06:03:18.023+0000] {logging_mixin.py:190} INFO - [2025-04-17T06:03:18.022+0000] {dagbag.py:588} INFO - Filling up the DagBag from /home/airflow/.local/lib/python3.12/site-packages/airflow/example_dags/example_bash_decorator.py
[2025-04-17T06:03:18.054+0000] {processor.py:925} INFO - DAG(s) 'example_bash_decorator' retrieved from /home/airflow/.local/lib/python3.12/site-packages/airflow/example_dags/example_bash_decorator.py
[2025-04-17T06:03:18.082+0000] {logging_mixin.py:190} INFO - [2025-04-17T06:03:18.082+0000] {dag.py:3239} INFO - Sync 1 DAGs
[2025-04-17T06:03:18.094+0000] {logging_mixin.py:190} INFO - [2025-04-17T06:03:18.094+0000] {dag.py:4180} INFO - Setting next_dagrun for example_bash_decorator to None, run_after=None
[2025-04-17T06:03:18.110+0000] {processor.py:208} INFO - Processing /home/airflow/.local/lib/python3.12/site-packages/airflow/example_dags/example_bash_decorator.py took 0.105 seconds
[2025-04-17T06:10:59.633+0000] {processor.py:186} INFO - Started process (PID=118) to work on /home/airflow/.local/lib/python3.12/site-packages/airflow/example_dags/example_bash_decorator.py
[2025-04-17T06:10:59.635+0000] {processor.py:914} INFO - Processing file /home/airflow/.local/lib/python3.12/site-packages/airflow/example_dags/example_bash_decorator.py for tasks to queue
[2025-04-17T06:10:59.642+0000] {logging_mixin.py:190} INFO - [2025-04-17T06:10:59.641+0000] {dagbag.py:588} INFO - Filling up the DagBag from /home/airflow/.local/lib/python3.12/site-packages/airflow/example_dags/example_bash_decorator.py
[2025-04-17T06:10:59.672+0000] {processor.py:925} INFO - DAG(s) 'example_bash_decorator' retrieved from /home/airflow/.local/lib/python3.12/site-packages/airflow/example_dags/example_bash_decorator.py
[2025-04-17T06:11:00.095+0000] {logging_mixin.py:190} INFO - [2025-04-17T06:11:00.094+0000] {dag.py:3239} INFO - Sync 1 DAGs
[2025-04-17T06:11:00.125+0000] {logging_mixin.py:190} INFO - [2025-04-17T06:11:00.124+0000] {dag.py:4180} INFO - Setting next_dagrun for example_bash_decorator to None, run_after=None
[2025-04-17T06:11:00.191+0000] {processor.py:208} INFO - Processing /home/airflow/.local/lib/python3.12/site-packages/airflow/example_dags/example_bash_decorator.py took 0.579 seconds
[2025-04-17T06:11:30.522+0000] {processor.py:186} INFO - Started process (PID=180) to work on /home/airflow/.local/lib/python3.12/site-packages/airflow/example_dags/example_bash_decorator.py
[2025-04-17T06:11:30.524+0000] {processor.py:914} INFO - Processing file /home/airflow/.local/lib/python3.12/site-packages/airflow/example_dags/example_bash_decorator.py for tasks to queue
[2025-04-17T06:11:30.529+0000] {logging_mixin.py:190} INFO - [2025-04-17T06:11:30.529+0000] {dagbag.py:588} INFO - Filling up the DagBag from /home/airflow/.local/lib/python3.12/site-packages/airflow/example_dags/example_bash_decorator.py
[2025-04-17T06:11:30.559+0000] {processor.py:925} INFO - DAG(s) 'example_bash_decorator' retrieved from /home/airflow/.local/lib/python3.12/site-packages/airflow/example_dags/example_bash_decorator.py
[2025-04-17T06:11:30.589+0000] {logging_mixin.py:190} INFO - [2025-04-17T06:11:30.589+0000] {dag.py:3239} INFO - Sync 1 DAGs
[2025-04-17T06:11:30.605+0000] {logging_mixin.py:190} INFO - [2025-04-17T06:11:30.605+0000] {dag.py:4180} INFO - Setting next_dagrun for example_bash_decorator to None, run_after=None
[2025-04-17T06:11:30.628+0000] {processor.py:208} INFO - Processing /home/airflow/.local/lib/python3.12/site-packages/airflow/example_dags/example_bash_decorator.py took 0.111 seconds
[2025-04-17T06:12:03.621+0000] {processor.py:186} INFO - Started process (PID=242) to work on /home/airflow/.local/lib/python3.12/site-packages/airflow/example_dags/example_bash_decorator.py
[2025-04-17T06:12:03.638+0000] {processor.py:914} INFO - Processing file /home/airflow/.local/lib/python3.12/site-packages/airflow/example_dags/example_bash_decorator.py for tasks to queue
[2025-04-17T06:12:03.644+0000] {logging_mixin.py:190} INFO - [2025-04-17T06:12:03.644+0000] {dagbag.py:588} INFO - Filling up the DagBag from /home/airflow/.local/lib/python3.12/site-packages/airflow/example_dags/example_bash_decorator.py
[2025-04-17T06:12:03.691+0000] {processor.py:925} INFO - DAG(s) 'example_bash_decorator' retrieved from /home/airflow/.local/lib/python3.12/site-packages/airflow/example_dags/example_bash_decorator.py
[2025-04-17T06:12:03.753+0000] {logging_mixin.py:190} INFO - [2025-04-17T06:12:03.751+0000] {dag.py:3239} INFO - Sync 1 DAGs
[2025-04-17T06:12:03.829+0000] {logging_mixin.py:190} INFO - [2025-04-17T06:12:03.827+0000] {dag.py:4180} INFO - Setting next_dagrun for example_bash_decorator to None, run_after=None
[2025-04-17T06:12:03.953+0000] {processor.py:208} INFO - Processing /home/airflow/.local/lib/python3.12/site-packages/airflow/example_dags/example_bash_decorator.py took 0.355 seconds
[2025-04-17T06:12:36.493+0000] {processor.py:186} INFO - Started process (PID=305) to work on /home/airflow/.local/lib/python3.12/site-packages/airflow/example_dags/example_bash_decorator.py
[2025-04-17T06:12:36.495+0000] {processor.py:914} INFO - Processing file /home/airflow/.local/lib/python3.12/site-packages/airflow/example_dags/example_bash_decorator.py for tasks to queue
[2025-04-17T06:12:36.501+0000] {logging_mixin.py:190} INFO - [2025-04-17T06:12:36.500+0000] {dagbag.py:588} INFO - Filling up the DagBag from /home/airflow/.local/lib/python3.12/site-packages/airflow/example_dags/example_bash_decorator.py
[2025-04-17T06:12:36.531+0000] {processor.py:925} INFO - DAG(s) 'example_bash_decorator' retrieved from /home/airflow/.local/lib/python3.12/site-packages/airflow/example_dags/example_bash_decorator.py
[2025-04-17T06:12:36.580+0000] {logging_mixin.py:190} INFO - [2025-04-17T06:12:36.580+0000] {dag.py:3239} INFO - Sync 1 DAGs
[2025-04-17T06:12:36.617+0000] {logging_mixin.py:190} INFO - [2025-04-17T06:12:36.617+0000] {dag.py:4180} INFO - Setting next_dagrun for example_bash_decorator to None, run_after=None
[2025-04-17T06:12:36.661+0000] {processor.py:208} INFO - Processing /home/airflow/.local/lib/python3.12/site-packages/airflow/example_dags/example_bash_decorator.py took 0.180 seconds
[2025-04-17T06:13:08.531+0000] {processor.py:186} INFO - Started process (PID=368) to work on /home/airflow/.local/lib/python3.12/site-packages/airflow/example_dags/example_bash_decorator.py
[2025-04-17T06:13:08.533+0000] {processor.py:914} INFO - Processing file /home/airflow/.local/lib/python3.12/site-packages/airflow/example_dags/example_bash_decorator.py for tasks to queue
[2025-04-17T06:13:08.536+0000] {logging_mixin.py:190} INFO - [2025-04-17T06:13:08.536+0000] {dagbag.py:588} INFO - Filling up the DagBag from /home/airflow/.local/lib/python3.12/site-packages/airflow/example_dags/example_bash_decorator.py
[2025-04-17T06:13:08.573+0000] {processor.py:925} INFO - DAG(s) 'example_bash_decorator' retrieved from /home/airflow/.local/lib/python3.12/site-packages/airflow/example_dags/example_bash_decorator.py
[2025-04-17T06:13:08.651+0000] {logging_mixin.py:190} INFO - [2025-04-17T06:13:08.650+0000] {dag.py:3239} INFO - Sync 1 DAGs
[2025-04-17T06:13:08.685+0000] {logging_mixin.py:190} INFO - [2025-04-17T06:13:08.684+0000] {dag.py:4180} INFO - Setting next_dagrun for example_bash_decorator to None, run_after=None
[2025-04-17T06:13:08.737+0000] {processor.py:208} INFO - Processing /home/airflow/.local/lib/python3.12/site-packages/airflow/example_dags/example_bash_decorator.py took 0.218 seconds
[2025-04-17T06:13:45.594+0000] {processor.py:186} INFO - Started process (PID=438) to work on /home/airflow/.local/lib/python3.12/site-packages/airflow/example_dags/example_bash_decorator.py
[2025-04-17T06:13:45.598+0000] {processor.py:914} INFO - Processing file /home/airflow/.local/lib/python3.12/site-packages/airflow/example_dags/example_bash_decorator.py for tasks to queue
[2025-04-17T06:13:45.612+0000] {logging_mixin.py:190} INFO - [2025-04-17T06:13:45.611+0000] {dagbag.py:588} INFO - Filling up the DagBag from /home/airflow/.local/lib/python3.12/site-packages/airflow/example_dags/example_bash_decorator.py
[2025-04-17T06:13:45.711+0000] {processor.py:925} INFO - DAG(s) 'example_bash_decorator' retrieved from /home/airflow/.local/lib/python3.12/site-packages/airflow/example_dags/example_bash_decorator.py
[2025-04-17T06:13:45.919+0000] {logging_mixin.py:190} INFO - [2025-04-17T06:13:45.918+0000] {dag.py:3239} INFO - Sync 1 DAGs
[2025-04-17T06:13:46.045+0000] {logging_mixin.py:190} INFO - [2025-04-17T06:13:46.044+0000] {dag.py:4180} INFO - Setting next_dagrun for example_bash_decorator to None, run_after=None
[2025-04-17T06:13:46.219+0000] {processor.py:208} INFO - Processing /home/airflow/.local/lib/python3.12/site-packages/airflow/example_dags/example_bash_decorator.py took 0.667 seconds
[2025-04-17T06:14:17.461+0000] {processor.py:186} INFO - Started process (PID=501) to work on /home/airflow/.local/lib/python3.12/site-packages/airflow/example_dags/example_bash_decorator.py
[2025-04-17T06:14:17.466+0000] {processor.py:914} INFO - Processing file /home/airflow/.local/lib/python3.12/site-packages/airflow/example_dags/example_bash_decorator.py for tasks to queue
[2025-04-17T06:14:17.475+0000] {logging_mixin.py:190} INFO - [2025-04-17T06:14:17.474+0000] {dagbag.py:588} INFO - Filling up the DagBag from /home/airflow/.local/lib/python3.12/site-packages/airflow/example_dags/example_bash_decorator.py
[2025-04-17T06:14:17.539+0000] {processor.py:925} INFO - DAG(s) 'example_bash_decorator' retrieved from /home/airflow/.local/lib/python3.12/site-packages/airflow/example_dags/example_bash_decorator.py
[2025-04-17T06:14:17.634+0000] {logging_mixin.py:190} INFO - [2025-04-17T06:14:17.633+0000] {dag.py:3239} INFO - Sync 1 DAGs
[2025-04-17T06:14:17.677+0000] {logging_mixin.py:190} INFO - [2025-04-17T06:14:17.676+0000] {dag.py:4180} INFO - Setting next_dagrun for example_bash_decorator to None, run_after=None
[2025-04-17T06:14:17.734+0000] {processor.py:208} INFO - Processing /home/airflow/.local/lib/python3.12/site-packages/airflow/example_dags/example_bash_decorator.py took 0.297 seconds
[2025-04-17T06:14:51.649+0000] {processor.py:186} INFO - Started process (PID=564) to work on /home/airflow/.local/lib/python3.12/site-packages/airflow/example_dags/example_bash_decorator.py
[2025-04-17T06:14:51.655+0000] {processor.py:914} INFO - Processing file /home/airflow/.local/lib/python3.12/site-packages/airflow/example_dags/example_bash_decorator.py for tasks to queue
[2025-04-17T06:14:51.679+0000] {logging_mixin.py:190} INFO - [2025-04-17T06:14:51.672+0000] {dagbag.py:588} INFO - Filling up the DagBag from /home/airflow/.local/lib/python3.12/site-packages/airflow/example_dags/example_bash_decorator.py
[2025-04-17T06:14:51.783+0000] {processor.py:925} INFO - DAG(s) 'example_bash_decorator' retrieved from /home/airflow/.local/lib/python3.12/site-packages/airflow/example_dags/example_bash_decorator.py
[2025-04-17T06:14:51.922+0000] {logging_mixin.py:190} INFO - [2025-04-17T06:14:51.921+0000] {dag.py:3239} INFO - Sync 1 DAGs
[2025-04-17T06:14:52.040+0000] {logging_mixin.py:190} INFO - [2025-04-17T06:14:52.040+0000] {dag.py:4180} INFO - Setting next_dagrun for example_bash_decorator to None, run_after=None
[2025-04-17T06:14:52.167+0000] {processor.py:208} INFO - Processing /home/airflow/.local/lib/python3.12/site-packages/airflow/example_dags/example_bash_decorator.py took 0.540 seconds
[2025-04-17T06:15:25.435+0000] {processor.py:186} INFO - Started process (PID=627) to work on /home/airflow/.local/lib/python3.12/site-packages/airflow/example_dags/example_bash_decorator.py
[2025-04-17T06:15:25.438+0000] {processor.py:914} INFO - Processing file /home/airflow/.local/lib/python3.12/site-packages/airflow/example_dags/example_bash_decorator.py for tasks to queue
[2025-04-17T06:15:25.448+0000] {logging_mixin.py:190} INFO - [2025-04-17T06:15:25.443+0000] {dagbag.py:588} INFO - Filling up the DagBag from /home/airflow/.local/lib/python3.12/site-packages/airflow/example_dags/example_bash_decorator.py
[2025-04-17T06:15:25.489+0000] {processor.py:925} INFO - DAG(s) 'example_bash_decorator' retrieved from /home/airflow/.local/lib/python3.12/site-packages/airflow/example_dags/example_bash_decorator.py
[2025-04-17T06:15:25.558+0000] {logging_mixin.py:190} INFO - [2025-04-17T06:15:25.558+0000] {dag.py:3239} INFO - Sync 1 DAGs
[2025-04-17T06:15:25.614+0000] {logging_mixin.py:190} INFO - [2025-04-17T06:15:25.613+0000] {dag.py:4180} INFO - Setting next_dagrun for example_bash_decorator to None, run_after=None
[2025-04-17T06:15:25.690+0000] {processor.py:208} INFO - Processing /home/airflow/.local/lib/python3.12/site-packages/airflow/example_dags/example_bash_decorator.py took 0.271 seconds
[2025-04-17T06:15:56.278+0000] {processor.py:186} INFO - Started process (PID=690) to work on /home/airflow/.local/lib/python3.12/site-packages/airflow/example_dags/example_bash_decorator.py
[2025-04-17T06:15:56.281+0000] {processor.py:914} INFO - Processing file /home/airflow/.local/lib/python3.12/site-packages/airflow/example_dags/example_bash_decorator.py for tasks to queue
[2025-04-17T06:15:56.289+0000] {logging_mixin.py:190} INFO - [2025-04-17T06:15:56.288+0000] {dagbag.py:588} INFO - Filling up the DagBag from /home/airflow/.local/lib/python3.12/site-packages/airflow/example_dags/example_bash_decorator.py
[2025-04-17T06:15:56.325+0000] {processor.py:925} INFO - DAG(s) 'example_bash_decorator' retrieved from /home/airflow/.local/lib/python3.12/site-packages/airflow/example_dags/example_bash_decorator.py
[2025-04-17T06:15:56.386+0000] {logging_mixin.py:190} INFO - [2025-04-17T06:15:56.385+0000] {dag.py:3239} INFO - Sync 1 DAGs
[2025-04-17T06:15:56.425+0000] {logging_mixin.py:190} INFO - [2025-04-17T06:15:56.425+0000] {dag.py:4180} INFO - Setting next_dagrun for example_bash_decorator to None, run_after=None
[2025-04-17T06:15:56.473+0000] {processor.py:208} INFO - Processing /home/airflow/.local/lib/python3.12/site-packages/airflow/example_dags/example_bash_decorator.py took 0.209 seconds
[2025-04-17T06:16:27.651+0000] {processor.py:186} INFO - Started process (PID=753) to work on /home/airflow/.local/lib/python3.12/site-packages/airflow/example_dags/example_bash_decorator.py
[2025-04-17T06:16:27.653+0000] {processor.py:914} INFO - Processing file /home/airflow/.local/lib/python3.12/site-packages/airflow/example_dags/example_bash_decorator.py for tasks to queue
[2025-04-17T06:16:27.656+0000] {logging_mixin.py:190} INFO - [2025-04-17T06:16:27.656+0000] {dagbag.py:588} INFO - Filling up the DagBag from /home/airflow/.local/lib/python3.12/site-packages/airflow/example_dags/example_bash_decorator.py
[2025-04-17T06:16:27.676+0000] {processor.py:925} INFO - DAG(s) 'example_bash_decorator' retrieved from /home/airflow/.local/lib/python3.12/site-packages/airflow/example_dags/example_bash_decorator.py
[2025-04-17T06:16:27.715+0000] {logging_mixin.py:190} INFO - [2025-04-17T06:16:27.714+0000] {dag.py:3239} INFO - Sync 1 DAGs
[2025-04-17T06:16:27.736+0000] {logging_mixin.py:190} INFO - [2025-04-17T06:16:27.736+0000] {dag.py:4180} INFO - Setting next_dagrun for example_bash_decorator to None, run_after=None
[2025-04-17T06:16:27.766+0000] {processor.py:208} INFO - Processing /home/airflow/.local/lib/python3.12/site-packages/airflow/example_dags/example_bash_decorator.py took 0.122 seconds
[2025-04-17T06:17:00.739+0000] {processor.py:186} INFO - Started process (PID=816) to work on /home/airflow/.local/lib/python3.12/site-packages/airflow/example_dags/example_bash_decorator.py
[2025-04-17T06:17:00.743+0000] {processor.py:914} INFO - Processing file /home/airflow/.local/lib/python3.12/site-packages/airflow/example_dags/example_bash_decorator.py for tasks to queue
[2025-04-17T06:17:00.751+0000] {logging_mixin.py:190} INFO - [2025-04-17T06:17:00.750+0000] {dagbag.py:588} INFO - Filling up the DagBag from /home/airflow/.local/lib/python3.12/site-packages/airflow/example_dags/example_bash_decorator.py
[2025-04-17T06:17:00.790+0000] {processor.py:925} INFO - DAG(s) 'example_bash_decorator' retrieved from /home/airflow/.local/lib/python3.12/site-packages/airflow/example_dags/example_bash_decorator.py
[2025-04-17T06:17:00.864+0000] {logging_mixin.py:190} INFO - [2025-04-17T06:17:00.863+0000] {dag.py:3239} INFO - Sync 1 DAGs
[2025-04-17T06:17:00.908+0000] {logging_mixin.py:190} INFO - [2025-04-17T06:17:00.908+0000] {dag.py:4180} INFO - Setting next_dagrun for example_bash_decorator to None, run_after=None
[2025-04-17T06:17:00.976+0000] {processor.py:208} INFO - Processing /home/airflow/.local/lib/python3.12/site-packages/airflow/example_dags/example_bash_decorator.py took 0.253 seconds
