[2025-04-17T05:56:51.856+0000] {processor.py:186} INFO - Started process (PID=100) to work on /home/airflow/.local/lib/python3.12/site-packages/airflow/example_dags/example_branch_python_dop_operator_3.py
[2025-04-17T05:56:51.858+0000] {processor.py:914} INFO - Processing file /home/airflow/.local/lib/python3.12/site-packages/airflow/example_dags/example_branch_python_dop_operator_3.py for tasks to queue
[2025-04-17T05:56:51.865+0000] {logging_mixin.py:190} INFO - [2025-04-17T05:56:51.864+0000] {dagbag.py:588} INFO - Filling up the DagBag from /home/airflow/.local/lib/python3.12/site-packages/airflow/example_dags/example_branch_python_dop_operator_3.py
[2025-04-17T05:56:51.894+0000] {processor.py:925} INFO - DAG(s) 'example_branch_dop_operator_v3' retrieved from /home/airflow/.local/lib/python3.12/site-packages/airflow/example_dags/example_branch_python_dop_operator_3.py
[2025-04-17T05:56:52.238+0000] {logging_mixin.py:190} INFO - [2025-04-17T05:56:52.237+0000] {override.py:1912} INFO - Created Permission View: can delete on DAG:example_branch_dop_operator_v3
[2025-04-17T05:56:52.276+0000] {logging_mixin.py:190} INFO - [2025-04-17T05:56:52.275+0000] {override.py:1912} INFO - Created Permission View: can edit on DAG:example_branch_dop_operator_v3
[2025-04-17T05:56:52.301+0000] {logging_mixin.py:190} INFO - [2025-04-17T05:56:52.300+0000] {override.py:1912} INFO - Created Permission View: can read on DAG:example_branch_dop_operator_v3
[2025-04-17T05:56:52.322+0000] {logging_mixin.py:190} INFO - [2025-04-17T05:56:52.321+0000] {override.py:1912} INFO - Created Permission View: can delete on DAG Run:example_branch_dop_operator_v3
[2025-04-17T05:56:52.341+0000] {logging_mixin.py:190} INFO - [2025-04-17T05:56:52.341+0000] {override.py:1912} INFO - Created Permission View: can read on DAG Run:example_branch_dop_operator_v3
[2025-04-17T05:56:52.357+0000] {logging_mixin.py:190} INFO - [2025-04-17T05:56:52.356+0000] {override.py:1912} INFO - Created Permission View: can create on DAG Run:example_branch_dop_operator_v3
[2025-04-17T05:56:52.374+0000] {logging_mixin.py:190} INFO - [2025-04-17T05:56:52.374+0000] {override.py:1912} INFO - Created Permission View: menu access on DAG Run:example_branch_dop_operator_v3
[2025-04-17T05:56:52.378+0000] {logging_mixin.py:190} INFO - [2025-04-17T05:56:52.376+0000] {dag.py:3239} INFO - Sync 1 DAGs
[2025-04-17T05:56:52.406+0000] {logging_mixin.py:190} INFO - [2025-04-17T05:56:52.406+0000] {dag.py:3262} INFO - Creating ORM DAG for example_branch_dop_operator_v3
[2025-04-17T05:56:52.445+0000] {logging_mixin.py:190} INFO - [2025-04-17T05:56:52.442+0000] {dag.py:4180} INFO - Setting next_dagrun for example_branch_dop_operator_v3 to 2025-04-17 05:55:00+00:00, run_after=2025-04-17 05:56:00+00:00
[2025-04-17T05:56:52.482+0000] {processor.py:208} INFO - Processing /home/airflow/.local/lib/python3.12/site-packages/airflow/example_dags/example_branch_python_dop_operator_3.py took 0.644 seconds
[2025-04-17T05:57:22.658+0000] {processor.py:186} INFO - Started process (PID=163) to work on /home/airflow/.local/lib/python3.12/site-packages/airflow/example_dags/example_branch_python_dop_operator_3.py
[2025-04-17T05:57:22.661+0000] {processor.py:914} INFO - Processing file /home/airflow/.local/lib/python3.12/site-packages/airflow/example_dags/example_branch_python_dop_operator_3.py for tasks to queue
[2025-04-17T05:57:22.666+0000] {logging_mixin.py:190} INFO - [2025-04-17T05:57:22.665+0000] {dagbag.py:588} INFO - Filling up the DagBag from /home/airflow/.local/lib/python3.12/site-packages/airflow/example_dags/example_branch_python_dop_operator_3.py
[2025-04-17T05:57:22.699+0000] {processor.py:925} INFO - DAG(s) 'example_branch_dop_operator_v3' retrieved from /home/airflow/.local/lib/python3.12/site-packages/airflow/example_dags/example_branch_python_dop_operator_3.py
[2025-04-17T05:57:22.766+0000] {logging_mixin.py:190} INFO - [2025-04-17T05:57:22.766+0000] {dag.py:3239} INFO - Sync 1 DAGs
[2025-04-17T05:57:22.867+0000] {logging_mixin.py:190} INFO - [2025-04-17T05:57:22.867+0000] {dag.py:4180} INFO - Setting next_dagrun for example_branch_dop_operator_v3 to 2025-04-17 05:56:00+00:00, run_after=2025-04-17 05:57:00+00:00
[2025-04-17T05:57:22.935+0000] {processor.py:208} INFO - Processing /home/airflow/.local/lib/python3.12/site-packages/airflow/example_dags/example_branch_python_dop_operator_3.py took 0.293 seconds
[2025-04-17T05:57:53.059+0000] {processor.py:186} INFO - Started process (PID=226) to work on /home/airflow/.local/lib/python3.12/site-packages/airflow/example_dags/example_branch_python_dop_operator_3.py
[2025-04-17T05:57:53.060+0000] {processor.py:914} INFO - Processing file /home/airflow/.local/lib/python3.12/site-packages/airflow/example_dags/example_branch_python_dop_operator_3.py for tasks to queue
[2025-04-17T05:57:53.063+0000] {logging_mixin.py:190} INFO - [2025-04-17T05:57:53.063+0000] {dagbag.py:588} INFO - Filling up the DagBag from /home/airflow/.local/lib/python3.12/site-packages/airflow/example_dags/example_branch_python_dop_operator_3.py
[2025-04-17T05:57:53.077+0000] {processor.py:925} INFO - DAG(s) 'example_branch_dop_operator_v3' retrieved from /home/airflow/.local/lib/python3.12/site-packages/airflow/example_dags/example_branch_python_dop_operator_3.py
[2025-04-17T05:57:53.096+0000] {logging_mixin.py:190} INFO - [2025-04-17T05:57:53.096+0000] {dag.py:3239} INFO - Sync 1 DAGs
[2025-04-17T05:57:53.131+0000] {logging_mixin.py:190} INFO - [2025-04-17T05:57:53.131+0000] {dag.py:4180} INFO - Setting next_dagrun for example_branch_dop_operator_v3 to 2025-04-17 05:56:00+00:00, run_after=2025-04-17 05:57:00+00:00
[2025-04-17T05:57:53.154+0000] {processor.py:208} INFO - Processing /home/airflow/.local/lib/python3.12/site-packages/airflow/example_dags/example_branch_python_dop_operator_3.py took 0.103 seconds
[2025-04-17T05:58:23.780+0000] {processor.py:186} INFO - Started process (PID=289) to work on /home/airflow/.local/lib/python3.12/site-packages/airflow/example_dags/example_branch_python_dop_operator_3.py
[2025-04-17T05:58:23.782+0000] {processor.py:914} INFO - Processing file /home/airflow/.local/lib/python3.12/site-packages/airflow/example_dags/example_branch_python_dop_operator_3.py for tasks to queue
[2025-04-17T05:58:23.786+0000] {logging_mixin.py:190} INFO - [2025-04-17T05:58:23.786+0000] {dagbag.py:588} INFO - Filling up the DagBag from /home/airflow/.local/lib/python3.12/site-packages/airflow/example_dags/example_branch_python_dop_operator_3.py
[2025-04-17T05:58:23.809+0000] {processor.py:925} INFO - DAG(s) 'example_branch_dop_operator_v3' retrieved from /home/airflow/.local/lib/python3.12/site-packages/airflow/example_dags/example_branch_python_dop_operator_3.py
[2025-04-17T05:58:23.829+0000] {logging_mixin.py:190} INFO - [2025-04-17T05:58:23.829+0000] {dag.py:3239} INFO - Sync 1 DAGs
[2025-04-17T05:58:23.850+0000] {logging_mixin.py:190} INFO - [2025-04-17T05:58:23.850+0000] {dag.py:4180} INFO - Setting next_dagrun for example_branch_dop_operator_v3 to 2025-04-17 05:57:00+00:00, run_after=2025-04-17 05:58:00+00:00
[2025-04-17T05:58:23.868+0000] {processor.py:208} INFO - Processing /home/airflow/.local/lib/python3.12/site-packages/airflow/example_dags/example_branch_python_dop_operator_3.py took 0.101 seconds
[2025-04-17T05:58:54.318+0000] {processor.py:186} INFO - Started process (PID=352) to work on /home/airflow/.local/lib/python3.12/site-packages/airflow/example_dags/example_branch_python_dop_operator_3.py
[2025-04-17T05:58:54.319+0000] {processor.py:914} INFO - Processing file /home/airflow/.local/lib/python3.12/site-packages/airflow/example_dags/example_branch_python_dop_operator_3.py for tasks to queue
[2025-04-17T05:58:54.322+0000] {logging_mixin.py:190} INFO - [2025-04-17T05:58:54.322+0000] {dagbag.py:588} INFO - Filling up the DagBag from /home/airflow/.local/lib/python3.12/site-packages/airflow/example_dags/example_branch_python_dop_operator_3.py
[2025-04-17T05:58:54.337+0000] {processor.py:925} INFO - DAG(s) 'example_branch_dop_operator_v3' retrieved from /home/airflow/.local/lib/python3.12/site-packages/airflow/example_dags/example_branch_python_dop_operator_3.py
[2025-04-17T05:58:54.356+0000] {logging_mixin.py:190} INFO - [2025-04-17T05:58:54.355+0000] {dag.py:3239} INFO - Sync 1 DAGs
[2025-04-17T05:58:54.381+0000] {logging_mixin.py:190} INFO - [2025-04-17T05:58:54.381+0000] {dag.py:4180} INFO - Setting next_dagrun for example_branch_dop_operator_v3 to 2025-04-17 05:57:00+00:00, run_after=2025-04-17 05:58:00+00:00
[2025-04-17T05:58:54.402+0000] {processor.py:208} INFO - Processing /home/airflow/.local/lib/python3.12/site-packages/airflow/example_dags/example_branch_python_dop_operator_3.py took 0.090 seconds
[2025-04-17T05:59:25.333+0000] {processor.py:186} INFO - Started process (PID=415) to work on /home/airflow/.local/lib/python3.12/site-packages/airflow/example_dags/example_branch_python_dop_operator_3.py
[2025-04-17T05:59:25.338+0000] {processor.py:914} INFO - Processing file /home/airflow/.local/lib/python3.12/site-packages/airflow/example_dags/example_branch_python_dop_operator_3.py for tasks to queue
[2025-04-17T05:59:25.351+0000] {logging_mixin.py:190} INFO - [2025-04-17T05:59:25.349+0000] {dagbag.py:588} INFO - Filling up the DagBag from /home/airflow/.local/lib/python3.12/site-packages/airflow/example_dags/example_branch_python_dop_operator_3.py
[2025-04-17T05:59:25.403+0000] {processor.py:925} INFO - DAG(s) 'example_branch_dop_operator_v3' retrieved from /home/airflow/.local/lib/python3.12/site-packages/airflow/example_dags/example_branch_python_dop_operator_3.py
[2025-04-17T05:59:25.501+0000] {logging_mixin.py:190} INFO - [2025-04-17T05:59:25.500+0000] {dag.py:3239} INFO - Sync 1 DAGs
[2025-04-17T05:59:25.570+0000] {logging_mixin.py:190} INFO - [2025-04-17T05:59:25.570+0000] {dag.py:4180} INFO - Setting next_dagrun for example_branch_dop_operator_v3 to 2025-04-17 05:58:00+00:00, run_after=2025-04-17 05:59:00+00:00
[2025-04-17T05:59:25.619+0000] {processor.py:208} INFO - Processing /home/airflow/.local/lib/python3.12/site-packages/airflow/example_dags/example_branch_python_dop_operator_3.py took 0.313 seconds
[2025-04-17T05:59:56.279+0000] {processor.py:186} INFO - Started process (PID=478) to work on /home/airflow/.local/lib/python3.12/site-packages/airflow/example_dags/example_branch_python_dop_operator_3.py
[2025-04-17T05:59:56.281+0000] {processor.py:914} INFO - Processing file /home/airflow/.local/lib/python3.12/site-packages/airflow/example_dags/example_branch_python_dop_operator_3.py for tasks to queue
[2025-04-17T05:59:56.284+0000] {logging_mixin.py:190} INFO - [2025-04-17T05:59:56.284+0000] {dagbag.py:588} INFO - Filling up the DagBag from /home/airflow/.local/lib/python3.12/site-packages/airflow/example_dags/example_branch_python_dop_operator_3.py
[2025-04-17T05:59:56.298+0000] {processor.py:925} INFO - DAG(s) 'example_branch_dop_operator_v3' retrieved from /home/airflow/.local/lib/python3.12/site-packages/airflow/example_dags/example_branch_python_dop_operator_3.py
[2025-04-17T05:59:56.320+0000] {logging_mixin.py:190} INFO - [2025-04-17T05:59:56.320+0000] {dag.py:3239} INFO - Sync 1 DAGs
[2025-04-17T05:59:56.343+0000] {logging_mixin.py:190} INFO - [2025-04-17T05:59:56.342+0000] {dag.py:4180} INFO - Setting next_dagrun for example_branch_dop_operator_v3 to 2025-04-17 05:58:00+00:00, run_after=2025-04-17 05:59:00+00:00
[2025-04-17T05:59:56.363+0000] {processor.py:208} INFO - Processing /home/airflow/.local/lib/python3.12/site-packages/airflow/example_dags/example_branch_python_dop_operator_3.py took 0.093 seconds
[2025-04-17T06:00:26.592+0000] {processor.py:186} INFO - Started process (PID=541) to work on /home/airflow/.local/lib/python3.12/site-packages/airflow/example_dags/example_branch_python_dop_operator_3.py
[2025-04-17T06:00:26.596+0000] {processor.py:914} INFO - Processing file /home/airflow/.local/lib/python3.12/site-packages/airflow/example_dags/example_branch_python_dop_operator_3.py for tasks to queue
[2025-04-17T06:00:26.608+0000] {logging_mixin.py:190} INFO - [2025-04-17T06:00:26.606+0000] {dagbag.py:588} INFO - Filling up the DagBag from /home/airflow/.local/lib/python3.12/site-packages/airflow/example_dags/example_branch_python_dop_operator_3.py
[2025-04-17T06:00:26.636+0000] {processor.py:925} INFO - DAG(s) 'example_branch_dop_operator_v3' retrieved from /home/airflow/.local/lib/python3.12/site-packages/airflow/example_dags/example_branch_python_dop_operator_3.py
[2025-04-17T06:00:26.686+0000] {logging_mixin.py:190} INFO - [2025-04-17T06:00:26.685+0000] {dag.py:3239} INFO - Sync 1 DAGs
[2025-04-17T06:00:26.747+0000] {logging_mixin.py:190} INFO - [2025-04-17T06:00:26.747+0000] {dag.py:4180} INFO - Setting next_dagrun for example_branch_dop_operator_v3 to 2025-04-17 05:59:00+00:00, run_after=2025-04-17 06:00:00+00:00
[2025-04-17T06:00:26.783+0000] {processor.py:208} INFO - Processing /home/airflow/.local/lib/python3.12/site-packages/airflow/example_dags/example_branch_python_dop_operator_3.py took 0.210 seconds
[2025-04-17T06:00:57.417+0000] {processor.py:186} INFO - Started process (PID=604) to work on /home/airflow/.local/lib/python3.12/site-packages/airflow/example_dags/example_branch_python_dop_operator_3.py
[2025-04-17T06:00:57.419+0000] {processor.py:914} INFO - Processing file /home/airflow/.local/lib/python3.12/site-packages/airflow/example_dags/example_branch_python_dop_operator_3.py for tasks to queue
[2025-04-17T06:00:57.422+0000] {logging_mixin.py:190} INFO - [2025-04-17T06:00:57.422+0000] {dagbag.py:588} INFO - Filling up the DagBag from /home/airflow/.local/lib/python3.12/site-packages/airflow/example_dags/example_branch_python_dop_operator_3.py
[2025-04-17T06:00:57.433+0000] {processor.py:925} INFO - DAG(s) 'example_branch_dop_operator_v3' retrieved from /home/airflow/.local/lib/python3.12/site-packages/airflow/example_dags/example_branch_python_dop_operator_3.py
[2025-04-17T06:00:57.451+0000] {logging_mixin.py:190} INFO - [2025-04-17T06:00:57.451+0000] {dag.py:3239} INFO - Sync 1 DAGs
[2025-04-17T06:00:57.483+0000] {logging_mixin.py:190} INFO - [2025-04-17T06:00:57.483+0000] {dag.py:4180} INFO - Setting next_dagrun for example_branch_dop_operator_v3 to 2025-04-17 05:59:00+00:00, run_after=2025-04-17 06:00:00+00:00
[2025-04-17T06:00:57.499+0000] {processor.py:208} INFO - Processing /home/airflow/.local/lib/python3.12/site-packages/airflow/example_dags/example_branch_python_dop_operator_3.py took 0.088 seconds
[2025-04-17T06:01:28.074+0000] {processor.py:186} INFO - Started process (PID=667) to work on /home/airflow/.local/lib/python3.12/site-packages/airflow/example_dags/example_branch_python_dop_operator_3.py
[2025-04-17T06:01:28.076+0000] {processor.py:914} INFO - Processing file /home/airflow/.local/lib/python3.12/site-packages/airflow/example_dags/example_branch_python_dop_operator_3.py for tasks to queue
[2025-04-17T06:01:28.079+0000] {logging_mixin.py:190} INFO - [2025-04-17T06:01:28.078+0000] {dagbag.py:588} INFO - Filling up the DagBag from /home/airflow/.local/lib/python3.12/site-packages/airflow/example_dags/example_branch_python_dop_operator_3.py
[2025-04-17T06:01:28.095+0000] {processor.py:925} INFO - DAG(s) 'example_branch_dop_operator_v3' retrieved from /home/airflow/.local/lib/python3.12/site-packages/airflow/example_dags/example_branch_python_dop_operator_3.py
[2025-04-17T06:01:28.138+0000] {logging_mixin.py:190} INFO - [2025-04-17T06:01:28.138+0000] {dag.py:3239} INFO - Sync 1 DAGs
[2025-04-17T06:01:28.195+0000] {logging_mixin.py:190} INFO - [2025-04-17T06:01:28.194+0000] {dag.py:4180} INFO - Setting next_dagrun for example_branch_dop_operator_v3 to 2025-04-17 06:00:00+00:00, run_after=2025-04-17 06:01:00+00:00
[2025-04-17T06:01:28.233+0000] {processor.py:208} INFO - Processing /home/airflow/.local/lib/python3.12/site-packages/airflow/example_dags/example_branch_python_dop_operator_3.py took 0.167 seconds
[2025-04-17T06:01:58.346+0000] {processor.py:186} INFO - Started process (PID=730) to work on /home/airflow/.local/lib/python3.12/site-packages/airflow/example_dags/example_branch_python_dop_operator_3.py
[2025-04-17T06:01:58.349+0000] {processor.py:914} INFO - Processing file /home/airflow/.local/lib/python3.12/site-packages/airflow/example_dags/example_branch_python_dop_operator_3.py for tasks to queue
[2025-04-17T06:01:58.354+0000] {logging_mixin.py:190} INFO - [2025-04-17T06:01:58.353+0000] {dagbag.py:588} INFO - Filling up the DagBag from /home/airflow/.local/lib/python3.12/site-packages/airflow/example_dags/example_branch_python_dop_operator_3.py
[2025-04-17T06:01:58.369+0000] {processor.py:925} INFO - DAG(s) 'example_branch_dop_operator_v3' retrieved from /home/airflow/.local/lib/python3.12/site-packages/airflow/example_dags/example_branch_python_dop_operator_3.py
[2025-04-17T06:01:58.393+0000] {logging_mixin.py:190} INFO - [2025-04-17T06:01:58.393+0000] {dag.py:3239} INFO - Sync 1 DAGs
[2025-04-17T06:01:58.419+0000] {logging_mixin.py:190} INFO - [2025-04-17T06:01:58.419+0000] {dag.py:4180} INFO - Setting next_dagrun for example_branch_dop_operator_v3 to 2025-04-17 06:00:00+00:00, run_after=2025-04-17 06:01:00+00:00
[2025-04-17T06:01:58.449+0000] {processor.py:208} INFO - Processing /home/airflow/.local/lib/python3.12/site-packages/airflow/example_dags/example_branch_python_dop_operator_3.py took 0.111 seconds
[2025-04-17T06:02:29.157+0000] {processor.py:186} INFO - Started process (PID=793) to work on /home/airflow/.local/lib/python3.12/site-packages/airflow/example_dags/example_branch_python_dop_operator_3.py
[2025-04-17T06:02:29.159+0000] {processor.py:914} INFO - Processing file /home/airflow/.local/lib/python3.12/site-packages/airflow/example_dags/example_branch_python_dop_operator_3.py for tasks to queue
[2025-04-17T06:02:29.162+0000] {logging_mixin.py:190} INFO - [2025-04-17T06:02:29.162+0000] {dagbag.py:588} INFO - Filling up the DagBag from /home/airflow/.local/lib/python3.12/site-packages/airflow/example_dags/example_branch_python_dop_operator_3.py
[2025-04-17T06:02:29.173+0000] {processor.py:925} INFO - DAG(s) 'example_branch_dop_operator_v3' retrieved from /home/airflow/.local/lib/python3.12/site-packages/airflow/example_dags/example_branch_python_dop_operator_3.py
[2025-04-17T06:02:29.196+0000] {logging_mixin.py:190} INFO - [2025-04-17T06:02:29.196+0000] {dag.py:3239} INFO - Sync 1 DAGs
[2025-04-17T06:02:29.225+0000] {logging_mixin.py:190} INFO - [2025-04-17T06:02:29.225+0000] {dag.py:4180} INFO - Setting next_dagrun for example_branch_dop_operator_v3 to 2025-04-17 06:01:00+00:00, run_after=2025-04-17 06:02:00+00:00
[2025-04-17T06:02:29.253+0000] {processor.py:208} INFO - Processing /home/airflow/.local/lib/python3.12/site-packages/airflow/example_dags/example_branch_python_dop_operator_3.py took 0.101 seconds
[2025-04-17T06:02:59.588+0000] {processor.py:186} INFO - Started process (PID=856) to work on /home/airflow/.local/lib/python3.12/site-packages/airflow/example_dags/example_branch_python_dop_operator_3.py
[2025-04-17T06:02:59.591+0000] {processor.py:914} INFO - Processing file /home/airflow/.local/lib/python3.12/site-packages/airflow/example_dags/example_branch_python_dop_operator_3.py for tasks to queue
[2025-04-17T06:02:59.597+0000] {logging_mixin.py:190} INFO - [2025-04-17T06:02:59.596+0000] {dagbag.py:588} INFO - Filling up the DagBag from /home/airflow/.local/lib/python3.12/site-packages/airflow/example_dags/example_branch_python_dop_operator_3.py
[2025-04-17T06:02:59.612+0000] {processor.py:925} INFO - DAG(s) 'example_branch_dop_operator_v3' retrieved from /home/airflow/.local/lib/python3.12/site-packages/airflow/example_dags/example_branch_python_dop_operator_3.py
[2025-04-17T06:02:59.634+0000] {logging_mixin.py:190} INFO - [2025-04-17T06:02:59.634+0000] {dag.py:3239} INFO - Sync 1 DAGs
[2025-04-17T06:02:59.661+0000] {logging_mixin.py:190} INFO - [2025-04-17T06:02:59.661+0000] {dag.py:4180} INFO - Setting next_dagrun for example_branch_dop_operator_v3 to 2025-04-17 06:01:00+00:00, run_after=2025-04-17 06:02:00+00:00
[2025-04-17T06:02:59.687+0000] {processor.py:208} INFO - Processing /home/airflow/.local/lib/python3.12/site-packages/airflow/example_dags/example_branch_python_dop_operator_3.py took 0.110 seconds
[2025-04-17T06:03:30.363+0000] {processor.py:186} INFO - Started process (PID=919) to work on /home/airflow/.local/lib/python3.12/site-packages/airflow/example_dags/example_branch_python_dop_operator_3.py
[2025-04-17T06:03:30.365+0000] {processor.py:914} INFO - Processing file /home/airflow/.local/lib/python3.12/site-packages/airflow/example_dags/example_branch_python_dop_operator_3.py for tasks to queue
[2025-04-17T06:03:30.368+0000] {logging_mixin.py:190} INFO - [2025-04-17T06:03:30.368+0000] {dagbag.py:588} INFO - Filling up the DagBag from /home/airflow/.local/lib/python3.12/site-packages/airflow/example_dags/example_branch_python_dop_operator_3.py
[2025-04-17T06:03:30.380+0000] {processor.py:925} INFO - DAG(s) 'example_branch_dop_operator_v3' retrieved from /home/airflow/.local/lib/python3.12/site-packages/airflow/example_dags/example_branch_python_dop_operator_3.py
[2025-04-17T06:03:30.397+0000] {logging_mixin.py:190} INFO - [2025-04-17T06:03:30.397+0000] {dag.py:3239} INFO - Sync 1 DAGs
[2025-04-17T06:03:30.417+0000] {logging_mixin.py:190} INFO - [2025-04-17T06:03:30.416+0000] {dag.py:4180} INFO - Setting next_dagrun for example_branch_dop_operator_v3 to 2025-04-17 06:02:00+00:00, run_after=2025-04-17 06:03:00+00:00
[2025-04-17T06:03:30.433+0000] {processor.py:208} INFO - Processing /home/airflow/.local/lib/python3.12/site-packages/airflow/example_dags/example_branch_python_dop_operator_3.py took 0.081 seconds
[2025-04-17T06:10:50.901+0000] {processor.py:186} INFO - Started process (PID=102) to work on /home/airflow/.local/lib/python3.12/site-packages/airflow/example_dags/example_branch_python_dop_operator_3.py
[2025-04-17T06:10:50.911+0000] {processor.py:914} INFO - Processing file /home/airflow/.local/lib/python3.12/site-packages/airflow/example_dags/example_branch_python_dop_operator_3.py for tasks to queue
[2025-04-17T06:10:50.919+0000] {logging_mixin.py:190} INFO - [2025-04-17T06:10:50.918+0000] {dagbag.py:588} INFO - Filling up the DagBag from /home/airflow/.local/lib/python3.12/site-packages/airflow/example_dags/example_branch_python_dop_operator_3.py
[2025-04-17T06:10:50.986+0000] {processor.py:925} INFO - DAG(s) 'example_branch_dop_operator_v3' retrieved from /home/airflow/.local/lib/python3.12/site-packages/airflow/example_dags/example_branch_python_dop_operator_3.py
[2025-04-17T06:10:51.122+0000] {logging_mixin.py:190} INFO - [2025-04-17T06:10:51.121+0000] {dag.py:3239} INFO - Sync 1 DAGs
[2025-04-17T06:10:51.267+0000] {logging_mixin.py:190} INFO - [2025-04-17T06:10:51.267+0000] {dag.py:4180} INFO - Setting next_dagrun for example_branch_dop_operator_v3 to 2025-04-17 06:09:00+00:00, run_after=2025-04-17 06:10:00+00:00
[2025-04-17T06:10:51.338+0000] {processor.py:208} INFO - Processing /home/airflow/.local/lib/python3.12/site-packages/airflow/example_dags/example_branch_python_dop_operator_3.py took 0.457 seconds
[2025-04-17T06:11:21.933+0000] {processor.py:186} INFO - Started process (PID=165) to work on /home/airflow/.local/lib/python3.12/site-packages/airflow/example_dags/example_branch_python_dop_operator_3.py
[2025-04-17T06:11:21.941+0000] {processor.py:914} INFO - Processing file /home/airflow/.local/lib/python3.12/site-packages/airflow/example_dags/example_branch_python_dop_operator_3.py for tasks to queue
[2025-04-17T06:11:21.955+0000] {logging_mixin.py:190} INFO - [2025-04-17T06:11:21.954+0000] {dagbag.py:588} INFO - Filling up the DagBag from /home/airflow/.local/lib/python3.12/site-packages/airflow/example_dags/example_branch_python_dop_operator_3.py
[2025-04-17T06:11:22.052+0000] {processor.py:925} INFO - DAG(s) 'example_branch_dop_operator_v3' retrieved from /home/airflow/.local/lib/python3.12/site-packages/airflow/example_dags/example_branch_python_dop_operator_3.py
[2025-04-17T06:11:22.185+0000] {logging_mixin.py:190} INFO - [2025-04-17T06:11:22.184+0000] {dag.py:3239} INFO - Sync 1 DAGs
[2025-04-17T06:11:22.407+0000] {logging_mixin.py:190} INFO - [2025-04-17T06:11:22.406+0000] {dag.py:4180} INFO - Setting next_dagrun for example_branch_dop_operator_v3 to 2025-04-17 06:10:00+00:00, run_after=2025-04-17 06:11:00+00:00
[2025-04-17T06:11:22.484+0000] {processor.py:208} INFO - Processing /home/airflow/.local/lib/python3.12/site-packages/airflow/example_dags/example_branch_python_dop_operator_3.py took 0.594 seconds
[2025-04-17T06:11:53.191+0000] {processor.py:186} INFO - Started process (PID=227) to work on /home/airflow/.local/lib/python3.12/site-packages/airflow/example_dags/example_branch_python_dop_operator_3.py
[2025-04-17T06:11:53.192+0000] {processor.py:914} INFO - Processing file /home/airflow/.local/lib/python3.12/site-packages/airflow/example_dags/example_branch_python_dop_operator_3.py for tasks to queue
[2025-04-17T06:11:53.197+0000] {logging_mixin.py:190} INFO - [2025-04-17T06:11:53.197+0000] {dagbag.py:588} INFO - Filling up the DagBag from /home/airflow/.local/lib/python3.12/site-packages/airflow/example_dags/example_branch_python_dop_operator_3.py
[2025-04-17T06:11:53.210+0000] {processor.py:925} INFO - DAG(s) 'example_branch_dop_operator_v3' retrieved from /home/airflow/.local/lib/python3.12/site-packages/airflow/example_dags/example_branch_python_dop_operator_3.py
[2025-04-17T06:11:53.232+0000] {logging_mixin.py:190} INFO - [2025-04-17T06:11:53.232+0000] {dag.py:3239} INFO - Sync 1 DAGs
[2025-04-17T06:11:53.262+0000] {logging_mixin.py:190} INFO - [2025-04-17T06:11:53.262+0000] {dag.py:4180} INFO - Setting next_dagrun for example_branch_dop_operator_v3 to 2025-04-17 06:10:00+00:00, run_after=2025-04-17 06:11:00+00:00
[2025-04-17T06:11:53.288+0000] {processor.py:208} INFO - Processing /home/airflow/.local/lib/python3.12/site-packages/airflow/example_dags/example_branch_python_dop_operator_3.py took 0.108 seconds
[2025-04-17T06:12:23.928+0000] {processor.py:186} INFO - Started process (PID=290) to work on /home/airflow/.local/lib/python3.12/site-packages/airflow/example_dags/example_branch_python_dop_operator_3.py
[2025-04-17T06:12:23.929+0000] {processor.py:914} INFO - Processing file /home/airflow/.local/lib/python3.12/site-packages/airflow/example_dags/example_branch_python_dop_operator_3.py for tasks to queue
[2025-04-17T06:12:23.932+0000] {logging_mixin.py:190} INFO - [2025-04-17T06:12:23.931+0000] {dagbag.py:588} INFO - Filling up the DagBag from /home/airflow/.local/lib/python3.12/site-packages/airflow/example_dags/example_branch_python_dop_operator_3.py
[2025-04-17T06:12:23.946+0000] {processor.py:925} INFO - DAG(s) 'example_branch_dop_operator_v3' retrieved from /home/airflow/.local/lib/python3.12/site-packages/airflow/example_dags/example_branch_python_dop_operator_3.py
[2025-04-17T06:12:23.966+0000] {logging_mixin.py:190} INFO - [2025-04-17T06:12:23.966+0000] {dag.py:3239} INFO - Sync 1 DAGs
[2025-04-17T06:12:23.998+0000] {logging_mixin.py:190} INFO - [2025-04-17T06:12:23.998+0000] {dag.py:4180} INFO - Setting next_dagrun for example_branch_dop_operator_v3 to 2025-04-17 06:11:00+00:00, run_after=2025-04-17 06:12:00+00:00
[2025-04-17T06:12:24.026+0000] {processor.py:208} INFO - Processing /home/airflow/.local/lib/python3.12/site-packages/airflow/example_dags/example_branch_python_dop_operator_3.py took 0.108 seconds
[2025-04-17T06:12:54.100+0000] {processor.py:186} INFO - Started process (PID=353) to work on /home/airflow/.local/lib/python3.12/site-packages/airflow/example_dags/example_branch_python_dop_operator_3.py
[2025-04-17T06:12:54.101+0000] {processor.py:914} INFO - Processing file /home/airflow/.local/lib/python3.12/site-packages/airflow/example_dags/example_branch_python_dop_operator_3.py for tasks to queue
[2025-04-17T06:12:54.104+0000] {logging_mixin.py:190} INFO - [2025-04-17T06:12:54.103+0000] {dagbag.py:588} INFO - Filling up the DagBag from /home/airflow/.local/lib/python3.12/site-packages/airflow/example_dags/example_branch_python_dop_operator_3.py
[2025-04-17T06:12:54.112+0000] {processor.py:925} INFO - DAG(s) 'example_branch_dop_operator_v3' retrieved from /home/airflow/.local/lib/python3.12/site-packages/airflow/example_dags/example_branch_python_dop_operator_3.py
[2025-04-17T06:12:54.133+0000] {logging_mixin.py:190} INFO - [2025-04-17T06:12:54.133+0000] {dag.py:3239} INFO - Sync 1 DAGs
[2025-04-17T06:12:54.165+0000] {logging_mixin.py:190} INFO - [2025-04-17T06:12:54.165+0000] {dag.py:4180} INFO - Setting next_dagrun for example_branch_dop_operator_v3 to 2025-04-17 06:11:00+00:00, run_after=2025-04-17 06:12:00+00:00
[2025-04-17T06:12:54.195+0000] {processor.py:208} INFO - Processing /home/airflow/.local/lib/python3.12/site-packages/airflow/example_dags/example_branch_python_dop_operator_3.py took 0.101 seconds
[2025-04-17T06:13:24.547+0000] {processor.py:186} INFO - Started process (PID=416) to work on /home/airflow/.local/lib/python3.12/site-packages/airflow/example_dags/example_branch_python_dop_operator_3.py
[2025-04-17T06:13:24.550+0000] {processor.py:914} INFO - Processing file /home/airflow/.local/lib/python3.12/site-packages/airflow/example_dags/example_branch_python_dop_operator_3.py for tasks to queue
[2025-04-17T06:13:24.562+0000] {logging_mixin.py:190} INFO - [2025-04-17T06:13:24.561+0000] {dagbag.py:588} INFO - Filling up the DagBag from /home/airflow/.local/lib/python3.12/site-packages/airflow/example_dags/example_branch_python_dop_operator_3.py
[2025-04-17T06:13:24.597+0000] {processor.py:925} INFO - DAG(s) 'example_branch_dop_operator_v3' retrieved from /home/airflow/.local/lib/python3.12/site-packages/airflow/example_dags/example_branch_python_dop_operator_3.py
[2025-04-17T06:13:24.649+0000] {logging_mixin.py:190} INFO - [2025-04-17T06:13:24.649+0000] {dag.py:3239} INFO - Sync 1 DAGs
[2025-04-17T06:13:24.697+0000] {logging_mixin.py:190} INFO - [2025-04-17T06:13:24.696+0000] {dag.py:4180} INFO - Setting next_dagrun for example_branch_dop_operator_v3 to 2025-04-17 06:12:00+00:00, run_after=2025-04-17 06:13:00+00:00
[2025-04-17T06:13:24.733+0000] {processor.py:208} INFO - Processing /home/airflow/.local/lib/python3.12/site-packages/airflow/example_dags/example_branch_python_dop_operator_3.py took 0.198 seconds
[2025-04-17T06:14:06.510+0000] {processor.py:186} INFO - Started process (PID=472) to work on /home/airflow/.local/lib/python3.12/site-packages/airflow/example_dags/example_branch_python_dop_operator_3.py
[2025-04-17T06:14:06.512+0000] {processor.py:914} INFO - Processing file /home/airflow/.local/lib/python3.12/site-packages/airflow/example_dags/example_branch_python_dop_operator_3.py for tasks to queue
[2025-04-17T06:14:06.520+0000] {logging_mixin.py:190} INFO - [2025-04-17T06:14:06.519+0000] {dagbag.py:588} INFO - Filling up the DagBag from /home/airflow/.local/lib/python3.12/site-packages/airflow/example_dags/example_branch_python_dop_operator_3.py
[2025-04-17T06:14:06.558+0000] {processor.py:925} INFO - DAG(s) 'example_branch_dop_operator_v3' retrieved from /home/airflow/.local/lib/python3.12/site-packages/airflow/example_dags/example_branch_python_dop_operator_3.py
[2025-04-17T06:14:06.613+0000] {logging_mixin.py:190} INFO - [2025-04-17T06:14:06.613+0000] {dag.py:3239} INFO - Sync 1 DAGs
[2025-04-17T06:14:06.721+0000] {logging_mixin.py:190} INFO - [2025-04-17T06:14:06.721+0000] {dag.py:4180} INFO - Setting next_dagrun for example_branch_dop_operator_v3 to 2025-04-17 06:13:00+00:00, run_after=2025-04-17 06:14:00+00:00
[2025-04-17T06:14:06.798+0000] {processor.py:208} INFO - Processing /home/airflow/.local/lib/python3.12/site-packages/airflow/example_dags/example_branch_python_dop_operator_3.py took 0.307 seconds
[2025-04-17T06:14:38.018+0000] {processor.py:186} INFO - Started process (PID=536) to work on /home/airflow/.local/lib/python3.12/site-packages/airflow/example_dags/example_branch_python_dop_operator_3.py
[2025-04-17T06:14:38.021+0000] {processor.py:914} INFO - Processing file /home/airflow/.local/lib/python3.12/site-packages/airflow/example_dags/example_branch_python_dop_operator_3.py for tasks to queue
[2025-04-17T06:14:38.036+0000] {logging_mixin.py:190} INFO - [2025-04-17T06:14:38.034+0000] {dagbag.py:588} INFO - Filling up the DagBag from /home/airflow/.local/lib/python3.12/site-packages/airflow/example_dags/example_branch_python_dop_operator_3.py
[2025-04-17T06:14:38.127+0000] {processor.py:925} INFO - DAG(s) 'example_branch_dop_operator_v3' retrieved from /home/airflow/.local/lib/python3.12/site-packages/airflow/example_dags/example_branch_python_dop_operator_3.py
[2025-04-17T06:14:38.195+0000] {logging_mixin.py:190} INFO - [2025-04-17T06:14:38.194+0000] {dag.py:3239} INFO - Sync 1 DAGs
[2025-04-17T06:14:38.324+0000] {logging_mixin.py:190} INFO - [2025-04-17T06:14:38.323+0000] {dag.py:4180} INFO - Setting next_dagrun for example_branch_dop_operator_v3 to 2025-04-17 06:13:00+00:00, run_after=2025-04-17 06:14:00+00:00
[2025-04-17T06:14:38.422+0000] {processor.py:208} INFO - Processing /home/airflow/.local/lib/python3.12/site-packages/airflow/example_dags/example_branch_python_dop_operator_3.py took 0.428 seconds
[2025-04-17T06:15:12.154+0000] {processor.py:186} INFO - Started process (PID=599) to work on /home/airflow/.local/lib/python3.12/site-packages/airflow/example_dags/example_branch_python_dop_operator_3.py
[2025-04-17T06:15:12.195+0000] {processor.py:914} INFO - Processing file /home/airflow/.local/lib/python3.12/site-packages/airflow/example_dags/example_branch_python_dop_operator_3.py for tasks to queue
[2025-04-17T06:15:12.216+0000] {logging_mixin.py:190} INFO - [2025-04-17T06:15:12.214+0000] {dagbag.py:588} INFO - Filling up the DagBag from /home/airflow/.local/lib/python3.12/site-packages/airflow/example_dags/example_branch_python_dop_operator_3.py
[2025-04-17T06:15:12.332+0000] {processor.py:925} INFO - DAG(s) 'example_branch_dop_operator_v3' retrieved from /home/airflow/.local/lib/python3.12/site-packages/airflow/example_dags/example_branch_python_dop_operator_3.py
[2025-04-17T06:15:12.477+0000] {logging_mixin.py:190} INFO - [2025-04-17T06:15:12.477+0000] {dag.py:3239} INFO - Sync 1 DAGs
[2025-04-17T06:15:12.749+0000] {logging_mixin.py:190} INFO - [2025-04-17T06:15:12.748+0000] {dag.py:4180} INFO - Setting next_dagrun for example_branch_dop_operator_v3 to 2025-04-17 06:14:00+00:00, run_after=2025-04-17 06:15:00+00:00
[2025-04-17T06:15:14.101+0000] {processor.py:208} INFO - Processing /home/airflow/.local/lib/python3.12/site-packages/airflow/example_dags/example_branch_python_dop_operator_3.py took 1.999 seconds
[2025-04-17T06:15:44.377+0000] {processor.py:186} INFO - Started process (PID=668) to work on /home/airflow/.local/lib/python3.12/site-packages/airflow/example_dags/example_branch_python_dop_operator_3.py
[2025-04-17T06:15:44.378+0000] {processor.py:914} INFO - Processing file /home/airflow/.local/lib/python3.12/site-packages/airflow/example_dags/example_branch_python_dop_operator_3.py for tasks to queue
[2025-04-17T06:15:44.382+0000] {logging_mixin.py:190} INFO - [2025-04-17T06:15:44.381+0000] {dagbag.py:588} INFO - Filling up the DagBag from /home/airflow/.local/lib/python3.12/site-packages/airflow/example_dags/example_branch_python_dop_operator_3.py
[2025-04-17T06:15:44.396+0000] {processor.py:925} INFO - DAG(s) 'example_branch_dop_operator_v3' retrieved from /home/airflow/.local/lib/python3.12/site-packages/airflow/example_dags/example_branch_python_dop_operator_3.py
[2025-04-17T06:15:44.433+0000] {logging_mixin.py:190} INFO - [2025-04-17T06:15:44.433+0000] {dag.py:3239} INFO - Sync 1 DAGs
[2025-04-17T06:15:44.471+0000] {logging_mixin.py:190} INFO - [2025-04-17T06:15:44.471+0000] {dag.py:4180} INFO - Setting next_dagrun for example_branch_dop_operator_v3 to 2025-04-17 06:14:00+00:00, run_after=2025-04-17 06:15:00+00:00
[2025-04-17T06:15:44.506+0000] {processor.py:208} INFO - Processing /home/airflow/.local/lib/python3.12/site-packages/airflow/example_dags/example_branch_python_dop_operator_3.py took 0.142 seconds
[2025-04-17T06:16:14.816+0000] {processor.py:186} INFO - Started process (PID=731) to work on /home/airflow/.local/lib/python3.12/site-packages/airflow/example_dags/example_branch_python_dop_operator_3.py
[2025-04-17T06:16:14.818+0000] {processor.py:914} INFO - Processing file /home/airflow/.local/lib/python3.12/site-packages/airflow/example_dags/example_branch_python_dop_operator_3.py for tasks to queue
[2025-04-17T06:16:14.822+0000] {logging_mixin.py:190} INFO - [2025-04-17T06:16:14.822+0000] {dagbag.py:588} INFO - Filling up the DagBag from /home/airflow/.local/lib/python3.12/site-packages/airflow/example_dags/example_branch_python_dop_operator_3.py
[2025-04-17T06:16:14.836+0000] {processor.py:925} INFO - DAG(s) 'example_branch_dop_operator_v3' retrieved from /home/airflow/.local/lib/python3.12/site-packages/airflow/example_dags/example_branch_python_dop_operator_3.py
[2025-04-17T06:16:14.858+0000] {logging_mixin.py:190} INFO - [2025-04-17T06:16:14.857+0000] {dag.py:3239} INFO - Sync 1 DAGs
[2025-04-17T06:16:14.881+0000] {logging_mixin.py:190} INFO - [2025-04-17T06:16:14.881+0000] {dag.py:4180} INFO - Setting next_dagrun for example_branch_dop_operator_v3 to 2025-04-17 06:15:00+00:00, run_after=2025-04-17 06:16:00+00:00
[2025-04-17T06:16:14.907+0000] {processor.py:208} INFO - Processing /home/airflow/.local/lib/python3.12/site-packages/airflow/example_dags/example_branch_python_dop_operator_3.py took 0.100 seconds
[2025-04-17T06:16:45.026+0000] {processor.py:186} INFO - Started process (PID=794) to work on /home/airflow/.local/lib/python3.12/site-packages/airflow/example_dags/example_branch_python_dop_operator_3.py
[2025-04-17T06:16:45.028+0000] {processor.py:914} INFO - Processing file /home/airflow/.local/lib/python3.12/site-packages/airflow/example_dags/example_branch_python_dop_operator_3.py for tasks to queue
[2025-04-17T06:16:45.034+0000] {logging_mixin.py:190} INFO - [2025-04-17T06:16:45.033+0000] {dagbag.py:588} INFO - Filling up the DagBag from /home/airflow/.local/lib/python3.12/site-packages/airflow/example_dags/example_branch_python_dop_operator_3.py
[2025-04-17T06:16:45.055+0000] {processor.py:925} INFO - DAG(s) 'example_branch_dop_operator_v3' retrieved from /home/airflow/.local/lib/python3.12/site-packages/airflow/example_dags/example_branch_python_dop_operator_3.py
[2025-04-17T06:16:45.106+0000] {logging_mixin.py:190} INFO - [2025-04-17T06:16:45.106+0000] {dag.py:3239} INFO - Sync 1 DAGs
[2025-04-17T06:16:45.132+0000] {logging_mixin.py:190} INFO - [2025-04-17T06:16:45.132+0000] {dag.py:4180} INFO - Setting next_dagrun for example_branch_dop_operator_v3 to 2025-04-17 06:15:00+00:00, run_after=2025-04-17 06:16:00+00:00
[2025-04-17T06:16:45.152+0000] {processor.py:208} INFO - Processing /home/airflow/.local/lib/python3.12/site-packages/airflow/example_dags/example_branch_python_dop_operator_3.py took 0.137 seconds
