[2025-04-17T05:57:05.033+0000] {processor.py:186} INFO - Started process (PID=132) to work on /home/airflow/.local/lib/python3.12/site-packages/airflow/example_dags/example_python_decorator.py
[2025-04-17T05:57:05.035+0000] {processor.py:914} INFO - Processing file /home/airflow/.local/lib/python3.12/site-packages/airflow/example_dags/example_python_decorator.py for tasks to queue
[2025-04-17T05:57:05.041+0000] {logging_mixin.py:190} INFO - [2025-04-17T05:57:05.040+0000] {dagbag.py:588} INFO - Filling up the DagBag from /home/airflow/.local/lib/python3.12/site-packages/airflow/example_dags/example_python_decorator.py
[2025-04-17T05:57:05.065+0000] {processor.py:925} INFO - DAG(s) 'example_python_decorator' retrieved from /home/airflow/.local/lib/python3.12/site-packages/airflow/example_dags/example_python_decorator.py
[2025-04-17T05:57:05.291+0000] {logging_mixin.py:190} INFO - [2025-04-17T05:57:05.288+0000] {override.py:1912} INFO - Created Permission View: can delete on DAG:example_python_decorator
[2025-04-17T05:57:05.320+0000] {logging_mixin.py:190} INFO - [2025-04-17T05:57:05.320+0000] {override.py:1912} INFO - Created Permission View: can edit on DAG:example_python_decorator
[2025-04-17T05:57:05.341+0000] {logging_mixin.py:190} INFO - [2025-04-17T05:57:05.340+0000] {override.py:1912} INFO - Created Permission View: can read on DAG:example_python_decorator
[2025-04-17T05:57:05.365+0000] {logging_mixin.py:190} INFO - [2025-04-17T05:57:05.365+0000] {override.py:1912} INFO - Created Permission View: can delete on DAG Run:example_python_decorator
[2025-04-17T05:57:05.385+0000] {logging_mixin.py:190} INFO - [2025-04-17T05:57:05.385+0000] {override.py:1912} INFO - Created Permission View: can read on DAG Run:example_python_decorator
[2025-04-17T05:57:05.403+0000] {logging_mixin.py:190} INFO - [2025-04-17T05:57:05.402+0000] {override.py:1912} INFO - Created Permission View: can create on DAG Run:example_python_decorator
[2025-04-17T05:57:05.425+0000] {logging_mixin.py:190} INFO - [2025-04-17T05:57:05.424+0000] {override.py:1912} INFO - Created Permission View: menu access on DAG Run:example_python_decorator
[2025-04-17T05:57:05.427+0000] {logging_mixin.py:190} INFO - [2025-04-17T05:57:05.426+0000] {dag.py:3239} INFO - Sync 1 DAGs
[2025-04-17T05:57:05.449+0000] {logging_mixin.py:190} INFO - [2025-04-17T05:57:05.448+0000] {dag.py:3262} INFO - Creating ORM DAG for example_python_decorator
[2025-04-17T05:57:05.451+0000] {logging_mixin.py:190} INFO - [2025-04-17T05:57:05.451+0000] {dag.py:4180} INFO - Setting next_dagrun for example_python_decorator to None, run_after=None
[2025-04-17T05:57:05.494+0000] {processor.py:208} INFO - Processing /home/airflow/.local/lib/python3.12/site-packages/airflow/example_dags/example_python_decorator.py took 0.474 seconds
[2025-04-17T05:57:35.922+0000] {processor.py:186} INFO - Started process (PID=194) to work on /home/airflow/.local/lib/python3.12/site-packages/airflow/example_dags/example_python_decorator.py
[2025-04-17T05:57:35.923+0000] {processor.py:914} INFO - Processing file /home/airflow/.local/lib/python3.12/site-packages/airflow/example_dags/example_python_decorator.py for tasks to queue
[2025-04-17T05:57:35.927+0000] {logging_mixin.py:190} INFO - [2025-04-17T05:57:35.927+0000] {dagbag.py:588} INFO - Filling up the DagBag from /home/airflow/.local/lib/python3.12/site-packages/airflow/example_dags/example_python_decorator.py
[2025-04-17T05:57:35.943+0000] {processor.py:925} INFO - DAG(s) 'example_python_decorator' retrieved from /home/airflow/.local/lib/python3.12/site-packages/airflow/example_dags/example_python_decorator.py
[2025-04-17T05:57:35.965+0000] {logging_mixin.py:190} INFO - [2025-04-17T05:57:35.964+0000] {dag.py:3239} INFO - Sync 1 DAGs
[2025-04-17T05:57:35.980+0000] {logging_mixin.py:190} INFO - [2025-04-17T05:57:35.979+0000] {dag.py:4180} INFO - Setting next_dagrun for example_python_decorator to None, run_after=None
[2025-04-17T05:57:36.007+0000] {processor.py:208} INFO - Processing /home/airflow/.local/lib/python3.12/site-packages/airflow/example_dags/example_python_decorator.py took 0.093 seconds
[2025-04-17T05:58:06.966+0000] {processor.py:186} INFO - Started process (PID=257) to work on /home/airflow/.local/lib/python3.12/site-packages/airflow/example_dags/example_python_decorator.py
[2025-04-17T05:58:06.968+0000] {processor.py:914} INFO - Processing file /home/airflow/.local/lib/python3.12/site-packages/airflow/example_dags/example_python_decorator.py for tasks to queue
[2025-04-17T05:58:06.970+0000] {logging_mixin.py:190} INFO - [2025-04-17T05:58:06.970+0000] {dagbag.py:588} INFO - Filling up the DagBag from /home/airflow/.local/lib/python3.12/site-packages/airflow/example_dags/example_python_decorator.py
[2025-04-17T05:58:06.986+0000] {processor.py:925} INFO - DAG(s) 'example_python_decorator' retrieved from /home/airflow/.local/lib/python3.12/site-packages/airflow/example_dags/example_python_decorator.py
[2025-04-17T05:58:07.017+0000] {logging_mixin.py:190} INFO - [2025-04-17T05:58:07.016+0000] {dag.py:3239} INFO - Sync 1 DAGs
[2025-04-17T05:58:07.039+0000] {logging_mixin.py:190} INFO - [2025-04-17T05:58:07.039+0000] {dag.py:4180} INFO - Setting next_dagrun for example_python_decorator to None, run_after=None
[2025-04-17T05:58:07.070+0000] {processor.py:208} INFO - Processing /home/airflow/.local/lib/python3.12/site-packages/airflow/example_dags/example_python_decorator.py took 0.110 seconds
[2025-04-17T05:58:37.186+0000] {processor.py:186} INFO - Started process (PID=319) to work on /home/airflow/.local/lib/python3.12/site-packages/airflow/example_dags/example_python_decorator.py
[2025-04-17T05:58:37.188+0000] {processor.py:914} INFO - Processing file /home/airflow/.local/lib/python3.12/site-packages/airflow/example_dags/example_python_decorator.py for tasks to queue
[2025-04-17T05:58:37.194+0000] {logging_mixin.py:190} INFO - [2025-04-17T05:58:37.193+0000] {dagbag.py:588} INFO - Filling up the DagBag from /home/airflow/.local/lib/python3.12/site-packages/airflow/example_dags/example_python_decorator.py
[2025-04-17T05:58:37.218+0000] {processor.py:925} INFO - DAG(s) 'example_python_decorator' retrieved from /home/airflow/.local/lib/python3.12/site-packages/airflow/example_dags/example_python_decorator.py
[2025-04-17T05:58:37.262+0000] {logging_mixin.py:190} INFO - [2025-04-17T05:58:37.262+0000] {dag.py:3239} INFO - Sync 1 DAGs
[2025-04-17T05:58:37.289+0000] {logging_mixin.py:190} INFO - [2025-04-17T05:58:37.288+0000] {dag.py:4180} INFO - Setting next_dagrun for example_python_decorator to None, run_after=None
[2025-04-17T05:58:37.327+0000] {processor.py:208} INFO - Processing /home/airflow/.local/lib/python3.12/site-packages/airflow/example_dags/example_python_decorator.py took 0.149 seconds
[2025-04-17T05:59:07.715+0000] {processor.py:186} INFO - Started process (PID=382) to work on /home/airflow/.local/lib/python3.12/site-packages/airflow/example_dags/example_python_decorator.py
[2025-04-17T05:59:07.719+0000] {processor.py:914} INFO - Processing file /home/airflow/.local/lib/python3.12/site-packages/airflow/example_dags/example_python_decorator.py for tasks to queue
[2025-04-17T05:59:07.728+0000] {logging_mixin.py:190} INFO - [2025-04-17T05:59:07.725+0000] {dagbag.py:588} INFO - Filling up the DagBag from /home/airflow/.local/lib/python3.12/site-packages/airflow/example_dags/example_python_decorator.py
[2025-04-17T05:59:07.759+0000] {processor.py:925} INFO - DAG(s) 'example_python_decorator' retrieved from /home/airflow/.local/lib/python3.12/site-packages/airflow/example_dags/example_python_decorator.py
[2025-04-17T05:59:07.784+0000] {logging_mixin.py:190} INFO - [2025-04-17T05:59:07.784+0000] {dag.py:3239} INFO - Sync 1 DAGs
[2025-04-17T05:59:07.800+0000] {logging_mixin.py:190} INFO - [2025-04-17T05:59:07.800+0000] {dag.py:4180} INFO - Setting next_dagrun for example_python_decorator to None, run_after=None
[2025-04-17T05:59:07.826+0000] {processor.py:208} INFO - Processing /home/airflow/.local/lib/python3.12/site-packages/airflow/example_dags/example_python_decorator.py took 0.127 seconds
[2025-04-17T05:59:39.993+0000] {processor.py:186} INFO - Started process (PID=445) to work on /home/airflow/.local/lib/python3.12/site-packages/airflow/example_dags/example_python_decorator.py
[2025-04-17T05:59:39.996+0000] {processor.py:914} INFO - Processing file /home/airflow/.local/lib/python3.12/site-packages/airflow/example_dags/example_python_decorator.py for tasks to queue
[2025-04-17T05:59:40.000+0000] {logging_mixin.py:190} INFO - [2025-04-17T05:59:39.999+0000] {dagbag.py:588} INFO - Filling up the DagBag from /home/airflow/.local/lib/python3.12/site-packages/airflow/example_dags/example_python_decorator.py
[2025-04-17T05:59:40.020+0000] {processor.py:925} INFO - DAG(s) 'example_python_decorator' retrieved from /home/airflow/.local/lib/python3.12/site-packages/airflow/example_dags/example_python_decorator.py
[2025-04-17T05:59:40.065+0000] {logging_mixin.py:190} INFO - [2025-04-17T05:59:40.064+0000] {dag.py:3239} INFO - Sync 1 DAGs
[2025-04-17T05:59:40.093+0000] {logging_mixin.py:190} INFO - [2025-04-17T05:59:40.092+0000] {dag.py:4180} INFO - Setting next_dagrun for example_python_decorator to None, run_after=None
[2025-04-17T05:59:40.133+0000] {processor.py:208} INFO - Processing /home/airflow/.local/lib/python3.12/site-packages/airflow/example_dags/example_python_decorator.py took 0.153 seconds
[2025-04-17T06:00:11.209+0000] {processor.py:186} INFO - Started process (PID=508) to work on /home/airflow/.local/lib/python3.12/site-packages/airflow/example_dags/example_python_decorator.py
[2025-04-17T06:00:11.210+0000] {processor.py:914} INFO - Processing file /home/airflow/.local/lib/python3.12/site-packages/airflow/example_dags/example_python_decorator.py for tasks to queue
[2025-04-17T06:00:11.214+0000] {logging_mixin.py:190} INFO - [2025-04-17T06:00:11.213+0000] {dagbag.py:588} INFO - Filling up the DagBag from /home/airflow/.local/lib/python3.12/site-packages/airflow/example_dags/example_python_decorator.py
[2025-04-17T06:00:11.228+0000] {processor.py:925} INFO - DAG(s) 'example_python_decorator' retrieved from /home/airflow/.local/lib/python3.12/site-packages/airflow/example_dags/example_python_decorator.py
[2025-04-17T06:00:11.256+0000] {logging_mixin.py:190} INFO - [2025-04-17T06:00:11.256+0000] {dag.py:3239} INFO - Sync 1 DAGs
[2025-04-17T06:00:11.273+0000] {logging_mixin.py:190} INFO - [2025-04-17T06:00:11.273+0000] {dag.py:4180} INFO - Setting next_dagrun for example_python_decorator to None, run_after=None
[2025-04-17T06:00:11.309+0000] {processor.py:208} INFO - Processing /home/airflow/.local/lib/python3.12/site-packages/airflow/example_dags/example_python_decorator.py took 0.107 seconds
[2025-04-17T06:00:41.717+0000] {processor.py:186} INFO - Started process (PID=571) to work on /home/airflow/.local/lib/python3.12/site-packages/airflow/example_dags/example_python_decorator.py
[2025-04-17T06:00:41.720+0000] {processor.py:914} INFO - Processing file /home/airflow/.local/lib/python3.12/site-packages/airflow/example_dags/example_python_decorator.py for tasks to queue
[2025-04-17T06:00:41.724+0000] {logging_mixin.py:190} INFO - [2025-04-17T06:00:41.724+0000] {dagbag.py:588} INFO - Filling up the DagBag from /home/airflow/.local/lib/python3.12/site-packages/airflow/example_dags/example_python_decorator.py
[2025-04-17T06:00:41.740+0000] {processor.py:925} INFO - DAG(s) 'example_python_decorator' retrieved from /home/airflow/.local/lib/python3.12/site-packages/airflow/example_dags/example_python_decorator.py
[2025-04-17T06:00:41.766+0000] {logging_mixin.py:190} INFO - [2025-04-17T06:00:41.766+0000] {dag.py:3239} INFO - Sync 1 DAGs
[2025-04-17T06:00:41.783+0000] {logging_mixin.py:190} INFO - [2025-04-17T06:00:41.783+0000] {dag.py:4180} INFO - Setting next_dagrun for example_python_decorator to None, run_after=None
[2025-04-17T06:00:41.811+0000] {processor.py:208} INFO - Processing /home/airflow/.local/lib/python3.12/site-packages/airflow/example_dags/example_python_decorator.py took 0.104 seconds
[2025-04-17T06:01:14.165+0000] {processor.py:186} INFO - Started process (PID=643) to work on /home/airflow/.local/lib/python3.12/site-packages/airflow/example_dags/example_python_decorator.py
[2025-04-17T06:01:14.166+0000] {processor.py:914} INFO - Processing file /home/airflow/.local/lib/python3.12/site-packages/airflow/example_dags/example_python_decorator.py for tasks to queue
[2025-04-17T06:01:14.169+0000] {logging_mixin.py:190} INFO - [2025-04-17T06:01:14.168+0000] {dagbag.py:588} INFO - Filling up the DagBag from /home/airflow/.local/lib/python3.12/site-packages/airflow/example_dags/example_python_decorator.py
[2025-04-17T06:01:14.181+0000] {processor.py:925} INFO - DAG(s) 'example_python_decorator' retrieved from /home/airflow/.local/lib/python3.12/site-packages/airflow/example_dags/example_python_decorator.py
[2025-04-17T06:01:14.207+0000] {logging_mixin.py:190} INFO - [2025-04-17T06:01:14.207+0000] {dag.py:3239} INFO - Sync 1 DAGs
[2025-04-17T06:01:14.227+0000] {logging_mixin.py:190} INFO - [2025-04-17T06:01:14.226+0000] {dag.py:4180} INFO - Setting next_dagrun for example_python_decorator to None, run_after=None
[2025-04-17T06:01:14.257+0000] {processor.py:208} INFO - Processing /home/airflow/.local/lib/python3.12/site-packages/airflow/example_dags/example_python_decorator.py took 0.098 seconds
[2025-04-17T06:01:48.321+0000] {processor.py:186} INFO - Started process (PID=709) to work on /home/airflow/.local/lib/python3.12/site-packages/airflow/example_dags/example_python_decorator.py
[2025-04-17T06:01:48.323+0000] {processor.py:914} INFO - Processing file /home/airflow/.local/lib/python3.12/site-packages/airflow/example_dags/example_python_decorator.py for tasks to queue
[2025-04-17T06:01:48.325+0000] {logging_mixin.py:190} INFO - [2025-04-17T06:01:48.325+0000] {dagbag.py:588} INFO - Filling up the DagBag from /home/airflow/.local/lib/python3.12/site-packages/airflow/example_dags/example_python_decorator.py
[2025-04-17T06:01:48.344+0000] {processor.py:925} INFO - DAG(s) 'example_python_decorator' retrieved from /home/airflow/.local/lib/python3.12/site-packages/airflow/example_dags/example_python_decorator.py
[2025-04-17T06:01:48.375+0000] {logging_mixin.py:190} INFO - [2025-04-17T06:01:48.374+0000] {dag.py:3239} INFO - Sync 1 DAGs
[2025-04-17T06:01:48.396+0000] {logging_mixin.py:190} INFO - [2025-04-17T06:01:48.395+0000] {dag.py:4180} INFO - Setting next_dagrun for example_python_decorator to None, run_after=None
[2025-04-17T06:01:48.419+0000] {processor.py:208} INFO - Processing /home/airflow/.local/lib/python3.12/site-packages/airflow/example_dags/example_python_decorator.py took 0.106 seconds
[2025-04-17T06:02:19.864+0000] {processor.py:186} INFO - Started process (PID=774) to work on /home/airflow/.local/lib/python3.12/site-packages/airflow/example_dags/example_python_decorator.py
[2025-04-17T06:02:19.866+0000] {processor.py:914} INFO - Processing file /home/airflow/.local/lib/python3.12/site-packages/airflow/example_dags/example_python_decorator.py for tasks to queue
[2025-04-17T06:02:19.869+0000] {logging_mixin.py:190} INFO - [2025-04-17T06:02:19.868+0000] {dagbag.py:588} INFO - Filling up the DagBag from /home/airflow/.local/lib/python3.12/site-packages/airflow/example_dags/example_python_decorator.py
[2025-04-17T06:02:19.884+0000] {processor.py:925} INFO - DAG(s) 'example_python_decorator' retrieved from /home/airflow/.local/lib/python3.12/site-packages/airflow/example_dags/example_python_decorator.py
[2025-04-17T06:02:19.912+0000] {logging_mixin.py:190} INFO - [2025-04-17T06:02:19.912+0000] {dag.py:3239} INFO - Sync 1 DAGs
[2025-04-17T06:02:19.932+0000] {logging_mixin.py:190} INFO - [2025-04-17T06:02:19.931+0000] {dag.py:4180} INFO - Setting next_dagrun for example_python_decorator to None, run_after=None
[2025-04-17T06:02:19.964+0000] {processor.py:208} INFO - Processing /home/airflow/.local/lib/python3.12/site-packages/airflow/example_dags/example_python_decorator.py took 0.107 seconds
[2025-04-17T06:02:51.700+0000] {processor.py:186} INFO - Started process (PID=839) to work on /home/airflow/.local/lib/python3.12/site-packages/airflow/example_dags/example_python_decorator.py
[2025-04-17T06:02:51.703+0000] {processor.py:914} INFO - Processing file /home/airflow/.local/lib/python3.12/site-packages/airflow/example_dags/example_python_decorator.py for tasks to queue
[2025-04-17T06:02:51.707+0000] {logging_mixin.py:190} INFO - [2025-04-17T06:02:51.706+0000] {dagbag.py:588} INFO - Filling up the DagBag from /home/airflow/.local/lib/python3.12/site-packages/airflow/example_dags/example_python_decorator.py
[2025-04-17T06:02:51.756+0000] {processor.py:925} INFO - DAG(s) 'example_python_decorator' retrieved from /home/airflow/.local/lib/python3.12/site-packages/airflow/example_dags/example_python_decorator.py
[2025-04-17T06:02:51.825+0000] {logging_mixin.py:190} INFO - [2025-04-17T06:02:51.824+0000] {dag.py:3239} INFO - Sync 1 DAGs
[2025-04-17T06:02:51.838+0000] {logging_mixin.py:190} INFO - [2025-04-17T06:02:51.838+0000] {dag.py:4180} INFO - Setting next_dagrun for example_python_decorator to None, run_after=None
[2025-04-17T06:02:51.857+0000] {processor.py:208} INFO - Processing /home/airflow/.local/lib/python3.12/site-packages/airflow/example_dags/example_python_decorator.py took 0.173 seconds
[2025-04-17T06:03:22.812+0000] {processor.py:186} INFO - Started process (PID=901) to work on /home/airflow/.local/lib/python3.12/site-packages/airflow/example_dags/example_python_decorator.py
[2025-04-17T06:03:22.814+0000] {processor.py:914} INFO - Processing file /home/airflow/.local/lib/python3.12/site-packages/airflow/example_dags/example_python_decorator.py for tasks to queue
[2025-04-17T06:03:22.818+0000] {logging_mixin.py:190} INFO - [2025-04-17T06:03:22.818+0000] {dagbag.py:588} INFO - Filling up the DagBag from /home/airflow/.local/lib/python3.12/site-packages/airflow/example_dags/example_python_decorator.py
[2025-04-17T06:03:22.838+0000] {processor.py:925} INFO - DAG(s) 'example_python_decorator' retrieved from /home/airflow/.local/lib/python3.12/site-packages/airflow/example_dags/example_python_decorator.py
[2025-04-17T06:03:22.865+0000] {logging_mixin.py:190} INFO - [2025-04-17T06:03:22.865+0000] {dag.py:3239} INFO - Sync 1 DAGs
[2025-04-17T06:03:22.877+0000] {logging_mixin.py:190} INFO - [2025-04-17T06:03:22.877+0000] {dag.py:4180} INFO - Setting next_dagrun for example_python_decorator to None, run_after=None
[2025-04-17T06:03:22.896+0000] {processor.py:208} INFO - Processing /home/airflow/.local/lib/python3.12/site-packages/airflow/example_dags/example_python_decorator.py took 0.097 seconds
[2025-04-17T06:11:04.231+0000] {processor.py:186} INFO - Started process (PID=134) to work on /home/airflow/.local/lib/python3.12/site-packages/airflow/example_dags/example_python_decorator.py
[2025-04-17T06:11:04.234+0000] {processor.py:914} INFO - Processing file /home/airflow/.local/lib/python3.12/site-packages/airflow/example_dags/example_python_decorator.py for tasks to queue
[2025-04-17T06:11:04.241+0000] {logging_mixin.py:190} INFO - [2025-04-17T06:11:04.240+0000] {dagbag.py:588} INFO - Filling up the DagBag from /home/airflow/.local/lib/python3.12/site-packages/airflow/example_dags/example_python_decorator.py
[2025-04-17T06:11:04.275+0000] {processor.py:925} INFO - DAG(s) 'example_python_decorator' retrieved from /home/airflow/.local/lib/python3.12/site-packages/airflow/example_dags/example_python_decorator.py
[2025-04-17T06:11:04.529+0000] {logging_mixin.py:190} INFO - [2025-04-17T06:11:04.528+0000] {dag.py:3239} INFO - Sync 1 DAGs
[2025-04-17T06:11:04.558+0000] {logging_mixin.py:190} INFO - [2025-04-17T06:11:04.558+0000] {dag.py:4180} INFO - Setting next_dagrun for example_python_decorator to None, run_after=None
[2025-04-17T06:11:04.607+0000] {processor.py:208} INFO - Processing /home/airflow/.local/lib/python3.12/site-packages/airflow/example_dags/example_python_decorator.py took 0.395 seconds
[2025-04-17T06:11:34.719+0000] {processor.py:186} INFO - Started process (PID=196) to work on /home/airflow/.local/lib/python3.12/site-packages/airflow/example_dags/example_python_decorator.py
[2025-04-17T06:11:34.721+0000] {processor.py:914} INFO - Processing file /home/airflow/.local/lib/python3.12/site-packages/airflow/example_dags/example_python_decorator.py for tasks to queue
[2025-04-17T06:11:34.724+0000] {logging_mixin.py:190} INFO - [2025-04-17T06:11:34.723+0000] {dagbag.py:588} INFO - Filling up the DagBag from /home/airflow/.local/lib/python3.12/site-packages/airflow/example_dags/example_python_decorator.py
[2025-04-17T06:11:34.742+0000] {processor.py:925} INFO - DAG(s) 'example_python_decorator' retrieved from /home/airflow/.local/lib/python3.12/site-packages/airflow/example_dags/example_python_decorator.py
[2025-04-17T06:11:34.782+0000] {logging_mixin.py:190} INFO - [2025-04-17T06:11:34.781+0000] {dag.py:3239} INFO - Sync 1 DAGs
[2025-04-17T06:11:34.804+0000] {logging_mixin.py:190} INFO - [2025-04-17T06:11:34.803+0000] {dag.py:4180} INFO - Setting next_dagrun for example_python_decorator to None, run_after=None
[2025-04-17T06:11:34.846+0000] {processor.py:208} INFO - Processing /home/airflow/.local/lib/python3.12/site-packages/airflow/example_dags/example_python_decorator.py took 0.133 seconds
[2025-04-17T06:12:08.269+0000] {processor.py:186} INFO - Started process (PID=258) to work on /home/airflow/.local/lib/python3.12/site-packages/airflow/example_dags/example_python_decorator.py
[2025-04-17T06:12:08.272+0000] {processor.py:914} INFO - Processing file /home/airflow/.local/lib/python3.12/site-packages/airflow/example_dags/example_python_decorator.py for tasks to queue
[2025-04-17T06:12:08.279+0000] {logging_mixin.py:190} INFO - [2025-04-17T06:12:08.279+0000] {dagbag.py:588} INFO - Filling up the DagBag from /home/airflow/.local/lib/python3.12/site-packages/airflow/example_dags/example_python_decorator.py
[2025-04-17T06:12:08.296+0000] {processor.py:925} INFO - DAG(s) 'example_python_decorator' retrieved from /home/airflow/.local/lib/python3.12/site-packages/airflow/example_dags/example_python_decorator.py
[2025-04-17T06:12:08.329+0000] {logging_mixin.py:190} INFO - [2025-04-17T06:12:08.329+0000] {dag.py:3239} INFO - Sync 1 DAGs
[2025-04-17T06:12:08.350+0000] {logging_mixin.py:190} INFO - [2025-04-17T06:12:08.350+0000] {dag.py:4180} INFO - Setting next_dagrun for example_python_decorator to None, run_after=None
[2025-04-17T06:12:08.380+0000] {processor.py:208} INFO - Processing /home/airflow/.local/lib/python3.12/site-packages/airflow/example_dags/example_python_decorator.py took 0.118 seconds
[2025-04-17T06:12:40.705+0000] {processor.py:186} INFO - Started process (PID=322) to work on /home/airflow/.local/lib/python3.12/site-packages/airflow/example_dags/example_python_decorator.py
[2025-04-17T06:12:40.708+0000] {processor.py:914} INFO - Processing file /home/airflow/.local/lib/python3.12/site-packages/airflow/example_dags/example_python_decorator.py for tasks to queue
[2025-04-17T06:12:40.716+0000] {logging_mixin.py:190} INFO - [2025-04-17T06:12:40.715+0000] {dagbag.py:588} INFO - Filling up the DagBag from /home/airflow/.local/lib/python3.12/site-packages/airflow/example_dags/example_python_decorator.py
[2025-04-17T06:12:40.757+0000] {processor.py:925} INFO - DAG(s) 'example_python_decorator' retrieved from /home/airflow/.local/lib/python3.12/site-packages/airflow/example_dags/example_python_decorator.py
[2025-04-17T06:12:40.814+0000] {logging_mixin.py:190} INFO - [2025-04-17T06:12:40.813+0000] {dag.py:3239} INFO - Sync 1 DAGs
[2025-04-17T06:12:40.854+0000] {logging_mixin.py:190} INFO - [2025-04-17T06:12:40.854+0000] {dag.py:4180} INFO - Setting next_dagrun for example_python_decorator to None, run_after=None
[2025-04-17T06:12:40.908+0000] {processor.py:208} INFO - Processing /home/airflow/.local/lib/python3.12/site-packages/airflow/example_dags/example_python_decorator.py took 0.220 seconds
[2025-04-17T06:13:11.460+0000] {processor.py:186} INFO - Started process (PID=390) to work on /home/airflow/.local/lib/python3.12/site-packages/airflow/example_dags/example_python_decorator.py
[2025-04-17T06:13:11.462+0000] {processor.py:914} INFO - Processing file /home/airflow/.local/lib/python3.12/site-packages/airflow/example_dags/example_python_decorator.py for tasks to queue
[2025-04-17T06:13:11.468+0000] {logging_mixin.py:190} INFO - [2025-04-17T06:13:11.467+0000] {dagbag.py:588} INFO - Filling up the DagBag from /home/airflow/.local/lib/python3.12/site-packages/airflow/example_dags/example_python_decorator.py
[2025-04-17T06:13:11.506+0000] {processor.py:925} INFO - DAG(s) 'example_python_decorator' retrieved from /home/airflow/.local/lib/python3.12/site-packages/airflow/example_dags/example_python_decorator.py
[2025-04-17T06:13:11.570+0000] {logging_mixin.py:190} INFO - [2025-04-17T06:13:11.569+0000] {dag.py:3239} INFO - Sync 1 DAGs
[2025-04-17T06:13:11.615+0000] {logging_mixin.py:190} INFO - [2025-04-17T06:13:11.614+0000] {dag.py:4180} INFO - Setting next_dagrun for example_python_decorator to None, run_after=None
[2025-04-17T06:13:11.662+0000] {processor.py:208} INFO - Processing /home/airflow/.local/lib/python3.12/site-packages/airflow/example_dags/example_python_decorator.py took 0.216 seconds
[2025-04-17T06:13:54.244+0000] {processor.py:186} INFO - Started process (PID=452) to work on /home/airflow/.local/lib/python3.12/site-packages/airflow/example_dags/example_python_decorator.py
[2025-04-17T06:13:54.247+0000] {processor.py:914} INFO - Processing file /home/airflow/.local/lib/python3.12/site-packages/airflow/example_dags/example_python_decorator.py for tasks to queue
[2025-04-17T06:13:54.261+0000] {logging_mixin.py:190} INFO - [2025-04-17T06:13:54.260+0000] {dagbag.py:588} INFO - Filling up the DagBag from /home/airflow/.local/lib/python3.12/site-packages/airflow/example_dags/example_python_decorator.py
[2025-04-17T06:13:54.355+0000] {processor.py:925} INFO - DAG(s) 'example_python_decorator' retrieved from /home/airflow/.local/lib/python3.12/site-packages/airflow/example_dags/example_python_decorator.py
[2025-04-17T06:13:54.541+0000] {logging_mixin.py:190} INFO - [2025-04-17T06:13:54.540+0000] {dag.py:3239} INFO - Sync 1 DAGs
[2025-04-17T06:13:54.729+0000] {logging_mixin.py:190} INFO - [2025-04-17T06:13:54.728+0000] {dag.py:4180} INFO - Setting next_dagrun for example_python_decorator to None, run_after=None
[2025-04-17T06:13:58.579+0000] {processor.py:208} INFO - Processing /home/airflow/.local/lib/python3.12/site-packages/airflow/example_dags/example_python_decorator.py took 4.364 seconds
[2025-04-17T06:14:29.557+0000] {processor.py:186} INFO - Started process (PID=516) to work on /home/airflow/.local/lib/python3.12/site-packages/airflow/example_dags/example_python_decorator.py
[2025-04-17T06:14:29.561+0000] {processor.py:914} INFO - Processing file /home/airflow/.local/lib/python3.12/site-packages/airflow/example_dags/example_python_decorator.py for tasks to queue
[2025-04-17T06:14:29.571+0000] {logging_mixin.py:190} INFO - [2025-04-17T06:14:29.567+0000] {dagbag.py:588} INFO - Filling up the DagBag from /home/airflow/.local/lib/python3.12/site-packages/airflow/example_dags/example_python_decorator.py
[2025-04-17T06:14:29.672+0000] {processor.py:925} INFO - DAG(s) 'example_python_decorator' retrieved from /home/airflow/.local/lib/python3.12/site-packages/airflow/example_dags/example_python_decorator.py
[2025-04-17T06:14:29.888+0000] {logging_mixin.py:190} INFO - [2025-04-17T06:14:29.887+0000] {dag.py:3239} INFO - Sync 1 DAGs
[2025-04-17T06:14:30.019+0000] {logging_mixin.py:190} INFO - [2025-04-17T06:14:30.018+0000] {dag.py:4180} INFO - Setting next_dagrun for example_python_decorator to None, run_after=None
[2025-04-17T06:14:30.197+0000] {processor.py:208} INFO - Processing /home/airflow/.local/lib/python3.12/site-packages/airflow/example_dags/example_python_decorator.py took 0.664 seconds
[2025-04-17T06:15:00.757+0000] {processor.py:186} INFO - Started process (PID=579) to work on /home/airflow/.local/lib/python3.12/site-packages/airflow/example_dags/example_python_decorator.py
[2025-04-17T06:15:00.770+0000] {processor.py:914} INFO - Processing file /home/airflow/.local/lib/python3.12/site-packages/airflow/example_dags/example_python_decorator.py for tasks to queue
[2025-04-17T06:15:00.785+0000] {logging_mixin.py:190} INFO - [2025-04-17T06:15:00.775+0000] {dagbag.py:588} INFO - Filling up the DagBag from /home/airflow/.local/lib/python3.12/site-packages/airflow/example_dags/example_python_decorator.py
[2025-04-17T06:15:00.869+0000] {processor.py:925} INFO - DAG(s) 'example_python_decorator' retrieved from /home/airflow/.local/lib/python3.12/site-packages/airflow/example_dags/example_python_decorator.py
[2025-04-17T06:15:01.027+0000] {logging_mixin.py:190} INFO - [2025-04-17T06:15:01.027+0000] {dag.py:3239} INFO - Sync 1 DAGs
[2025-04-17T06:15:01.139+0000] {logging_mixin.py:190} INFO - [2025-04-17T06:15:01.138+0000] {dag.py:4180} INFO - Setting next_dagrun for example_python_decorator to None, run_after=None
[2025-04-17T06:15:01.308+0000] {processor.py:208} INFO - Processing /home/airflow/.local/lib/python3.12/site-packages/airflow/example_dags/example_python_decorator.py took 0.573 seconds
[2025-04-17T06:15:31.475+0000] {processor.py:186} INFO - Started process (PID=642) to work on /home/airflow/.local/lib/python3.12/site-packages/airflow/example_dags/example_python_decorator.py
[2025-04-17T06:15:31.489+0000] {processor.py:914} INFO - Processing file /home/airflow/.local/lib/python3.12/site-packages/airflow/example_dags/example_python_decorator.py for tasks to queue
[2025-04-17T06:15:31.496+0000] {logging_mixin.py:190} INFO - [2025-04-17T06:15:31.495+0000] {dagbag.py:588} INFO - Filling up the DagBag from /home/airflow/.local/lib/python3.12/site-packages/airflow/example_dags/example_python_decorator.py
[2025-04-17T06:15:31.549+0000] {processor.py:925} INFO - DAG(s) 'example_python_decorator' retrieved from /home/airflow/.local/lib/python3.12/site-packages/airflow/example_dags/example_python_decorator.py
[2025-04-17T06:15:31.639+0000] {logging_mixin.py:190} INFO - [2025-04-17T06:15:31.638+0000] {dag.py:3239} INFO - Sync 1 DAGs
[2025-04-17T06:15:31.679+0000] {logging_mixin.py:190} INFO - [2025-04-17T06:15:31.678+0000] {dag.py:4180} INFO - Setting next_dagrun for example_python_decorator to None, run_after=None
[2025-04-17T06:15:31.728+0000] {processor.py:208} INFO - Processing /home/airflow/.local/lib/python3.12/site-packages/airflow/example_dags/example_python_decorator.py took 0.267 seconds
[2025-04-17T06:16:02.297+0000] {processor.py:186} INFO - Started process (PID=705) to work on /home/airflow/.local/lib/python3.12/site-packages/airflow/example_dags/example_python_decorator.py
[2025-04-17T06:16:02.299+0000] {processor.py:914} INFO - Processing file /home/airflow/.local/lib/python3.12/site-packages/airflow/example_dags/example_python_decorator.py for tasks to queue
[2025-04-17T06:16:02.302+0000] {logging_mixin.py:190} INFO - [2025-04-17T06:16:02.301+0000] {dagbag.py:588} INFO - Filling up the DagBag from /home/airflow/.local/lib/python3.12/site-packages/airflow/example_dags/example_python_decorator.py
[2025-04-17T06:16:02.328+0000] {processor.py:925} INFO - DAG(s) 'example_python_decorator' retrieved from /home/airflow/.local/lib/python3.12/site-packages/airflow/example_dags/example_python_decorator.py
[2025-04-17T06:16:02.365+0000] {logging_mixin.py:190} INFO - [2025-04-17T06:16:02.365+0000] {dag.py:3239} INFO - Sync 1 DAGs
[2025-04-17T06:16:02.391+0000] {logging_mixin.py:190} INFO - [2025-04-17T06:16:02.391+0000] {dag.py:4180} INFO - Setting next_dagrun for example_python_decorator to None, run_after=None
[2025-04-17T06:16:02.427+0000] {processor.py:208} INFO - Processing /home/airflow/.local/lib/python3.12/site-packages/airflow/example_dags/example_python_decorator.py took 0.142 seconds
[2025-04-17T06:16:32.629+0000] {processor.py:186} INFO - Started process (PID=767) to work on /home/airflow/.local/lib/python3.12/site-packages/airflow/example_dags/example_python_decorator.py
[2025-04-17T06:16:32.631+0000] {processor.py:914} INFO - Processing file /home/airflow/.local/lib/python3.12/site-packages/airflow/example_dags/example_python_decorator.py for tasks to queue
[2025-04-17T06:16:32.635+0000] {logging_mixin.py:190} INFO - [2025-04-17T06:16:32.634+0000] {dagbag.py:588} INFO - Filling up the DagBag from /home/airflow/.local/lib/python3.12/site-packages/airflow/example_dags/example_python_decorator.py
[2025-04-17T06:16:32.659+0000] {processor.py:925} INFO - DAG(s) 'example_python_decorator' retrieved from /home/airflow/.local/lib/python3.12/site-packages/airflow/example_dags/example_python_decorator.py
[2025-04-17T06:16:32.692+0000] {logging_mixin.py:190} INFO - [2025-04-17T06:16:32.691+0000] {dag.py:3239} INFO - Sync 1 DAGs
[2025-04-17T06:16:32.713+0000] {logging_mixin.py:190} INFO - [2025-04-17T06:16:32.713+0000] {dag.py:4180} INFO - Setting next_dagrun for example_python_decorator to None, run_after=None
[2025-04-17T06:16:32.738+0000] {processor.py:208} INFO - Processing /home/airflow/.local/lib/python3.12/site-packages/airflow/example_dags/example_python_decorator.py took 0.117 seconds
[2025-04-17T06:17:03.737+0000] {processor.py:186} INFO - Started process (PID=830) to work on /home/airflow/.local/lib/python3.12/site-packages/airflow/example_dags/example_python_decorator.py
[2025-04-17T06:17:03.741+0000] {processor.py:914} INFO - Processing file /home/airflow/.local/lib/python3.12/site-packages/airflow/example_dags/example_python_decorator.py for tasks to queue
[2025-04-17T06:17:03.749+0000] {logging_mixin.py:190} INFO - [2025-04-17T06:17:03.747+0000] {dagbag.py:588} INFO - Filling up the DagBag from /home/airflow/.local/lib/python3.12/site-packages/airflow/example_dags/example_python_decorator.py
[2025-04-17T06:17:03.798+0000] {processor.py:925} INFO - DAG(s) 'example_python_decorator' retrieved from /home/airflow/.local/lib/python3.12/site-packages/airflow/example_dags/example_python_decorator.py
[2025-04-17T06:17:03.865+0000] {logging_mixin.py:190} INFO - [2025-04-17T06:17:03.864+0000] {dag.py:3239} INFO - Sync 1 DAGs
[2025-04-17T06:17:03.910+0000] {logging_mixin.py:190} INFO - [2025-04-17T06:17:03.909+0000] {dag.py:4180} INFO - Setting next_dagrun for example_python_decorator to None, run_after=None
[2025-04-17T06:17:03.965+0000] {processor.py:208} INFO - Processing /home/airflow/.local/lib/python3.12/site-packages/airflow/example_dags/example_python_decorator.py took 0.251 seconds
