[2025-04-17T05:56:56.217+0000] {processor.py:186} INFO - Started process (PID=105) to work on /home/airflow/.local/lib/python3.12/site-packages/airflow/example_dags/example_display_name.py
[2025-04-17T05:56:56.218+0000] {processor.py:914} INFO - Processing file /home/airflow/.local/lib/python3.12/site-packages/airflow/example_dags/example_display_name.py for tasks to queue
[2025-04-17T05:56:56.223+0000] {logging_mixin.py:190} INFO - [2025-04-17T05:56:56.222+0000] {dagbag.py:588} INFO - Filling up the DagBag from /home/airflow/.local/lib/python3.12/site-packages/airflow/example_dags/example_display_name.py
[2025-04-17T05:56:56.234+0000] {processor.py:925} INFO - DAG(s) 'example_display_name' retrieved from /home/airflow/.local/lib/python3.12/site-packages/airflow/example_dags/example_display_name.py
[2025-04-17T05:56:56.432+0000] {logging_mixin.py:190} INFO - [2025-04-17T05:56:56.431+0000] {override.py:1912} INFO - Created Permission View: can delete on DAG:example_display_name
[2025-04-17T05:56:56.454+0000] {logging_mixin.py:190} INFO - [2025-04-17T05:56:56.453+0000] {override.py:1912} INFO - Created Permission View: can edit on DAG:example_display_name
[2025-04-17T05:56:56.467+0000] {logging_mixin.py:190} INFO - [2025-04-17T05:56:56.467+0000] {override.py:1912} INFO - Created Permission View: can read on DAG:example_display_name
[2025-04-17T05:56:56.484+0000] {logging_mixin.py:190} INFO - [2025-04-17T05:56:56.483+0000] {override.py:1912} INFO - Created Permission View: can delete on DAG Run:example_display_name
[2025-04-17T05:56:56.500+0000] {logging_mixin.py:190} INFO - [2025-04-17T05:56:56.500+0000] {override.py:1912} INFO - Created Permission View: can read on DAG Run:example_display_name
[2025-04-17T05:56:56.514+0000] {logging_mixin.py:190} INFO - [2025-04-17T05:56:56.513+0000] {override.py:1912} INFO - Created Permission View: can create on DAG Run:example_display_name
[2025-04-17T05:56:56.529+0000] {logging_mixin.py:190} INFO - [2025-04-17T05:56:56.529+0000] {override.py:1912} INFO - Created Permission View: menu access on DAG Run:example_display_name
[2025-04-17T05:56:56.531+0000] {logging_mixin.py:190} INFO - [2025-04-17T05:56:56.530+0000] {dag.py:3239} INFO - Sync 1 DAGs
[2025-04-17T05:56:56.556+0000] {logging_mixin.py:190} INFO - [2025-04-17T05:56:56.556+0000] {dag.py:3262} INFO - Creating ORM DAG for example_display_name
[2025-04-17T05:56:56.562+0000] {logging_mixin.py:190} INFO - [2025-04-17T05:56:56.561+0000] {dag.py:4180} INFO - Setting next_dagrun for example_display_name to None, run_after=None
[2025-04-17T05:56:56.598+0000] {processor.py:208} INFO - Processing /home/airflow/.local/lib/python3.12/site-packages/airflow/example_dags/example_display_name.py took 0.390 seconds
[2025-04-17T05:57:29.542+0000] {processor.py:186} INFO - Started process (PID=168) to work on /home/airflow/.local/lib/python3.12/site-packages/airflow/example_dags/example_display_name.py
[2025-04-17T05:57:29.546+0000] {processor.py:914} INFO - Processing file /home/airflow/.local/lib/python3.12/site-packages/airflow/example_dags/example_display_name.py for tasks to queue
[2025-04-17T05:57:29.553+0000] {logging_mixin.py:190} INFO - [2025-04-17T05:57:29.552+0000] {dagbag.py:588} INFO - Filling up the DagBag from /home/airflow/.local/lib/python3.12/site-packages/airflow/example_dags/example_display_name.py
[2025-04-17T05:57:29.567+0000] {processor.py:925} INFO - DAG(s) 'example_display_name' retrieved from /home/airflow/.local/lib/python3.12/site-packages/airflow/example_dags/example_display_name.py
[2025-04-17T05:57:29.614+0000] {logging_mixin.py:190} INFO - [2025-04-17T05:57:29.613+0000] {dag.py:3239} INFO - Sync 1 DAGs
[2025-04-17T05:57:29.644+0000] {logging_mixin.py:190} INFO - [2025-04-17T05:57:29.643+0000] {dag.py:4180} INFO - Setting next_dagrun for example_display_name to None, run_after=None
[2025-04-17T05:57:29.683+0000] {processor.py:208} INFO - Processing /home/airflow/.local/lib/python3.12/site-packages/airflow/example_dags/example_display_name.py took 0.150 seconds
[2025-04-17T05:58:02.015+0000] {processor.py:186} INFO - Started process (PID=231) to work on /home/airflow/.local/lib/python3.12/site-packages/airflow/example_dags/example_display_name.py
[2025-04-17T05:58:02.017+0000] {processor.py:914} INFO - Processing file /home/airflow/.local/lib/python3.12/site-packages/airflow/example_dags/example_display_name.py for tasks to queue
[2025-04-17T05:58:02.024+0000] {logging_mixin.py:190} INFO - [2025-04-17T05:58:02.023+0000] {dagbag.py:588} INFO - Filling up the DagBag from /home/airflow/.local/lib/python3.12/site-packages/airflow/example_dags/example_display_name.py
[2025-04-17T05:58:02.048+0000] {processor.py:925} INFO - DAG(s) 'example_display_name' retrieved from /home/airflow/.local/lib/python3.12/site-packages/airflow/example_dags/example_display_name.py
[2025-04-17T05:58:02.102+0000] {logging_mixin.py:190} INFO - [2025-04-17T05:58:02.101+0000] {dag.py:3239} INFO - Sync 1 DAGs
[2025-04-17T05:58:02.161+0000] {logging_mixin.py:190} INFO - [2025-04-17T05:58:02.160+0000] {dag.py:4180} INFO - Setting next_dagrun for example_display_name to None, run_after=None
[2025-04-17T05:58:02.236+0000] {processor.py:208} INFO - Processing /home/airflow/.local/lib/python3.12/site-packages/airflow/example_dags/example_display_name.py took 0.234 seconds
[2025-04-17T05:58:32.782+0000] {processor.py:186} INFO - Started process (PID=294) to work on /home/airflow/.local/lib/python3.12/site-packages/airflow/example_dags/example_display_name.py
[2025-04-17T05:58:32.784+0000] {processor.py:914} INFO - Processing file /home/airflow/.local/lib/python3.12/site-packages/airflow/example_dags/example_display_name.py for tasks to queue
[2025-04-17T05:58:32.788+0000] {logging_mixin.py:190} INFO - [2025-04-17T05:58:32.788+0000] {dagbag.py:588} INFO - Filling up the DagBag from /home/airflow/.local/lib/python3.12/site-packages/airflow/example_dags/example_display_name.py
[2025-04-17T05:58:32.801+0000] {processor.py:925} INFO - DAG(s) 'example_display_name' retrieved from /home/airflow/.local/lib/python3.12/site-packages/airflow/example_dags/example_display_name.py
[2025-04-17T05:58:32.823+0000] {logging_mixin.py:190} INFO - [2025-04-17T05:58:32.823+0000] {dag.py:3239} INFO - Sync 1 DAGs
[2025-04-17T05:58:32.840+0000] {logging_mixin.py:190} INFO - [2025-04-17T05:58:32.840+0000] {dag.py:4180} INFO - Setting next_dagrun for example_display_name to None, run_after=None
[2025-04-17T05:58:32.869+0000] {processor.py:208} INFO - Processing /home/airflow/.local/lib/python3.12/site-packages/airflow/example_dags/example_display_name.py took 0.097 seconds
[2025-04-17T05:59:03.775+0000] {processor.py:186} INFO - Started process (PID=357) to work on /home/airflow/.local/lib/python3.12/site-packages/airflow/example_dags/example_display_name.py
[2025-04-17T05:59:03.777+0000] {processor.py:914} INFO - Processing file /home/airflow/.local/lib/python3.12/site-packages/airflow/example_dags/example_display_name.py for tasks to queue
[2025-04-17T05:59:03.781+0000] {logging_mixin.py:190} INFO - [2025-04-17T05:59:03.781+0000] {dagbag.py:588} INFO - Filling up the DagBag from /home/airflow/.local/lib/python3.12/site-packages/airflow/example_dags/example_display_name.py
[2025-04-17T05:59:03.793+0000] {processor.py:925} INFO - DAG(s) 'example_display_name' retrieved from /home/airflow/.local/lib/python3.12/site-packages/airflow/example_dags/example_display_name.py
[2025-04-17T05:59:03.827+0000] {logging_mixin.py:190} INFO - [2025-04-17T05:59:03.827+0000] {dag.py:3239} INFO - Sync 1 DAGs
[2025-04-17T05:59:03.844+0000] {logging_mixin.py:190} INFO - [2025-04-17T05:59:03.843+0000] {dag.py:4180} INFO - Setting next_dagrun for example_display_name to None, run_after=None
[2025-04-17T05:59:03.863+0000] {processor.py:208} INFO - Processing /home/airflow/.local/lib/python3.12/site-packages/airflow/example_dags/example_display_name.py took 0.099 seconds
[2025-04-17T05:59:35.822+0000] {processor.py:186} INFO - Started process (PID=420) to work on /home/airflow/.local/lib/python3.12/site-packages/airflow/example_dags/example_display_name.py
[2025-04-17T05:59:35.825+0000] {processor.py:914} INFO - Processing file /home/airflow/.local/lib/python3.12/site-packages/airflow/example_dags/example_display_name.py for tasks to queue
[2025-04-17T05:59:35.829+0000] {logging_mixin.py:190} INFO - [2025-04-17T05:59:35.829+0000] {dagbag.py:588} INFO - Filling up the DagBag from /home/airflow/.local/lib/python3.12/site-packages/airflow/example_dags/example_display_name.py
[2025-04-17T05:59:35.841+0000] {processor.py:925} INFO - DAG(s) 'example_display_name' retrieved from /home/airflow/.local/lib/python3.12/site-packages/airflow/example_dags/example_display_name.py
[2025-04-17T05:59:35.871+0000] {logging_mixin.py:190} INFO - [2025-04-17T05:59:35.871+0000] {dag.py:3239} INFO - Sync 1 DAGs
[2025-04-17T05:59:35.891+0000] {logging_mixin.py:190} INFO - [2025-04-17T05:59:35.890+0000] {dag.py:4180} INFO - Setting next_dagrun for example_display_name to None, run_after=None
[2025-04-17T05:59:35.923+0000] {processor.py:208} INFO - Processing /home/airflow/.local/lib/python3.12/site-packages/airflow/example_dags/example_display_name.py took 0.112 seconds
[2025-04-17T06:00:07.478+0000] {processor.py:186} INFO - Started process (PID=483) to work on /home/airflow/.local/lib/python3.12/site-packages/airflow/example_dags/example_display_name.py
[2025-04-17T06:00:07.480+0000] {processor.py:914} INFO - Processing file /home/airflow/.local/lib/python3.12/site-packages/airflow/example_dags/example_display_name.py for tasks to queue
[2025-04-17T06:00:07.484+0000] {logging_mixin.py:190} INFO - [2025-04-17T06:00:07.483+0000] {dagbag.py:588} INFO - Filling up the DagBag from /home/airflow/.local/lib/python3.12/site-packages/airflow/example_dags/example_display_name.py
[2025-04-17T06:00:07.494+0000] {processor.py:925} INFO - DAG(s) 'example_display_name' retrieved from /home/airflow/.local/lib/python3.12/site-packages/airflow/example_dags/example_display_name.py
[2025-04-17T06:00:07.526+0000] {logging_mixin.py:190} INFO - [2025-04-17T06:00:07.526+0000] {dag.py:3239} INFO - Sync 1 DAGs
[2025-04-17T06:00:07.546+0000] {logging_mixin.py:190} INFO - [2025-04-17T06:00:07.546+0000] {dag.py:4180} INFO - Setting next_dagrun for example_display_name to None, run_after=None
[2025-04-17T06:00:07.570+0000] {processor.py:208} INFO - Processing /home/airflow/.local/lib/python3.12/site-packages/airflow/example_dags/example_display_name.py took 0.102 seconds
[2025-04-17T06:00:39.025+0000] {processor.py:186} INFO - Started process (PID=546) to work on /home/airflow/.local/lib/python3.12/site-packages/airflow/example_dags/example_display_name.py
[2025-04-17T06:00:39.030+0000] {processor.py:914} INFO - Processing file /home/airflow/.local/lib/python3.12/site-packages/airflow/example_dags/example_display_name.py for tasks to queue
[2025-04-17T06:00:39.039+0000] {logging_mixin.py:190} INFO - [2025-04-17T06:00:39.038+0000] {dagbag.py:588} INFO - Filling up the DagBag from /home/airflow/.local/lib/python3.12/site-packages/airflow/example_dags/example_display_name.py
[2025-04-17T06:00:39.072+0000] {processor.py:925} INFO - DAG(s) 'example_display_name' retrieved from /home/airflow/.local/lib/python3.12/site-packages/airflow/example_dags/example_display_name.py
[2025-04-17T06:00:39.140+0000] {logging_mixin.py:190} INFO - [2025-04-17T06:00:39.139+0000] {dag.py:3239} INFO - Sync 1 DAGs
[2025-04-17T06:00:39.166+0000] {logging_mixin.py:190} INFO - [2025-04-17T06:00:39.165+0000] {dag.py:4180} INFO - Setting next_dagrun for example_display_name to None, run_after=None
[2025-04-17T06:00:39.200+0000] {processor.py:208} INFO - Processing /home/airflow/.local/lib/python3.12/site-packages/airflow/example_dags/example_display_name.py took 0.194 seconds
[2025-04-17T06:01:11.172+0000] {processor.py:186} INFO - Started process (PID=609) to work on /home/airflow/.local/lib/python3.12/site-packages/airflow/example_dags/example_display_name.py
[2025-04-17T06:01:11.174+0000] {processor.py:914} INFO - Processing file /home/airflow/.local/lib/python3.12/site-packages/airflow/example_dags/example_display_name.py for tasks to queue
[2025-04-17T06:01:11.177+0000] {logging_mixin.py:190} INFO - [2025-04-17T06:01:11.177+0000] {dagbag.py:588} INFO - Filling up the DagBag from /home/airflow/.local/lib/python3.12/site-packages/airflow/example_dags/example_display_name.py
[2025-04-17T06:01:11.189+0000] {processor.py:925} INFO - DAG(s) 'example_display_name' retrieved from /home/airflow/.local/lib/python3.12/site-packages/airflow/example_dags/example_display_name.py
[2025-04-17T06:01:11.220+0000] {logging_mixin.py:190} INFO - [2025-04-17T06:01:11.220+0000] {dag.py:3239} INFO - Sync 1 DAGs
[2025-04-17T06:01:11.241+0000] {logging_mixin.py:190} INFO - [2025-04-17T06:01:11.240+0000] {dag.py:4180} INFO - Setting next_dagrun for example_display_name to None, run_after=None
[2025-04-17T06:01:11.271+0000] {processor.py:208} INFO - Processing /home/airflow/.local/lib/python3.12/site-packages/airflow/example_dags/example_display_name.py took 0.109 seconds
[2025-04-17T06:01:43.591+0000] {processor.py:186} INFO - Started process (PID=678) to work on /home/airflow/.local/lib/python3.12/site-packages/airflow/example_dags/example_display_name.py
[2025-04-17T06:01:43.594+0000] {processor.py:914} INFO - Processing file /home/airflow/.local/lib/python3.12/site-packages/airflow/example_dags/example_display_name.py for tasks to queue
[2025-04-17T06:01:43.601+0000] {logging_mixin.py:190} INFO - [2025-04-17T06:01:43.600+0000] {dagbag.py:588} INFO - Filling up the DagBag from /home/airflow/.local/lib/python3.12/site-packages/airflow/example_dags/example_display_name.py
[2025-04-17T06:01:43.619+0000] {processor.py:925} INFO - DAG(s) 'example_display_name' retrieved from /home/airflow/.local/lib/python3.12/site-packages/airflow/example_dags/example_display_name.py
[2025-04-17T06:01:43.662+0000] {logging_mixin.py:190} INFO - [2025-04-17T06:01:43.662+0000] {dag.py:3239} INFO - Sync 1 DAGs
[2025-04-17T06:01:43.693+0000] {logging_mixin.py:190} INFO - [2025-04-17T06:01:43.692+0000] {dag.py:4180} INFO - Setting next_dagrun for example_display_name to None, run_after=None
[2025-04-17T06:01:43.766+0000] {processor.py:208} INFO - Processing /home/airflow/.local/lib/python3.12/site-packages/airflow/example_dags/example_display_name.py took 0.190 seconds
[2025-04-17T06:02:14.658+0000] {processor.py:186} INFO - Started process (PID=741) to work on /home/airflow/.local/lib/python3.12/site-packages/airflow/example_dags/example_display_name.py
[2025-04-17T06:02:14.660+0000] {processor.py:914} INFO - Processing file /home/airflow/.local/lib/python3.12/site-packages/airflow/example_dags/example_display_name.py for tasks to queue
[2025-04-17T06:02:14.667+0000] {logging_mixin.py:190} INFO - [2025-04-17T06:02:14.666+0000] {dagbag.py:588} INFO - Filling up the DagBag from /home/airflow/.local/lib/python3.12/site-packages/airflow/example_dags/example_display_name.py
[2025-04-17T06:02:14.697+0000] {processor.py:925} INFO - DAG(s) 'example_display_name' retrieved from /home/airflow/.local/lib/python3.12/site-packages/airflow/example_dags/example_display_name.py
[2025-04-17T06:02:14.752+0000] {logging_mixin.py:190} INFO - [2025-04-17T06:02:14.752+0000] {dag.py:3239} INFO - Sync 1 DAGs
[2025-04-17T06:02:14.774+0000] {logging_mixin.py:190} INFO - [2025-04-17T06:02:14.773+0000] {dag.py:4180} INFO - Setting next_dagrun for example_display_name to None, run_after=None
[2025-04-17T06:02:14.819+0000] {processor.py:208} INFO - Processing /home/airflow/.local/lib/python3.12/site-packages/airflow/example_dags/example_display_name.py took 0.175 seconds
[2025-04-17T06:02:46.000+0000] {processor.py:186} INFO - Started process (PID=804) to work on /home/airflow/.local/lib/python3.12/site-packages/airflow/example_dags/example_display_name.py
[2025-04-17T06:02:46.001+0000] {processor.py:914} INFO - Processing file /home/airflow/.local/lib/python3.12/site-packages/airflow/example_dags/example_display_name.py for tasks to queue
[2025-04-17T06:02:46.005+0000] {logging_mixin.py:190} INFO - [2025-04-17T06:02:46.005+0000] {dagbag.py:588} INFO - Filling up the DagBag from /home/airflow/.local/lib/python3.12/site-packages/airflow/example_dags/example_display_name.py
[2025-04-17T06:02:46.014+0000] {processor.py:925} INFO - DAG(s) 'example_display_name' retrieved from /home/airflow/.local/lib/python3.12/site-packages/airflow/example_dags/example_display_name.py
[2025-04-17T06:02:46.035+0000] {logging_mixin.py:190} INFO - [2025-04-17T06:02:46.034+0000] {dag.py:3239} INFO - Sync 1 DAGs
[2025-04-17T06:02:46.049+0000] {logging_mixin.py:190} INFO - [2025-04-17T06:02:46.049+0000] {dag.py:4180} INFO - Setting next_dagrun for example_display_name to None, run_after=None
[2025-04-17T06:02:46.072+0000] {processor.py:208} INFO - Processing /home/airflow/.local/lib/python3.12/site-packages/airflow/example_dags/example_display_name.py took 0.081 seconds
[2025-04-17T06:03:16.771+0000] {processor.py:186} INFO - Started process (PID=867) to work on /home/airflow/.local/lib/python3.12/site-packages/airflow/example_dags/example_display_name.py
[2025-04-17T06:03:16.773+0000] {processor.py:914} INFO - Processing file /home/airflow/.local/lib/python3.12/site-packages/airflow/example_dags/example_display_name.py for tasks to queue
[2025-04-17T06:03:16.776+0000] {logging_mixin.py:190} INFO - [2025-04-17T06:03:16.776+0000] {dagbag.py:588} INFO - Filling up the DagBag from /home/airflow/.local/lib/python3.12/site-packages/airflow/example_dags/example_display_name.py
[2025-04-17T06:03:16.784+0000] {processor.py:925} INFO - DAG(s) 'example_display_name' retrieved from /home/airflow/.local/lib/python3.12/site-packages/airflow/example_dags/example_display_name.py
[2025-04-17T06:03:16.804+0000] {logging_mixin.py:190} INFO - [2025-04-17T06:03:16.804+0000] {dag.py:3239} INFO - Sync 1 DAGs
[2025-04-17T06:03:16.816+0000] {logging_mixin.py:190} INFO - [2025-04-17T06:03:16.816+0000] {dag.py:4180} INFO - Setting next_dagrun for example_display_name to None, run_after=None
[2025-04-17T06:03:16.833+0000] {processor.py:208} INFO - Processing /home/airflow/.local/lib/python3.12/site-packages/airflow/example_dags/example_display_name.py took 0.070 seconds
[2025-04-17T06:10:57.532+0000] {processor.py:186} INFO - Started process (PID=107) to work on /home/airflow/.local/lib/python3.12/site-packages/airflow/example_dags/example_display_name.py
[2025-04-17T06:10:57.537+0000] {processor.py:914} INFO - Processing file /home/airflow/.local/lib/python3.12/site-packages/airflow/example_dags/example_display_name.py for tasks to queue
[2025-04-17T06:10:57.542+0000] {logging_mixin.py:190} INFO - [2025-04-17T06:10:57.542+0000] {dagbag.py:588} INFO - Filling up the DagBag from /home/airflow/.local/lib/python3.12/site-packages/airflow/example_dags/example_display_name.py
[2025-04-17T06:10:57.562+0000] {processor.py:925} INFO - DAG(s) 'example_display_name' retrieved from /home/airflow/.local/lib/python3.12/site-packages/airflow/example_dags/example_display_name.py
[2025-04-17T06:10:57.632+0000] {logging_mixin.py:190} INFO - [2025-04-17T06:10:57.632+0000] {dag.py:3239} INFO - Sync 1 DAGs
[2025-04-17T06:10:57.681+0000] {logging_mixin.py:190} INFO - [2025-04-17T06:10:57.680+0000] {dag.py:4180} INFO - Setting next_dagrun for example_display_name to None, run_after=None
[2025-04-17T06:10:57.731+0000] {processor.py:208} INFO - Processing /home/airflow/.local/lib/python3.12/site-packages/airflow/example_dags/example_display_name.py took 0.213 seconds
[2025-04-17T06:11:29.010+0000] {processor.py:186} INFO - Started process (PID=170) to work on /home/airflow/.local/lib/python3.12/site-packages/airflow/example_dags/example_display_name.py
[2025-04-17T06:11:29.013+0000] {processor.py:914} INFO - Processing file /home/airflow/.local/lib/python3.12/site-packages/airflow/example_dags/example_display_name.py for tasks to queue
[2025-04-17T06:11:29.017+0000] {logging_mixin.py:190} INFO - [2025-04-17T06:11:29.017+0000] {dagbag.py:588} INFO - Filling up the DagBag from /home/airflow/.local/lib/python3.12/site-packages/airflow/example_dags/example_display_name.py
[2025-04-17T06:11:29.028+0000] {processor.py:925} INFO - DAG(s) 'example_display_name' retrieved from /home/airflow/.local/lib/python3.12/site-packages/airflow/example_dags/example_display_name.py
[2025-04-17T06:11:29.068+0000] {logging_mixin.py:190} INFO - [2025-04-17T06:11:29.068+0000] {dag.py:3239} INFO - Sync 1 DAGs
[2025-04-17T06:11:29.113+0000] {logging_mixin.py:190} INFO - [2025-04-17T06:11:29.112+0000] {dag.py:4180} INFO - Setting next_dagrun for example_display_name to None, run_after=None
[2025-04-17T06:11:29.166+0000] {processor.py:208} INFO - Processing /home/airflow/.local/lib/python3.12/site-packages/airflow/example_dags/example_display_name.py took 0.164 seconds
[2025-04-17T06:12:01.969+0000] {processor.py:186} INFO - Started process (PID=232) to work on /home/airflow/.local/lib/python3.12/site-packages/airflow/example_dags/example_display_name.py
[2025-04-17T06:12:01.972+0000] {processor.py:914} INFO - Processing file /home/airflow/.local/lib/python3.12/site-packages/airflow/example_dags/example_display_name.py for tasks to queue
[2025-04-17T06:12:01.979+0000] {logging_mixin.py:190} INFO - [2025-04-17T06:12:01.978+0000] {dagbag.py:588} INFO - Filling up the DagBag from /home/airflow/.local/lib/python3.12/site-packages/airflow/example_dags/example_display_name.py
[2025-04-17T06:12:01.997+0000] {processor.py:925} INFO - DAG(s) 'example_display_name' retrieved from /home/airflow/.local/lib/python3.12/site-packages/airflow/example_dags/example_display_name.py
[2025-04-17T06:12:02.053+0000] {logging_mixin.py:190} INFO - [2025-04-17T06:12:02.052+0000] {dag.py:3239} INFO - Sync 1 DAGs
[2025-04-17T06:12:02.105+0000] {logging_mixin.py:190} INFO - [2025-04-17T06:12:02.104+0000] {dag.py:4180} INFO - Setting next_dagrun for example_display_name to None, run_after=None
[2025-04-17T06:12:02.166+0000] {processor.py:208} INFO - Processing /home/airflow/.local/lib/python3.12/site-packages/airflow/example_dags/example_display_name.py took 0.214 seconds
[2025-04-17T06:12:34.592+0000] {processor.py:186} INFO - Started process (PID=295) to work on /home/airflow/.local/lib/python3.12/site-packages/airflow/example_dags/example_display_name.py
[2025-04-17T06:12:34.595+0000] {processor.py:914} INFO - Processing file /home/airflow/.local/lib/python3.12/site-packages/airflow/example_dags/example_display_name.py for tasks to queue
[2025-04-17T06:12:34.606+0000] {logging_mixin.py:190} INFO - [2025-04-17T06:12:34.605+0000] {dagbag.py:588} INFO - Filling up the DagBag from /home/airflow/.local/lib/python3.12/site-packages/airflow/example_dags/example_display_name.py
[2025-04-17T06:12:34.628+0000] {processor.py:925} INFO - DAG(s) 'example_display_name' retrieved from /home/airflow/.local/lib/python3.12/site-packages/airflow/example_dags/example_display_name.py
[2025-04-17T06:12:34.683+0000] {logging_mixin.py:190} INFO - [2025-04-17T06:12:34.683+0000] {dag.py:3239} INFO - Sync 1 DAGs
[2025-04-17T06:12:34.729+0000] {logging_mixin.py:190} INFO - [2025-04-17T06:12:34.728+0000] {dag.py:4180} INFO - Setting next_dagrun for example_display_name to None, run_after=None
[2025-04-17T06:12:34.779+0000] {processor.py:208} INFO - Processing /home/airflow/.local/lib/python3.12/site-packages/airflow/example_dags/example_display_name.py took 0.203 seconds
[2025-04-17T06:13:06.612+0000] {processor.py:186} INFO - Started process (PID=358) to work on /home/airflow/.local/lib/python3.12/site-packages/airflow/example_dags/example_display_name.py
[2025-04-17T06:13:06.614+0000] {processor.py:914} INFO - Processing file /home/airflow/.local/lib/python3.12/site-packages/airflow/example_dags/example_display_name.py for tasks to queue
[2025-04-17T06:13:06.620+0000] {logging_mixin.py:190} INFO - [2025-04-17T06:13:06.619+0000] {dagbag.py:588} INFO - Filling up the DagBag from /home/airflow/.local/lib/python3.12/site-packages/airflow/example_dags/example_display_name.py
[2025-04-17T06:13:06.637+0000] {processor.py:925} INFO - DAG(s) 'example_display_name' retrieved from /home/airflow/.local/lib/python3.12/site-packages/airflow/example_dags/example_display_name.py
[2025-04-17T06:13:06.683+0000] {logging_mixin.py:190} INFO - [2025-04-17T06:13:06.683+0000] {dag.py:3239} INFO - Sync 1 DAGs
[2025-04-17T06:13:06.737+0000] {logging_mixin.py:190} INFO - [2025-04-17T06:13:06.737+0000] {dag.py:4180} INFO - Setting next_dagrun for example_display_name to None, run_after=None
[2025-04-17T06:13:06.820+0000] {processor.py:208} INFO - Processing /home/airflow/.local/lib/python3.12/site-packages/airflow/example_dags/example_display_name.py took 0.226 seconds
[2025-04-17T06:13:40.881+0000] {processor.py:186} INFO - Started process (PID=421) to work on /home/airflow/.local/lib/python3.12/site-packages/airflow/example_dags/example_display_name.py
[2025-04-17T06:13:40.885+0000] {processor.py:914} INFO - Processing file /home/airflow/.local/lib/python3.12/site-packages/airflow/example_dags/example_display_name.py for tasks to queue
[2025-04-17T06:13:40.904+0000] {logging_mixin.py:190} INFO - [2025-04-17T06:13:40.901+0000] {dagbag.py:588} INFO - Filling up the DagBag from /home/airflow/.local/lib/python3.12/site-packages/airflow/example_dags/example_display_name.py
[2025-04-17T06:13:40.948+0000] {processor.py:925} INFO - DAG(s) 'example_display_name' retrieved from /home/airflow/.local/lib/python3.12/site-packages/airflow/example_dags/example_display_name.py
[2025-04-17T06:13:41.062+0000] {logging_mixin.py:190} INFO - [2025-04-17T06:13:41.061+0000] {dag.py:3239} INFO - Sync 1 DAGs
[2025-04-17T06:13:41.295+0000] {logging_mixin.py:190} INFO - [2025-04-17T06:13:41.295+0000] {dag.py:4180} INFO - Setting next_dagrun for example_display_name to None, run_after=None
[2025-04-17T06:13:41.449+0000] {processor.py:208} INFO - Processing /home/airflow/.local/lib/python3.12/site-packages/airflow/example_dags/example_display_name.py took 0.607 seconds
[2025-04-17T06:14:14.730+0000] {processor.py:186} INFO - Started process (PID=491) to work on /home/airflow/.local/lib/python3.12/site-packages/airflow/example_dags/example_display_name.py
[2025-04-17T06:14:14.734+0000] {processor.py:914} INFO - Processing file /home/airflow/.local/lib/python3.12/site-packages/airflow/example_dags/example_display_name.py for tasks to queue
[2025-04-17T06:14:14.743+0000] {logging_mixin.py:190} INFO - [2025-04-17T06:14:14.741+0000] {dagbag.py:588} INFO - Filling up the DagBag from /home/airflow/.local/lib/python3.12/site-packages/airflow/example_dags/example_display_name.py
[2025-04-17T06:14:14.767+0000] {processor.py:925} INFO - DAG(s) 'example_display_name' retrieved from /home/airflow/.local/lib/python3.12/site-packages/airflow/example_dags/example_display_name.py
[2025-04-17T06:14:14.856+0000] {logging_mixin.py:190} INFO - [2025-04-17T06:14:14.855+0000] {dag.py:3239} INFO - Sync 1 DAGs
[2025-04-17T06:14:14.998+0000] {logging_mixin.py:190} INFO - [2025-04-17T06:14:14.997+0000] {dag.py:4180} INFO - Setting next_dagrun for example_display_name to None, run_after=None
[2025-04-17T06:14:15.122+0000] {processor.py:208} INFO - Processing /home/airflow/.local/lib/python3.12/site-packages/airflow/example_dags/example_display_name.py took 0.413 seconds
[2025-04-17T06:14:48.479+0000] {processor.py:186} INFO - Started process (PID=554) to work on /home/airflow/.local/lib/python3.12/site-packages/airflow/example_dags/example_display_name.py
[2025-04-17T06:14:48.482+0000] {processor.py:914} INFO - Processing file /home/airflow/.local/lib/python3.12/site-packages/airflow/example_dags/example_display_name.py for tasks to queue
[2025-04-17T06:14:48.488+0000] {logging_mixin.py:190} INFO - [2025-04-17T06:14:48.487+0000] {dagbag.py:588} INFO - Filling up the DagBag from /home/airflow/.local/lib/python3.12/site-packages/airflow/example_dags/example_display_name.py
[2025-04-17T06:14:48.512+0000] {processor.py:925} INFO - DAG(s) 'example_display_name' retrieved from /home/airflow/.local/lib/python3.12/site-packages/airflow/example_dags/example_display_name.py
[2025-04-17T06:14:48.595+0000] {logging_mixin.py:190} INFO - [2025-04-17T06:14:48.594+0000] {dag.py:3239} INFO - Sync 1 DAGs
[2025-04-17T06:14:48.728+0000] {logging_mixin.py:190} INFO - [2025-04-17T06:14:48.715+0000] {dag.py:4180} INFO - Setting next_dagrun for example_display_name to None, run_after=None
[2025-04-17T06:14:48.827+0000] {processor.py:208} INFO - Processing /home/airflow/.local/lib/python3.12/site-packages/airflow/example_dags/example_display_name.py took 0.366 seconds
[2025-04-17T06:15:22.467+0000] {processor.py:186} INFO - Started process (PID=616) to work on /home/airflow/.local/lib/python3.12/site-packages/airflow/example_dags/example_display_name.py
[2025-04-17T06:15:22.469+0000] {processor.py:914} INFO - Processing file /home/airflow/.local/lib/python3.12/site-packages/airflow/example_dags/example_display_name.py for tasks to queue
[2025-04-17T06:15:22.484+0000] {logging_mixin.py:190} INFO - [2025-04-17T06:15:22.483+0000] {dagbag.py:588} INFO - Filling up the DagBag from /home/airflow/.local/lib/python3.12/site-packages/airflow/example_dags/example_display_name.py
[2025-04-17T06:15:22.515+0000] {processor.py:925} INFO - DAG(s) 'example_display_name' retrieved from /home/airflow/.local/lib/python3.12/site-packages/airflow/example_dags/example_display_name.py
[2025-04-17T06:15:22.589+0000] {logging_mixin.py:190} INFO - [2025-04-17T06:15:22.588+0000] {dag.py:3239} INFO - Sync 1 DAGs
[2025-04-17T06:15:22.633+0000] {logging_mixin.py:190} INFO - [2025-04-17T06:15:22.633+0000] {dag.py:4180} INFO - Setting next_dagrun for example_display_name to None, run_after=None
[2025-04-17T06:15:22.716+0000] {processor.py:208} INFO - Processing /home/airflow/.local/lib/python3.12/site-packages/airflow/example_dags/example_display_name.py took 0.271 seconds
[2025-04-17T06:15:53.354+0000] {processor.py:186} INFO - Started process (PID=678) to work on /home/airflow/.local/lib/python3.12/site-packages/airflow/example_dags/example_display_name.py
[2025-04-17T06:15:53.358+0000] {processor.py:914} INFO - Processing file /home/airflow/.local/lib/python3.12/site-packages/airflow/example_dags/example_display_name.py for tasks to queue
[2025-04-17T06:15:53.363+0000] {logging_mixin.py:190} INFO - [2025-04-17T06:15:53.362+0000] {dagbag.py:588} INFO - Filling up the DagBag from /home/airflow/.local/lib/python3.12/site-packages/airflow/example_dags/example_display_name.py
[2025-04-17T06:15:53.390+0000] {processor.py:925} INFO - DAG(s) 'example_display_name' retrieved from /home/airflow/.local/lib/python3.12/site-packages/airflow/example_dags/example_display_name.py
[2025-04-17T06:15:53.452+0000] {logging_mixin.py:190} INFO - [2025-04-17T06:15:53.451+0000] {dag.py:3239} INFO - Sync 1 DAGs
[2025-04-17T06:15:53.498+0000] {logging_mixin.py:190} INFO - [2025-04-17T06:15:53.497+0000] {dag.py:4180} INFO - Setting next_dagrun for example_display_name to None, run_after=None
[2025-04-17T06:15:53.551+0000] {processor.py:208} INFO - Processing /home/airflow/.local/lib/python3.12/site-packages/airflow/example_dags/example_display_name.py took 0.217 seconds
[2025-04-17T06:16:23.903+0000] {processor.py:186} INFO - Started process (PID=740) to work on /home/airflow/.local/lib/python3.12/site-packages/airflow/example_dags/example_display_name.py
[2025-04-17T06:16:23.908+0000] {processor.py:914} INFO - Processing file /home/airflow/.local/lib/python3.12/site-packages/airflow/example_dags/example_display_name.py for tasks to queue
[2025-04-17T06:16:23.912+0000] {logging_mixin.py:190} INFO - [2025-04-17T06:16:23.911+0000] {dagbag.py:588} INFO - Filling up the DagBag from /home/airflow/.local/lib/python3.12/site-packages/airflow/example_dags/example_display_name.py
[2025-04-17T06:16:23.925+0000] {processor.py:925} INFO - DAG(s) 'example_display_name' retrieved from /home/airflow/.local/lib/python3.12/site-packages/airflow/example_dags/example_display_name.py
[2025-04-17T06:16:23.952+0000] {logging_mixin.py:190} INFO - [2025-04-17T06:16:23.952+0000] {dag.py:3239} INFO - Sync 1 DAGs
[2025-04-17T06:16:23.966+0000] {logging_mixin.py:190} INFO - [2025-04-17T06:16:23.965+0000] {dag.py:4180} INFO - Setting next_dagrun for example_display_name to None, run_after=None
[2025-04-17T06:16:23.984+0000] {processor.py:208} INFO - Processing /home/airflow/.local/lib/python3.12/site-packages/airflow/example_dags/example_display_name.py took 0.090 seconds
[2025-04-17T06:16:54.401+0000] {processor.py:186} INFO - Started process (PID=802) to work on /home/airflow/.local/lib/python3.12/site-packages/airflow/example_dags/example_display_name.py
[2025-04-17T06:16:54.404+0000] {processor.py:914} INFO - Processing file /home/airflow/.local/lib/python3.12/site-packages/airflow/example_dags/example_display_name.py for tasks to queue
[2025-04-17T06:16:54.412+0000] {logging_mixin.py:190} INFO - [2025-04-17T06:16:54.411+0000] {dagbag.py:588} INFO - Filling up the DagBag from /home/airflow/.local/lib/python3.12/site-packages/airflow/example_dags/example_display_name.py
[2025-04-17T06:16:54.438+0000] {processor.py:925} INFO - DAG(s) 'example_display_name' retrieved from /home/airflow/.local/lib/python3.12/site-packages/airflow/example_dags/example_display_name.py
[2025-04-17T06:16:54.493+0000] {logging_mixin.py:190} INFO - [2025-04-17T06:16:54.491+0000] {dag.py:3239} INFO - Sync 1 DAGs
[2025-04-17T06:16:54.538+0000] {logging_mixin.py:190} INFO - [2025-04-17T06:16:54.537+0000] {dag.py:4180} INFO - Setting next_dagrun for example_display_name to None, run_after=None
[2025-04-17T06:16:54.602+0000] {processor.py:208} INFO - Processing /home/airflow/.local/lib/python3.12/site-packages/airflow/example_dags/example_display_name.py took 0.222 seconds
