[2025-04-17T05:56:57.557+0000] {processor.py:186} INFO - Started process (PID=110) to work on /home/airflow/.local/lib/python3.12/site-packages/airflow/example_dags/example_complex.py
[2025-04-17T05:56:57.558+0000] {processor.py:914} INFO - Processing file /home/airflow/.local/lib/python3.12/site-packages/airflow/example_dags/example_complex.py for tasks to queue
[2025-04-17T05:56:57.564+0000] {logging_mixin.py:190} INFO - [2025-04-17T05:56:57.563+0000] {dagbag.py:588} INFO - Filling up the DagBag from /home/airflow/.local/lib/python3.12/site-packages/airflow/example_dags/example_complex.py
[2025-04-17T05:56:57.582+0000] {processor.py:925} INFO - DAG(s) 'example_complex' retrieved from /home/airflow/.local/lib/python3.12/site-packages/airflow/example_dags/example_complex.py
[2025-04-17T05:56:57.726+0000] {logging_mixin.py:190} INFO - [2025-04-17T05:56:57.725+0000] {override.py:1912} INFO - Created Permission View: can delete on DAG:example_complex
[2025-04-17T05:56:57.740+0000] {logging_mixin.py:190} INFO - [2025-04-17T05:56:57.739+0000] {override.py:1912} INFO - Created Permission View: can edit on DAG:example_complex
[2025-04-17T05:56:57.750+0000] {logging_mixin.py:190} INFO - [2025-04-17T05:56:57.750+0000] {override.py:1912} INFO - Created Permission View: can read on DAG:example_complex
[2025-04-17T05:56:57.762+0000] {logging_mixin.py:190} INFO - [2025-04-17T05:56:57.761+0000] {override.py:1912} INFO - Created Permission View: can delete on DAG Run:example_complex
[2025-04-17T05:56:57.771+0000] {logging_mixin.py:190} INFO - [2025-04-17T05:56:57.771+0000] {override.py:1912} INFO - Created Permission View: can read on DAG Run:example_complex
[2025-04-17T05:56:57.780+0000] {logging_mixin.py:190} INFO - [2025-04-17T05:56:57.780+0000] {override.py:1912} INFO - Created Permission View: can create on DAG Run:example_complex
[2025-04-17T05:56:57.789+0000] {logging_mixin.py:190} INFO - [2025-04-17T05:56:57.789+0000] {override.py:1912} INFO - Created Permission View: menu access on DAG Run:example_complex
[2025-04-17T05:56:57.791+0000] {logging_mixin.py:190} INFO - [2025-04-17T05:56:57.790+0000] {dag.py:3239} INFO - Sync 1 DAGs
[2025-04-17T05:56:57.805+0000] {logging_mixin.py:190} INFO - [2025-04-17T05:56:57.805+0000] {dag.py:3262} INFO - Creating ORM DAG for example_complex
[2025-04-17T05:56:57.807+0000] {logging_mixin.py:190} INFO - [2025-04-17T05:56:57.807+0000] {dag.py:4180} INFO - Setting next_dagrun for example_complex to None, run_after=None
[2025-04-17T05:56:57.835+0000] {processor.py:208} INFO - Processing /home/airflow/.local/lib/python3.12/site-packages/airflow/example_dags/example_complex.py took 0.285 seconds
[2025-04-17T05:57:30.154+0000] {processor.py:186} INFO - Started process (PID=173) to work on /home/airflow/.local/lib/python3.12/site-packages/airflow/example_dags/example_complex.py
[2025-04-17T05:57:30.156+0000] {processor.py:914} INFO - Processing file /home/airflow/.local/lib/python3.12/site-packages/airflow/example_dags/example_complex.py for tasks to queue
[2025-04-17T05:57:30.161+0000] {logging_mixin.py:190} INFO - [2025-04-17T05:57:30.161+0000] {dagbag.py:588} INFO - Filling up the DagBag from /home/airflow/.local/lib/python3.12/site-packages/airflow/example_dags/example_complex.py
[2025-04-17T05:57:30.182+0000] {processor.py:925} INFO - DAG(s) 'example_complex' retrieved from /home/airflow/.local/lib/python3.12/site-packages/airflow/example_dags/example_complex.py
[2025-04-17T05:57:30.246+0000] {logging_mixin.py:190} INFO - [2025-04-17T05:57:30.245+0000] {dag.py:3239} INFO - Sync 1 DAGs
[2025-04-17T05:57:30.282+0000] {logging_mixin.py:190} INFO - [2025-04-17T05:57:30.282+0000] {dag.py:4180} INFO - Setting next_dagrun for example_complex to None, run_after=None
[2025-04-17T05:57:30.331+0000] {processor.py:208} INFO - Processing /home/airflow/.local/lib/python3.12/site-packages/airflow/example_dags/example_complex.py took 0.189 seconds
[2025-04-17T05:58:02.769+0000] {processor.py:186} INFO - Started process (PID=236) to work on /home/airflow/.local/lib/python3.12/site-packages/airflow/example_dags/example_complex.py
[2025-04-17T05:58:02.772+0000] {processor.py:914} INFO - Processing file /home/airflow/.local/lib/python3.12/site-packages/airflow/example_dags/example_complex.py for tasks to queue
[2025-04-17T05:58:02.780+0000] {logging_mixin.py:190} INFO - [2025-04-17T05:58:02.779+0000] {dagbag.py:588} INFO - Filling up the DagBag from /home/airflow/.local/lib/python3.12/site-packages/airflow/example_dags/example_complex.py
[2025-04-17T05:58:02.813+0000] {processor.py:925} INFO - DAG(s) 'example_complex' retrieved from /home/airflow/.local/lib/python3.12/site-packages/airflow/example_dags/example_complex.py
[2025-04-17T05:58:02.881+0000] {logging_mixin.py:190} INFO - [2025-04-17T05:58:02.880+0000] {dag.py:3239} INFO - Sync 1 DAGs
[2025-04-17T05:58:02.906+0000] {logging_mixin.py:190} INFO - [2025-04-17T05:58:02.906+0000] {dag.py:4180} INFO - Setting next_dagrun for example_complex to None, run_after=None
[2025-04-17T05:58:02.944+0000] {processor.py:208} INFO - Processing /home/airflow/.local/lib/python3.12/site-packages/airflow/example_dags/example_complex.py took 0.189 seconds
[2025-04-17T05:58:33.210+0000] {processor.py:186} INFO - Started process (PID=299) to work on /home/airflow/.local/lib/python3.12/site-packages/airflow/example_dags/example_complex.py
[2025-04-17T05:58:33.211+0000] {processor.py:914} INFO - Processing file /home/airflow/.local/lib/python3.12/site-packages/airflow/example_dags/example_complex.py for tasks to queue
[2025-04-17T05:58:33.216+0000] {logging_mixin.py:190} INFO - [2025-04-17T05:58:33.215+0000] {dagbag.py:588} INFO - Filling up the DagBag from /home/airflow/.local/lib/python3.12/site-packages/airflow/example_dags/example_complex.py
[2025-04-17T05:58:33.236+0000] {processor.py:925} INFO - DAG(s) 'example_complex' retrieved from /home/airflow/.local/lib/python3.12/site-packages/airflow/example_dags/example_complex.py
[2025-04-17T05:58:33.264+0000] {logging_mixin.py:190} INFO - [2025-04-17T05:58:33.263+0000] {dag.py:3239} INFO - Sync 1 DAGs
[2025-04-17T05:58:33.276+0000] {logging_mixin.py:190} INFO - [2025-04-17T05:58:33.276+0000] {dag.py:4180} INFO - Setting next_dagrun for example_complex to None, run_after=None
[2025-04-17T05:58:33.298+0000] {processor.py:208} INFO - Processing /home/airflow/.local/lib/python3.12/site-packages/airflow/example_dags/example_complex.py took 0.098 seconds
[2025-04-17T05:59:04.179+0000] {processor.py:186} INFO - Started process (PID=362) to work on /home/airflow/.local/lib/python3.12/site-packages/airflow/example_dags/example_complex.py
[2025-04-17T05:59:04.184+0000] {processor.py:914} INFO - Processing file /home/airflow/.local/lib/python3.12/site-packages/airflow/example_dags/example_complex.py for tasks to queue
[2025-04-17T05:59:04.195+0000] {logging_mixin.py:190} INFO - [2025-04-17T05:59:04.194+0000] {dagbag.py:588} INFO - Filling up the DagBag from /home/airflow/.local/lib/python3.12/site-packages/airflow/example_dags/example_complex.py
[2025-04-17T05:59:04.209+0000] {processor.py:925} INFO - DAG(s) 'example_complex' retrieved from /home/airflow/.local/lib/python3.12/site-packages/airflow/example_dags/example_complex.py
[2025-04-17T05:59:04.251+0000] {logging_mixin.py:190} INFO - [2025-04-17T05:59:04.250+0000] {dag.py:3239} INFO - Sync 1 DAGs
[2025-04-17T05:59:04.271+0000] {logging_mixin.py:190} INFO - [2025-04-17T05:59:04.271+0000] {dag.py:4180} INFO - Setting next_dagrun for example_complex to None, run_after=None
[2025-04-17T05:59:04.313+0000] {processor.py:208} INFO - Processing /home/airflow/.local/lib/python3.12/site-packages/airflow/example_dags/example_complex.py took 0.141 seconds
[2025-04-17T05:59:36.603+0000] {processor.py:186} INFO - Started process (PID=425) to work on /home/airflow/.local/lib/python3.12/site-packages/airflow/example_dags/example_complex.py
[2025-04-17T05:59:36.604+0000] {processor.py:914} INFO - Processing file /home/airflow/.local/lib/python3.12/site-packages/airflow/example_dags/example_complex.py for tasks to queue
[2025-04-17T05:59:36.609+0000] {logging_mixin.py:190} INFO - [2025-04-17T05:59:36.608+0000] {dagbag.py:588} INFO - Filling up the DagBag from /home/airflow/.local/lib/python3.12/site-packages/airflow/example_dags/example_complex.py
[2025-04-17T05:59:36.621+0000] {processor.py:925} INFO - DAG(s) 'example_complex' retrieved from /home/airflow/.local/lib/python3.12/site-packages/airflow/example_dags/example_complex.py
[2025-04-17T05:59:36.670+0000] {logging_mixin.py:190} INFO - [2025-04-17T05:59:36.670+0000] {dag.py:3239} INFO - Sync 1 DAGs
[2025-04-17T05:59:36.684+0000] {logging_mixin.py:190} INFO - [2025-04-17T05:59:36.684+0000] {dag.py:4180} INFO - Setting next_dagrun for example_complex to None, run_after=None
[2025-04-17T05:59:36.706+0000] {processor.py:208} INFO - Processing /home/airflow/.local/lib/python3.12/site-packages/airflow/example_dags/example_complex.py took 0.115 seconds
[2025-04-17T06:00:07.826+0000] {processor.py:186} INFO - Started process (PID=488) to work on /home/airflow/.local/lib/python3.12/site-packages/airflow/example_dags/example_complex.py
[2025-04-17T06:00:07.827+0000] {processor.py:914} INFO - Processing file /home/airflow/.local/lib/python3.12/site-packages/airflow/example_dags/example_complex.py for tasks to queue
[2025-04-17T06:00:07.831+0000] {logging_mixin.py:190} INFO - [2025-04-17T06:00:07.830+0000] {dagbag.py:588} INFO - Filling up the DagBag from /home/airflow/.local/lib/python3.12/site-packages/airflow/example_dags/example_complex.py
[2025-04-17T06:00:07.843+0000] {processor.py:925} INFO - DAG(s) 'example_complex' retrieved from /home/airflow/.local/lib/python3.12/site-packages/airflow/example_dags/example_complex.py
[2025-04-17T06:00:07.882+0000] {logging_mixin.py:190} INFO - [2025-04-17T06:00:07.882+0000] {dag.py:3239} INFO - Sync 1 DAGs
[2025-04-17T06:00:07.898+0000] {logging_mixin.py:190} INFO - [2025-04-17T06:00:07.898+0000] {dag.py:4180} INFO - Setting next_dagrun for example_complex to None, run_after=None
[2025-04-17T06:00:07.925+0000] {processor.py:208} INFO - Processing /home/airflow/.local/lib/python3.12/site-packages/airflow/example_dags/example_complex.py took 0.105 seconds
[2025-04-17T06:00:39.600+0000] {processor.py:186} INFO - Started process (PID=551) to work on /home/airflow/.local/lib/python3.12/site-packages/airflow/example_dags/example_complex.py
[2025-04-17T06:00:39.603+0000] {processor.py:914} INFO - Processing file /home/airflow/.local/lib/python3.12/site-packages/airflow/example_dags/example_complex.py for tasks to queue
[2025-04-17T06:00:39.608+0000] {logging_mixin.py:190} INFO - [2025-04-17T06:00:39.608+0000] {dagbag.py:588} INFO - Filling up the DagBag from /home/airflow/.local/lib/python3.12/site-packages/airflow/example_dags/example_complex.py
[2025-04-17T06:00:39.619+0000] {processor.py:925} INFO - DAG(s) 'example_complex' retrieved from /home/airflow/.local/lib/python3.12/site-packages/airflow/example_dags/example_complex.py
[2025-04-17T06:00:39.649+0000] {logging_mixin.py:190} INFO - [2025-04-17T06:00:39.649+0000] {dag.py:3239} INFO - Sync 1 DAGs
[2025-04-17T06:00:39.664+0000] {logging_mixin.py:190} INFO - [2025-04-17T06:00:39.664+0000] {dag.py:4180} INFO - Setting next_dagrun for example_complex to None, run_after=None
[2025-04-17T06:00:39.685+0000] {processor.py:208} INFO - Processing /home/airflow/.local/lib/python3.12/site-packages/airflow/example_dags/example_complex.py took 0.098 seconds
[2025-04-17T06:01:11.804+0000] {processor.py:186} INFO - Started process (PID=614) to work on /home/airflow/.local/lib/python3.12/site-packages/airflow/example_dags/example_complex.py
[2025-04-17T06:01:11.806+0000] {processor.py:914} INFO - Processing file /home/airflow/.local/lib/python3.12/site-packages/airflow/example_dags/example_complex.py for tasks to queue
[2025-04-17T06:01:11.810+0000] {logging_mixin.py:190} INFO - [2025-04-17T06:01:11.809+0000] {dagbag.py:588} INFO - Filling up the DagBag from /home/airflow/.local/lib/python3.12/site-packages/airflow/example_dags/example_complex.py
[2025-04-17T06:01:11.825+0000] {processor.py:925} INFO - DAG(s) 'example_complex' retrieved from /home/airflow/.local/lib/python3.12/site-packages/airflow/example_dags/example_complex.py
[2025-04-17T06:01:11.873+0000] {logging_mixin.py:190} INFO - [2025-04-17T06:01:11.872+0000] {dag.py:3239} INFO - Sync 1 DAGs
[2025-04-17T06:01:11.893+0000] {logging_mixin.py:190} INFO - [2025-04-17T06:01:11.892+0000] {dag.py:4180} INFO - Setting next_dagrun for example_complex to None, run_after=None
[2025-04-17T06:01:11.929+0000] {processor.py:208} INFO - Processing /home/airflow/.local/lib/python3.12/site-packages/airflow/example_dags/example_complex.py took 0.133 seconds
[2025-04-17T06:01:44.252+0000] {processor.py:186} INFO - Started process (PID=683) to work on /home/airflow/.local/lib/python3.12/site-packages/airflow/example_dags/example_complex.py
[2025-04-17T06:01:44.255+0000] {processor.py:914} INFO - Processing file /home/airflow/.local/lib/python3.12/site-packages/airflow/example_dags/example_complex.py for tasks to queue
[2025-04-17T06:01:44.262+0000] {logging_mixin.py:190} INFO - [2025-04-17T06:01:44.260+0000] {dagbag.py:588} INFO - Filling up the DagBag from /home/airflow/.local/lib/python3.12/site-packages/airflow/example_dags/example_complex.py
[2025-04-17T06:01:44.312+0000] {processor.py:925} INFO - DAG(s) 'example_complex' retrieved from /home/airflow/.local/lib/python3.12/site-packages/airflow/example_dags/example_complex.py
[2025-04-17T06:01:44.379+0000] {logging_mixin.py:190} INFO - [2025-04-17T06:01:44.378+0000] {dag.py:3239} INFO - Sync 1 DAGs
[2025-04-17T06:01:44.395+0000] {logging_mixin.py:190} INFO - [2025-04-17T06:01:44.395+0000] {dag.py:4180} INFO - Setting next_dagrun for example_complex to None, run_after=None
[2025-04-17T06:01:44.418+0000] {processor.py:208} INFO - Processing /home/airflow/.local/lib/python3.12/site-packages/airflow/example_dags/example_complex.py took 0.182 seconds
[2025-04-17T06:02:15.322+0000] {processor.py:186} INFO - Started process (PID=746) to work on /home/airflow/.local/lib/python3.12/site-packages/airflow/example_dags/example_complex.py
[2025-04-17T06:02:15.324+0000] {processor.py:914} INFO - Processing file /home/airflow/.local/lib/python3.12/site-packages/airflow/example_dags/example_complex.py for tasks to queue
[2025-04-17T06:02:15.327+0000] {logging_mixin.py:190} INFO - [2025-04-17T06:02:15.327+0000] {dagbag.py:588} INFO - Filling up the DagBag from /home/airflow/.local/lib/python3.12/site-packages/airflow/example_dags/example_complex.py
[2025-04-17T06:02:15.340+0000] {processor.py:925} INFO - DAG(s) 'example_complex' retrieved from /home/airflow/.local/lib/python3.12/site-packages/airflow/example_dags/example_complex.py
[2025-04-17T06:02:15.382+0000] {logging_mixin.py:190} INFO - [2025-04-17T06:02:15.381+0000] {dag.py:3239} INFO - Sync 1 DAGs
[2025-04-17T06:02:15.399+0000] {logging_mixin.py:190} INFO - [2025-04-17T06:02:15.399+0000] {dag.py:4180} INFO - Setting next_dagrun for example_complex to None, run_after=None
[2025-04-17T06:02:15.424+0000] {processor.py:208} INFO - Processing /home/airflow/.local/lib/python3.12/site-packages/airflow/example_dags/example_complex.py took 0.113 seconds
[2025-04-17T06:02:46.473+0000] {processor.py:186} INFO - Started process (PID=809) to work on /home/airflow/.local/lib/python3.12/site-packages/airflow/example_dags/example_complex.py
[2025-04-17T06:02:46.475+0000] {processor.py:914} INFO - Processing file /home/airflow/.local/lib/python3.12/site-packages/airflow/example_dags/example_complex.py for tasks to queue
[2025-04-17T06:02:46.479+0000] {logging_mixin.py:190} INFO - [2025-04-17T06:02:46.478+0000] {dagbag.py:588} INFO - Filling up the DagBag from /home/airflow/.local/lib/python3.12/site-packages/airflow/example_dags/example_complex.py
[2025-04-17T06:02:46.509+0000] {processor.py:925} INFO - DAG(s) 'example_complex' retrieved from /home/airflow/.local/lib/python3.12/site-packages/airflow/example_dags/example_complex.py
[2025-04-17T06:02:46.553+0000] {logging_mixin.py:190} INFO - [2025-04-17T06:02:46.553+0000] {dag.py:3239} INFO - Sync 1 DAGs
[2025-04-17T06:02:46.572+0000] {logging_mixin.py:190} INFO - [2025-04-17T06:02:46.572+0000] {dag.py:4180} INFO - Setting next_dagrun for example_complex to None, run_after=None
[2025-04-17T06:02:46.595+0000] {processor.py:208} INFO - Processing /home/airflow/.local/lib/python3.12/site-packages/airflow/example_dags/example_complex.py took 0.141 seconds
[2025-04-17T06:03:17.503+0000] {processor.py:186} INFO - Started process (PID=872) to work on /home/airflow/.local/lib/python3.12/site-packages/airflow/example_dags/example_complex.py
[2025-04-17T06:03:17.505+0000] {processor.py:914} INFO - Processing file /home/airflow/.local/lib/python3.12/site-packages/airflow/example_dags/example_complex.py for tasks to queue
[2025-04-17T06:03:17.509+0000] {logging_mixin.py:190} INFO - [2025-04-17T06:03:17.509+0000] {dagbag.py:588} INFO - Filling up the DagBag from /home/airflow/.local/lib/python3.12/site-packages/airflow/example_dags/example_complex.py
[2025-04-17T06:03:17.524+0000] {processor.py:925} INFO - DAG(s) 'example_complex' retrieved from /home/airflow/.local/lib/python3.12/site-packages/airflow/example_dags/example_complex.py
[2025-04-17T06:03:17.601+0000] {logging_mixin.py:190} INFO - [2025-04-17T06:03:17.600+0000] {dag.py:3239} INFO - Sync 1 DAGs
[2025-04-17T06:03:17.616+0000] {logging_mixin.py:190} INFO - [2025-04-17T06:03:17.616+0000] {dag.py:4180} INFO - Setting next_dagrun for example_complex to None, run_after=None
[2025-04-17T06:03:17.636+0000] {processor.py:208} INFO - Processing /home/airflow/.local/lib/python3.12/site-packages/airflow/example_dags/example_complex.py took 0.138 seconds
[2025-04-17T06:10:58.465+0000] {processor.py:186} INFO - Started process (PID=112) to work on /home/airflow/.local/lib/python3.12/site-packages/airflow/example_dags/example_complex.py
[2025-04-17T06:10:58.470+0000] {processor.py:914} INFO - Processing file /home/airflow/.local/lib/python3.12/site-packages/airflow/example_dags/example_complex.py for tasks to queue
[2025-04-17T06:10:58.475+0000] {logging_mixin.py:190} INFO - [2025-04-17T06:10:58.474+0000] {dagbag.py:588} INFO - Filling up the DagBag from /home/airflow/.local/lib/python3.12/site-packages/airflow/example_dags/example_complex.py
[2025-04-17T06:10:58.513+0000] {processor.py:925} INFO - DAG(s) 'example_complex' retrieved from /home/airflow/.local/lib/python3.12/site-packages/airflow/example_dags/example_complex.py
[2025-04-17T06:10:58.645+0000] {logging_mixin.py:190} INFO - [2025-04-17T06:10:58.645+0000] {dag.py:3239} INFO - Sync 1 DAGs
[2025-04-17T06:10:58.683+0000] {logging_mixin.py:190} INFO - [2025-04-17T06:10:58.683+0000] {dag.py:4180} INFO - Setting next_dagrun for example_complex to None, run_after=None
[2025-04-17T06:10:58.741+0000] {processor.py:208} INFO - Processing /home/airflow/.local/lib/python3.12/site-packages/airflow/example_dags/example_complex.py took 0.291 seconds
[2025-04-17T06:11:29.852+0000] {processor.py:186} INFO - Started process (PID=175) to work on /home/airflow/.local/lib/python3.12/site-packages/airflow/example_dags/example_complex.py
[2025-04-17T06:11:29.853+0000] {processor.py:914} INFO - Processing file /home/airflow/.local/lib/python3.12/site-packages/airflow/example_dags/example_complex.py for tasks to queue
[2025-04-17T06:11:29.855+0000] {logging_mixin.py:190} INFO - [2025-04-17T06:11:29.855+0000] {dagbag.py:588} INFO - Filling up the DagBag from /home/airflow/.local/lib/python3.12/site-packages/airflow/example_dags/example_complex.py
[2025-04-17T06:11:29.874+0000] {processor.py:925} INFO - DAG(s) 'example_complex' retrieved from /home/airflow/.local/lib/python3.12/site-packages/airflow/example_dags/example_complex.py
[2025-04-17T06:11:29.930+0000] {logging_mixin.py:190} INFO - [2025-04-17T06:11:29.929+0000] {dag.py:3239} INFO - Sync 1 DAGs
[2025-04-17T06:11:29.950+0000] {logging_mixin.py:190} INFO - [2025-04-17T06:11:29.950+0000] {dag.py:4180} INFO - Setting next_dagrun for example_complex to None, run_after=None
[2025-04-17T06:11:29.989+0000] {processor.py:208} INFO - Processing /home/airflow/.local/lib/python3.12/site-packages/airflow/example_dags/example_complex.py took 0.144 seconds
[2025-04-17T06:12:02.787+0000] {processor.py:186} INFO - Started process (PID=237) to work on /home/airflow/.local/lib/python3.12/site-packages/airflow/example_dags/example_complex.py
[2025-04-17T06:12:02.790+0000] {processor.py:914} INFO - Processing file /home/airflow/.local/lib/python3.12/site-packages/airflow/example_dags/example_complex.py for tasks to queue
[2025-04-17T06:12:02.796+0000] {logging_mixin.py:190} INFO - [2025-04-17T06:12:02.795+0000] {dagbag.py:588} INFO - Filling up the DagBag from /home/airflow/.local/lib/python3.12/site-packages/airflow/example_dags/example_complex.py
[2025-04-17T06:12:02.838+0000] {processor.py:925} INFO - DAG(s) 'example_complex' retrieved from /home/airflow/.local/lib/python3.12/site-packages/airflow/example_dags/example_complex.py
[2025-04-17T06:12:02.934+0000] {logging_mixin.py:190} INFO - [2025-04-17T06:12:02.933+0000] {dag.py:3239} INFO - Sync 1 DAGs
[2025-04-17T06:12:02.965+0000] {logging_mixin.py:190} INFO - [2025-04-17T06:12:02.964+0000] {dag.py:4180} INFO - Setting next_dagrun for example_complex to None, run_after=None
[2025-04-17T06:12:03.017+0000] {processor.py:208} INFO - Processing /home/airflow/.local/lib/python3.12/site-packages/airflow/example_dags/example_complex.py took 0.247 seconds
[2025-04-17T06:12:35.429+0000] {processor.py:186} INFO - Started process (PID=300) to work on /home/airflow/.local/lib/python3.12/site-packages/airflow/example_dags/example_complex.py
[2025-04-17T06:12:35.432+0000] {processor.py:914} INFO - Processing file /home/airflow/.local/lib/python3.12/site-packages/airflow/example_dags/example_complex.py for tasks to queue
[2025-04-17T06:12:35.440+0000] {logging_mixin.py:190} INFO - [2025-04-17T06:12:35.439+0000] {dagbag.py:588} INFO - Filling up the DagBag from /home/airflow/.local/lib/python3.12/site-packages/airflow/example_dags/example_complex.py
[2025-04-17T06:12:35.475+0000] {processor.py:925} INFO - DAG(s) 'example_complex' retrieved from /home/airflow/.local/lib/python3.12/site-packages/airflow/example_dags/example_complex.py
[2025-04-17T06:12:35.555+0000] {logging_mixin.py:190} INFO - [2025-04-17T06:12:35.555+0000] {dag.py:3239} INFO - Sync 1 DAGs
[2025-04-17T06:12:35.608+0000] {logging_mixin.py:190} INFO - [2025-04-17T06:12:35.607+0000] {dag.py:4180} INFO - Setting next_dagrun for example_complex to None, run_after=None
[2025-04-17T06:12:35.674+0000] {processor.py:208} INFO - Processing /home/airflow/.local/lib/python3.12/site-packages/airflow/example_dags/example_complex.py took 0.263 seconds
[2025-04-17T06:13:07.741+0000] {processor.py:186} INFO - Started process (PID=363) to work on /home/airflow/.local/lib/python3.12/site-packages/airflow/example_dags/example_complex.py
[2025-04-17T06:13:07.744+0000] {processor.py:914} INFO - Processing file /home/airflow/.local/lib/python3.12/site-packages/airflow/example_dags/example_complex.py for tasks to queue
[2025-04-17T06:13:07.752+0000] {logging_mixin.py:190} INFO - [2025-04-17T06:13:07.751+0000] {dagbag.py:588} INFO - Filling up the DagBag from /home/airflow/.local/lib/python3.12/site-packages/airflow/example_dags/example_complex.py
[2025-04-17T06:13:07.786+0000] {processor.py:925} INFO - DAG(s) 'example_complex' retrieved from /home/airflow/.local/lib/python3.12/site-packages/airflow/example_dags/example_complex.py
[2025-04-17T06:13:07.864+0000] {logging_mixin.py:190} INFO - [2025-04-17T06:13:07.863+0000] {dag.py:3239} INFO - Sync 1 DAGs
[2025-04-17T06:13:07.899+0000] {logging_mixin.py:190} INFO - [2025-04-17T06:13:07.898+0000] {dag.py:4180} INFO - Setting next_dagrun for example_complex to None, run_after=None
[2025-04-17T06:13:07.950+0000] {processor.py:208} INFO - Processing /home/airflow/.local/lib/python3.12/site-packages/airflow/example_dags/example_complex.py took 0.225 seconds
[2025-04-17T06:13:42.780+0000] {processor.py:186} INFO - Started process (PID=432) to work on /home/airflow/.local/lib/python3.12/site-packages/airflow/example_dags/example_complex.py
[2025-04-17T06:13:42.788+0000] {processor.py:914} INFO - Processing file /home/airflow/.local/lib/python3.12/site-packages/airflow/example_dags/example_complex.py for tasks to queue
[2025-04-17T06:13:42.806+0000] {logging_mixin.py:190} INFO - [2025-04-17T06:13:42.803+0000] {dagbag.py:588} INFO - Filling up the DagBag from /home/airflow/.local/lib/python3.12/site-packages/airflow/example_dags/example_complex.py
[2025-04-17T06:13:42.897+0000] {processor.py:925} INFO - DAG(s) 'example_complex' retrieved from /home/airflow/.local/lib/python3.12/site-packages/airflow/example_dags/example_complex.py
[2025-04-17T06:13:43.116+0000] {logging_mixin.py:190} INFO - [2025-04-17T06:13:43.115+0000] {dag.py:3239} INFO - Sync 1 DAGs
[2025-04-17T06:13:43.236+0000] {logging_mixin.py:190} INFO - [2025-04-17T06:13:43.235+0000] {dag.py:4180} INFO - Setting next_dagrun for example_complex to None, run_after=None
[2025-04-17T06:13:43.398+0000] {processor.py:208} INFO - Processing /home/airflow/.local/lib/python3.12/site-packages/airflow/example_dags/example_complex.py took 0.667 seconds
[2025-04-17T06:14:16.248+0000] {processor.py:186} INFO - Started process (PID=496) to work on /home/airflow/.local/lib/python3.12/site-packages/airflow/example_dags/example_complex.py
[2025-04-17T06:14:16.259+0000] {processor.py:914} INFO - Processing file /home/airflow/.local/lib/python3.12/site-packages/airflow/example_dags/example_complex.py for tasks to queue
[2025-04-17T06:14:16.270+0000] {logging_mixin.py:190} INFO - [2025-04-17T06:14:16.269+0000] {dagbag.py:588} INFO - Filling up the DagBag from /home/airflow/.local/lib/python3.12/site-packages/airflow/example_dags/example_complex.py
[2025-04-17T06:14:16.328+0000] {processor.py:925} INFO - DAG(s) 'example_complex' retrieved from /home/airflow/.local/lib/python3.12/site-packages/airflow/example_dags/example_complex.py
[2025-04-17T06:14:16.434+0000] {logging_mixin.py:190} INFO - [2025-04-17T06:14:16.433+0000] {dag.py:3239} INFO - Sync 1 DAGs
[2025-04-17T06:14:16.525+0000] {logging_mixin.py:190} INFO - [2025-04-17T06:14:16.524+0000] {dag.py:4180} INFO - Setting next_dagrun for example_complex to None, run_after=None
[2025-04-17T06:14:16.641+0000] {processor.py:208} INFO - Processing /home/airflow/.local/lib/python3.12/site-packages/airflow/example_dags/example_complex.py took 0.432 seconds
[2025-04-17T06:14:49.997+0000] {processor.py:186} INFO - Started process (PID=559) to work on /home/airflow/.local/lib/python3.12/site-packages/airflow/example_dags/example_complex.py
[2025-04-17T06:14:50.001+0000] {processor.py:914} INFO - Processing file /home/airflow/.local/lib/python3.12/site-packages/airflow/example_dags/example_complex.py for tasks to queue
[2025-04-17T06:14:50.016+0000] {logging_mixin.py:190} INFO - [2025-04-17T06:14:50.015+0000] {dagbag.py:588} INFO - Filling up the DagBag from /home/airflow/.local/lib/python3.12/site-packages/airflow/example_dags/example_complex.py
[2025-04-17T06:14:50.080+0000] {processor.py:925} INFO - DAG(s) 'example_complex' retrieved from /home/airflow/.local/lib/python3.12/site-packages/airflow/example_dags/example_complex.py
[2025-04-17T06:14:50.212+0000] {logging_mixin.py:190} INFO - [2025-04-17T06:14:50.212+0000] {dag.py:3239} INFO - Sync 1 DAGs
[2025-04-17T06:14:50.273+0000] {logging_mixin.py:190} INFO - [2025-04-17T06:14:50.273+0000] {dag.py:4180} INFO - Setting next_dagrun for example_complex to None, run_after=None
[2025-04-17T06:14:50.367+0000] {processor.py:208} INFO - Processing /home/airflow/.local/lib/python3.12/site-packages/airflow/example_dags/example_complex.py took 0.393 seconds
[2025-04-17T06:15:24.406+0000] {processor.py:186} INFO - Started process (PID=622) to work on /home/airflow/.local/lib/python3.12/site-packages/airflow/example_dags/example_complex.py
[2025-04-17T06:15:24.409+0000] {processor.py:914} INFO - Processing file /home/airflow/.local/lib/python3.12/site-packages/airflow/example_dags/example_complex.py for tasks to queue
[2025-04-17T06:15:24.418+0000] {logging_mixin.py:190} INFO - [2025-04-17T06:15:24.418+0000] {dagbag.py:588} INFO - Filling up the DagBag from /home/airflow/.local/lib/python3.12/site-packages/airflow/example_dags/example_complex.py
[2025-04-17T06:15:24.460+0000] {processor.py:925} INFO - DAG(s) 'example_complex' retrieved from /home/airflow/.local/lib/python3.12/site-packages/airflow/example_dags/example_complex.py
[2025-04-17T06:15:24.576+0000] {logging_mixin.py:190} INFO - [2025-04-17T06:15:24.575+0000] {dag.py:3239} INFO - Sync 1 DAGs
[2025-04-17T06:15:24.618+0000] {logging_mixin.py:190} INFO - [2025-04-17T06:15:24.617+0000] {dag.py:4180} INFO - Setting next_dagrun for example_complex to None, run_after=None
[2025-04-17T06:15:24.678+0000] {processor.py:208} INFO - Processing /home/airflow/.local/lib/python3.12/site-packages/airflow/example_dags/example_complex.py took 0.290 seconds
[2025-04-17T06:15:55.642+0000] {processor.py:186} INFO - Started process (PID=685) to work on /home/airflow/.local/lib/python3.12/site-packages/airflow/example_dags/example_complex.py
[2025-04-17T06:15:55.644+0000] {processor.py:914} INFO - Processing file /home/airflow/.local/lib/python3.12/site-packages/airflow/example_dags/example_complex.py for tasks to queue
[2025-04-17T06:15:55.653+0000] {logging_mixin.py:190} INFO - [2025-04-17T06:15:55.652+0000] {dagbag.py:588} INFO - Filling up the DagBag from /home/airflow/.local/lib/python3.12/site-packages/airflow/example_dags/example_complex.py
[2025-04-17T06:15:55.670+0000] {processor.py:925} INFO - DAG(s) 'example_complex' retrieved from /home/airflow/.local/lib/python3.12/site-packages/airflow/example_dags/example_complex.py
[2025-04-17T06:15:55.729+0000] {logging_mixin.py:190} INFO - [2025-04-17T06:15:55.728+0000] {dag.py:3239} INFO - Sync 1 DAGs
[2025-04-17T06:15:55.765+0000] {logging_mixin.py:190} INFO - [2025-04-17T06:15:55.764+0000] {dag.py:4180} INFO - Setting next_dagrun for example_complex to None, run_after=None
[2025-04-17T06:15:55.798+0000] {processor.py:208} INFO - Processing /home/airflow/.local/lib/python3.12/site-packages/airflow/example_dags/example_complex.py took 0.173 seconds
[2025-04-17T06:16:26.669+0000] {processor.py:186} INFO - Started process (PID=748) to work on /home/airflow/.local/lib/python3.12/site-packages/airflow/example_dags/example_complex.py
[2025-04-17T06:16:26.672+0000] {processor.py:914} INFO - Processing file /home/airflow/.local/lib/python3.12/site-packages/airflow/example_dags/example_complex.py for tasks to queue
[2025-04-17T06:16:26.678+0000] {logging_mixin.py:190} INFO - [2025-04-17T06:16:26.677+0000] {dagbag.py:588} INFO - Filling up the DagBag from /home/airflow/.local/lib/python3.12/site-packages/airflow/example_dags/example_complex.py
[2025-04-17T06:16:26.704+0000] {processor.py:925} INFO - DAG(s) 'example_complex' retrieved from /home/airflow/.local/lib/python3.12/site-packages/airflow/example_dags/example_complex.py
[2025-04-17T06:16:26.774+0000] {logging_mixin.py:190} INFO - [2025-04-17T06:16:26.774+0000] {dag.py:3239} INFO - Sync 1 DAGs
[2025-04-17T06:16:26.817+0000] {logging_mixin.py:190} INFO - [2025-04-17T06:16:26.816+0000] {dag.py:4180} INFO - Setting next_dagrun for example_complex to None, run_after=None
[2025-04-17T06:16:26.862+0000] {processor.py:208} INFO - Processing /home/airflow/.local/lib/python3.12/site-packages/airflow/example_dags/example_complex.py took 0.207 seconds
[2025-04-17T06:16:58.582+0000] {processor.py:186} INFO - Started process (PID=811) to work on /home/airflow/.local/lib/python3.12/site-packages/airflow/example_dags/example_complex.py
[2025-04-17T06:16:58.586+0000] {processor.py:914} INFO - Processing file /home/airflow/.local/lib/python3.12/site-packages/airflow/example_dags/example_complex.py for tasks to queue
[2025-04-17T06:16:58.592+0000] {logging_mixin.py:190} INFO - [2025-04-17T06:16:58.591+0000] {dagbag.py:588} INFO - Filling up the DagBag from /home/airflow/.local/lib/python3.12/site-packages/airflow/example_dags/example_complex.py
[2025-04-17T06:16:58.641+0000] {processor.py:925} INFO - DAG(s) 'example_complex' retrieved from /home/airflow/.local/lib/python3.12/site-packages/airflow/example_dags/example_complex.py
[2025-04-17T06:16:58.776+0000] {logging_mixin.py:190} INFO - [2025-04-17T06:16:58.774+0000] {dag.py:3239} INFO - Sync 1 DAGs
[2025-04-17T06:16:58.852+0000] {logging_mixin.py:190} INFO - [2025-04-17T06:16:58.851+0000] {dag.py:4180} INFO - Setting next_dagrun for example_complex to None, run_after=None
[2025-04-17T06:16:58.930+0000] {processor.py:208} INFO - Processing /home/airflow/.local/lib/python3.12/site-packages/airflow/example_dags/example_complex.py took 0.368 seconds
