[2025-04-17T05:57:01.890+0000] {processor.py:186} INFO - Started process (PID=125) to work on /home/airflow/.local/lib/python3.12/site-packages/airflow/example_dags/example_bash_operator.py
[2025-04-17T05:57:01.892+0000] {processor.py:914} INFO - Processing file /home/airflow/.local/lib/python3.12/site-packages/airflow/example_dags/example_bash_operator.py for tasks to queue
[2025-04-17T05:57:01.897+0000] {logging_mixin.py:190} INFO - [2025-04-17T05:57:01.897+0000] {dagbag.py:588} INFO - Filling up the DagBag from /home/airflow/.local/lib/python3.12/site-packages/airflow/example_dags/example_bash_operator.py
[2025-04-17T05:57:01.916+0000] {processor.py:925} INFO - DAG(s) 'example_bash_operator' retrieved from /home/airflow/.local/lib/python3.12/site-packages/airflow/example_dags/example_bash_operator.py
[2025-04-17T05:57:02.101+0000] {logging_mixin.py:190} INFO - [2025-04-17T05:57:02.099+0000] {override.py:1912} INFO - Created Permission View: can delete on DAG:example_bash_operator
[2025-04-17T05:57:02.120+0000] {logging_mixin.py:190} INFO - [2025-04-17T05:57:02.120+0000] {override.py:1912} INFO - Created Permission View: can edit on DAG:example_bash_operator
[2025-04-17T05:57:02.133+0000] {logging_mixin.py:190} INFO - [2025-04-17T05:57:02.132+0000] {override.py:1912} INFO - Created Permission View: can read on DAG:example_bash_operator
[2025-04-17T05:57:02.147+0000] {logging_mixin.py:190} INFO - [2025-04-17T05:57:02.147+0000] {override.py:1912} INFO - Created Permission View: can delete on DAG Run:example_bash_operator
[2025-04-17T05:57:02.159+0000] {logging_mixin.py:190} INFO - [2025-04-17T05:57:02.158+0000] {override.py:1912} INFO - Created Permission View: can read on DAG Run:example_bash_operator
[2025-04-17T05:57:02.171+0000] {logging_mixin.py:190} INFO - [2025-04-17T05:57:02.171+0000] {override.py:1912} INFO - Created Permission View: can create on DAG Run:example_bash_operator
[2025-04-17T05:57:02.190+0000] {logging_mixin.py:190} INFO - [2025-04-17T05:57:02.190+0000] {override.py:1912} INFO - Created Permission View: menu access on DAG Run:example_bash_operator
[2025-04-17T05:57:02.192+0000] {logging_mixin.py:190} INFO - [2025-04-17T05:57:02.191+0000] {dag.py:3239} INFO - Sync 1 DAGs
[2025-04-17T05:57:02.212+0000] {logging_mixin.py:190} INFO - [2025-04-17T05:57:02.212+0000] {dag.py:3262} INFO - Creating ORM DAG for example_bash_operator
[2025-04-17T05:57:02.234+0000] {logging_mixin.py:190} INFO - [2025-04-17T05:57:02.233+0000] {dag.py:4180} INFO - Setting next_dagrun for example_bash_operator to 2025-04-16 00:00:00+00:00, run_after=2025-04-17 00:00:00+00:00
[2025-04-17T05:57:02.266+0000] {processor.py:208} INFO - Processing /home/airflow/.local/lib/python3.12/site-packages/airflow/example_dags/example_bash_operator.py took 0.386 seconds
[2025-04-17T05:57:32.483+0000] {processor.py:186} INFO - Started process (PID=188) to work on /home/airflow/.local/lib/python3.12/site-packages/airflow/example_dags/example_bash_operator.py
[2025-04-17T05:57:32.485+0000] {processor.py:914} INFO - Processing file /home/airflow/.local/lib/python3.12/site-packages/airflow/example_dags/example_bash_operator.py for tasks to queue
[2025-04-17T05:57:32.490+0000] {logging_mixin.py:190} INFO - [2025-04-17T05:57:32.489+0000] {dagbag.py:588} INFO - Filling up the DagBag from /home/airflow/.local/lib/python3.12/site-packages/airflow/example_dags/example_bash_operator.py
[2025-04-17T05:57:32.512+0000] {processor.py:925} INFO - DAG(s) 'example_bash_operator' retrieved from /home/airflow/.local/lib/python3.12/site-packages/airflow/example_dags/example_bash_operator.py
[2025-04-17T05:57:32.553+0000] {logging_mixin.py:190} INFO - [2025-04-17T05:57:32.553+0000] {dag.py:3239} INFO - Sync 1 DAGs
[2025-04-17T05:57:32.598+0000] {logging_mixin.py:190} INFO - [2025-04-17T05:57:32.597+0000] {dag.py:4180} INFO - Setting next_dagrun for example_bash_operator to 2025-04-16 00:00:00+00:00, run_after=2025-04-17 00:00:00+00:00
[2025-04-17T05:57:32.626+0000] {processor.py:208} INFO - Processing /home/airflow/.local/lib/python3.12/site-packages/airflow/example_dags/example_bash_operator.py took 0.151 seconds
[2025-04-17T05:58:05.284+0000] {processor.py:186} INFO - Started process (PID=251) to work on /home/airflow/.local/lib/python3.12/site-packages/airflow/example_dags/example_bash_operator.py
[2025-04-17T05:58:05.286+0000] {processor.py:914} INFO - Processing file /home/airflow/.local/lib/python3.12/site-packages/airflow/example_dags/example_bash_operator.py for tasks to queue
[2025-04-17T05:58:05.289+0000] {logging_mixin.py:190} INFO - [2025-04-17T05:58:05.289+0000] {dagbag.py:588} INFO - Filling up the DagBag from /home/airflow/.local/lib/python3.12/site-packages/airflow/example_dags/example_bash_operator.py
[2025-04-17T05:58:05.314+0000] {processor.py:925} INFO - DAG(s) 'example_bash_operator' retrieved from /home/airflow/.local/lib/python3.12/site-packages/airflow/example_dags/example_bash_operator.py
[2025-04-17T05:58:05.362+0000] {logging_mixin.py:190} INFO - [2025-04-17T05:58:05.362+0000] {dag.py:3239} INFO - Sync 1 DAGs
[2025-04-17T05:58:05.407+0000] {logging_mixin.py:190} INFO - [2025-04-17T05:58:05.407+0000] {dag.py:4180} INFO - Setting next_dagrun for example_bash_operator to 2025-04-16 00:00:00+00:00, run_after=2025-04-17 00:00:00+00:00
[2025-04-17T05:58:05.441+0000] {processor.py:208} INFO - Processing /home/airflow/.local/lib/python3.12/site-packages/airflow/example_dags/example_bash_operator.py took 0.166 seconds
[2025-04-17T05:58:36.541+0000] {processor.py:186} INFO - Started process (PID=314) to work on /home/airflow/.local/lib/python3.12/site-packages/airflow/example_dags/example_bash_operator.py
[2025-04-17T05:58:36.544+0000] {processor.py:914} INFO - Processing file /home/airflow/.local/lib/python3.12/site-packages/airflow/example_dags/example_bash_operator.py for tasks to queue
[2025-04-17T05:58:36.549+0000] {logging_mixin.py:190} INFO - [2025-04-17T05:58:36.549+0000] {dagbag.py:588} INFO - Filling up the DagBag from /home/airflow/.local/lib/python3.12/site-packages/airflow/example_dags/example_bash_operator.py
[2025-04-17T05:58:36.573+0000] {processor.py:925} INFO - DAG(s) 'example_bash_operator' retrieved from /home/airflow/.local/lib/python3.12/site-packages/airflow/example_dags/example_bash_operator.py
[2025-04-17T05:58:36.619+0000] {logging_mixin.py:190} INFO - [2025-04-17T05:58:36.619+0000] {dag.py:3239} INFO - Sync 1 DAGs
[2025-04-17T05:58:36.674+0000] {logging_mixin.py:190} INFO - [2025-04-17T05:58:36.673+0000] {dag.py:4180} INFO - Setting next_dagrun for example_bash_operator to 2025-04-16 00:00:00+00:00, run_after=2025-04-17 00:00:00+00:00
[2025-04-17T05:58:36.712+0000] {processor.py:208} INFO - Processing /home/airflow/.local/lib/python3.12/site-packages/airflow/example_dags/example_bash_operator.py took 0.187 seconds
[2025-04-17T05:59:07.307+0000] {processor.py:186} INFO - Started process (PID=377) to work on /home/airflow/.local/lib/python3.12/site-packages/airflow/example_dags/example_bash_operator.py
[2025-04-17T05:59:07.309+0000] {processor.py:914} INFO - Processing file /home/airflow/.local/lib/python3.12/site-packages/airflow/example_dags/example_bash_operator.py for tasks to queue
[2025-04-17T05:59:07.312+0000] {logging_mixin.py:190} INFO - [2025-04-17T05:59:07.311+0000] {dagbag.py:588} INFO - Filling up the DagBag from /home/airflow/.local/lib/python3.12/site-packages/airflow/example_dags/example_bash_operator.py
[2025-04-17T05:59:07.325+0000] {processor.py:925} INFO - DAG(s) 'example_bash_operator' retrieved from /home/airflow/.local/lib/python3.12/site-packages/airflow/example_dags/example_bash_operator.py
[2025-04-17T05:59:07.353+0000] {logging_mixin.py:190} INFO - [2025-04-17T05:59:07.353+0000] {dag.py:3239} INFO - Sync 1 DAGs
[2025-04-17T05:59:07.382+0000] {logging_mixin.py:190} INFO - [2025-04-17T05:59:07.382+0000] {dag.py:4180} INFO - Setting next_dagrun for example_bash_operator to 2025-04-16 00:00:00+00:00, run_after=2025-04-17 00:00:00+00:00
[2025-04-17T05:59:07.403+0000] {processor.py:208} INFO - Processing /home/airflow/.local/lib/python3.12/site-packages/airflow/example_dags/example_bash_operator.py took 0.101 seconds
[2025-04-17T05:59:39.250+0000] {processor.py:186} INFO - Started process (PID=440) to work on /home/airflow/.local/lib/python3.12/site-packages/airflow/example_dags/example_bash_operator.py
[2025-04-17T05:59:39.253+0000] {processor.py:914} INFO - Processing file /home/airflow/.local/lib/python3.12/site-packages/airflow/example_dags/example_bash_operator.py for tasks to queue
[2025-04-17T05:59:39.260+0000] {logging_mixin.py:190} INFO - [2025-04-17T05:59:39.259+0000] {dagbag.py:588} INFO - Filling up the DagBag from /home/airflow/.local/lib/python3.12/site-packages/airflow/example_dags/example_bash_operator.py
[2025-04-17T05:59:39.295+0000] {processor.py:925} INFO - DAG(s) 'example_bash_operator' retrieved from /home/airflow/.local/lib/python3.12/site-packages/airflow/example_dags/example_bash_operator.py
[2025-04-17T05:59:39.366+0000] {logging_mixin.py:190} INFO - [2025-04-17T05:59:39.366+0000] {dag.py:3239} INFO - Sync 1 DAGs
[2025-04-17T05:59:39.434+0000] {logging_mixin.py:190} INFO - [2025-04-17T05:59:39.433+0000] {dag.py:4180} INFO - Setting next_dagrun for example_bash_operator to 2025-04-16 00:00:00+00:00, run_after=2025-04-17 00:00:00+00:00
[2025-04-17T05:59:39.494+0000] {processor.py:208} INFO - Processing /home/airflow/.local/lib/python3.12/site-packages/airflow/example_dags/example_bash_operator.py took 0.256 seconds
[2025-04-17T06:00:10.369+0000] {processor.py:186} INFO - Started process (PID=503) to work on /home/airflow/.local/lib/python3.12/site-packages/airflow/example_dags/example_bash_operator.py
[2025-04-17T06:00:10.371+0000] {processor.py:914} INFO - Processing file /home/airflow/.local/lib/python3.12/site-packages/airflow/example_dags/example_bash_operator.py for tasks to queue
[2025-04-17T06:00:10.375+0000] {logging_mixin.py:190} INFO - [2025-04-17T06:00:10.375+0000] {dagbag.py:588} INFO - Filling up the DagBag from /home/airflow/.local/lib/python3.12/site-packages/airflow/example_dags/example_bash_operator.py
[2025-04-17T06:00:10.387+0000] {processor.py:925} INFO - DAG(s) 'example_bash_operator' retrieved from /home/airflow/.local/lib/python3.12/site-packages/airflow/example_dags/example_bash_operator.py
[2025-04-17T06:00:10.412+0000] {logging_mixin.py:190} INFO - [2025-04-17T06:00:10.412+0000] {dag.py:3239} INFO - Sync 1 DAGs
[2025-04-17T06:00:10.435+0000] {logging_mixin.py:190} INFO - [2025-04-17T06:00:10.435+0000] {dag.py:4180} INFO - Setting next_dagrun for example_bash_operator to 2025-04-16 00:00:00+00:00, run_after=2025-04-17 00:00:00+00:00
[2025-04-17T06:00:10.457+0000] {processor.py:208} INFO - Processing /home/airflow/.local/lib/python3.12/site-packages/airflow/example_dags/example_bash_operator.py took 0.099 seconds
[2025-04-17T06:00:40.915+0000] {processor.py:186} INFO - Started process (PID=565) to work on /home/airflow/.local/lib/python3.12/site-packages/airflow/example_dags/example_bash_operator.py
[2025-04-17T06:00:40.916+0000] {processor.py:914} INFO - Processing file /home/airflow/.local/lib/python3.12/site-packages/airflow/example_dags/example_bash_operator.py for tasks to queue
[2025-04-17T06:00:40.921+0000] {logging_mixin.py:190} INFO - [2025-04-17T06:00:40.920+0000] {dagbag.py:588} INFO - Filling up the DagBag from /home/airflow/.local/lib/python3.12/site-packages/airflow/example_dags/example_bash_operator.py
[2025-04-17T06:00:40.936+0000] {processor.py:925} INFO - DAG(s) 'example_bash_operator' retrieved from /home/airflow/.local/lib/python3.12/site-packages/airflow/example_dags/example_bash_operator.py
[2025-04-17T06:00:40.967+0000] {logging_mixin.py:190} INFO - [2025-04-17T06:00:40.966+0000] {dag.py:3239} INFO - Sync 1 DAGs
[2025-04-17T06:00:40.996+0000] {logging_mixin.py:190} INFO - [2025-04-17T06:00:40.996+0000] {dag.py:4180} INFO - Setting next_dagrun for example_bash_operator to 2025-04-16 00:00:00+00:00, run_after=2025-04-17 00:00:00+00:00
[2025-04-17T06:00:41.055+0000] {processor.py:208} INFO - Processing /home/airflow/.local/lib/python3.12/site-packages/airflow/example_dags/example_bash_operator.py took 0.146 seconds
[2025-04-17T06:01:13.218+0000] {processor.py:186} INFO - Started process (PID=628) to work on /home/airflow/.local/lib/python3.12/site-packages/airflow/example_dags/example_bash_operator.py
[2025-04-17T06:01:13.220+0000] {processor.py:914} INFO - Processing file /home/airflow/.local/lib/python3.12/site-packages/airflow/example_dags/example_bash_operator.py for tasks to queue
[2025-04-17T06:01:13.223+0000] {logging_mixin.py:190} INFO - [2025-04-17T06:01:13.223+0000] {dagbag.py:588} INFO - Filling up the DagBag from /home/airflow/.local/lib/python3.12/site-packages/airflow/example_dags/example_bash_operator.py
[2025-04-17T06:01:13.238+0000] {processor.py:925} INFO - DAG(s) 'example_bash_operator' retrieved from /home/airflow/.local/lib/python3.12/site-packages/airflow/example_dags/example_bash_operator.py
[2025-04-17T06:01:13.272+0000] {logging_mixin.py:190} INFO - [2025-04-17T06:01:13.272+0000] {dag.py:3239} INFO - Sync 1 DAGs
[2025-04-17T06:01:13.303+0000] {logging_mixin.py:190} INFO - [2025-04-17T06:01:13.303+0000] {dag.py:4180} INFO - Setting next_dagrun for example_bash_operator to 2025-04-16 00:00:00+00:00, run_after=2025-04-17 00:00:00+00:00
[2025-04-17T06:01:13.329+0000] {processor.py:208} INFO - Processing /home/airflow/.local/lib/python3.12/site-packages/airflow/example_dags/example_bash_operator.py took 0.118 seconds
[2025-04-17T06:01:46.170+0000] {processor.py:186} INFO - Started process (PID=697) to work on /home/airflow/.local/lib/python3.12/site-packages/airflow/example_dags/example_bash_operator.py
[2025-04-17T06:01:46.175+0000] {processor.py:914} INFO - Processing file /home/airflow/.local/lib/python3.12/site-packages/airflow/example_dags/example_bash_operator.py for tasks to queue
[2025-04-17T06:01:46.180+0000] {logging_mixin.py:190} INFO - [2025-04-17T06:01:46.179+0000] {dagbag.py:588} INFO - Filling up the DagBag from /home/airflow/.local/lib/python3.12/site-packages/airflow/example_dags/example_bash_operator.py
[2025-04-17T06:01:46.198+0000] {processor.py:925} INFO - DAG(s) 'example_bash_operator' retrieved from /home/airflow/.local/lib/python3.12/site-packages/airflow/example_dags/example_bash_operator.py
[2025-04-17T06:01:46.229+0000] {logging_mixin.py:190} INFO - [2025-04-17T06:01:46.229+0000] {dag.py:3239} INFO - Sync 1 DAGs
[2025-04-17T06:01:46.268+0000] {logging_mixin.py:190} INFO - [2025-04-17T06:01:46.268+0000] {dag.py:4180} INFO - Setting next_dagrun for example_bash_operator to 2025-04-16 00:00:00+00:00, run_after=2025-04-17 00:00:00+00:00
[2025-04-17T06:01:46.320+0000] {processor.py:208} INFO - Processing /home/airflow/.local/lib/python3.12/site-packages/airflow/example_dags/example_bash_operator.py took 0.158 seconds
[2025-04-17T06:02:16.907+0000] {processor.py:186} INFO - Started process (PID=760) to work on /home/airflow/.local/lib/python3.12/site-packages/airflow/example_dags/example_bash_operator.py
[2025-04-17T06:02:16.909+0000] {processor.py:914} INFO - Processing file /home/airflow/.local/lib/python3.12/site-packages/airflow/example_dags/example_bash_operator.py for tasks to queue
[2025-04-17T06:02:16.912+0000] {logging_mixin.py:190} INFO - [2025-04-17T06:02:16.912+0000] {dagbag.py:588} INFO - Filling up the DagBag from /home/airflow/.local/lib/python3.12/site-packages/airflow/example_dags/example_bash_operator.py
[2025-04-17T06:02:16.930+0000] {processor.py:925} INFO - DAG(s) 'example_bash_operator' retrieved from /home/airflow/.local/lib/python3.12/site-packages/airflow/example_dags/example_bash_operator.py
[2025-04-17T06:02:16.962+0000] {logging_mixin.py:190} INFO - [2025-04-17T06:02:16.961+0000] {dag.py:3239} INFO - Sync 1 DAGs
[2025-04-17T06:02:16.993+0000] {logging_mixin.py:190} INFO - [2025-04-17T06:02:16.992+0000] {dag.py:4180} INFO - Setting next_dagrun for example_bash_operator to 2025-04-16 00:00:00+00:00, run_after=2025-04-17 00:00:00+00:00
[2025-04-17T06:02:17.022+0000] {processor.py:208} INFO - Processing /home/airflow/.local/lib/python3.12/site-packages/airflow/example_dags/example_bash_operator.py took 0.123 seconds
[2025-04-17T06:02:48.764+0000] {processor.py:186} INFO - Started process (PID=826) to work on /home/airflow/.local/lib/python3.12/site-packages/airflow/example_dags/example_bash_operator.py
[2025-04-17T06:02:48.768+0000] {processor.py:914} INFO - Processing file /home/airflow/.local/lib/python3.12/site-packages/airflow/example_dags/example_bash_operator.py for tasks to queue
[2025-04-17T06:02:48.772+0000] {logging_mixin.py:190} INFO - [2025-04-17T06:02:48.771+0000] {dagbag.py:588} INFO - Filling up the DagBag from /home/airflow/.local/lib/python3.12/site-packages/airflow/example_dags/example_bash_operator.py
[2025-04-17T06:02:48.789+0000] {processor.py:925} INFO - DAG(s) 'example_bash_operator' retrieved from /home/airflow/.local/lib/python3.12/site-packages/airflow/example_dags/example_bash_operator.py
[2025-04-17T06:02:48.815+0000] {logging_mixin.py:190} INFO - [2025-04-17T06:02:48.815+0000] {dag.py:3239} INFO - Sync 1 DAGs
[2025-04-17T06:02:48.839+0000] {logging_mixin.py:190} INFO - [2025-04-17T06:02:48.839+0000] {dag.py:4180} INFO - Setting next_dagrun for example_bash_operator to 2025-04-16 00:00:00+00:00, run_after=2025-04-17 00:00:00+00:00
[2025-04-17T06:02:48.857+0000] {processor.py:208} INFO - Processing /home/airflow/.local/lib/python3.12/site-packages/airflow/example_dags/example_bash_operator.py took 0.110 seconds
[2025-04-17T06:03:19.054+0000] {processor.py:186} INFO - Started process (PID=889) to work on /home/airflow/.local/lib/python3.12/site-packages/airflow/example_dags/example_bash_operator.py
[2025-04-17T06:03:19.055+0000] {processor.py:914} INFO - Processing file /home/airflow/.local/lib/python3.12/site-packages/airflow/example_dags/example_bash_operator.py for tasks to queue
[2025-04-17T06:03:19.058+0000] {logging_mixin.py:190} INFO - [2025-04-17T06:03:19.058+0000] {dagbag.py:588} INFO - Filling up the DagBag from /home/airflow/.local/lib/python3.12/site-packages/airflow/example_dags/example_bash_operator.py
[2025-04-17T06:03:19.071+0000] {processor.py:925} INFO - DAG(s) 'example_bash_operator' retrieved from /home/airflow/.local/lib/python3.12/site-packages/airflow/example_dags/example_bash_operator.py
[2025-04-17T06:03:19.100+0000] {logging_mixin.py:190} INFO - [2025-04-17T06:03:19.100+0000] {dag.py:3239} INFO - Sync 1 DAGs
[2025-04-17T06:03:19.120+0000] {logging_mixin.py:190} INFO - [2025-04-17T06:03:19.119+0000] {dag.py:4180} INFO - Setting next_dagrun for example_bash_operator to 2025-04-16 00:00:00+00:00, run_after=2025-04-17 00:00:00+00:00
[2025-04-17T06:03:19.135+0000] {processor.py:208} INFO - Processing /home/airflow/.local/lib/python3.12/site-packages/airflow/example_dags/example_bash_operator.py took 0.095 seconds
[2025-04-17T06:11:02.119+0000] {processor.py:186} INFO - Started process (PID=127) to work on /home/airflow/.local/lib/python3.12/site-packages/airflow/example_dags/example_bash_operator.py
[2025-04-17T06:11:02.123+0000] {processor.py:914} INFO - Processing file /home/airflow/.local/lib/python3.12/site-packages/airflow/example_dags/example_bash_operator.py for tasks to queue
[2025-04-17T06:11:02.135+0000] {logging_mixin.py:190} INFO - [2025-04-17T06:11:02.133+0000] {dagbag.py:588} INFO - Filling up the DagBag from /home/airflow/.local/lib/python3.12/site-packages/airflow/example_dags/example_bash_operator.py
[2025-04-17T06:11:02.168+0000] {processor.py:925} INFO - DAG(s) 'example_bash_operator' retrieved from /home/airflow/.local/lib/python3.12/site-packages/airflow/example_dags/example_bash_operator.py
[2025-04-17T06:11:02.233+0000] {logging_mixin.py:190} INFO - [2025-04-17T06:11:02.232+0000] {dag.py:3239} INFO - Sync 1 DAGs
[2025-04-17T06:11:02.289+0000] {logging_mixin.py:190} INFO - [2025-04-17T06:11:02.288+0000] {dag.py:4180} INFO - Setting next_dagrun for example_bash_operator to 2025-04-16 00:00:00+00:00, run_after=2025-04-17 00:00:00+00:00
[2025-04-17T06:11:02.338+0000] {processor.py:208} INFO - Processing /home/airflow/.local/lib/python3.12/site-packages/airflow/example_dags/example_bash_operator.py took 0.230 seconds
[2025-04-17T06:11:33.481+0000] {processor.py:186} INFO - Started process (PID=190) to work on /home/airflow/.local/lib/python3.12/site-packages/airflow/example_dags/example_bash_operator.py
[2025-04-17T06:11:33.484+0000] {processor.py:914} INFO - Processing file /home/airflow/.local/lib/python3.12/site-packages/airflow/example_dags/example_bash_operator.py for tasks to queue
[2025-04-17T06:11:33.488+0000] {logging_mixin.py:190} INFO - [2025-04-17T06:11:33.487+0000] {dagbag.py:588} INFO - Filling up the DagBag from /home/airflow/.local/lib/python3.12/site-packages/airflow/example_dags/example_bash_operator.py
[2025-04-17T06:11:33.514+0000] {processor.py:925} INFO - DAG(s) 'example_bash_operator' retrieved from /home/airflow/.local/lib/python3.12/site-packages/airflow/example_dags/example_bash_operator.py
[2025-04-17T06:11:33.570+0000] {logging_mixin.py:190} INFO - [2025-04-17T06:11:33.569+0000] {dag.py:3239} INFO - Sync 1 DAGs
[2025-04-17T06:11:33.643+0000] {logging_mixin.py:190} INFO - [2025-04-17T06:11:33.643+0000] {dag.py:4180} INFO - Setting next_dagrun for example_bash_operator to 2025-04-16 00:00:00+00:00, run_after=2025-04-17 00:00:00+00:00
[2025-04-17T06:11:33.668+0000] {processor.py:208} INFO - Processing /home/airflow/.local/lib/python3.12/site-packages/airflow/example_dags/example_bash_operator.py took 0.196 seconds
[2025-04-17T06:12:06.786+0000] {processor.py:186} INFO - Started process (PID=252) to work on /home/airflow/.local/lib/python3.12/site-packages/airflow/example_dags/example_bash_operator.py
[2025-04-17T06:12:06.789+0000] {processor.py:914} INFO - Processing file /home/airflow/.local/lib/python3.12/site-packages/airflow/example_dags/example_bash_operator.py for tasks to queue
[2025-04-17T06:12:06.798+0000] {logging_mixin.py:190} INFO - [2025-04-17T06:12:06.797+0000] {dagbag.py:588} INFO - Filling up the DagBag from /home/airflow/.local/lib/python3.12/site-packages/airflow/example_dags/example_bash_operator.py
[2025-04-17T06:12:06.830+0000] {processor.py:925} INFO - DAG(s) 'example_bash_operator' retrieved from /home/airflow/.local/lib/python3.12/site-packages/airflow/example_dags/example_bash_operator.py
[2025-04-17T06:12:06.896+0000] {logging_mixin.py:190} INFO - [2025-04-17T06:12:06.889+0000] {dag.py:3239} INFO - Sync 1 DAGs
[2025-04-17T06:12:06.944+0000] {logging_mixin.py:190} INFO - [2025-04-17T06:12:06.943+0000] {dag.py:4180} INFO - Setting next_dagrun for example_bash_operator to 2025-04-16 00:00:00+00:00, run_after=2025-04-17 00:00:00+00:00
[2025-04-17T06:12:06.993+0000] {processor.py:208} INFO - Processing /home/airflow/.local/lib/python3.12/site-packages/airflow/example_dags/example_bash_operator.py took 0.220 seconds
[2025-04-17T06:12:38.692+0000] {processor.py:186} INFO - Started process (PID=315) to work on /home/airflow/.local/lib/python3.12/site-packages/airflow/example_dags/example_bash_operator.py
[2025-04-17T06:12:38.701+0000] {processor.py:914} INFO - Processing file /home/airflow/.local/lib/python3.12/site-packages/airflow/example_dags/example_bash_operator.py for tasks to queue
[2025-04-17T06:12:38.709+0000] {logging_mixin.py:190} INFO - [2025-04-17T06:12:38.707+0000] {dagbag.py:588} INFO - Filling up the DagBag from /home/airflow/.local/lib/python3.12/site-packages/airflow/example_dags/example_bash_operator.py
[2025-04-17T06:12:38.745+0000] {processor.py:925} INFO - DAG(s) 'example_bash_operator' retrieved from /home/airflow/.local/lib/python3.12/site-packages/airflow/example_dags/example_bash_operator.py
[2025-04-17T06:12:38.828+0000] {logging_mixin.py:190} INFO - [2025-04-17T06:12:38.827+0000] {dag.py:3239} INFO - Sync 1 DAGs
[2025-04-17T06:12:38.897+0000] {logging_mixin.py:190} INFO - [2025-04-17T06:12:38.897+0000] {dag.py:4180} INFO - Setting next_dagrun for example_bash_operator to 2025-04-16 00:00:00+00:00, run_after=2025-04-17 00:00:00+00:00
[2025-04-17T06:12:38.959+0000] {processor.py:208} INFO - Processing /home/airflow/.local/lib/python3.12/site-packages/airflow/example_dags/example_bash_operator.py took 0.283 seconds
[2025-04-17T06:13:10.348+0000] {processor.py:186} INFO - Started process (PID=378) to work on /home/airflow/.local/lib/python3.12/site-packages/airflow/example_dags/example_bash_operator.py
[2025-04-17T06:13:10.351+0000] {processor.py:914} INFO - Processing file /home/airflow/.local/lib/python3.12/site-packages/airflow/example_dags/example_bash_operator.py for tasks to queue
[2025-04-17T06:13:10.364+0000] {logging_mixin.py:190} INFO - [2025-04-17T06:13:10.363+0000] {dagbag.py:588} INFO - Filling up the DagBag from /home/airflow/.local/lib/python3.12/site-packages/airflow/example_dags/example_bash_operator.py
[2025-04-17T06:13:10.391+0000] {processor.py:925} INFO - DAG(s) 'example_bash_operator' retrieved from /home/airflow/.local/lib/python3.12/site-packages/airflow/example_dags/example_bash_operator.py
[2025-04-17T06:13:10.459+0000] {logging_mixin.py:190} INFO - [2025-04-17T06:13:10.458+0000] {dag.py:3239} INFO - Sync 1 DAGs
[2025-04-17T06:13:10.513+0000] {logging_mixin.py:190} INFO - [2025-04-17T06:13:10.512+0000] {dag.py:4180} INFO - Setting next_dagrun for example_bash_operator to 2025-04-16 00:00:00+00:00, run_after=2025-04-17 00:00:00+00:00
[2025-04-17T06:13:10.553+0000] {processor.py:208} INFO - Processing /home/airflow/.local/lib/python3.12/site-packages/airflow/example_dags/example_bash_operator.py took 0.215 seconds
[2025-04-17T06:13:51.398+0000] {processor.py:186} INFO - Started process (PID=447) to work on /home/airflow/.local/lib/python3.12/site-packages/airflow/example_dags/example_bash_operator.py
[2025-04-17T06:13:51.413+0000] {processor.py:914} INFO - Processing file /home/airflow/.local/lib/python3.12/site-packages/airflow/example_dags/example_bash_operator.py for tasks to queue
[2025-04-17T06:13:51.427+0000] {logging_mixin.py:190} INFO - [2025-04-17T06:13:51.417+0000] {dagbag.py:588} INFO - Filling up the DagBag from /home/airflow/.local/lib/python3.12/site-packages/airflow/example_dags/example_bash_operator.py
[2025-04-17T06:13:51.525+0000] {processor.py:925} INFO - DAG(s) 'example_bash_operator' retrieved from /home/airflow/.local/lib/python3.12/site-packages/airflow/example_dags/example_bash_operator.py
[2025-04-17T06:13:51.664+0000] {logging_mixin.py:190} INFO - [2025-04-17T06:13:51.658+0000] {dag.py:3239} INFO - Sync 1 DAGs
[2025-04-17T06:13:51.835+0000] {logging_mixin.py:190} INFO - [2025-04-17T06:13:51.834+0000] {dag.py:4180} INFO - Setting next_dagrun for example_bash_operator to 2025-04-16 00:00:00+00:00, run_after=2025-04-17 00:00:00+00:00
[2025-04-17T06:13:52.040+0000] {processor.py:208} INFO - Processing /home/airflow/.local/lib/python3.12/site-packages/airflow/example_dags/example_bash_operator.py took 0.673 seconds
[2025-04-17T06:14:23.281+0000] {processor.py:186} INFO - Started process (PID=511) to work on /home/airflow/.local/lib/python3.12/site-packages/airflow/example_dags/example_bash_operator.py
[2025-04-17T06:14:23.309+0000] {processor.py:914} INFO - Processing file /home/airflow/.local/lib/python3.12/site-packages/airflow/example_dags/example_bash_operator.py for tasks to queue
[2025-04-17T06:14:23.321+0000] {logging_mixin.py:190} INFO - [2025-04-17T06:14:23.319+0000] {dagbag.py:588} INFO - Filling up the DagBag from /home/airflow/.local/lib/python3.12/site-packages/airflow/example_dags/example_bash_operator.py
[2025-04-17T06:14:23.414+0000] {processor.py:925} INFO - DAG(s) 'example_bash_operator' retrieved from /home/airflow/.local/lib/python3.12/site-packages/airflow/example_dags/example_bash_operator.py
[2025-04-17T06:14:23.679+0000] {logging_mixin.py:190} INFO - [2025-04-17T06:14:23.679+0000] {dag.py:3239} INFO - Sync 1 DAGs
[2025-04-17T06:14:23.875+0000] {logging_mixin.py:190} INFO - [2025-04-17T06:14:23.875+0000] {dag.py:4180} INFO - Setting next_dagrun for example_bash_operator to 2025-04-16 00:00:00+00:00, run_after=2025-04-17 00:00:00+00:00
[2025-04-17T06:14:23.990+0000] {processor.py:208} INFO - Processing /home/airflow/.local/lib/python3.12/site-packages/airflow/example_dags/example_bash_operator.py took 0.749 seconds
[2025-04-17T06:14:54.288+0000] {processor.py:186} INFO - Started process (PID=573) to work on /home/airflow/.local/lib/python3.12/site-packages/airflow/example_dags/example_bash_operator.py
[2025-04-17T06:14:54.299+0000] {processor.py:914} INFO - Processing file /home/airflow/.local/lib/python3.12/site-packages/airflow/example_dags/example_bash_operator.py for tasks to queue
[2025-04-17T06:14:54.308+0000] {logging_mixin.py:190} INFO - [2025-04-17T06:14:54.307+0000] {dagbag.py:588} INFO - Filling up the DagBag from /home/airflow/.local/lib/python3.12/site-packages/airflow/example_dags/example_bash_operator.py
[2025-04-17T06:14:54.408+0000] {processor.py:925} INFO - DAG(s) 'example_bash_operator' retrieved from /home/airflow/.local/lib/python3.12/site-packages/airflow/example_dags/example_bash_operator.py
[2025-04-17T06:14:54.505+0000] {logging_mixin.py:190} INFO - [2025-04-17T06:14:54.505+0000] {dag.py:3239} INFO - Sync 1 DAGs
[2025-04-17T06:14:54.596+0000] {logging_mixin.py:190} INFO - [2025-04-17T06:14:54.596+0000] {dag.py:4180} INFO - Setting next_dagrun for example_bash_operator to 2025-04-16 00:00:00+00:00, run_after=2025-04-17 00:00:00+00:00
[2025-04-17T06:14:54.748+0000] {processor.py:208} INFO - Processing /home/airflow/.local/lib/python3.12/site-packages/airflow/example_dags/example_bash_operator.py took 0.493 seconds
[2025-04-17T06:15:26.956+0000] {processor.py:186} INFO - Started process (PID=636) to work on /home/airflow/.local/lib/python3.12/site-packages/airflow/example_dags/example_bash_operator.py
[2025-04-17T06:15:26.960+0000] {processor.py:914} INFO - Processing file /home/airflow/.local/lib/python3.12/site-packages/airflow/example_dags/example_bash_operator.py for tasks to queue
[2025-04-17T06:15:26.973+0000] {logging_mixin.py:190} INFO - [2025-04-17T06:15:26.968+0000] {dagbag.py:588} INFO - Filling up the DagBag from /home/airflow/.local/lib/python3.12/site-packages/airflow/example_dags/example_bash_operator.py
[2025-04-17T06:15:27.018+0000] {processor.py:925} INFO - DAG(s) 'example_bash_operator' retrieved from /home/airflow/.local/lib/python3.12/site-packages/airflow/example_dags/example_bash_operator.py
[2025-04-17T06:15:27.130+0000] {logging_mixin.py:190} INFO - [2025-04-17T06:15:27.129+0000] {dag.py:3239} INFO - Sync 1 DAGs
[2025-04-17T06:15:27.217+0000] {logging_mixin.py:190} INFO - [2025-04-17T06:15:27.216+0000] {dag.py:4180} INFO - Setting next_dagrun for example_bash_operator to 2025-04-16 00:00:00+00:00, run_after=2025-04-17 00:00:00+00:00
[2025-04-17T06:15:27.308+0000] {processor.py:208} INFO - Processing /home/airflow/.local/lib/python3.12/site-packages/airflow/example_dags/example_bash_operator.py took 0.373 seconds
[2025-04-17T06:15:57.711+0000] {processor.py:186} INFO - Started process (PID=699) to work on /home/airflow/.local/lib/python3.12/site-packages/airflow/example_dags/example_bash_operator.py
[2025-04-17T06:15:57.714+0000] {processor.py:914} INFO - Processing file /home/airflow/.local/lib/python3.12/site-packages/airflow/example_dags/example_bash_operator.py for tasks to queue
[2025-04-17T06:15:57.722+0000] {logging_mixin.py:190} INFO - [2025-04-17T06:15:57.721+0000] {dagbag.py:588} INFO - Filling up the DagBag from /home/airflow/.local/lib/python3.12/site-packages/airflow/example_dags/example_bash_operator.py
[2025-04-17T06:15:57.769+0000] {processor.py:925} INFO - DAG(s) 'example_bash_operator' retrieved from /home/airflow/.local/lib/python3.12/site-packages/airflow/example_dags/example_bash_operator.py
[2025-04-17T06:15:57.866+0000] {logging_mixin.py:190} INFO - [2025-04-17T06:15:57.865+0000] {dag.py:3239} INFO - Sync 1 DAGs
[2025-04-17T06:15:57.915+0000] {logging_mixin.py:190} INFO - [2025-04-17T06:15:57.915+0000] {dag.py:4180} INFO - Setting next_dagrun for example_bash_operator to 2025-04-16 00:00:00+00:00, run_after=2025-04-17 00:00:00+00:00
[2025-04-17T06:15:57.944+0000] {processor.py:208} INFO - Processing /home/airflow/.local/lib/python3.12/site-packages/airflow/example_dags/example_bash_operator.py took 0.259 seconds
[2025-04-17T06:16:28.529+0000] {processor.py:186} INFO - Started process (PID=762) to work on /home/airflow/.local/lib/python3.12/site-packages/airflow/example_dags/example_bash_operator.py
[2025-04-17T06:16:28.532+0000] {processor.py:914} INFO - Processing file /home/airflow/.local/lib/python3.12/site-packages/airflow/example_dags/example_bash_operator.py for tasks to queue
[2025-04-17T06:16:28.538+0000] {logging_mixin.py:190} INFO - [2025-04-17T06:16:28.537+0000] {dagbag.py:588} INFO - Filling up the DagBag from /home/airflow/.local/lib/python3.12/site-packages/airflow/example_dags/example_bash_operator.py
[2025-04-17T06:16:28.566+0000] {processor.py:925} INFO - DAG(s) 'example_bash_operator' retrieved from /home/airflow/.local/lib/python3.12/site-packages/airflow/example_dags/example_bash_operator.py
[2025-04-17T06:16:28.623+0000] {logging_mixin.py:190} INFO - [2025-04-17T06:16:28.622+0000] {dag.py:3239} INFO - Sync 1 DAGs
[2025-04-17T06:16:28.677+0000] {logging_mixin.py:190} INFO - [2025-04-17T06:16:28.677+0000] {dag.py:4180} INFO - Setting next_dagrun for example_bash_operator to 2025-04-16 00:00:00+00:00, run_after=2025-04-17 00:00:00+00:00
[2025-04-17T06:16:28.715+0000] {processor.py:208} INFO - Processing /home/airflow/.local/lib/python3.12/site-packages/airflow/example_dags/example_bash_operator.py took 0.196 seconds
[2025-04-17T06:17:02.612+0000] {processor.py:186} INFO - Started process (PID=825) to work on /home/airflow/.local/lib/python3.12/site-packages/airflow/example_dags/example_bash_operator.py
[2025-04-17T06:17:02.615+0000] {processor.py:914} INFO - Processing file /home/airflow/.local/lib/python3.12/site-packages/airflow/example_dags/example_bash_operator.py for tasks to queue
[2025-04-17T06:17:02.622+0000] {logging_mixin.py:190} INFO - [2025-04-17T06:17:02.621+0000] {dagbag.py:588} INFO - Filling up the DagBag from /home/airflow/.local/lib/python3.12/site-packages/airflow/example_dags/example_bash_operator.py
[2025-04-17T06:17:02.652+0000] {processor.py:925} INFO - DAG(s) 'example_bash_operator' retrieved from /home/airflow/.local/lib/python3.12/site-packages/airflow/example_dags/example_bash_operator.py
[2025-04-17T06:17:02.726+0000] {logging_mixin.py:190} INFO - [2025-04-17T06:17:02.726+0000] {dag.py:3239} INFO - Sync 1 DAGs
[2025-04-17T06:17:02.794+0000] {logging_mixin.py:190} INFO - [2025-04-17T06:17:02.794+0000] {dag.py:4180} INFO - Setting next_dagrun for example_bash_operator to 2025-04-16 00:00:00+00:00, run_after=2025-04-17 00:00:00+00:00
[2025-04-17T06:17:02.852+0000] {processor.py:208} INFO - Processing /home/airflow/.local/lib/python3.12/site-packages/airflow/example_dags/example_bash_operator.py took 0.259 seconds
