[2025-04-17T05:56:52.110+0000] {processor.py:186} INFO - Started process (PID=101) to work on /home/airflow/.local/lib/python3.12/site-packages/airflow/example_dags/example_xcomargs.py
[2025-04-17T05:56:52.112+0000] {processor.py:914} INFO - Processing file /home/airflow/.local/lib/python3.12/site-packages/airflow/example_dags/example_xcomargs.py for tasks to queue
[2025-04-17T05:56:52.119+0000] {logging_mixin.py:190} INFO - [2025-04-17T05:56:52.118+0000] {dagbag.py:588} INFO - Filling up the DagBag from /home/airflow/.local/lib/python3.12/site-packages/airflow/example_dags/example_xcomargs.py
[2025-04-17T05:56:52.151+0000] {processor.py:925} INFO - DAG(s) 'example_xcom_args', 'example_xcom_args_with_operators' retrieved from /home/airflow/.local/lib/python3.12/site-packages/airflow/example_dags/example_xcomargs.py
[2025-04-17T05:56:52.454+0000] {logging_mixin.py:190} INFO - [2025-04-17T05:56:52.453+0000] {override.py:1912} INFO - Created Permission View: can delete on DAG:example_xcom_args
[2025-04-17T05:56:52.474+0000] {logging_mixin.py:190} INFO - [2025-04-17T05:56:52.473+0000] {override.py:1912} INFO - Created Permission View: can edit on DAG:example_xcom_args
[2025-04-17T05:56:52.488+0000] {logging_mixin.py:190} INFO - [2025-04-17T05:56:52.488+0000] {override.py:1912} INFO - Created Permission View: can read on DAG:example_xcom_args
[2025-04-17T05:56:52.506+0000] {logging_mixin.py:190} INFO - [2025-04-17T05:56:52.505+0000] {override.py:1912} INFO - Created Permission View: can delete on DAG Run:example_xcom_args
[2025-04-17T05:56:52.521+0000] {logging_mixin.py:190} INFO - [2025-04-17T05:56:52.520+0000] {override.py:1912} INFO - Created Permission View: can read on DAG Run:example_xcom_args
[2025-04-17T05:56:52.536+0000] {logging_mixin.py:190} INFO - [2025-04-17T05:56:52.535+0000] {override.py:1912} INFO - Created Permission View: can create on DAG Run:example_xcom_args
[2025-04-17T05:56:52.552+0000] {logging_mixin.py:190} INFO - [2025-04-17T05:56:52.552+0000] {override.py:1912} INFO - Created Permission View: menu access on DAG Run:example_xcom_args
[2025-04-17T05:56:52.580+0000] {logging_mixin.py:190} INFO - [2025-04-17T05:56:52.580+0000] {override.py:1912} INFO - Created Permission View: can delete on DAG:example_xcom_args_with_operators
[2025-04-17T05:56:52.595+0000] {logging_mixin.py:190} INFO - [2025-04-17T05:56:52.595+0000] {override.py:1912} INFO - Created Permission View: can edit on DAG:example_xcom_args_with_operators
[2025-04-17T05:56:52.611+0000] {logging_mixin.py:190} INFO - [2025-04-17T05:56:52.611+0000] {override.py:1912} INFO - Created Permission View: can read on DAG:example_xcom_args_with_operators
[2025-04-17T05:56:52.628+0000] {logging_mixin.py:190} INFO - [2025-04-17T05:56:52.627+0000] {override.py:1912} INFO - Created Permission View: can delete on DAG Run:example_xcom_args_with_operators
[2025-04-17T05:56:52.647+0000] {logging_mixin.py:190} INFO - [2025-04-17T05:56:52.647+0000] {override.py:1912} INFO - Created Permission View: can read on DAG Run:example_xcom_args_with_operators
[2025-04-17T05:56:52.663+0000] {logging_mixin.py:190} INFO - [2025-04-17T05:56:52.663+0000] {override.py:1912} INFO - Created Permission View: can create on DAG Run:example_xcom_args_with_operators
[2025-04-17T05:56:52.682+0000] {logging_mixin.py:190} INFO - [2025-04-17T05:56:52.681+0000] {override.py:1912} INFO - Created Permission View: menu access on DAG Run:example_xcom_args_with_operators
[2025-04-17T05:56:52.683+0000] {logging_mixin.py:190} INFO - [2025-04-17T05:56:52.683+0000] {dag.py:3239} INFO - Sync 2 DAGs
[2025-04-17T05:56:52.713+0000] {logging_mixin.py:190} INFO - [2025-04-17T05:56:52.712+0000] {dag.py:3262} INFO - Creating ORM DAG for example_xcom_args_with_operators
[2025-04-17T05:56:52.715+0000] {logging_mixin.py:190} INFO - [2025-04-17T05:56:52.714+0000] {dag.py:3262} INFO - Creating ORM DAG for example_xcom_args
[2025-04-17T05:56:52.717+0000] {logging_mixin.py:190} INFO - [2025-04-17T05:56:52.716+0000] {dag.py:4180} INFO - Setting next_dagrun for example_xcom_args to None, run_after=None
[2025-04-17T05:56:52.719+0000] {logging_mixin.py:190} INFO - [2025-04-17T05:56:52.718+0000] {dag.py:4180} INFO - Setting next_dagrun for example_xcom_args_with_operators to None, run_after=None
[2025-04-17T05:56:52.762+0000] {processor.py:208} INFO - Processing /home/airflow/.local/lib/python3.12/site-packages/airflow/example_dags/example_xcomargs.py took 0.661 seconds
[2025-04-17T05:57:23.046+0000] {processor.py:186} INFO - Started process (PID=164) to work on /home/airflow/.local/lib/python3.12/site-packages/airflow/example_dags/example_xcomargs.py
[2025-04-17T05:57:23.048+0000] {processor.py:914} INFO - Processing file /home/airflow/.local/lib/python3.12/site-packages/airflow/example_dags/example_xcomargs.py for tasks to queue
[2025-04-17T05:57:23.055+0000] {logging_mixin.py:190} INFO - [2025-04-17T05:57:23.054+0000] {dagbag.py:588} INFO - Filling up the DagBag from /home/airflow/.local/lib/python3.12/site-packages/airflow/example_dags/example_xcomargs.py
[2025-04-17T05:57:23.084+0000] {processor.py:925} INFO - DAG(s) 'example_xcom_args_with_operators', 'example_xcom_args' retrieved from /home/airflow/.local/lib/python3.12/site-packages/airflow/example_dags/example_xcomargs.py
[2025-04-17T05:57:23.154+0000] {logging_mixin.py:190} INFO - [2025-04-17T05:57:23.153+0000] {dag.py:3239} INFO - Sync 2 DAGs
[2025-04-17T05:57:23.256+0000] {logging_mixin.py:190} INFO - [2025-04-17T05:57:23.255+0000] {dag.py:4180} INFO - Setting next_dagrun for example_xcom_args to None, run_after=None
[2025-04-17T05:57:23.273+0000] {logging_mixin.py:190} INFO - [2025-04-17T05:57:23.273+0000] {dag.py:4180} INFO - Setting next_dagrun for example_xcom_args_with_operators to None, run_after=None
[2025-04-17T05:57:23.370+0000] {processor.py:208} INFO - Processing /home/airflow/.local/lib/python3.12/site-packages/airflow/example_dags/example_xcomargs.py took 0.340 seconds
[2025-04-17T05:57:54.139+0000] {processor.py:186} INFO - Started process (PID=227) to work on /home/airflow/.local/lib/python3.12/site-packages/airflow/example_dags/example_xcomargs.py
[2025-04-17T05:57:54.140+0000] {processor.py:914} INFO - Processing file /home/airflow/.local/lib/python3.12/site-packages/airflow/example_dags/example_xcomargs.py for tasks to queue
[2025-04-17T05:57:54.143+0000] {logging_mixin.py:190} INFO - [2025-04-17T05:57:54.143+0000] {dagbag.py:588} INFO - Filling up the DagBag from /home/airflow/.local/lib/python3.12/site-packages/airflow/example_dags/example_xcomargs.py
[2025-04-17T05:57:54.153+0000] {processor.py:925} INFO - DAG(s) 'example_xcom_args_with_operators', 'example_xcom_args' retrieved from /home/airflow/.local/lib/python3.12/site-packages/airflow/example_dags/example_xcomargs.py
[2025-04-17T05:57:54.180+0000] {logging_mixin.py:190} INFO - [2025-04-17T05:57:54.179+0000] {dag.py:3239} INFO - Sync 2 DAGs
[2025-04-17T05:57:54.191+0000] {logging_mixin.py:190} INFO - [2025-04-17T05:57:54.191+0000] {dag.py:4180} INFO - Setting next_dagrun for example_xcom_args to None, run_after=None
[2025-04-17T05:57:54.195+0000] {logging_mixin.py:190} INFO - [2025-04-17T05:57:54.195+0000] {dag.py:4180} INFO - Setting next_dagrun for example_xcom_args_with_operators to None, run_after=None
[2025-04-17T05:57:54.207+0000] {processor.py:208} INFO - Processing /home/airflow/.local/lib/python3.12/site-packages/airflow/example_dags/example_xcomargs.py took 0.079 seconds
[2025-04-17T05:58:24.811+0000] {processor.py:186} INFO - Started process (PID=290) to work on /home/airflow/.local/lib/python3.12/site-packages/airflow/example_dags/example_xcomargs.py
[2025-04-17T05:58:24.813+0000] {processor.py:914} INFO - Processing file /home/airflow/.local/lib/python3.12/site-packages/airflow/example_dags/example_xcomargs.py for tasks to queue
[2025-04-17T05:58:24.817+0000] {logging_mixin.py:190} INFO - [2025-04-17T05:58:24.817+0000] {dagbag.py:588} INFO - Filling up the DagBag from /home/airflow/.local/lib/python3.12/site-packages/airflow/example_dags/example_xcomargs.py
[2025-04-17T05:58:24.836+0000] {processor.py:925} INFO - DAG(s) 'example_xcom_args_with_operators', 'example_xcom_args' retrieved from /home/airflow/.local/lib/python3.12/site-packages/airflow/example_dags/example_xcomargs.py
[2025-04-17T05:58:24.866+0000] {logging_mixin.py:190} INFO - [2025-04-17T05:58:24.865+0000] {dag.py:3239} INFO - Sync 2 DAGs
[2025-04-17T05:58:24.881+0000] {logging_mixin.py:190} INFO - [2025-04-17T05:58:24.881+0000] {dag.py:4180} INFO - Setting next_dagrun for example_xcom_args to None, run_after=None
[2025-04-17T05:58:24.885+0000] {logging_mixin.py:190} INFO - [2025-04-17T05:58:24.885+0000] {dag.py:4180} INFO - Setting next_dagrun for example_xcom_args_with_operators to None, run_after=None
[2025-04-17T05:58:24.902+0000] {processor.py:208} INFO - Processing /home/airflow/.local/lib/python3.12/site-packages/airflow/example_dags/example_xcomargs.py took 0.103 seconds
[2025-04-17T05:58:55.499+0000] {processor.py:186} INFO - Started process (PID=353) to work on /home/airflow/.local/lib/python3.12/site-packages/airflow/example_dags/example_xcomargs.py
[2025-04-17T05:58:55.501+0000] {processor.py:914} INFO - Processing file /home/airflow/.local/lib/python3.12/site-packages/airflow/example_dags/example_xcomargs.py for tasks to queue
[2025-04-17T05:58:55.505+0000] {logging_mixin.py:190} INFO - [2025-04-17T05:58:55.504+0000] {dagbag.py:588} INFO - Filling up the DagBag from /home/airflow/.local/lib/python3.12/site-packages/airflow/example_dags/example_xcomargs.py
[2025-04-17T05:58:55.516+0000] {processor.py:925} INFO - DAG(s) 'example_xcom_args_with_operators', 'example_xcom_args' retrieved from /home/airflow/.local/lib/python3.12/site-packages/airflow/example_dags/example_xcomargs.py
[2025-04-17T05:58:55.553+0000] {logging_mixin.py:190} INFO - [2025-04-17T05:58:55.553+0000] {dag.py:3239} INFO - Sync 2 DAGs
[2025-04-17T05:58:55.592+0000] {logging_mixin.py:190} INFO - [2025-04-17T05:58:55.591+0000] {dag.py:4180} INFO - Setting next_dagrun for example_xcom_args to None, run_after=None
[2025-04-17T05:58:55.604+0000] {logging_mixin.py:190} INFO - [2025-04-17T05:58:55.603+0000] {dag.py:4180} INFO - Setting next_dagrun for example_xcom_args_with_operators to None, run_after=None
[2025-04-17T05:58:55.691+0000] {processor.py:208} INFO - Processing /home/airflow/.local/lib/python3.12/site-packages/airflow/example_dags/example_xcomargs.py took 0.203 seconds
[2025-04-17T05:59:26.311+0000] {processor.py:186} INFO - Started process (PID=416) to work on /home/airflow/.local/lib/python3.12/site-packages/airflow/example_dags/example_xcomargs.py
[2025-04-17T05:59:26.313+0000] {processor.py:914} INFO - Processing file /home/airflow/.local/lib/python3.12/site-packages/airflow/example_dags/example_xcomargs.py for tasks to queue
[2025-04-17T05:59:26.315+0000] {logging_mixin.py:190} INFO - [2025-04-17T05:59:26.315+0000] {dagbag.py:588} INFO - Filling up the DagBag from /home/airflow/.local/lib/python3.12/site-packages/airflow/example_dags/example_xcomargs.py
[2025-04-17T05:59:26.330+0000] {processor.py:925} INFO - DAG(s) 'example_xcom_args', 'example_xcom_args_with_operators' retrieved from /home/airflow/.local/lib/python3.12/site-packages/airflow/example_dags/example_xcomargs.py
[2025-04-17T05:59:26.360+0000] {logging_mixin.py:190} INFO - [2025-04-17T05:59:26.360+0000] {dag.py:3239} INFO - Sync 2 DAGs
[2025-04-17T05:59:26.379+0000] {logging_mixin.py:190} INFO - [2025-04-17T05:59:26.379+0000] {dag.py:4180} INFO - Setting next_dagrun for example_xcom_args to None, run_after=None
[2025-04-17T05:59:26.383+0000] {logging_mixin.py:190} INFO - [2025-04-17T05:59:26.383+0000] {dag.py:4180} INFO - Setting next_dagrun for example_xcom_args_with_operators to None, run_after=None
[2025-04-17T05:59:26.401+0000] {processor.py:208} INFO - Processing /home/airflow/.local/lib/python3.12/site-packages/airflow/example_dags/example_xcomargs.py took 0.095 seconds
[2025-04-17T05:59:57.416+0000] {processor.py:186} INFO - Started process (PID=479) to work on /home/airflow/.local/lib/python3.12/site-packages/airflow/example_dags/example_xcomargs.py
[2025-04-17T05:59:57.418+0000] {processor.py:914} INFO - Processing file /home/airflow/.local/lib/python3.12/site-packages/airflow/example_dags/example_xcomargs.py for tasks to queue
[2025-04-17T05:59:57.423+0000] {logging_mixin.py:190} INFO - [2025-04-17T05:59:57.422+0000] {dagbag.py:588} INFO - Filling up the DagBag from /home/airflow/.local/lib/python3.12/site-packages/airflow/example_dags/example_xcomargs.py
[2025-04-17T05:59:57.436+0000] {processor.py:925} INFO - DAG(s) 'example_xcom_args_with_operators', 'example_xcom_args' retrieved from /home/airflow/.local/lib/python3.12/site-packages/airflow/example_dags/example_xcomargs.py
[2025-04-17T05:59:57.464+0000] {logging_mixin.py:190} INFO - [2025-04-17T05:59:57.463+0000] {dag.py:3239} INFO - Sync 2 DAGs
[2025-04-17T05:59:57.485+0000] {logging_mixin.py:190} INFO - [2025-04-17T05:59:57.484+0000] {dag.py:4180} INFO - Setting next_dagrun for example_xcom_args to None, run_after=None
[2025-04-17T05:59:57.491+0000] {logging_mixin.py:190} INFO - [2025-04-17T05:59:57.490+0000] {dag.py:4180} INFO - Setting next_dagrun for example_xcom_args_with_operators to None, run_after=None
[2025-04-17T05:59:57.517+0000] {processor.py:208} INFO - Processing /home/airflow/.local/lib/python3.12/site-packages/airflow/example_dags/example_xcomargs.py took 0.110 seconds
[2025-04-17T06:00:27.612+0000] {processor.py:186} INFO - Started process (PID=542) to work on /home/airflow/.local/lib/python3.12/site-packages/airflow/example_dags/example_xcomargs.py
[2025-04-17T06:00:27.614+0000] {processor.py:914} INFO - Processing file /home/airflow/.local/lib/python3.12/site-packages/airflow/example_dags/example_xcomargs.py for tasks to queue
[2025-04-17T06:00:27.619+0000] {logging_mixin.py:190} INFO - [2025-04-17T06:00:27.618+0000] {dagbag.py:588} INFO - Filling up the DagBag from /home/airflow/.local/lib/python3.12/site-packages/airflow/example_dags/example_xcomargs.py
[2025-04-17T06:00:27.633+0000] {processor.py:925} INFO - DAG(s) 'example_xcom_args_with_operators', 'example_xcom_args' retrieved from /home/airflow/.local/lib/python3.12/site-packages/airflow/example_dags/example_xcomargs.py
[2025-04-17T06:00:27.658+0000] {logging_mixin.py:190} INFO - [2025-04-17T06:00:27.657+0000] {dag.py:3239} INFO - Sync 2 DAGs
[2025-04-17T06:00:27.671+0000] {logging_mixin.py:190} INFO - [2025-04-17T06:00:27.670+0000] {dag.py:4180} INFO - Setting next_dagrun for example_xcom_args to None, run_after=None
[2025-04-17T06:00:27.674+0000] {logging_mixin.py:190} INFO - [2025-04-17T06:00:27.674+0000] {dag.py:4180} INFO - Setting next_dagrun for example_xcom_args_with_operators to None, run_after=None
[2025-04-17T06:00:27.706+0000] {processor.py:208} INFO - Processing /home/airflow/.local/lib/python3.12/site-packages/airflow/example_dags/example_xcomargs.py took 0.106 seconds
[2025-04-17T06:00:58.426+0000] {processor.py:186} INFO - Started process (PID=605) to work on /home/airflow/.local/lib/python3.12/site-packages/airflow/example_dags/example_xcomargs.py
[2025-04-17T06:00:58.430+0000] {processor.py:914} INFO - Processing file /home/airflow/.local/lib/python3.12/site-packages/airflow/example_dags/example_xcomargs.py for tasks to queue
[2025-04-17T06:00:58.434+0000] {logging_mixin.py:190} INFO - [2025-04-17T06:00:58.434+0000] {dagbag.py:588} INFO - Filling up the DagBag from /home/airflow/.local/lib/python3.12/site-packages/airflow/example_dags/example_xcomargs.py
[2025-04-17T06:00:58.450+0000] {processor.py:925} INFO - DAG(s) 'example_xcom_args', 'example_xcom_args_with_operators' retrieved from /home/airflow/.local/lib/python3.12/site-packages/airflow/example_dags/example_xcomargs.py
[2025-04-17T06:00:58.478+0000] {logging_mixin.py:190} INFO - [2025-04-17T06:00:58.478+0000] {dag.py:3239} INFO - Sync 2 DAGs
[2025-04-17T06:00:58.491+0000] {logging_mixin.py:190} INFO - [2025-04-17T06:00:58.491+0000] {dag.py:4180} INFO - Setting next_dagrun for example_xcom_args to None, run_after=None
[2025-04-17T06:00:58.495+0000] {logging_mixin.py:190} INFO - [2025-04-17T06:00:58.495+0000] {dag.py:4180} INFO - Setting next_dagrun for example_xcom_args_with_operators to None, run_after=None
[2025-04-17T06:00:58.513+0000] {processor.py:208} INFO - Processing /home/airflow/.local/lib/python3.12/site-packages/airflow/example_dags/example_xcomargs.py took 0.106 seconds
[2025-04-17T06:01:29.282+0000] {processor.py:186} INFO - Started process (PID=668) to work on /home/airflow/.local/lib/python3.12/site-packages/airflow/example_dags/example_xcomargs.py
[2025-04-17T06:01:29.285+0000] {processor.py:914} INFO - Processing file /home/airflow/.local/lib/python3.12/site-packages/airflow/example_dags/example_xcomargs.py for tasks to queue
[2025-04-17T06:01:29.291+0000] {logging_mixin.py:190} INFO - [2025-04-17T06:01:29.290+0000] {dagbag.py:588} INFO - Filling up the DagBag from /home/airflow/.local/lib/python3.12/site-packages/airflow/example_dags/example_xcomargs.py
[2025-04-17T06:01:29.310+0000] {processor.py:925} INFO - DAG(s) 'example_xcom_args', 'example_xcom_args_with_operators' retrieved from /home/airflow/.local/lib/python3.12/site-packages/airflow/example_dags/example_xcomargs.py
[2025-04-17T06:01:29.339+0000] {logging_mixin.py:190} INFO - [2025-04-17T06:01:29.339+0000] {dag.py:3239} INFO - Sync 2 DAGs
[2025-04-17T06:01:29.354+0000] {logging_mixin.py:190} INFO - [2025-04-17T06:01:29.353+0000] {dag.py:4180} INFO - Setting next_dagrun for example_xcom_args to None, run_after=None
[2025-04-17T06:01:29.359+0000] {logging_mixin.py:190} INFO - [2025-04-17T06:01:29.359+0000] {dag.py:4180} INFO - Setting next_dagrun for example_xcom_args_with_operators to None, run_after=None
[2025-04-17T06:01:29.379+0000] {processor.py:208} INFO - Processing /home/airflow/.local/lib/python3.12/site-packages/airflow/example_dags/example_xcomargs.py took 0.116 seconds
[2025-04-17T06:01:59.498+0000] {processor.py:186} INFO - Started process (PID=731) to work on /home/airflow/.local/lib/python3.12/site-packages/airflow/example_dags/example_xcomargs.py
[2025-04-17T06:01:59.499+0000] {processor.py:914} INFO - Processing file /home/airflow/.local/lib/python3.12/site-packages/airflow/example_dags/example_xcomargs.py for tasks to queue
[2025-04-17T06:01:59.502+0000] {logging_mixin.py:190} INFO - [2025-04-17T06:01:59.502+0000] {dagbag.py:588} INFO - Filling up the DagBag from /home/airflow/.local/lib/python3.12/site-packages/airflow/example_dags/example_xcomargs.py
[2025-04-17T06:01:59.512+0000] {processor.py:925} INFO - DAG(s) 'example_xcom_args_with_operators', 'example_xcom_args' retrieved from /home/airflow/.local/lib/python3.12/site-packages/airflow/example_dags/example_xcomargs.py
[2025-04-17T06:01:59.542+0000] {logging_mixin.py:190} INFO - [2025-04-17T06:01:59.542+0000] {dag.py:3239} INFO - Sync 2 DAGs
[2025-04-17T06:01:59.568+0000] {logging_mixin.py:190} INFO - [2025-04-17T06:01:59.568+0000] {dag.py:4180} INFO - Setting next_dagrun for example_xcom_args to None, run_after=None
[2025-04-17T06:01:59.574+0000] {logging_mixin.py:190} INFO - [2025-04-17T06:01:59.573+0000] {dag.py:4180} INFO - Setting next_dagrun for example_xcom_args_with_operators to None, run_after=None
[2025-04-17T06:01:59.603+0000] {processor.py:208} INFO - Processing /home/airflow/.local/lib/python3.12/site-packages/airflow/example_dags/example_xcomargs.py took 0.110 seconds
[2025-04-17T06:02:30.294+0000] {processor.py:186} INFO - Started process (PID=794) to work on /home/airflow/.local/lib/python3.12/site-packages/airflow/example_dags/example_xcomargs.py
[2025-04-17T06:02:30.295+0000] {processor.py:914} INFO - Processing file /home/airflow/.local/lib/python3.12/site-packages/airflow/example_dags/example_xcomargs.py for tasks to queue
[2025-04-17T06:02:30.299+0000] {logging_mixin.py:190} INFO - [2025-04-17T06:02:30.299+0000] {dagbag.py:588} INFO - Filling up the DagBag from /home/airflow/.local/lib/python3.12/site-packages/airflow/example_dags/example_xcomargs.py
[2025-04-17T06:02:30.312+0000] {processor.py:925} INFO - DAG(s) 'example_xcom_args', 'example_xcom_args_with_operators' retrieved from /home/airflow/.local/lib/python3.12/site-packages/airflow/example_dags/example_xcomargs.py
[2025-04-17T06:02:30.349+0000] {logging_mixin.py:190} INFO - [2025-04-17T06:02:30.349+0000] {dag.py:3239} INFO - Sync 2 DAGs
[2025-04-17T06:02:30.371+0000] {logging_mixin.py:190} INFO - [2025-04-17T06:02:30.370+0000] {dag.py:4180} INFO - Setting next_dagrun for example_xcom_args to None, run_after=None
[2025-04-17T06:02:30.377+0000] {logging_mixin.py:190} INFO - [2025-04-17T06:02:30.377+0000] {dag.py:4180} INFO - Setting next_dagrun for example_xcom_args_with_operators to None, run_after=None
[2025-04-17T06:02:30.405+0000] {processor.py:208} INFO - Processing /home/airflow/.local/lib/python3.12/site-packages/airflow/example_dags/example_xcomargs.py took 0.121 seconds
[2025-04-17T06:03:00.698+0000] {processor.py:186} INFO - Started process (PID=857) to work on /home/airflow/.local/lib/python3.12/site-packages/airflow/example_dags/example_xcomargs.py
[2025-04-17T06:03:00.700+0000] {processor.py:914} INFO - Processing file /home/airflow/.local/lib/python3.12/site-packages/airflow/example_dags/example_xcomargs.py for tasks to queue
[2025-04-17T06:03:00.704+0000] {logging_mixin.py:190} INFO - [2025-04-17T06:03:00.704+0000] {dagbag.py:588} INFO - Filling up the DagBag from /home/airflow/.local/lib/python3.12/site-packages/airflow/example_dags/example_xcomargs.py
[2025-04-17T06:03:00.720+0000] {processor.py:925} INFO - DAG(s) 'example_xcom_args_with_operators', 'example_xcom_args' retrieved from /home/airflow/.local/lib/python3.12/site-packages/airflow/example_dags/example_xcomargs.py
[2025-04-17T06:03:00.741+0000] {logging_mixin.py:190} INFO - [2025-04-17T06:03:00.741+0000] {dag.py:3239} INFO - Sync 2 DAGs
[2025-04-17T06:03:00.755+0000] {logging_mixin.py:190} INFO - [2025-04-17T06:03:00.755+0000] {dag.py:4180} INFO - Setting next_dagrun for example_xcom_args to None, run_after=None
[2025-04-17T06:03:00.759+0000] {logging_mixin.py:190} INFO - [2025-04-17T06:03:00.759+0000] {dag.py:4180} INFO - Setting next_dagrun for example_xcom_args_with_operators to None, run_after=None
[2025-04-17T06:03:00.779+0000] {processor.py:208} INFO - Processing /home/airflow/.local/lib/python3.12/site-packages/airflow/example_dags/example_xcomargs.py took 0.092 seconds
[2025-04-17T06:03:31.506+0000] {processor.py:186} INFO - Started process (PID=920) to work on /home/airflow/.local/lib/python3.12/site-packages/airflow/example_dags/example_xcomargs.py
[2025-04-17T06:03:31.507+0000] {processor.py:914} INFO - Processing file /home/airflow/.local/lib/python3.12/site-packages/airflow/example_dags/example_xcomargs.py for tasks to queue
[2025-04-17T06:03:31.510+0000] {logging_mixin.py:190} INFO - [2025-04-17T06:03:31.510+0000] {dagbag.py:588} INFO - Filling up the DagBag from /home/airflow/.local/lib/python3.12/site-packages/airflow/example_dags/example_xcomargs.py
[2025-04-17T06:03:31.520+0000] {processor.py:925} INFO - DAG(s) 'example_xcom_args_with_operators', 'example_xcom_args' retrieved from /home/airflow/.local/lib/python3.12/site-packages/airflow/example_dags/example_xcomargs.py
[2025-04-17T06:03:31.540+0000] {logging_mixin.py:190} INFO - [2025-04-17T06:03:31.540+0000] {dag.py:3239} INFO - Sync 2 DAGs
[2025-04-17T06:03:31.553+0000] {logging_mixin.py:190} INFO - [2025-04-17T06:03:31.553+0000] {dag.py:4180} INFO - Setting next_dagrun for example_xcom_args to None, run_after=None
[2025-04-17T06:03:31.557+0000] {logging_mixin.py:190} INFO - [2025-04-17T06:03:31.556+0000] {dag.py:4180} INFO - Setting next_dagrun for example_xcom_args_with_operators to None, run_after=None
[2025-04-17T06:03:31.572+0000] {processor.py:208} INFO - Processing /home/airflow/.local/lib/python3.12/site-packages/airflow/example_dags/example_xcomargs.py took 0.078 seconds
[2025-04-17T06:10:51.327+0000] {processor.py:186} INFO - Started process (PID=103) to work on /home/airflow/.local/lib/python3.12/site-packages/airflow/example_dags/example_xcomargs.py
[2025-04-17T06:10:51.331+0000] {processor.py:914} INFO - Processing file /home/airflow/.local/lib/python3.12/site-packages/airflow/example_dags/example_xcomargs.py for tasks to queue
[2025-04-17T06:10:51.341+0000] {logging_mixin.py:190} INFO - [2025-04-17T06:10:51.339+0000] {dagbag.py:588} INFO - Filling up the DagBag from /home/airflow/.local/lib/python3.12/site-packages/airflow/example_dags/example_xcomargs.py
[2025-04-17T06:10:51.441+0000] {processor.py:925} INFO - DAG(s) 'example_xcom_args_with_operators', 'example_xcom_args' retrieved from /home/airflow/.local/lib/python3.12/site-packages/airflow/example_dags/example_xcomargs.py
[2025-04-17T06:10:51.588+0000] {logging_mixin.py:190} INFO - [2025-04-17T06:10:51.587+0000] {dag.py:3239} INFO - Sync 2 DAGs
[2025-04-17T06:10:51.715+0000] {logging_mixin.py:190} INFO - [2025-04-17T06:10:51.715+0000] {dag.py:4180} INFO - Setting next_dagrun for example_xcom_args to None, run_after=None
[2025-04-17T06:10:51.788+0000] {logging_mixin.py:190} INFO - [2025-04-17T06:10:51.787+0000] {dag.py:4180} INFO - Setting next_dagrun for example_xcom_args_with_operators to None, run_after=None
[2025-04-17T06:10:52.488+0000] {processor.py:208} INFO - Processing /home/airflow/.local/lib/python3.12/site-packages/airflow/example_dags/example_xcomargs.py took 1.193 seconds
[2025-04-17T06:11:23.620+0000] {processor.py:186} INFO - Started process (PID=166) to work on /home/airflow/.local/lib/python3.12/site-packages/airflow/example_dags/example_xcomargs.py
[2025-04-17T06:11:23.624+0000] {processor.py:914} INFO - Processing file /home/airflow/.local/lib/python3.12/site-packages/airflow/example_dags/example_xcomargs.py for tasks to queue
[2025-04-17T06:11:23.628+0000] {logging_mixin.py:190} INFO - [2025-04-17T06:11:23.628+0000] {dagbag.py:588} INFO - Filling up the DagBag from /home/airflow/.local/lib/python3.12/site-packages/airflow/example_dags/example_xcomargs.py
[2025-04-17T06:11:23.686+0000] {processor.py:925} INFO - DAG(s) 'example_xcom_args_with_operators', 'example_xcom_args' retrieved from /home/airflow/.local/lib/python3.12/site-packages/airflow/example_dags/example_xcomargs.py
[2025-04-17T06:11:23.772+0000] {logging_mixin.py:190} INFO - [2025-04-17T06:11:23.771+0000] {dag.py:3239} INFO - Sync 2 DAGs
[2025-04-17T06:11:23.833+0000] {logging_mixin.py:190} INFO - [2025-04-17T06:11:23.832+0000] {dag.py:4180} INFO - Setting next_dagrun for example_xcom_args to None, run_after=None
[2025-04-17T06:11:23.845+0000] {logging_mixin.py:190} INFO - [2025-04-17T06:11:23.845+0000] {dag.py:4180} INFO - Setting next_dagrun for example_xcom_args_with_operators to None, run_after=None
[2025-04-17T06:11:23.891+0000] {processor.py:208} INFO - Processing /home/airflow/.local/lib/python3.12/site-packages/airflow/example_dags/example_xcomargs.py took 0.287 seconds
[2025-04-17T06:11:54.370+0000] {processor.py:186} INFO - Started process (PID=228) to work on /home/airflow/.local/lib/python3.12/site-packages/airflow/example_dags/example_xcomargs.py
[2025-04-17T06:11:54.374+0000] {processor.py:914} INFO - Processing file /home/airflow/.local/lib/python3.12/site-packages/airflow/example_dags/example_xcomargs.py for tasks to queue
[2025-04-17T06:11:54.379+0000] {logging_mixin.py:190} INFO - [2025-04-17T06:11:54.378+0000] {dagbag.py:588} INFO - Filling up the DagBag from /home/airflow/.local/lib/python3.12/site-packages/airflow/example_dags/example_xcomargs.py
[2025-04-17T06:11:54.395+0000] {processor.py:925} INFO - DAG(s) 'example_xcom_args', 'example_xcom_args_with_operators' retrieved from /home/airflow/.local/lib/python3.12/site-packages/airflow/example_dags/example_xcomargs.py
[2025-04-17T06:11:54.423+0000] {logging_mixin.py:190} INFO - [2025-04-17T06:11:54.423+0000] {dag.py:3239} INFO - Sync 2 DAGs
[2025-04-17T06:11:54.436+0000] {logging_mixin.py:190} INFO - [2025-04-17T06:11:54.436+0000] {dag.py:4180} INFO - Setting next_dagrun for example_xcom_args to None, run_after=None
[2025-04-17T06:11:54.440+0000] {logging_mixin.py:190} INFO - [2025-04-17T06:11:54.440+0000] {dag.py:4180} INFO - Setting next_dagrun for example_xcom_args_with_operators to None, run_after=None
[2025-04-17T06:11:54.457+0000] {processor.py:208} INFO - Processing /home/airflow/.local/lib/python3.12/site-packages/airflow/example_dags/example_xcomargs.py took 0.099 seconds
[2025-04-17T06:12:24.983+0000] {processor.py:186} INFO - Started process (PID=291) to work on /home/airflow/.local/lib/python3.12/site-packages/airflow/example_dags/example_xcomargs.py
[2025-04-17T06:12:24.985+0000] {processor.py:914} INFO - Processing file /home/airflow/.local/lib/python3.12/site-packages/airflow/example_dags/example_xcomargs.py for tasks to queue
[2025-04-17T06:12:24.990+0000] {logging_mixin.py:190} INFO - [2025-04-17T06:12:24.989+0000] {dagbag.py:588} INFO - Filling up the DagBag from /home/airflow/.local/lib/python3.12/site-packages/airflow/example_dags/example_xcomargs.py
[2025-04-17T06:12:25.009+0000] {processor.py:925} INFO - DAG(s) 'example_xcom_args_with_operators', 'example_xcom_args' retrieved from /home/airflow/.local/lib/python3.12/site-packages/airflow/example_dags/example_xcomargs.py
[2025-04-17T06:12:25.061+0000] {logging_mixin.py:190} INFO - [2025-04-17T06:12:25.060+0000] {dag.py:3239} INFO - Sync 2 DAGs
[2025-04-17T06:12:25.089+0000] {logging_mixin.py:190} INFO - [2025-04-17T06:12:25.089+0000] {dag.py:4180} INFO - Setting next_dagrun for example_xcom_args to None, run_after=None
[2025-04-17T06:12:25.097+0000] {logging_mixin.py:190} INFO - [2025-04-17T06:12:25.096+0000] {dag.py:4180} INFO - Setting next_dagrun for example_xcom_args_with_operators to None, run_after=None
[2025-04-17T06:12:25.134+0000] {processor.py:208} INFO - Processing /home/airflow/.local/lib/python3.12/site-packages/airflow/example_dags/example_xcomargs.py took 0.161 seconds
[2025-04-17T06:12:55.276+0000] {processor.py:186} INFO - Started process (PID=354) to work on /home/airflow/.local/lib/python3.12/site-packages/airflow/example_dags/example_xcomargs.py
[2025-04-17T06:12:55.277+0000] {processor.py:914} INFO - Processing file /home/airflow/.local/lib/python3.12/site-packages/airflow/example_dags/example_xcomargs.py for tasks to queue
[2025-04-17T06:12:55.280+0000] {logging_mixin.py:190} INFO - [2025-04-17T06:12:55.279+0000] {dagbag.py:588} INFO - Filling up the DagBag from /home/airflow/.local/lib/python3.12/site-packages/airflow/example_dags/example_xcomargs.py
[2025-04-17T06:12:55.289+0000] {processor.py:925} INFO - DAG(s) 'example_xcom_args', 'example_xcom_args_with_operators' retrieved from /home/airflow/.local/lib/python3.12/site-packages/airflow/example_dags/example_xcomargs.py
[2025-04-17T06:12:55.310+0000] {logging_mixin.py:190} INFO - [2025-04-17T06:12:55.309+0000] {dag.py:3239} INFO - Sync 2 DAGs
[2025-04-17T06:12:55.321+0000] {logging_mixin.py:190} INFO - [2025-04-17T06:12:55.321+0000] {dag.py:4180} INFO - Setting next_dagrun for example_xcom_args to None, run_after=None
[2025-04-17T06:12:55.324+0000] {logging_mixin.py:190} INFO - [2025-04-17T06:12:55.324+0000] {dag.py:4180} INFO - Setting next_dagrun for example_xcom_args_with_operators to None, run_after=None
[2025-04-17T06:12:55.354+0000] {processor.py:208} INFO - Processing /home/airflow/.local/lib/python3.12/site-packages/airflow/example_dags/example_xcomargs.py took 0.083 seconds
[2025-04-17T06:13:25.884+0000] {processor.py:186} INFO - Started process (PID=417) to work on /home/airflow/.local/lib/python3.12/site-packages/airflow/example_dags/example_xcomargs.py
[2025-04-17T06:13:25.888+0000] {processor.py:914} INFO - Processing file /home/airflow/.local/lib/python3.12/site-packages/airflow/example_dags/example_xcomargs.py for tasks to queue
[2025-04-17T06:13:25.897+0000] {logging_mixin.py:190} INFO - [2025-04-17T06:13:25.896+0000] {dagbag.py:588} INFO - Filling up the DagBag from /home/airflow/.local/lib/python3.12/site-packages/airflow/example_dags/example_xcomargs.py
[2025-04-17T06:13:25.922+0000] {processor.py:925} INFO - DAG(s) 'example_xcom_args', 'example_xcom_args_with_operators' retrieved from /home/airflow/.local/lib/python3.12/site-packages/airflow/example_dags/example_xcomargs.py
[2025-04-17T06:13:25.988+0000] {logging_mixin.py:190} INFO - [2025-04-17T06:13:25.987+0000] {dag.py:3239} INFO - Sync 2 DAGs
[2025-04-17T06:13:26.053+0000] {logging_mixin.py:190} INFO - [2025-04-17T06:13:26.052+0000] {dag.py:4180} INFO - Setting next_dagrun for example_xcom_args to None, run_after=None
[2025-04-17T06:13:26.066+0000] {logging_mixin.py:190} INFO - [2025-04-17T06:13:26.066+0000] {dag.py:4180} INFO - Setting next_dagrun for example_xcom_args_with_operators to None, run_after=None
[2025-04-17T06:13:26.136+0000] {processor.py:208} INFO - Processing /home/airflow/.local/lib/python3.12/site-packages/airflow/example_dags/example_xcomargs.py took 0.256 seconds
[2025-04-17T06:14:10.790+0000] {processor.py:186} INFO - Started process (PID=480) to work on /home/airflow/.local/lib/python3.12/site-packages/airflow/example_dags/example_xcomargs.py
[2025-04-17T06:14:10.803+0000] {processor.py:914} INFO - Processing file /home/airflow/.local/lib/python3.12/site-packages/airflow/example_dags/example_xcomargs.py for tasks to queue
[2025-04-17T06:14:10.809+0000] {logging_mixin.py:190} INFO - [2025-04-17T06:14:10.808+0000] {dagbag.py:588} INFO - Filling up the DagBag from /home/airflow/.local/lib/python3.12/site-packages/airflow/example_dags/example_xcomargs.py
[2025-04-17T06:14:10.862+0000] {processor.py:925} INFO - DAG(s) 'example_xcom_args_with_operators', 'example_xcom_args' retrieved from /home/airflow/.local/lib/python3.12/site-packages/airflow/example_dags/example_xcomargs.py
[2025-04-17T06:14:10.976+0000] {logging_mixin.py:190} INFO - [2025-04-17T06:14:10.975+0000] {dag.py:3239} INFO - Sync 2 DAGs
[2025-04-17T06:14:11.046+0000] {logging_mixin.py:190} INFO - [2025-04-17T06:14:11.046+0000] {dag.py:4180} INFO - Setting next_dagrun for example_xcom_args to None, run_after=None
[2025-04-17T06:14:11.056+0000] {logging_mixin.py:190} INFO - [2025-04-17T06:14:11.055+0000] {dag.py:4180} INFO - Setting next_dagrun for example_xcom_args_with_operators to None, run_after=None
[2025-04-17T06:14:11.126+0000] {processor.py:208} INFO - Processing /home/airflow/.local/lib/python3.12/site-packages/airflow/example_dags/example_xcomargs.py took 0.363 seconds
[2025-04-17T06:14:44.231+0000] {processor.py:186} INFO - Started process (PID=547) to work on /home/airflow/.local/lib/python3.12/site-packages/airflow/example_dags/example_xcomargs.py
[2025-04-17T06:14:44.234+0000] {processor.py:914} INFO - Processing file /home/airflow/.local/lib/python3.12/site-packages/airflow/example_dags/example_xcomargs.py for tasks to queue
[2025-04-17T06:14:44.251+0000] {logging_mixin.py:190} INFO - [2025-04-17T06:14:44.249+0000] {dagbag.py:588} INFO - Filling up the DagBag from /home/airflow/.local/lib/python3.12/site-packages/airflow/example_dags/example_xcomargs.py
[2025-04-17T06:14:44.299+0000] {processor.py:925} INFO - DAG(s) 'example_xcom_args_with_operators', 'example_xcom_args' retrieved from /home/airflow/.local/lib/python3.12/site-packages/airflow/example_dags/example_xcomargs.py
[2025-04-17T06:14:44.380+0000] {logging_mixin.py:190} INFO - [2025-04-17T06:14:44.380+0000] {dag.py:3239} INFO - Sync 2 DAGs
[2025-04-17T06:14:44.427+0000] {logging_mixin.py:190} INFO - [2025-04-17T06:14:44.426+0000] {dag.py:4180} INFO - Setting next_dagrun for example_xcom_args to None, run_after=None
[2025-04-17T06:14:44.435+0000] {logging_mixin.py:190} INFO - [2025-04-17T06:14:44.434+0000] {dag.py:4180} INFO - Setting next_dagrun for example_xcom_args_with_operators to None, run_after=None
[2025-04-17T06:14:44.521+0000] {processor.py:208} INFO - Processing /home/airflow/.local/lib/python3.12/site-packages/airflow/example_dags/example_xcomargs.py took 0.325 seconds
[2025-04-17T06:15:16.037+0000] {processor.py:186} INFO - Started process (PID=609) to work on /home/airflow/.local/lib/python3.12/site-packages/airflow/example_dags/example_xcomargs.py
[2025-04-17T06:15:16.053+0000] {processor.py:914} INFO - Processing file /home/airflow/.local/lib/python3.12/site-packages/airflow/example_dags/example_xcomargs.py for tasks to queue
[2025-04-17T06:15:16.099+0000] {logging_mixin.py:190} INFO - [2025-04-17T06:15:16.075+0000] {dagbag.py:588} INFO - Filling up the DagBag from /home/airflow/.local/lib/python3.12/site-packages/airflow/example_dags/example_xcomargs.py
[2025-04-17T06:15:16.219+0000] {processor.py:925} INFO - DAG(s) 'example_xcom_args_with_operators', 'example_xcom_args' retrieved from /home/airflow/.local/lib/python3.12/site-packages/airflow/example_dags/example_xcomargs.py
[2025-04-17T06:15:16.392+0000] {logging_mixin.py:190} INFO - [2025-04-17T06:15:16.391+0000] {dag.py:3239} INFO - Sync 2 DAGs
[2025-04-17T06:15:16.479+0000] {logging_mixin.py:190} INFO - [2025-04-17T06:15:16.479+0000] {dag.py:4180} INFO - Setting next_dagrun for example_xcom_args to None, run_after=None
[2025-04-17T06:15:16.493+0000] {logging_mixin.py:190} INFO - [2025-04-17T06:15:16.492+0000] {dag.py:4180} INFO - Setting next_dagrun for example_xcom_args_with_operators to None, run_after=None
[2025-04-17T06:15:16.599+0000] {processor.py:208} INFO - Processing /home/airflow/.local/lib/python3.12/site-packages/airflow/example_dags/example_xcomargs.py took 0.611 seconds
[2025-04-17T06:15:47.649+0000] {processor.py:186} INFO - Started process (PID=671) to work on /home/airflow/.local/lib/python3.12/site-packages/airflow/example_dags/example_xcomargs.py
[2025-04-17T06:15:47.651+0000] {processor.py:914} INFO - Processing file /home/airflow/.local/lib/python3.12/site-packages/airflow/example_dags/example_xcomargs.py for tasks to queue
[2025-04-17T06:15:47.655+0000] {logging_mixin.py:190} INFO - [2025-04-17T06:15:47.655+0000] {dagbag.py:588} INFO - Filling up the DagBag from /home/airflow/.local/lib/python3.12/site-packages/airflow/example_dags/example_xcomargs.py
[2025-04-17T06:15:47.671+0000] {processor.py:925} INFO - DAG(s) 'example_xcom_args_with_operators', 'example_xcom_args' retrieved from /home/airflow/.local/lib/python3.12/site-packages/airflow/example_dags/example_xcomargs.py
[2025-04-17T06:15:47.706+0000] {logging_mixin.py:190} INFO - [2025-04-17T06:15:47.706+0000] {dag.py:3239} INFO - Sync 2 DAGs
[2025-04-17T06:15:47.733+0000] {logging_mixin.py:190} INFO - [2025-04-17T06:15:47.733+0000] {dag.py:4180} INFO - Setting next_dagrun for example_xcom_args to None, run_after=None
[2025-04-17T06:15:47.739+0000] {logging_mixin.py:190} INFO - [2025-04-17T06:15:47.739+0000] {dag.py:4180} INFO - Setting next_dagrun for example_xcom_args_with_operators to None, run_after=None
[2025-04-17T06:15:47.774+0000] {processor.py:208} INFO - Processing /home/airflow/.local/lib/python3.12/site-packages/airflow/example_dags/example_xcomargs.py took 0.158 seconds
[2025-04-17T06:16:17.893+0000] {processor.py:186} INFO - Started process (PID=734) to work on /home/airflow/.local/lib/python3.12/site-packages/airflow/example_dags/example_xcomargs.py
[2025-04-17T06:16:17.895+0000] {processor.py:914} INFO - Processing file /home/airflow/.local/lib/python3.12/site-packages/airflow/example_dags/example_xcomargs.py for tasks to queue
[2025-04-17T06:16:17.901+0000] {logging_mixin.py:190} INFO - [2025-04-17T06:16:17.900+0000] {dagbag.py:588} INFO - Filling up the DagBag from /home/airflow/.local/lib/python3.12/site-packages/airflow/example_dags/example_xcomargs.py
[2025-04-17T06:16:17.961+0000] {processor.py:925} INFO - DAG(s) 'example_xcom_args', 'example_xcom_args_with_operators' retrieved from /home/airflow/.local/lib/python3.12/site-packages/airflow/example_dags/example_xcomargs.py
[2025-04-17T06:16:17.988+0000] {logging_mixin.py:190} INFO - [2025-04-17T06:16:17.988+0000] {dag.py:3239} INFO - Sync 2 DAGs
[2025-04-17T06:16:18.005+0000] {logging_mixin.py:190} INFO - [2025-04-17T06:16:18.005+0000] {dag.py:4180} INFO - Setting next_dagrun for example_xcom_args to None, run_after=None
[2025-04-17T06:16:18.009+0000] {logging_mixin.py:190} INFO - [2025-04-17T06:16:18.009+0000] {dag.py:4180} INFO - Setting next_dagrun for example_xcom_args_with_operators to None, run_after=None
[2025-04-17T06:16:18.025+0000] {processor.py:208} INFO - Processing /home/airflow/.local/lib/python3.12/site-packages/airflow/example_dags/example_xcomargs.py took 0.145 seconds
[2025-04-17T06:16:48.146+0000] {processor.py:186} INFO - Started process (PID=797) to work on /home/airflow/.local/lib/python3.12/site-packages/airflow/example_dags/example_xcomargs.py
[2025-04-17T06:16:48.149+0000] {processor.py:914} INFO - Processing file /home/airflow/.local/lib/python3.12/site-packages/airflow/example_dags/example_xcomargs.py for tasks to queue
[2025-04-17T06:16:48.156+0000] {logging_mixin.py:190} INFO - [2025-04-17T06:16:48.156+0000] {dagbag.py:588} INFO - Filling up the DagBag from /home/airflow/.local/lib/python3.12/site-packages/airflow/example_dags/example_xcomargs.py
[2025-04-17T06:16:48.165+0000] {processor.py:925} INFO - DAG(s) 'example_xcom_args_with_operators', 'example_xcom_args' retrieved from /home/airflow/.local/lib/python3.12/site-packages/airflow/example_dags/example_xcomargs.py
[2025-04-17T06:16:48.192+0000] {logging_mixin.py:190} INFO - [2025-04-17T06:16:48.192+0000] {dag.py:3239} INFO - Sync 2 DAGs
[2025-04-17T06:16:48.205+0000] {logging_mixin.py:190} INFO - [2025-04-17T06:16:48.205+0000] {dag.py:4180} INFO - Setting next_dagrun for example_xcom_args to None, run_after=None
[2025-04-17T06:16:48.209+0000] {logging_mixin.py:190} INFO - [2025-04-17T06:16:48.208+0000] {dag.py:4180} INFO - Setting next_dagrun for example_xcom_args_with_operators to None, run_after=None
[2025-04-17T06:16:48.226+0000] {processor.py:208} INFO - Processing /home/airflow/.local/lib/python3.12/site-packages/airflow/example_dags/example_xcomargs.py took 0.101 seconds
