[2025-04-17T05:57:04.930+0000] {processor.py:186} INFO - Started process (PID=131) to work on /home/airflow/.local/lib/python3.12/site-packages/airflow/example_dags/example_dataset_alias_with_no_taskflow.py
[2025-04-17T05:57:04.932+0000] {processor.py:914} INFO - Processing file /home/airflow/.local/lib/python3.12/site-packages/airflow/example_dags/example_dataset_alias_with_no_taskflow.py for tasks to queue
[2025-04-17T05:57:04.937+0000] {logging_mixin.py:190} INFO - [2025-04-17T05:57:04.936+0000] {dagbag.py:588} INFO - Filling up the DagBag from /home/airflow/.local/lib/python3.12/site-packages/airflow/example_dags/example_dataset_alias_with_no_taskflow.py
[2025-04-17T05:57:06.240+0000] {processor.py:925} INFO - DAG(s) 'dataset_s3_bucket_producer_with_no_taskflow', 'dataset_alias_example_alias_consumer_with_no_taskflow', 'dataset_s3_bucket_consumer_with_no_taskflow', 'dataset_alias_example_alias_producer_with_no_taskflow' retrieved from /home/airflow/.local/lib/python3.12/site-packages/airflow/example_dags/example_dataset_alias_with_no_taskflow.py
[2025-04-17T05:57:06.511+0000] {logging_mixin.py:190} INFO - [2025-04-17T05:57:06.509+0000] {override.py:1912} INFO - Created Permission View: can delete on DAG:dataset_s3_bucket_producer_with_no_taskflow
[2025-04-17T05:57:06.535+0000] {logging_mixin.py:190} INFO - [2025-04-17T05:57:06.534+0000] {override.py:1912} INFO - Created Permission View: can edit on DAG:dataset_s3_bucket_producer_with_no_taskflow
[2025-04-17T05:57:06.558+0000] {logging_mixin.py:190} INFO - [2025-04-17T05:57:06.557+0000] {override.py:1912} INFO - Created Permission View: can read on DAG:dataset_s3_bucket_producer_with_no_taskflow
[2025-04-17T05:57:06.583+0000] {logging_mixin.py:190} INFO - [2025-04-17T05:57:06.582+0000] {override.py:1912} INFO - Created Permission View: can delete on DAG Run:dataset_s3_bucket_producer_with_no_taskflow
[2025-04-17T05:57:06.613+0000] {logging_mixin.py:190} INFO - [2025-04-17T05:57:06.612+0000] {override.py:1912} INFO - Created Permission View: can read on DAG Run:dataset_s3_bucket_producer_with_no_taskflow
[2025-04-17T05:57:06.648+0000] {logging_mixin.py:190} INFO - [2025-04-17T05:57:06.647+0000] {override.py:1912} INFO - Created Permission View: can create on DAG Run:dataset_s3_bucket_producer_with_no_taskflow
[2025-04-17T05:57:06.667+0000] {logging_mixin.py:190} INFO - [2025-04-17T05:57:06.666+0000] {override.py:1912} INFO - Created Permission View: menu access on DAG Run:dataset_s3_bucket_producer_with_no_taskflow
[2025-04-17T05:57:06.701+0000] {logging_mixin.py:190} INFO - [2025-04-17T05:57:06.700+0000] {override.py:1912} INFO - Created Permission View: can delete on DAG:dataset_alias_example_alias_consumer_with_no_taskflow
[2025-04-17T05:57:06.726+0000] {logging_mixin.py:190} INFO - [2025-04-17T05:57:06.726+0000] {override.py:1912} INFO - Created Permission View: can edit on DAG:dataset_alias_example_alias_consumer_with_no_taskflow
[2025-04-17T05:57:06.738+0000] {logging_mixin.py:190} INFO - [2025-04-17T05:57:06.738+0000] {override.py:1912} INFO - Created Permission View: can read on DAG:dataset_alias_example_alias_consumer_with_no_taskflow
[2025-04-17T05:57:06.752+0000] {logging_mixin.py:190} INFO - [2025-04-17T05:57:06.751+0000] {override.py:1912} INFO - Created Permission View: can delete on DAG Run:dataset_alias_example_alias_consumer_with_no_taskflow
[2025-04-17T05:57:06.764+0000] {logging_mixin.py:190} INFO - [2025-04-17T05:57:06.763+0000] {override.py:1912} INFO - Created Permission View: can read on DAG Run:dataset_alias_example_alias_consumer_with_no_taskflow
[2025-04-17T05:57:06.773+0000] {logging_mixin.py:190} INFO - [2025-04-17T05:57:06.773+0000] {override.py:1912} INFO - Created Permission View: can create on DAG Run:dataset_alias_example_alias_consumer_with_no_taskflow
[2025-04-17T05:57:06.786+0000] {logging_mixin.py:190} INFO - [2025-04-17T05:57:06.786+0000] {override.py:1912} INFO - Created Permission View: menu access on DAG Run:dataset_alias_example_alias_consumer_with_no_taskflow
[2025-04-17T05:57:06.809+0000] {logging_mixin.py:190} INFO - [2025-04-17T05:57:06.808+0000] {override.py:1912} INFO - Created Permission View: can delete on DAG:dataset_s3_bucket_consumer_with_no_taskflow
[2025-04-17T05:57:06.823+0000] {logging_mixin.py:190} INFO - [2025-04-17T05:57:06.822+0000] {override.py:1912} INFO - Created Permission View: can edit on DAG:dataset_s3_bucket_consumer_with_no_taskflow
[2025-04-17T05:57:06.837+0000] {logging_mixin.py:190} INFO - [2025-04-17T05:57:06.836+0000] {override.py:1912} INFO - Created Permission View: can read on DAG:dataset_s3_bucket_consumer_with_no_taskflow
[2025-04-17T05:57:06.851+0000] {logging_mixin.py:190} INFO - [2025-04-17T05:57:06.851+0000] {override.py:1912} INFO - Created Permission View: can delete on DAG Run:dataset_s3_bucket_consumer_with_no_taskflow
[2025-04-17T05:57:06.864+0000] {logging_mixin.py:190} INFO - [2025-04-17T05:57:06.863+0000] {override.py:1912} INFO - Created Permission View: can read on DAG Run:dataset_s3_bucket_consumer_with_no_taskflow
[2025-04-17T05:57:06.877+0000] {logging_mixin.py:190} INFO - [2025-04-17T05:57:06.876+0000] {override.py:1912} INFO - Created Permission View: can create on DAG Run:dataset_s3_bucket_consumer_with_no_taskflow
[2025-04-17T05:57:06.892+0000] {logging_mixin.py:190} INFO - [2025-04-17T05:57:06.891+0000] {override.py:1912} INFO - Created Permission View: menu access on DAG Run:dataset_s3_bucket_consumer_with_no_taskflow
[2025-04-17T05:57:06.917+0000] {logging_mixin.py:190} INFO - [2025-04-17T05:57:06.916+0000] {override.py:1912} INFO - Created Permission View: can delete on DAG:dataset_alias_example_alias_producer_with_no_taskflow
[2025-04-17T05:57:06.930+0000] {logging_mixin.py:190} INFO - [2025-04-17T05:57:06.930+0000] {override.py:1912} INFO - Created Permission View: can edit on DAG:dataset_alias_example_alias_producer_with_no_taskflow
[2025-04-17T05:57:06.940+0000] {logging_mixin.py:190} INFO - [2025-04-17T05:57:06.940+0000] {override.py:1912} INFO - Created Permission View: can read on DAG:dataset_alias_example_alias_producer_with_no_taskflow
[2025-04-17T05:57:06.952+0000] {logging_mixin.py:190} INFO - [2025-04-17T05:57:06.952+0000] {override.py:1912} INFO - Created Permission View: can delete on DAG Run:dataset_alias_example_alias_producer_with_no_taskflow
[2025-04-17T05:57:06.964+0000] {logging_mixin.py:190} INFO - [2025-04-17T05:57:06.964+0000] {override.py:1912} INFO - Created Permission View: can read on DAG Run:dataset_alias_example_alias_producer_with_no_taskflow
[2025-04-17T05:57:06.976+0000] {logging_mixin.py:190} INFO - [2025-04-17T05:57:06.975+0000] {override.py:1912} INFO - Created Permission View: can create on DAG Run:dataset_alias_example_alias_producer_with_no_taskflow
[2025-04-17T05:57:06.988+0000] {logging_mixin.py:190} INFO - [2025-04-17T05:57:06.987+0000] {override.py:1912} INFO - Created Permission View: menu access on DAG Run:dataset_alias_example_alias_producer_with_no_taskflow
[2025-04-17T05:57:06.989+0000] {logging_mixin.py:190} INFO - [2025-04-17T05:57:06.989+0000] {dag.py:3239} INFO - Sync 4 DAGs
[2025-04-17T05:57:07.007+0000] {logging_mixin.py:190} INFO - [2025-04-17T05:57:07.007+0000] {dag.py:3262} INFO - Creating ORM DAG for dataset_alias_example_alias_consumer_with_no_taskflow
[2025-04-17T05:57:07.009+0000] {logging_mixin.py:190} INFO - [2025-04-17T05:57:07.009+0000] {dag.py:3262} INFO - Creating ORM DAG for dataset_s3_bucket_consumer_with_no_taskflow
[2025-04-17T05:57:07.011+0000] {logging_mixin.py:190} INFO - [2025-04-17T05:57:07.011+0000] {dag.py:3262} INFO - Creating ORM DAG for dataset_s3_bucket_producer_with_no_taskflow
[2025-04-17T05:57:07.013+0000] {logging_mixin.py:190} INFO - [2025-04-17T05:57:07.013+0000] {dag.py:3262} INFO - Creating ORM DAG for dataset_alias_example_alias_producer_with_no_taskflow
[2025-04-17T05:57:07.033+0000] {logging_mixin.py:190} INFO - [2025-04-17T05:57:07.033+0000] {dag.py:4180} INFO - Setting next_dagrun for dataset_alias_example_alias_consumer_with_no_taskflow to None, run_after=None
[2025-04-17T05:57:07.036+0000] {logging_mixin.py:190} INFO - [2025-04-17T05:57:07.035+0000] {dag.py:4180} INFO - Setting next_dagrun for dataset_alias_example_alias_producer_with_no_taskflow to None, run_after=None
[2025-04-17T05:57:07.040+0000] {logging_mixin.py:190} INFO - [2025-04-17T05:57:07.039+0000] {dag.py:4180} INFO - Setting next_dagrun for dataset_s3_bucket_consumer_with_no_taskflow to None, run_after=None
[2025-04-17T05:57:07.048+0000] {logging_mixin.py:190} INFO - [2025-04-17T05:57:07.047+0000] {dag.py:4180} INFO - Setting next_dagrun for dataset_s3_bucket_producer_with_no_taskflow to None, run_after=None
[2025-04-17T05:57:07.193+0000] {processor.py:208} INFO - Processing /home/airflow/.local/lib/python3.12/site-packages/airflow/example_dags/example_dataset_alias_with_no_taskflow.py took 2.272 seconds
[2025-04-17T05:57:37.378+0000] {processor.py:186} INFO - Started process (PID=199) to work on /home/airflow/.local/lib/python3.12/site-packages/airflow/example_dags/example_dataset_alias_with_no_taskflow.py
[2025-04-17T05:57:37.380+0000] {processor.py:914} INFO - Processing file /home/airflow/.local/lib/python3.12/site-packages/airflow/example_dags/example_dataset_alias_with_no_taskflow.py for tasks to queue
[2025-04-17T05:57:37.396+0000] {logging_mixin.py:190} INFO - [2025-04-17T05:57:37.389+0000] {dagbag.py:588} INFO - Filling up the DagBag from /home/airflow/.local/lib/python3.12/site-packages/airflow/example_dags/example_dataset_alias_with_no_taskflow.py
[2025-04-17T05:57:38.105+0000] {processor.py:925} INFO - DAG(s) 'dataset_s3_bucket_producer_with_no_taskflow', 'dataset_alias_example_alias_consumer_with_no_taskflow', 'dataset_s3_bucket_consumer_with_no_taskflow', 'dataset_alias_example_alias_producer_with_no_taskflow' retrieved from /home/airflow/.local/lib/python3.12/site-packages/airflow/example_dags/example_dataset_alias_with_no_taskflow.py
[2025-04-17T05:57:38.123+0000] {logging_mixin.py:190} INFO - [2025-04-17T05:57:38.122+0000] {dag.py:3239} INFO - Sync 4 DAGs
[2025-04-17T05:57:38.140+0000] {logging_mixin.py:190} INFO - [2025-04-17T05:57:38.140+0000] {dag.py:4180} INFO - Setting next_dagrun for dataset_alias_example_alias_consumer_with_no_taskflow to None, run_after=None
[2025-04-17T05:57:38.144+0000] {logging_mixin.py:190} INFO - [2025-04-17T05:57:38.144+0000] {dag.py:4180} INFO - Setting next_dagrun for dataset_alias_example_alias_producer_with_no_taskflow to None, run_after=None
[2025-04-17T05:57:38.147+0000] {logging_mixin.py:190} INFO - [2025-04-17T05:57:38.147+0000] {dag.py:4180} INFO - Setting next_dagrun for dataset_s3_bucket_consumer_with_no_taskflow to None, run_after=None
[2025-04-17T05:57:38.149+0000] {logging_mixin.py:190} INFO - [2025-04-17T05:57:38.149+0000] {dag.py:4180} INFO - Setting next_dagrun for dataset_s3_bucket_producer_with_no_taskflow to None, run_after=None
[2025-04-17T05:57:38.174+0000] {processor.py:208} INFO - Processing /home/airflow/.local/lib/python3.12/site-packages/airflow/example_dags/example_dataset_alias_with_no_taskflow.py took 0.810 seconds
[2025-04-17T05:58:08.490+0000] {processor.py:186} INFO - Started process (PID=262) to work on /home/airflow/.local/lib/python3.12/site-packages/airflow/example_dags/example_dataset_alias_with_no_taskflow.py
[2025-04-17T05:58:08.492+0000] {processor.py:914} INFO - Processing file /home/airflow/.local/lib/python3.12/site-packages/airflow/example_dags/example_dataset_alias_with_no_taskflow.py for tasks to queue
[2025-04-17T05:58:08.500+0000] {logging_mixin.py:190} INFO - [2025-04-17T05:58:08.500+0000] {dagbag.py:588} INFO - Filling up the DagBag from /home/airflow/.local/lib/python3.12/site-packages/airflow/example_dags/example_dataset_alias_with_no_taskflow.py
[2025-04-17T05:58:09.069+0000] {processor.py:925} INFO - DAG(s) 'dataset_s3_bucket_consumer_with_no_taskflow', 'dataset_alias_example_alias_consumer_with_no_taskflow', 'dataset_s3_bucket_producer_with_no_taskflow', 'dataset_alias_example_alias_producer_with_no_taskflow' retrieved from /home/airflow/.local/lib/python3.12/site-packages/airflow/example_dags/example_dataset_alias_with_no_taskflow.py
[2025-04-17T05:58:09.091+0000] {logging_mixin.py:190} INFO - [2025-04-17T05:58:09.090+0000] {dag.py:3239} INFO - Sync 4 DAGs
[2025-04-17T05:58:09.118+0000] {logging_mixin.py:190} INFO - [2025-04-17T05:58:09.117+0000] {dag.py:4180} INFO - Setting next_dagrun for dataset_alias_example_alias_consumer_with_no_taskflow to None, run_after=None
[2025-04-17T05:58:09.121+0000] {logging_mixin.py:190} INFO - [2025-04-17T05:58:09.121+0000] {dag.py:4180} INFO - Setting next_dagrun for dataset_alias_example_alias_producer_with_no_taskflow to None, run_after=None
[2025-04-17T05:58:09.123+0000] {logging_mixin.py:190} INFO - [2025-04-17T05:58:09.123+0000] {dag.py:4180} INFO - Setting next_dagrun for dataset_s3_bucket_consumer_with_no_taskflow to None, run_after=None
[2025-04-17T05:58:09.124+0000] {logging_mixin.py:190} INFO - [2025-04-17T05:58:09.124+0000] {dag.py:4180} INFO - Setting next_dagrun for dataset_s3_bucket_producer_with_no_taskflow to None, run_after=None
[2025-04-17T05:58:09.147+0000] {processor.py:208} INFO - Processing /home/airflow/.local/lib/python3.12/site-packages/airflow/example_dags/example_dataset_alias_with_no_taskflow.py took 0.671 seconds
[2025-04-17T05:58:39.709+0000] {processor.py:186} INFO - Started process (PID=326) to work on /home/airflow/.local/lib/python3.12/site-packages/airflow/example_dags/example_dataset_alias_with_no_taskflow.py
[2025-04-17T05:58:39.713+0000] {processor.py:914} INFO - Processing file /home/airflow/.local/lib/python3.12/site-packages/airflow/example_dags/example_dataset_alias_with_no_taskflow.py for tasks to queue
[2025-04-17T05:58:39.718+0000] {logging_mixin.py:190} INFO - [2025-04-17T05:58:39.717+0000] {dagbag.py:588} INFO - Filling up the DagBag from /home/airflow/.local/lib/python3.12/site-packages/airflow/example_dags/example_dataset_alias_with_no_taskflow.py
[2025-04-17T05:58:40.413+0000] {processor.py:925} INFO - DAG(s) 'dataset_alias_example_alias_producer_with_no_taskflow', 'dataset_alias_example_alias_consumer_with_no_taskflow', 'dataset_s3_bucket_producer_with_no_taskflow', 'dataset_s3_bucket_consumer_with_no_taskflow' retrieved from /home/airflow/.local/lib/python3.12/site-packages/airflow/example_dags/example_dataset_alias_with_no_taskflow.py
[2025-04-17T05:58:40.431+0000] {logging_mixin.py:190} INFO - [2025-04-17T05:58:40.431+0000] {dag.py:3239} INFO - Sync 4 DAGs
[2025-04-17T05:58:40.449+0000] {logging_mixin.py:190} INFO - [2025-04-17T05:58:40.449+0000] {dag.py:4180} INFO - Setting next_dagrun for dataset_alias_example_alias_consumer_with_no_taskflow to None, run_after=None
[2025-04-17T05:58:40.452+0000] {logging_mixin.py:190} INFO - [2025-04-17T05:58:40.451+0000] {dag.py:4180} INFO - Setting next_dagrun for dataset_alias_example_alias_producer_with_no_taskflow to None, run_after=None
[2025-04-17T05:58:40.453+0000] {logging_mixin.py:190} INFO - [2025-04-17T05:58:40.453+0000] {dag.py:4180} INFO - Setting next_dagrun for dataset_s3_bucket_consumer_with_no_taskflow to None, run_after=None
[2025-04-17T05:58:40.456+0000] {logging_mixin.py:190} INFO - [2025-04-17T05:58:40.455+0000] {dag.py:4180} INFO - Setting next_dagrun for dataset_s3_bucket_producer_with_no_taskflow to None, run_after=None
[2025-04-17T05:58:40.473+0000] {processor.py:208} INFO - Processing /home/airflow/.local/lib/python3.12/site-packages/airflow/example_dags/example_dataset_alias_with_no_taskflow.py took 0.778 seconds
[2025-04-17T05:59:10.906+0000] {processor.py:186} INFO - Started process (PID=389) to work on /home/airflow/.local/lib/python3.12/site-packages/airflow/example_dags/example_dataset_alias_with_no_taskflow.py
[2025-04-17T05:59:10.908+0000] {processor.py:914} INFO - Processing file /home/airflow/.local/lib/python3.12/site-packages/airflow/example_dags/example_dataset_alias_with_no_taskflow.py for tasks to queue
[2025-04-17T05:59:10.913+0000] {logging_mixin.py:190} INFO - [2025-04-17T05:59:10.912+0000] {dagbag.py:588} INFO - Filling up the DagBag from /home/airflow/.local/lib/python3.12/site-packages/airflow/example_dags/example_dataset_alias_with_no_taskflow.py
[2025-04-17T05:59:11.709+0000] {processor.py:925} INFO - DAG(s) 'dataset_alias_example_alias_producer_with_no_taskflow', 'dataset_s3_bucket_producer_with_no_taskflow', 'dataset_s3_bucket_consumer_with_no_taskflow', 'dataset_alias_example_alias_consumer_with_no_taskflow' retrieved from /home/airflow/.local/lib/python3.12/site-packages/airflow/example_dags/example_dataset_alias_with_no_taskflow.py
[2025-04-17T05:59:11.739+0000] {logging_mixin.py:190} INFO - [2025-04-17T05:59:11.739+0000] {dag.py:3239} INFO - Sync 4 DAGs
[2025-04-17T05:59:11.766+0000] {logging_mixin.py:190} INFO - [2025-04-17T05:59:11.766+0000] {dag.py:4180} INFO - Setting next_dagrun for dataset_alias_example_alias_consumer_with_no_taskflow to None, run_after=None
[2025-04-17T05:59:11.771+0000] {logging_mixin.py:190} INFO - [2025-04-17T05:59:11.770+0000] {dag.py:4180} INFO - Setting next_dagrun for dataset_alias_example_alias_producer_with_no_taskflow to None, run_after=None
[2025-04-17T05:59:11.774+0000] {logging_mixin.py:190} INFO - [2025-04-17T05:59:11.773+0000] {dag.py:4180} INFO - Setting next_dagrun for dataset_s3_bucket_consumer_with_no_taskflow to None, run_after=None
[2025-04-17T05:59:11.776+0000] {logging_mixin.py:190} INFO - [2025-04-17T05:59:11.776+0000] {dag.py:4180} INFO - Setting next_dagrun for dataset_s3_bucket_producer_with_no_taskflow to None, run_after=None
[2025-04-17T05:59:11.803+0000] {processor.py:208} INFO - Processing /home/airflow/.local/lib/python3.12/site-packages/airflow/example_dags/example_dataset_alias_with_no_taskflow.py took 0.909 seconds
[2025-04-17T05:59:42.444+0000] {processor.py:186} INFO - Started process (PID=454) to work on /home/airflow/.local/lib/python3.12/site-packages/airflow/example_dags/example_dataset_alias_with_no_taskflow.py
[2025-04-17T05:59:42.446+0000] {processor.py:914} INFO - Processing file /home/airflow/.local/lib/python3.12/site-packages/airflow/example_dags/example_dataset_alias_with_no_taskflow.py for tasks to queue
[2025-04-17T05:59:42.452+0000] {logging_mixin.py:190} INFO - [2025-04-17T05:59:42.451+0000] {dagbag.py:588} INFO - Filling up the DagBag from /home/airflow/.local/lib/python3.12/site-packages/airflow/example_dags/example_dataset_alias_with_no_taskflow.py
[2025-04-17T05:59:43.361+0000] {processor.py:925} INFO - DAG(s) 'dataset_alias_example_alias_consumer_with_no_taskflow', 'dataset_s3_bucket_consumer_with_no_taskflow', 'dataset_s3_bucket_producer_with_no_taskflow', 'dataset_alias_example_alias_producer_with_no_taskflow' retrieved from /home/airflow/.local/lib/python3.12/site-packages/airflow/example_dags/example_dataset_alias_with_no_taskflow.py
[2025-04-17T05:59:43.392+0000] {logging_mixin.py:190} INFO - [2025-04-17T05:59:43.391+0000] {dag.py:3239} INFO - Sync 4 DAGs
[2025-04-17T05:59:43.423+0000] {logging_mixin.py:190} INFO - [2025-04-17T05:59:43.422+0000] {dag.py:4180} INFO - Setting next_dagrun for dataset_alias_example_alias_consumer_with_no_taskflow to None, run_after=None
[2025-04-17T05:59:43.427+0000] {logging_mixin.py:190} INFO - [2025-04-17T05:59:43.427+0000] {dag.py:4180} INFO - Setting next_dagrun for dataset_alias_example_alias_producer_with_no_taskflow to None, run_after=None
[2025-04-17T05:59:43.430+0000] {logging_mixin.py:190} INFO - [2025-04-17T05:59:43.430+0000] {dag.py:4180} INFO - Setting next_dagrun for dataset_s3_bucket_consumer_with_no_taskflow to None, run_after=None
[2025-04-17T05:59:43.432+0000] {logging_mixin.py:190} INFO - [2025-04-17T05:59:43.432+0000] {dag.py:4180} INFO - Setting next_dagrun for dataset_s3_bucket_producer_with_no_taskflow to None, run_after=None
[2025-04-17T05:59:43.469+0000] {processor.py:208} INFO - Processing /home/airflow/.local/lib/python3.12/site-packages/airflow/example_dags/example_dataset_alias_with_no_taskflow.py took 1.037 seconds
[2025-04-17T06:00:14.010+0000] {processor.py:186} INFO - Started process (PID=526) to work on /home/airflow/.local/lib/python3.12/site-packages/airflow/example_dags/example_dataset_alias_with_no_taskflow.py
[2025-04-17T06:00:14.012+0000] {processor.py:914} INFO - Processing file /home/airflow/.local/lib/python3.12/site-packages/airflow/example_dags/example_dataset_alias_with_no_taskflow.py for tasks to queue
[2025-04-17T06:00:14.016+0000] {logging_mixin.py:190} INFO - [2025-04-17T06:00:14.016+0000] {dagbag.py:588} INFO - Filling up the DagBag from /home/airflow/.local/lib/python3.12/site-packages/airflow/example_dags/example_dataset_alias_with_no_taskflow.py
[2025-04-17T06:00:14.653+0000] {processor.py:925} INFO - DAG(s) 'dataset_alias_example_alias_consumer_with_no_taskflow', 'dataset_s3_bucket_producer_with_no_taskflow', 'dataset_alias_example_alias_producer_with_no_taskflow', 'dataset_s3_bucket_consumer_with_no_taskflow' retrieved from /home/airflow/.local/lib/python3.12/site-packages/airflow/example_dags/example_dataset_alias_with_no_taskflow.py
[2025-04-17T06:00:14.670+0000] {logging_mixin.py:190} INFO - [2025-04-17T06:00:14.669+0000] {dag.py:3239} INFO - Sync 4 DAGs
[2025-04-17T06:00:14.689+0000] {logging_mixin.py:190} INFO - [2025-04-17T06:00:14.688+0000] {dag.py:4180} INFO - Setting next_dagrun for dataset_alias_example_alias_consumer_with_no_taskflow to None, run_after=None
[2025-04-17T06:00:14.692+0000] {logging_mixin.py:190} INFO - [2025-04-17T06:00:14.691+0000] {dag.py:4180} INFO - Setting next_dagrun for dataset_alias_example_alias_producer_with_no_taskflow to None, run_after=None
[2025-04-17T06:00:14.693+0000] {logging_mixin.py:190} INFO - [2025-04-17T06:00:14.693+0000] {dag.py:4180} INFO - Setting next_dagrun for dataset_s3_bucket_consumer_with_no_taskflow to None, run_after=None
[2025-04-17T06:00:14.695+0000] {logging_mixin.py:190} INFO - [2025-04-17T06:00:14.695+0000] {dag.py:4180} INFO - Setting next_dagrun for dataset_s3_bucket_producer_with_no_taskflow to None, run_after=None
[2025-04-17T06:00:14.714+0000] {processor.py:208} INFO - Processing /home/airflow/.local/lib/python3.12/site-packages/airflow/example_dags/example_dataset_alias_with_no_taskflow.py took 0.714 seconds
[2025-04-17T06:00:45.373+0000] {processor.py:186} INFO - Started process (PID=589) to work on /home/airflow/.local/lib/python3.12/site-packages/airflow/example_dags/example_dataset_alias_with_no_taskflow.py
[2025-04-17T06:00:45.375+0000] {processor.py:914} INFO - Processing file /home/airflow/.local/lib/python3.12/site-packages/airflow/example_dags/example_dataset_alias_with_no_taskflow.py for tasks to queue
[2025-04-17T06:00:45.379+0000] {logging_mixin.py:190} INFO - [2025-04-17T06:00:45.378+0000] {dagbag.py:588} INFO - Filling up the DagBag from /home/airflow/.local/lib/python3.12/site-packages/airflow/example_dags/example_dataset_alias_with_no_taskflow.py
[2025-04-17T06:00:46.009+0000] {processor.py:925} INFO - DAG(s) 'dataset_s3_bucket_producer_with_no_taskflow', 'dataset_s3_bucket_consumer_with_no_taskflow', 'dataset_alias_example_alias_producer_with_no_taskflow', 'dataset_alias_example_alias_consumer_with_no_taskflow' retrieved from /home/airflow/.local/lib/python3.12/site-packages/airflow/example_dags/example_dataset_alias_with_no_taskflow.py
[2025-04-17T06:00:46.041+0000] {logging_mixin.py:190} INFO - [2025-04-17T06:00:46.040+0000] {dag.py:3239} INFO - Sync 4 DAGs
[2025-04-17T06:00:46.075+0000] {logging_mixin.py:190} INFO - [2025-04-17T06:00:46.075+0000] {dag.py:4180} INFO - Setting next_dagrun for dataset_alias_example_alias_consumer_with_no_taskflow to None, run_after=None
[2025-04-17T06:00:46.080+0000] {logging_mixin.py:190} INFO - [2025-04-17T06:00:46.079+0000] {dag.py:4180} INFO - Setting next_dagrun for dataset_alias_example_alias_producer_with_no_taskflow to None, run_after=None
[2025-04-17T06:00:46.082+0000] {logging_mixin.py:190} INFO - [2025-04-17T06:00:46.082+0000] {dag.py:4180} INFO - Setting next_dagrun for dataset_s3_bucket_consumer_with_no_taskflow to None, run_after=None
[2025-04-17T06:00:46.086+0000] {logging_mixin.py:190} INFO - [2025-04-17T06:00:46.085+0000] {dag.py:4180} INFO - Setting next_dagrun for dataset_s3_bucket_producer_with_no_taskflow to None, run_after=None
[2025-04-17T06:00:46.116+0000] {processor.py:208} INFO - Processing /home/airflow/.local/lib/python3.12/site-packages/airflow/example_dags/example_dataset_alias_with_no_taskflow.py took 0.755 seconds
[2025-04-17T06:01:16.307+0000] {processor.py:186} INFO - Started process (PID=652) to work on /home/airflow/.local/lib/python3.12/site-packages/airflow/example_dags/example_dataset_alias_with_no_taskflow.py
[2025-04-17T06:01:16.310+0000] {processor.py:914} INFO - Processing file /home/airflow/.local/lib/python3.12/site-packages/airflow/example_dags/example_dataset_alias_with_no_taskflow.py for tasks to queue
[2025-04-17T06:01:16.313+0000] {logging_mixin.py:190} INFO - [2025-04-17T06:01:16.313+0000] {dagbag.py:588} INFO - Filling up the DagBag from /home/airflow/.local/lib/python3.12/site-packages/airflow/example_dags/example_dataset_alias_with_no_taskflow.py
[2025-04-17T06:01:17.013+0000] {processor.py:925} INFO - DAG(s) 'dataset_s3_bucket_producer_with_no_taskflow', 'dataset_alias_example_alias_producer_with_no_taskflow', 'dataset_s3_bucket_consumer_with_no_taskflow', 'dataset_alias_example_alias_consumer_with_no_taskflow' retrieved from /home/airflow/.local/lib/python3.12/site-packages/airflow/example_dags/example_dataset_alias_with_no_taskflow.py
[2025-04-17T06:01:17.050+0000] {logging_mixin.py:190} INFO - [2025-04-17T06:01:17.048+0000] {dag.py:3239} INFO - Sync 4 DAGs
[2025-04-17T06:01:17.091+0000] {logging_mixin.py:190} INFO - [2025-04-17T06:01:17.090+0000] {dag.py:4180} INFO - Setting next_dagrun for dataset_alias_example_alias_consumer_with_no_taskflow to None, run_after=None
[2025-04-17T06:01:17.097+0000] {logging_mixin.py:190} INFO - [2025-04-17T06:01:17.096+0000] {dag.py:4180} INFO - Setting next_dagrun for dataset_alias_example_alias_producer_with_no_taskflow to None, run_after=None
[2025-04-17T06:01:17.106+0000] {logging_mixin.py:190} INFO - [2025-04-17T06:01:17.106+0000] {dag.py:4180} INFO - Setting next_dagrun for dataset_s3_bucket_consumer_with_no_taskflow to None, run_after=None
[2025-04-17T06:01:17.109+0000] {logging_mixin.py:190} INFO - [2025-04-17T06:01:17.109+0000] {dag.py:4180} INFO - Setting next_dagrun for dataset_s3_bucket_producer_with_no_taskflow to None, run_after=None
[2025-04-17T06:01:17.143+0000] {processor.py:208} INFO - Processing /home/airflow/.local/lib/python3.12/site-packages/airflow/example_dags/example_dataset_alias_with_no_taskflow.py took 0.843 seconds
[2025-04-17T06:01:48.967+0000] {processor.py:186} INFO - Started process (PID=718) to work on /home/airflow/.local/lib/python3.12/site-packages/airflow/example_dags/example_dataset_alias_with_no_taskflow.py
[2025-04-17T06:01:48.969+0000] {processor.py:914} INFO - Processing file /home/airflow/.local/lib/python3.12/site-packages/airflow/example_dags/example_dataset_alias_with_no_taskflow.py for tasks to queue
[2025-04-17T06:01:48.974+0000] {logging_mixin.py:190} INFO - [2025-04-17T06:01:48.974+0000] {dagbag.py:588} INFO - Filling up the DagBag from /home/airflow/.local/lib/python3.12/site-packages/airflow/example_dags/example_dataset_alias_with_no_taskflow.py
[2025-04-17T06:01:49.586+0000] {processor.py:925} INFO - DAG(s) 'dataset_alias_example_alias_producer_with_no_taskflow', 'dataset_s3_bucket_producer_with_no_taskflow', 'dataset_s3_bucket_consumer_with_no_taskflow', 'dataset_alias_example_alias_consumer_with_no_taskflow' retrieved from /home/airflow/.local/lib/python3.12/site-packages/airflow/example_dags/example_dataset_alias_with_no_taskflow.py
[2025-04-17T06:01:49.609+0000] {logging_mixin.py:190} INFO - [2025-04-17T06:01:49.609+0000] {dag.py:3239} INFO - Sync 4 DAGs
[2025-04-17T06:01:49.629+0000] {logging_mixin.py:190} INFO - [2025-04-17T06:01:49.629+0000] {dag.py:4180} INFO - Setting next_dagrun for dataset_alias_example_alias_consumer_with_no_taskflow to None, run_after=None
[2025-04-17T06:01:49.633+0000] {logging_mixin.py:190} INFO - [2025-04-17T06:01:49.632+0000] {dag.py:4180} INFO - Setting next_dagrun for dataset_alias_example_alias_producer_with_no_taskflow to None, run_after=None
[2025-04-17T06:01:49.636+0000] {logging_mixin.py:190} INFO - [2025-04-17T06:01:49.635+0000] {dag.py:4180} INFO - Setting next_dagrun for dataset_s3_bucket_consumer_with_no_taskflow to None, run_after=None
[2025-04-17T06:01:49.637+0000] {logging_mixin.py:190} INFO - [2025-04-17T06:01:49.637+0000] {dag.py:4180} INFO - Setting next_dagrun for dataset_s3_bucket_producer_with_no_taskflow to None, run_after=None
[2025-04-17T06:01:49.658+0000] {processor.py:208} INFO - Processing /home/airflow/.local/lib/python3.12/site-packages/airflow/example_dags/example_dataset_alias_with_no_taskflow.py took 0.703 seconds
[2025-04-17T06:02:20.804+0000] {processor.py:186} INFO - Started process (PID=782) to work on /home/airflow/.local/lib/python3.12/site-packages/airflow/example_dags/example_dataset_alias_with_no_taskflow.py
[2025-04-17T06:02:20.806+0000] {processor.py:914} INFO - Processing file /home/airflow/.local/lib/python3.12/site-packages/airflow/example_dags/example_dataset_alias_with_no_taskflow.py for tasks to queue
[2025-04-17T06:02:20.810+0000] {logging_mixin.py:190} INFO - [2025-04-17T06:02:20.810+0000] {dagbag.py:588} INFO - Filling up the DagBag from /home/airflow/.local/lib/python3.12/site-packages/airflow/example_dags/example_dataset_alias_with_no_taskflow.py
[2025-04-17T06:02:21.454+0000] {processor.py:925} INFO - DAG(s) 'dataset_s3_bucket_producer_with_no_taskflow', 'dataset_alias_example_alias_consumer_with_no_taskflow', 'dataset_s3_bucket_consumer_with_no_taskflow', 'dataset_alias_example_alias_producer_with_no_taskflow' retrieved from /home/airflow/.local/lib/python3.12/site-packages/airflow/example_dags/example_dataset_alias_with_no_taskflow.py
[2025-04-17T06:02:21.473+0000] {logging_mixin.py:190} INFO - [2025-04-17T06:02:21.473+0000] {dag.py:3239} INFO - Sync 4 DAGs
[2025-04-17T06:02:21.492+0000] {logging_mixin.py:190} INFO - [2025-04-17T06:02:21.492+0000] {dag.py:4180} INFO - Setting next_dagrun for dataset_alias_example_alias_consumer_with_no_taskflow to None, run_after=None
[2025-04-17T06:02:21.495+0000] {logging_mixin.py:190} INFO - [2025-04-17T06:02:21.495+0000] {dag.py:4180} INFO - Setting next_dagrun for dataset_alias_example_alias_producer_with_no_taskflow to None, run_after=None
[2025-04-17T06:02:21.497+0000] {logging_mixin.py:190} INFO - [2025-04-17T06:02:21.497+0000] {dag.py:4180} INFO - Setting next_dagrun for dataset_s3_bucket_consumer_with_no_taskflow to None, run_after=None
[2025-04-17T06:02:21.499+0000] {logging_mixin.py:190} INFO - [2025-04-17T06:02:21.499+0000] {dag.py:4180} INFO - Setting next_dagrun for dataset_s3_bucket_producer_with_no_taskflow to None, run_after=None
[2025-04-17T06:02:21.522+0000] {processor.py:208} INFO - Processing /home/airflow/.local/lib/python3.12/site-packages/airflow/example_dags/example_dataset_alias_with_no_taskflow.py took 0.725 seconds
[2025-04-17T06:02:52.540+0000] {processor.py:186} INFO - Started process (PID=846) to work on /home/airflow/.local/lib/python3.12/site-packages/airflow/example_dags/example_dataset_alias_with_no_taskflow.py
[2025-04-17T06:02:52.541+0000] {processor.py:914} INFO - Processing file /home/airflow/.local/lib/python3.12/site-packages/airflow/example_dags/example_dataset_alias_with_no_taskflow.py for tasks to queue
[2025-04-17T06:02:52.544+0000] {logging_mixin.py:190} INFO - [2025-04-17T06:02:52.543+0000] {dagbag.py:588} INFO - Filling up the DagBag from /home/airflow/.local/lib/python3.12/site-packages/airflow/example_dags/example_dataset_alias_with_no_taskflow.py
[2025-04-17T06:02:53.459+0000] {processor.py:925} INFO - DAG(s) 'dataset_alias_example_alias_consumer_with_no_taskflow', 'dataset_alias_example_alias_producer_with_no_taskflow', 'dataset_s3_bucket_consumer_with_no_taskflow', 'dataset_s3_bucket_producer_with_no_taskflow' retrieved from /home/airflow/.local/lib/python3.12/site-packages/airflow/example_dags/example_dataset_alias_with_no_taskflow.py
[2025-04-17T06:02:53.533+0000] {logging_mixin.py:190} INFO - [2025-04-17T06:02:53.531+0000] {dag.py:3239} INFO - Sync 4 DAGs
[2025-04-17T06:02:53.606+0000] {logging_mixin.py:190} INFO - [2025-04-17T06:02:53.605+0000] {dag.py:4180} INFO - Setting next_dagrun for dataset_alias_example_alias_consumer_with_no_taskflow to None, run_after=None
[2025-04-17T06:02:53.611+0000] {logging_mixin.py:190} INFO - [2025-04-17T06:02:53.610+0000] {dag.py:4180} INFO - Setting next_dagrun for dataset_alias_example_alias_producer_with_no_taskflow to None, run_after=None
[2025-04-17T06:02:53.616+0000] {logging_mixin.py:190} INFO - [2025-04-17T06:02:53.615+0000] {dag.py:4180} INFO - Setting next_dagrun for dataset_s3_bucket_consumer_with_no_taskflow to None, run_after=None
[2025-04-17T06:02:53.618+0000] {logging_mixin.py:190} INFO - [2025-04-17T06:02:53.618+0000] {dag.py:4180} INFO - Setting next_dagrun for dataset_s3_bucket_producer_with_no_taskflow to None, run_after=None
[2025-04-17T06:02:53.659+0000] {processor.py:208} INFO - Processing /home/airflow/.local/lib/python3.12/site-packages/airflow/example_dags/example_dataset_alias_with_no_taskflow.py took 1.125 seconds
[2025-04-17T06:03:24.240+0000] {processor.py:186} INFO - Started process (PID=911) to work on /home/airflow/.local/lib/python3.12/site-packages/airflow/example_dags/example_dataset_alias_with_no_taskflow.py
[2025-04-17T06:03:24.242+0000] {processor.py:914} INFO - Processing file /home/airflow/.local/lib/python3.12/site-packages/airflow/example_dags/example_dataset_alias_with_no_taskflow.py for tasks to queue
[2025-04-17T06:03:24.246+0000] {logging_mixin.py:190} INFO - [2025-04-17T06:03:24.245+0000] {dagbag.py:588} INFO - Filling up the DagBag from /home/airflow/.local/lib/python3.12/site-packages/airflow/example_dags/example_dataset_alias_with_no_taskflow.py
[2025-04-17T06:03:24.821+0000] {processor.py:925} INFO - DAG(s) 'dataset_alias_example_alias_consumer_with_no_taskflow', 'dataset_s3_bucket_consumer_with_no_taskflow', 'dataset_alias_example_alias_producer_with_no_taskflow', 'dataset_s3_bucket_producer_with_no_taskflow' retrieved from /home/airflow/.local/lib/python3.12/site-packages/airflow/example_dags/example_dataset_alias_with_no_taskflow.py
[2025-04-17T06:03:24.842+0000] {logging_mixin.py:190} INFO - [2025-04-17T06:03:24.842+0000] {dag.py:3239} INFO - Sync 4 DAGs
[2025-04-17T06:03:24.870+0000] {logging_mixin.py:190} INFO - [2025-04-17T06:03:24.870+0000] {dag.py:4180} INFO - Setting next_dagrun for dataset_alias_example_alias_consumer_with_no_taskflow to None, run_after=None
[2025-04-17T06:03:24.873+0000] {logging_mixin.py:190} INFO - [2025-04-17T06:03:24.873+0000] {dag.py:4180} INFO - Setting next_dagrun for dataset_alias_example_alias_producer_with_no_taskflow to None, run_after=None
[2025-04-17T06:03:24.874+0000] {logging_mixin.py:190} INFO - [2025-04-17T06:03:24.874+0000] {dag.py:4180} INFO - Setting next_dagrun for dataset_s3_bucket_consumer_with_no_taskflow to None, run_after=None
[2025-04-17T06:03:24.876+0000] {logging_mixin.py:190} INFO - [2025-04-17T06:03:24.876+0000] {dag.py:4180} INFO - Setting next_dagrun for dataset_s3_bucket_producer_with_no_taskflow to None, run_after=None
[2025-04-17T06:03:24.891+0000] {processor.py:208} INFO - Processing /home/airflow/.local/lib/python3.12/site-packages/airflow/example_dags/example_dataset_alias_with_no_taskflow.py took 0.665 seconds
[2025-04-17T06:11:04.191+0000] {processor.py:186} INFO - Started process (PID=133) to work on /home/airflow/.local/lib/python3.12/site-packages/airflow/example_dags/example_dataset_alias_with_no_taskflow.py
[2025-04-17T06:11:04.198+0000] {processor.py:914} INFO - Processing file /home/airflow/.local/lib/python3.12/site-packages/airflow/example_dags/example_dataset_alias_with_no_taskflow.py for tasks to queue
[2025-04-17T06:11:04.205+0000] {logging_mixin.py:190} INFO - [2025-04-17T06:11:04.203+0000] {dagbag.py:588} INFO - Filling up the DagBag from /home/airflow/.local/lib/python3.12/site-packages/airflow/example_dags/example_dataset_alias_with_no_taskflow.py
[2025-04-17T06:11:05.320+0000] {processor.py:925} INFO - DAG(s) 'dataset_alias_example_alias_producer_with_no_taskflow', 'dataset_s3_bucket_producer_with_no_taskflow', 'dataset_s3_bucket_consumer_with_no_taskflow', 'dataset_alias_example_alias_consumer_with_no_taskflow' retrieved from /home/airflow/.local/lib/python3.12/site-packages/airflow/example_dags/example_dataset_alias_with_no_taskflow.py
[2025-04-17T06:11:05.367+0000] {logging_mixin.py:190} INFO - [2025-04-17T06:11:05.366+0000] {dag.py:3239} INFO - Sync 4 DAGs
[2025-04-17T06:11:05.414+0000] {logging_mixin.py:190} INFO - [2025-04-17T06:11:05.413+0000] {dag.py:4180} INFO - Setting next_dagrun for dataset_alias_example_alias_consumer_with_no_taskflow to None, run_after=None
[2025-04-17T06:11:05.418+0000] {logging_mixin.py:190} INFO - [2025-04-17T06:11:05.418+0000] {dag.py:4180} INFO - Setting next_dagrun for dataset_alias_example_alias_producer_with_no_taskflow to None, run_after=None
[2025-04-17T06:11:05.422+0000] {logging_mixin.py:190} INFO - [2025-04-17T06:11:05.422+0000] {dag.py:4180} INFO - Setting next_dagrun for dataset_s3_bucket_consumer_with_no_taskflow to None, run_after=None
[2025-04-17T06:11:05.425+0000] {logging_mixin.py:190} INFO - [2025-04-17T06:11:05.424+0000] {dag.py:4180} INFO - Setting next_dagrun for dataset_s3_bucket_producer_with_no_taskflow to None, run_after=None
[2025-04-17T06:11:05.467+0000] {processor.py:208} INFO - Processing /home/airflow/.local/lib/python3.12/site-packages/airflow/example_dags/example_dataset_alias_with_no_taskflow.py took 1.296 seconds
[2025-04-17T06:11:36.356+0000] {processor.py:186} INFO - Started process (PID=202) to work on /home/airflow/.local/lib/python3.12/site-packages/airflow/example_dags/example_dataset_alias_with_no_taskflow.py
[2025-04-17T06:11:36.359+0000] {processor.py:914} INFO - Processing file /home/airflow/.local/lib/python3.12/site-packages/airflow/example_dags/example_dataset_alias_with_no_taskflow.py for tasks to queue
[2025-04-17T06:11:36.365+0000] {logging_mixin.py:190} INFO - [2025-04-17T06:11:36.365+0000] {dagbag.py:588} INFO - Filling up the DagBag from /home/airflow/.local/lib/python3.12/site-packages/airflow/example_dags/example_dataset_alias_with_no_taskflow.py
[2025-04-17T06:11:37.309+0000] {processor.py:925} INFO - DAG(s) 'dataset_alias_example_alias_consumer_with_no_taskflow', 'dataset_s3_bucket_producer_with_no_taskflow', 'dataset_s3_bucket_consumer_with_no_taskflow', 'dataset_alias_example_alias_producer_with_no_taskflow' retrieved from /home/airflow/.local/lib/python3.12/site-packages/airflow/example_dags/example_dataset_alias_with_no_taskflow.py
[2025-04-17T06:11:37.345+0000] {logging_mixin.py:190} INFO - [2025-04-17T06:11:37.345+0000] {dag.py:3239} INFO - Sync 4 DAGs
[2025-04-17T06:11:37.370+0000] {logging_mixin.py:190} INFO - [2025-04-17T06:11:37.370+0000] {dag.py:4180} INFO - Setting next_dagrun for dataset_alias_example_alias_consumer_with_no_taskflow to None, run_after=None
[2025-04-17T06:11:37.383+0000] {logging_mixin.py:190} INFO - [2025-04-17T06:11:37.381+0000] {dag.py:4180} INFO - Setting next_dagrun for dataset_alias_example_alias_producer_with_no_taskflow to None, run_after=None
[2025-04-17T06:11:37.389+0000] {logging_mixin.py:190} INFO - [2025-04-17T06:11:37.389+0000] {dag.py:4180} INFO - Setting next_dagrun for dataset_s3_bucket_consumer_with_no_taskflow to None, run_after=None
[2025-04-17T06:11:37.392+0000] {logging_mixin.py:190} INFO - [2025-04-17T06:11:37.392+0000] {dag.py:4180} INFO - Setting next_dagrun for dataset_s3_bucket_producer_with_no_taskflow to None, run_after=None
[2025-04-17T06:11:37.423+0000] {processor.py:208} INFO - Processing /home/airflow/.local/lib/python3.12/site-packages/airflow/example_dags/example_dataset_alias_with_no_taskflow.py took 1.078 seconds
[2025-04-17T06:12:08.807+0000] {processor.py:186} INFO - Started process (PID=264) to work on /home/airflow/.local/lib/python3.12/site-packages/airflow/example_dags/example_dataset_alias_with_no_taskflow.py
[2025-04-17T06:12:08.811+0000] {processor.py:914} INFO - Processing file /home/airflow/.local/lib/python3.12/site-packages/airflow/example_dags/example_dataset_alias_with_no_taskflow.py for tasks to queue
[2025-04-17T06:12:08.814+0000] {logging_mixin.py:190} INFO - [2025-04-17T06:12:08.814+0000] {dagbag.py:588} INFO - Filling up the DagBag from /home/airflow/.local/lib/python3.12/site-packages/airflow/example_dags/example_dataset_alias_with_no_taskflow.py
[2025-04-17T06:12:09.739+0000] {processor.py:925} INFO - DAG(s) 'dataset_s3_bucket_producer_with_no_taskflow', 'dataset_alias_example_alias_consumer_with_no_taskflow', 'dataset_alias_example_alias_producer_with_no_taskflow', 'dataset_s3_bucket_consumer_with_no_taskflow' retrieved from /home/airflow/.local/lib/python3.12/site-packages/airflow/example_dags/example_dataset_alias_with_no_taskflow.py
[2025-04-17T06:12:09.792+0000] {logging_mixin.py:190} INFO - [2025-04-17T06:12:09.790+0000] {dag.py:3239} INFO - Sync 4 DAGs
[2025-04-17T06:12:09.846+0000] {logging_mixin.py:190} INFO - [2025-04-17T06:12:09.846+0000] {dag.py:4180} INFO - Setting next_dagrun for dataset_alias_example_alias_consumer_with_no_taskflow to None, run_after=None
[2025-04-17T06:12:09.849+0000] {logging_mixin.py:190} INFO - [2025-04-17T06:12:09.849+0000] {dag.py:4180} INFO - Setting next_dagrun for dataset_alias_example_alias_producer_with_no_taskflow to None, run_after=None
[2025-04-17T06:12:09.852+0000] {logging_mixin.py:190} INFO - [2025-04-17T06:12:09.852+0000] {dag.py:4180} INFO - Setting next_dagrun for dataset_s3_bucket_consumer_with_no_taskflow to None, run_after=None
[2025-04-17T06:12:09.854+0000] {logging_mixin.py:190} INFO - [2025-04-17T06:12:09.854+0000] {dag.py:4180} INFO - Setting next_dagrun for dataset_s3_bucket_producer_with_no_taskflow to None, run_after=None
[2025-04-17T06:12:09.873+0000] {processor.py:208} INFO - Processing /home/airflow/.local/lib/python3.12/site-packages/airflow/example_dags/example_dataset_alias_with_no_taskflow.py took 1.084 seconds
[2025-04-17T06:12:40.355+0000] {processor.py:186} INFO - Started process (PID=321) to work on /home/airflow/.local/lib/python3.12/site-packages/airflow/example_dags/example_dataset_alias_with_no_taskflow.py
[2025-04-17T06:12:40.357+0000] {processor.py:914} INFO - Processing file /home/airflow/.local/lib/python3.12/site-packages/airflow/example_dags/example_dataset_alias_with_no_taskflow.py for tasks to queue
[2025-04-17T06:12:40.372+0000] {logging_mixin.py:190} INFO - [2025-04-17T06:12:40.371+0000] {dagbag.py:588} INFO - Filling up the DagBag from /home/airflow/.local/lib/python3.12/site-packages/airflow/example_dags/example_dataset_alias_with_no_taskflow.py
[2025-04-17T06:12:41.519+0000] {processor.py:925} INFO - DAG(s) 'dataset_alias_example_alias_producer_with_no_taskflow', 'dataset_s3_bucket_consumer_with_no_taskflow', 'dataset_alias_example_alias_consumer_with_no_taskflow', 'dataset_s3_bucket_producer_with_no_taskflow' retrieved from /home/airflow/.local/lib/python3.12/site-packages/airflow/example_dags/example_dataset_alias_with_no_taskflow.py
[2025-04-17T06:12:41.562+0000] {logging_mixin.py:190} INFO - [2025-04-17T06:12:41.562+0000] {dag.py:3239} INFO - Sync 4 DAGs
[2025-04-17T06:12:41.602+0000] {logging_mixin.py:190} INFO - [2025-04-17T06:12:41.602+0000] {dag.py:4180} INFO - Setting next_dagrun for dataset_alias_example_alias_consumer_with_no_taskflow to None, run_after=None
[2025-04-17T06:12:41.608+0000] {logging_mixin.py:190} INFO - [2025-04-17T06:12:41.608+0000] {dag.py:4180} INFO - Setting next_dagrun for dataset_alias_example_alias_producer_with_no_taskflow to None, run_after=None
[2025-04-17T06:12:41.612+0000] {logging_mixin.py:190} INFO - [2025-04-17T06:12:41.612+0000] {dag.py:4180} INFO - Setting next_dagrun for dataset_s3_bucket_consumer_with_no_taskflow to None, run_after=None
[2025-04-17T06:12:41.616+0000] {logging_mixin.py:190} INFO - [2025-04-17T06:12:41.616+0000] {dag.py:4180} INFO - Setting next_dagrun for dataset_s3_bucket_producer_with_no_taskflow to None, run_after=None
[2025-04-17T06:12:41.670+0000] {processor.py:208} INFO - Processing /home/airflow/.local/lib/python3.12/site-packages/airflow/example_dags/example_dataset_alias_with_no_taskflow.py took 1.329 seconds
[2025-04-17T06:13:11.966+0000] {processor.py:186} INFO - Started process (PID=393) to work on /home/airflow/.local/lib/python3.12/site-packages/airflow/example_dags/example_dataset_alias_with_no_taskflow.py
[2025-04-17T06:13:11.969+0000] {processor.py:914} INFO - Processing file /home/airflow/.local/lib/python3.12/site-packages/airflow/example_dags/example_dataset_alias_with_no_taskflow.py for tasks to queue
[2025-04-17T06:13:11.975+0000] {logging_mixin.py:190} INFO - [2025-04-17T06:13:11.975+0000] {dagbag.py:588} INFO - Filling up the DagBag from /home/airflow/.local/lib/python3.12/site-packages/airflow/example_dags/example_dataset_alias_with_no_taskflow.py
[2025-04-17T06:13:12.886+0000] {processor.py:925} INFO - DAG(s) 'dataset_alias_example_alias_producer_with_no_taskflow', 'dataset_s3_bucket_consumer_with_no_taskflow', 'dataset_s3_bucket_producer_with_no_taskflow', 'dataset_alias_example_alias_consumer_with_no_taskflow' retrieved from /home/airflow/.local/lib/python3.12/site-packages/airflow/example_dags/example_dataset_alias_with_no_taskflow.py
[2025-04-17T06:13:12.948+0000] {logging_mixin.py:190} INFO - [2025-04-17T06:13:12.946+0000] {dag.py:3239} INFO - Sync 4 DAGs
[2025-04-17T06:13:12.986+0000] {logging_mixin.py:190} INFO - [2025-04-17T06:13:12.985+0000] {dag.py:4180} INFO - Setting next_dagrun for dataset_alias_example_alias_consumer_with_no_taskflow to None, run_after=None
[2025-04-17T06:13:12.991+0000] {logging_mixin.py:190} INFO - [2025-04-17T06:13:12.991+0000] {dag.py:4180} INFO - Setting next_dagrun for dataset_alias_example_alias_producer_with_no_taskflow to None, run_after=None
[2025-04-17T06:13:12.996+0000] {logging_mixin.py:190} INFO - [2025-04-17T06:13:12.995+0000] {dag.py:4180} INFO - Setting next_dagrun for dataset_s3_bucket_consumer_with_no_taskflow to None, run_after=None
[2025-04-17T06:13:13.000+0000] {logging_mixin.py:190} INFO - [2025-04-17T06:13:13.000+0000] {dag.py:4180} INFO - Setting next_dagrun for dataset_s3_bucket_producer_with_no_taskflow to None, run_after=None
[2025-04-17T06:13:13.045+0000] {processor.py:208} INFO - Processing /home/airflow/.local/lib/python3.12/site-packages/airflow/example_dags/example_dataset_alias_with_no_taskflow.py took 1.093 seconds
[2025-04-17T06:14:06.925+0000] {processor.py:186} INFO - Started process (PID=474) to work on /home/airflow/.local/lib/python3.12/site-packages/airflow/example_dags/example_dataset_alias_with_no_taskflow.py
[2025-04-17T06:14:06.931+0000] {processor.py:914} INFO - Processing file /home/airflow/.local/lib/python3.12/site-packages/airflow/example_dags/example_dataset_alias_with_no_taskflow.py for tasks to queue
[2025-04-17T06:14:06.941+0000] {logging_mixin.py:190} INFO - [2025-04-17T06:14:06.941+0000] {dagbag.py:588} INFO - Filling up the DagBag from /home/airflow/.local/lib/python3.12/site-packages/airflow/example_dags/example_dataset_alias_with_no_taskflow.py
[2025-04-17T06:14:09.717+0000] {processor.py:925} INFO - DAG(s) 'dataset_s3_bucket_producer_with_no_taskflow', 'dataset_alias_example_alias_consumer_with_no_taskflow', 'dataset_alias_example_alias_producer_with_no_taskflow', 'dataset_s3_bucket_consumer_with_no_taskflow' retrieved from /home/airflow/.local/lib/python3.12/site-packages/airflow/example_dags/example_dataset_alias_with_no_taskflow.py
[2025-04-17T06:14:09.830+0000] {logging_mixin.py:190} INFO - [2025-04-17T06:14:09.828+0000] {dag.py:3239} INFO - Sync 4 DAGs
[2025-04-17T06:14:09.945+0000] {logging_mixin.py:190} INFO - [2025-04-17T06:14:09.944+0000] {dag.py:4180} INFO - Setting next_dagrun for dataset_alias_example_alias_consumer_with_no_taskflow to None, run_after=None
[2025-04-17T06:14:09.961+0000] {logging_mixin.py:190} INFO - [2025-04-17T06:14:09.960+0000] {dag.py:4180} INFO - Setting next_dagrun for dataset_alias_example_alias_producer_with_no_taskflow to None, run_after=None
[2025-04-17T06:14:09.975+0000] {logging_mixin.py:190} INFO - [2025-04-17T06:14:09.974+0000] {dag.py:4180} INFO - Setting next_dagrun for dataset_s3_bucket_consumer_with_no_taskflow to None, run_after=None
[2025-04-17T06:14:09.981+0000] {logging_mixin.py:190} INFO - [2025-04-17T06:14:09.980+0000] {dag.py:4180} INFO - Setting next_dagrun for dataset_s3_bucket_producer_with_no_taskflow to None, run_after=None
[2025-04-17T06:14:10.084+0000] {processor.py:208} INFO - Processing /home/airflow/.local/lib/python3.12/site-packages/airflow/example_dags/example_dataset_alias_with_no_taskflow.py took 3.189 seconds
[2025-04-17T06:14:40.660+0000] {processor.py:186} INFO - Started process (PID=538) to work on /home/airflow/.local/lib/python3.12/site-packages/airflow/example_dags/example_dataset_alias_with_no_taskflow.py
[2025-04-17T06:14:40.667+0000] {processor.py:914} INFO - Processing file /home/airflow/.local/lib/python3.12/site-packages/airflow/example_dags/example_dataset_alias_with_no_taskflow.py for tasks to queue
[2025-04-17T06:14:40.694+0000] {logging_mixin.py:190} INFO - [2025-04-17T06:14:40.693+0000] {dagbag.py:588} INFO - Filling up the DagBag from /home/airflow/.local/lib/python3.12/site-packages/airflow/example_dags/example_dataset_alias_with_no_taskflow.py
[2025-04-17T06:14:43.499+0000] {processor.py:925} INFO - DAG(s) 'dataset_s3_bucket_consumer_with_no_taskflow', 'dataset_alias_example_alias_consumer_with_no_taskflow', 'dataset_alias_example_alias_producer_with_no_taskflow', 'dataset_s3_bucket_producer_with_no_taskflow' retrieved from /home/airflow/.local/lib/python3.12/site-packages/airflow/example_dags/example_dataset_alias_with_no_taskflow.py
[2025-04-17T06:14:43.677+0000] {logging_mixin.py:190} INFO - [2025-04-17T06:14:43.675+0000] {dag.py:3239} INFO - Sync 4 DAGs
[2025-04-17T06:14:43.865+0000] {logging_mixin.py:190} INFO - [2025-04-17T06:14:43.864+0000] {dag.py:4180} INFO - Setting next_dagrun for dataset_alias_example_alias_consumer_with_no_taskflow to None, run_after=None
[2025-04-17T06:14:43.884+0000] {logging_mixin.py:190} INFO - [2025-04-17T06:14:43.884+0000] {dag.py:4180} INFO - Setting next_dagrun for dataset_alias_example_alias_producer_with_no_taskflow to None, run_after=None
[2025-04-17T06:14:43.898+0000] {logging_mixin.py:190} INFO - [2025-04-17T06:14:43.898+0000] {dag.py:4180} INFO - Setting next_dagrun for dataset_s3_bucket_consumer_with_no_taskflow to None, run_after=None
[2025-04-17T06:14:43.913+0000] {logging_mixin.py:190} INFO - [2025-04-17T06:14:43.903+0000] {dag.py:4180} INFO - Setting next_dagrun for dataset_s3_bucket_producer_with_no_taskflow to None, run_after=None
[2025-04-17T06:14:44.064+0000] {processor.py:208} INFO - Processing /home/airflow/.local/lib/python3.12/site-packages/airflow/example_dags/example_dataset_alias_with_no_taskflow.py took 3.462 seconds
[2025-04-17T06:15:17.518+0000] {processor.py:186} INFO - Started process (PID=611) to work on /home/airflow/.local/lib/python3.12/site-packages/airflow/example_dags/example_dataset_alias_with_no_taskflow.py
[2025-04-17T06:15:17.522+0000] {processor.py:914} INFO - Processing file /home/airflow/.local/lib/python3.12/site-packages/airflow/example_dags/example_dataset_alias_with_no_taskflow.py for tasks to queue
[2025-04-17T06:15:17.539+0000] {logging_mixin.py:190} INFO - [2025-04-17T06:15:17.538+0000] {dagbag.py:588} INFO - Filling up the DagBag from /home/airflow/.local/lib/python3.12/site-packages/airflow/example_dags/example_dataset_alias_with_no_taskflow.py
[2025-04-17T06:15:20.637+0000] {processor.py:925} INFO - DAG(s) 'dataset_s3_bucket_consumer_with_no_taskflow', 'dataset_alias_example_alias_consumer_with_no_taskflow', 'dataset_s3_bucket_producer_with_no_taskflow', 'dataset_alias_example_alias_producer_with_no_taskflow' retrieved from /home/airflow/.local/lib/python3.12/site-packages/airflow/example_dags/example_dataset_alias_with_no_taskflow.py
[2025-04-17T06:15:20.839+0000] {logging_mixin.py:190} INFO - [2025-04-17T06:15:20.837+0000] {dag.py:3239} INFO - Sync 4 DAGs
[2025-04-17T06:15:20.983+0000] {logging_mixin.py:190} INFO - [2025-04-17T06:15:20.982+0000] {dag.py:4180} INFO - Setting next_dagrun for dataset_alias_example_alias_consumer_with_no_taskflow to None, run_after=None
[2025-04-17T06:15:20.997+0000] {logging_mixin.py:190} INFO - [2025-04-17T06:15:20.996+0000] {dag.py:4180} INFO - Setting next_dagrun for dataset_alias_example_alias_producer_with_no_taskflow to None, run_after=None
[2025-04-17T06:15:21.007+0000] {logging_mixin.py:190} INFO - [2025-04-17T06:15:21.007+0000] {dag.py:4180} INFO - Setting next_dagrun for dataset_s3_bucket_consumer_with_no_taskflow to None, run_after=None
[2025-04-17T06:15:21.013+0000] {logging_mixin.py:190} INFO - [2025-04-17T06:15:21.013+0000] {dag.py:4180} INFO - Setting next_dagrun for dataset_s3_bucket_producer_with_no_taskflow to None, run_after=None
[2025-04-17T06:15:21.133+0000] {processor.py:208} INFO - Processing /home/airflow/.local/lib/python3.12/site-packages/airflow/example_dags/example_dataset_alias_with_no_taskflow.py took 3.632 seconds
[2025-04-17T06:15:51.316+0000] {processor.py:186} INFO - Started process (PID=676) to work on /home/airflow/.local/lib/python3.12/site-packages/airflow/example_dags/example_dataset_alias_with_no_taskflow.py
[2025-04-17T06:15:51.318+0000] {processor.py:914} INFO - Processing file /home/airflow/.local/lib/python3.12/site-packages/airflow/example_dags/example_dataset_alias_with_no_taskflow.py for tasks to queue
[2025-04-17T06:15:51.323+0000] {logging_mixin.py:190} INFO - [2025-04-17T06:15:51.322+0000] {dagbag.py:588} INFO - Filling up the DagBag from /home/airflow/.local/lib/python3.12/site-packages/airflow/example_dags/example_dataset_alias_with_no_taskflow.py
[2025-04-17T06:15:52.498+0000] {processor.py:925} INFO - DAG(s) 'dataset_alias_example_alias_producer_with_no_taskflow', 'dataset_s3_bucket_consumer_with_no_taskflow', 'dataset_s3_bucket_producer_with_no_taskflow', 'dataset_alias_example_alias_consumer_with_no_taskflow' retrieved from /home/airflow/.local/lib/python3.12/site-packages/airflow/example_dags/example_dataset_alias_with_no_taskflow.py
[2025-04-17T06:15:52.553+0000] {logging_mixin.py:190} INFO - [2025-04-17T06:15:52.552+0000] {dag.py:3239} INFO - Sync 4 DAGs
[2025-04-17T06:15:52.600+0000] {logging_mixin.py:190} INFO - [2025-04-17T06:15:52.600+0000] {dag.py:4180} INFO - Setting next_dagrun for dataset_alias_example_alias_consumer_with_no_taskflow to None, run_after=None
[2025-04-17T06:15:52.608+0000] {logging_mixin.py:190} INFO - [2025-04-17T06:15:52.607+0000] {dag.py:4180} INFO - Setting next_dagrun for dataset_alias_example_alias_producer_with_no_taskflow to None, run_after=None
[2025-04-17T06:15:52.613+0000] {logging_mixin.py:190} INFO - [2025-04-17T06:15:52.613+0000] {dag.py:4180} INFO - Setting next_dagrun for dataset_s3_bucket_consumer_with_no_taskflow to None, run_after=None
[2025-04-17T06:15:52.617+0000] {logging_mixin.py:190} INFO - [2025-04-17T06:15:52.617+0000] {dag.py:4180} INFO - Setting next_dagrun for dataset_s3_bucket_producer_with_no_taskflow to None, run_after=None
[2025-04-17T06:15:52.673+0000] {processor.py:208} INFO - Processing /home/airflow/.local/lib/python3.12/site-packages/airflow/example_dags/example_dataset_alias_with_no_taskflow.py took 1.368 seconds
[2025-04-17T06:16:23.165+0000] {processor.py:186} INFO - Started process (PID=739) to work on /home/airflow/.local/lib/python3.12/site-packages/airflow/example_dags/example_dataset_alias_with_no_taskflow.py
[2025-04-17T06:16:23.166+0000] {processor.py:914} INFO - Processing file /home/airflow/.local/lib/python3.12/site-packages/airflow/example_dags/example_dataset_alias_with_no_taskflow.py for tasks to queue
[2025-04-17T06:16:23.169+0000] {logging_mixin.py:190} INFO - [2025-04-17T06:16:23.169+0000] {dagbag.py:588} INFO - Filling up the DagBag from /home/airflow/.local/lib/python3.12/site-packages/airflow/example_dags/example_dataset_alias_with_no_taskflow.py
[2025-04-17T06:16:23.767+0000] {processor.py:925} INFO - DAG(s) 'dataset_s3_bucket_producer_with_no_taskflow', 'dataset_alias_example_alias_consumer_with_no_taskflow', 'dataset_s3_bucket_consumer_with_no_taskflow', 'dataset_alias_example_alias_producer_with_no_taskflow' retrieved from /home/airflow/.local/lib/python3.12/site-packages/airflow/example_dags/example_dataset_alias_with_no_taskflow.py
[2025-04-17T06:16:23.783+0000] {logging_mixin.py:190} INFO - [2025-04-17T06:16:23.782+0000] {dag.py:3239} INFO - Sync 4 DAGs
[2025-04-17T06:16:23.801+0000] {logging_mixin.py:190} INFO - [2025-04-17T06:16:23.800+0000] {dag.py:4180} INFO - Setting next_dagrun for dataset_alias_example_alias_consumer_with_no_taskflow to None, run_after=None
[2025-04-17T06:16:23.803+0000] {logging_mixin.py:190} INFO - [2025-04-17T06:16:23.803+0000] {dag.py:4180} INFO - Setting next_dagrun for dataset_alias_example_alias_producer_with_no_taskflow to None, run_after=None
[2025-04-17T06:16:23.806+0000] {logging_mixin.py:190} INFO - [2025-04-17T06:16:23.806+0000] {dag.py:4180} INFO - Setting next_dagrun for dataset_s3_bucket_consumer_with_no_taskflow to None, run_after=None
[2025-04-17T06:16:23.808+0000] {logging_mixin.py:190} INFO - [2025-04-17T06:16:23.808+0000] {dag.py:4180} INFO - Setting next_dagrun for dataset_s3_bucket_producer_with_no_taskflow to None, run_after=None
[2025-04-17T06:16:23.830+0000] {processor.py:208} INFO - Processing /home/airflow/.local/lib/python3.12/site-packages/airflow/example_dags/example_dataset_alias_with_no_taskflow.py took 0.673 seconds
[2025-04-17T06:16:55.063+0000] {processor.py:186} INFO - Started process (PID=804) to work on /home/airflow/.local/lib/python3.12/site-packages/airflow/example_dags/example_dataset_alias_with_no_taskflow.py
[2025-04-17T06:16:55.066+0000] {processor.py:914} INFO - Processing file /home/airflow/.local/lib/python3.12/site-packages/airflow/example_dags/example_dataset_alias_with_no_taskflow.py for tasks to queue
[2025-04-17T06:16:55.073+0000] {logging_mixin.py:190} INFO - [2025-04-17T06:16:55.073+0000] {dagbag.py:588} INFO - Filling up the DagBag from /home/airflow/.local/lib/python3.12/site-packages/airflow/example_dags/example_dataset_alias_with_no_taskflow.py
[2025-04-17T06:16:56.773+0000] {processor.py:925} INFO - DAG(s) 'dataset_s3_bucket_producer_with_no_taskflow', 'dataset_alias_example_alias_consumer_with_no_taskflow', 'dataset_s3_bucket_consumer_with_no_taskflow', 'dataset_alias_example_alias_producer_with_no_taskflow' retrieved from /home/airflow/.local/lib/python3.12/site-packages/airflow/example_dags/example_dataset_alias_with_no_taskflow.py
[2025-04-17T06:16:56.866+0000] {logging_mixin.py:190} INFO - [2025-04-17T06:16:56.863+0000] {dag.py:3239} INFO - Sync 4 DAGs
[2025-04-17T06:16:56.978+0000] {logging_mixin.py:190} INFO - [2025-04-17T06:16:56.978+0000] {dag.py:4180} INFO - Setting next_dagrun for dataset_alias_example_alias_consumer_with_no_taskflow to None, run_after=None
[2025-04-17T06:16:56.989+0000] {logging_mixin.py:190} INFO - [2025-04-17T06:16:56.988+0000] {dag.py:4180} INFO - Setting next_dagrun for dataset_alias_example_alias_producer_with_no_taskflow to None, run_after=None
[2025-04-17T06:16:57.000+0000] {logging_mixin.py:190} INFO - [2025-04-17T06:16:56.999+0000] {dag.py:4180} INFO - Setting next_dagrun for dataset_s3_bucket_consumer_with_no_taskflow to None, run_after=None
[2025-04-17T06:16:57.005+0000] {logging_mixin.py:190} INFO - [2025-04-17T06:16:57.004+0000] {dag.py:4180} INFO - Setting next_dagrun for dataset_s3_bucket_producer_with_no_taskflow to None, run_after=None
[2025-04-17T06:16:57.116+0000] {processor.py:208} INFO - Processing /home/airflow/.local/lib/python3.12/site-packages/airflow/example_dags/example_dataset_alias_with_no_taskflow.py took 2.070 seconds
