[2025-04-17T05:56:56.665+0000] {processor.py:186} INFO - Started process (PID=107) to work on /home/airflow/.local/lib/python3.12/site-packages/airflow/example_dags/example_latest_only.py
[2025-04-17T05:56:56.667+0000] {processor.py:914} INFO - Processing file /home/airflow/.local/lib/python3.12/site-packages/airflow/example_dags/example_latest_only.py for tasks to queue
[2025-04-17T05:56:56.673+0000] {logging_mixin.py:190} INFO - [2025-04-17T05:56:56.672+0000] {dagbag.py:588} INFO - Filling up the DagBag from /home/airflow/.local/lib/python3.12/site-packages/airflow/example_dags/example_latest_only.py
[2025-04-17T05:56:56.684+0000] {processor.py:925} INFO - DAG(s) 'latest_only' retrieved from /home/airflow/.local/lib/python3.12/site-packages/airflow/example_dags/example_latest_only.py
[2025-04-17T05:56:56.850+0000] {logging_mixin.py:190} INFO - [2025-04-17T05:56:56.849+0000] {override.py:1912} INFO - Created Permission View: can delete on DAG:latest_only
[2025-04-17T05:56:56.867+0000] {logging_mixin.py:190} INFO - [2025-04-17T05:56:56.866+0000] {override.py:1912} INFO - Created Permission View: can edit on DAG:latest_only
[2025-04-17T05:56:56.880+0000] {logging_mixin.py:190} INFO - [2025-04-17T05:56:56.880+0000] {override.py:1912} INFO - Created Permission View: can read on DAG:latest_only
[2025-04-17T05:56:56.895+0000] {logging_mixin.py:190} INFO - [2025-04-17T05:56:56.894+0000] {override.py:1912} INFO - Created Permission View: can delete on DAG Run:latest_only
[2025-04-17T05:56:56.910+0000] {logging_mixin.py:190} INFO - [2025-04-17T05:56:56.910+0000] {override.py:1912} INFO - Created Permission View: can read on DAG Run:latest_only
[2025-04-17T05:56:56.924+0000] {logging_mixin.py:190} INFO - [2025-04-17T05:56:56.924+0000] {override.py:1912} INFO - Created Permission View: can create on DAG Run:latest_only
[2025-04-17T05:56:56.940+0000] {logging_mixin.py:190} INFO - [2025-04-17T05:56:56.939+0000] {override.py:1912} INFO - Created Permission View: menu access on DAG Run:latest_only
[2025-04-17T05:56:56.941+0000] {logging_mixin.py:190} INFO - [2025-04-17T05:56:56.941+0000] {dag.py:3239} INFO - Sync 1 DAGs
[2025-04-17T05:56:56.963+0000] {logging_mixin.py:190} INFO - [2025-04-17T05:56:56.962+0000] {dag.py:3262} INFO - Creating ORM DAG for latest_only
[2025-04-17T05:56:56.980+0000] {logging_mixin.py:190} INFO - [2025-04-17T05:56:56.980+0000] {dag.py:4180} INFO - Setting next_dagrun for latest_only to 2025-04-17 00:00:00+00:00, run_after=2025-04-17 04:00:00+00:00
[2025-04-17T05:56:57.008+0000] {processor.py:208} INFO - Processing /home/airflow/.local/lib/python3.12/site-packages/airflow/example_dags/example_latest_only.py took 0.352 seconds
[2025-04-17T05:57:29.742+0000] {processor.py:186} INFO - Started process (PID=170) to work on /home/airflow/.local/lib/python3.12/site-packages/airflow/example_dags/example_latest_only.py
[2025-04-17T05:57:29.744+0000] {processor.py:914} INFO - Processing file /home/airflow/.local/lib/python3.12/site-packages/airflow/example_dags/example_latest_only.py for tasks to queue
[2025-04-17T05:57:29.749+0000] {logging_mixin.py:190} INFO - [2025-04-17T05:57:29.748+0000] {dagbag.py:588} INFO - Filling up the DagBag from /home/airflow/.local/lib/python3.12/site-packages/airflow/example_dags/example_latest_only.py
[2025-04-17T05:57:29.767+0000] {processor.py:925} INFO - DAG(s) 'latest_only' retrieved from /home/airflow/.local/lib/python3.12/site-packages/airflow/example_dags/example_latest_only.py
[2025-04-17T05:57:29.823+0000] {logging_mixin.py:190} INFO - [2025-04-17T05:57:29.822+0000] {dag.py:3239} INFO - Sync 1 DAGs
[2025-04-17T05:57:29.872+0000] {logging_mixin.py:190} INFO - [2025-04-17T05:57:29.872+0000] {dag.py:4180} INFO - Setting next_dagrun for latest_only to 2025-04-17 00:00:00+00:00, run_after=2025-04-17 04:00:00+00:00
[2025-04-17T05:57:29.934+0000] {processor.py:208} INFO - Processing /home/airflow/.local/lib/python3.12/site-packages/airflow/example_dags/example_latest_only.py took 0.200 seconds
[2025-04-17T05:58:02.304+0000] {processor.py:186} INFO - Started process (PID=233) to work on /home/airflow/.local/lib/python3.12/site-packages/airflow/example_dags/example_latest_only.py
[2025-04-17T05:58:02.307+0000] {processor.py:914} INFO - Processing file /home/airflow/.local/lib/python3.12/site-packages/airflow/example_dags/example_latest_only.py for tasks to queue
[2025-04-17T05:58:02.312+0000] {logging_mixin.py:190} INFO - [2025-04-17T05:58:02.311+0000] {dagbag.py:588} INFO - Filling up the DagBag from /home/airflow/.local/lib/python3.12/site-packages/airflow/example_dags/example_latest_only.py
[2025-04-17T05:58:02.329+0000] {processor.py:925} INFO - DAG(s) 'latest_only' retrieved from /home/airflow/.local/lib/python3.12/site-packages/airflow/example_dags/example_latest_only.py
[2025-04-17T05:58:02.378+0000] {logging_mixin.py:190} INFO - [2025-04-17T05:58:02.377+0000] {dag.py:3239} INFO - Sync 1 DAGs
[2025-04-17T05:58:02.446+0000] {logging_mixin.py:190} INFO - [2025-04-17T05:58:02.446+0000] {dag.py:4180} INFO - Setting next_dagrun for latest_only to 2025-04-17 00:00:00+00:00, run_after=2025-04-17 04:00:00+00:00
[2025-04-17T05:58:02.526+0000] {processor.py:208} INFO - Processing /home/airflow/.local/lib/python3.12/site-packages/airflow/example_dags/example_latest_only.py took 0.232 seconds
[2025-04-17T05:58:32.935+0000] {processor.py:186} INFO - Started process (PID=296) to work on /home/airflow/.local/lib/python3.12/site-packages/airflow/example_dags/example_latest_only.py
[2025-04-17T05:58:32.937+0000] {processor.py:914} INFO - Processing file /home/airflow/.local/lib/python3.12/site-packages/airflow/example_dags/example_latest_only.py for tasks to queue
[2025-04-17T05:58:32.940+0000] {logging_mixin.py:190} INFO - [2025-04-17T05:58:32.940+0000] {dagbag.py:588} INFO - Filling up the DagBag from /home/airflow/.local/lib/python3.12/site-packages/airflow/example_dags/example_latest_only.py
[2025-04-17T05:58:32.948+0000] {processor.py:925} INFO - DAG(s) 'latest_only' retrieved from /home/airflow/.local/lib/python3.12/site-packages/airflow/example_dags/example_latest_only.py
[2025-04-17T05:58:32.966+0000] {logging_mixin.py:190} INFO - [2025-04-17T05:58:32.966+0000] {dag.py:3239} INFO - Sync 1 DAGs
[2025-04-17T05:58:32.988+0000] {logging_mixin.py:190} INFO - [2025-04-17T05:58:32.987+0000] {dag.py:4180} INFO - Setting next_dagrun for latest_only to 2025-04-17 00:00:00+00:00, run_after=2025-04-17 04:00:00+00:00
[2025-04-17T05:58:33.005+0000] {processor.py:208} INFO - Processing /home/airflow/.local/lib/python3.12/site-packages/airflow/example_dags/example_latest_only.py took 0.078 seconds
[2025-04-17T05:59:03.913+0000] {processor.py:186} INFO - Started process (PID=359) to work on /home/airflow/.local/lib/python3.12/site-packages/airflow/example_dags/example_latest_only.py
[2025-04-17T05:59:03.914+0000] {processor.py:914} INFO - Processing file /home/airflow/.local/lib/python3.12/site-packages/airflow/example_dags/example_latest_only.py for tasks to queue
[2025-04-17T05:59:03.917+0000] {logging_mixin.py:190} INFO - [2025-04-17T05:59:03.916+0000] {dagbag.py:588} INFO - Filling up the DagBag from /home/airflow/.local/lib/python3.12/site-packages/airflow/example_dags/example_latest_only.py
[2025-04-17T05:59:03.924+0000] {processor.py:925} INFO - DAG(s) 'latest_only' retrieved from /home/airflow/.local/lib/python3.12/site-packages/airflow/example_dags/example_latest_only.py
[2025-04-17T05:59:03.944+0000] {logging_mixin.py:190} INFO - [2025-04-17T05:59:03.943+0000] {dag.py:3239} INFO - Sync 1 DAGs
[2025-04-17T05:59:03.965+0000] {logging_mixin.py:190} INFO - [2025-04-17T05:59:03.964+0000] {dag.py:4180} INFO - Setting next_dagrun for latest_only to 2025-04-17 00:00:00+00:00, run_after=2025-04-17 04:00:00+00:00
[2025-04-17T05:59:03.982+0000] {processor.py:208} INFO - Processing /home/airflow/.local/lib/python3.12/site-packages/airflow/example_dags/example_latest_only.py took 0.077 seconds
[2025-04-17T05:59:36.020+0000] {processor.py:186} INFO - Started process (PID=422) to work on /home/airflow/.local/lib/python3.12/site-packages/airflow/example_dags/example_latest_only.py
[2025-04-17T05:59:36.026+0000] {processor.py:914} INFO - Processing file /home/airflow/.local/lib/python3.12/site-packages/airflow/example_dags/example_latest_only.py for tasks to queue
[2025-04-17T05:59:36.039+0000] {logging_mixin.py:190} INFO - [2025-04-17T05:59:36.037+0000] {dagbag.py:588} INFO - Filling up the DagBag from /home/airflow/.local/lib/python3.12/site-packages/airflow/example_dags/example_latest_only.py
[2025-04-17T05:59:36.072+0000] {processor.py:925} INFO - DAG(s) 'latest_only' retrieved from /home/airflow/.local/lib/python3.12/site-packages/airflow/example_dags/example_latest_only.py
[2025-04-17T05:59:36.138+0000] {logging_mixin.py:190} INFO - [2025-04-17T05:59:36.138+0000] {dag.py:3239} INFO - Sync 1 DAGs
[2025-04-17T05:59:36.167+0000] {logging_mixin.py:190} INFO - [2025-04-17T05:59:36.167+0000] {dag.py:4180} INFO - Setting next_dagrun for latest_only to 2025-04-17 00:00:00+00:00, run_after=2025-04-17 04:00:00+00:00
[2025-04-17T05:59:36.183+0000] {processor.py:208} INFO - Processing /home/airflow/.local/lib/python3.12/site-packages/airflow/example_dags/example_latest_only.py took 0.185 seconds
[2025-04-17T06:00:07.618+0000] {processor.py:186} INFO - Started process (PID=485) to work on /home/airflow/.local/lib/python3.12/site-packages/airflow/example_dags/example_latest_only.py
[2025-04-17T06:00:07.620+0000] {processor.py:914} INFO - Processing file /home/airflow/.local/lib/python3.12/site-packages/airflow/example_dags/example_latest_only.py for tasks to queue
[2025-04-17T06:00:07.624+0000] {logging_mixin.py:190} INFO - [2025-04-17T06:00:07.624+0000] {dagbag.py:588} INFO - Filling up the DagBag from /home/airflow/.local/lib/python3.12/site-packages/airflow/example_dags/example_latest_only.py
[2025-04-17T06:00:07.632+0000] {processor.py:925} INFO - DAG(s) 'latest_only' retrieved from /home/airflow/.local/lib/python3.12/site-packages/airflow/example_dags/example_latest_only.py
[2025-04-17T06:00:07.656+0000] {logging_mixin.py:190} INFO - [2025-04-17T06:00:07.656+0000] {dag.py:3239} INFO - Sync 1 DAGs
[2025-04-17T06:00:07.682+0000] {logging_mixin.py:190} INFO - [2025-04-17T06:00:07.682+0000] {dag.py:4180} INFO - Setting next_dagrun for latest_only to 2025-04-17 00:00:00+00:00, run_after=2025-04-17 04:00:00+00:00
[2025-04-17T06:00:07.710+0000] {processor.py:208} INFO - Processing /home/airflow/.local/lib/python3.12/site-packages/airflow/example_dags/example_latest_only.py took 0.098 seconds
[2025-04-17T06:00:39.298+0000] {processor.py:186} INFO - Started process (PID=548) to work on /home/airflow/.local/lib/python3.12/site-packages/airflow/example_dags/example_latest_only.py
[2025-04-17T06:00:39.301+0000] {processor.py:914} INFO - Processing file /home/airflow/.local/lib/python3.12/site-packages/airflow/example_dags/example_latest_only.py for tasks to queue
[2025-04-17T06:00:39.312+0000] {logging_mixin.py:190} INFO - [2025-04-17T06:00:39.310+0000] {dagbag.py:588} INFO - Filling up the DagBag from /home/airflow/.local/lib/python3.12/site-packages/airflow/example_dags/example_latest_only.py
[2025-04-17T06:00:39.334+0000] {processor.py:925} INFO - DAG(s) 'latest_only' retrieved from /home/airflow/.local/lib/python3.12/site-packages/airflow/example_dags/example_latest_only.py
[2025-04-17T06:00:39.369+0000] {logging_mixin.py:190} INFO - [2025-04-17T06:00:39.369+0000] {dag.py:3239} INFO - Sync 1 DAGs
[2025-04-17T06:00:39.394+0000] {logging_mixin.py:190} INFO - [2025-04-17T06:00:39.394+0000] {dag.py:4180} INFO - Setting next_dagrun for latest_only to 2025-04-17 00:00:00+00:00, run_after=2025-04-17 04:00:00+00:00
[2025-04-17T06:00:39.414+0000] {processor.py:208} INFO - Processing /home/airflow/.local/lib/python3.12/site-packages/airflow/example_dags/example_latest_only.py took 0.134 seconds
[2025-04-17T06:01:11.338+0000] {processor.py:186} INFO - Started process (PID=611) to work on /home/airflow/.local/lib/python3.12/site-packages/airflow/example_dags/example_latest_only.py
[2025-04-17T06:01:11.340+0000] {processor.py:914} INFO - Processing file /home/airflow/.local/lib/python3.12/site-packages/airflow/example_dags/example_latest_only.py for tasks to queue
[2025-04-17T06:01:11.345+0000] {logging_mixin.py:190} INFO - [2025-04-17T06:01:11.344+0000] {dagbag.py:588} INFO - Filling up the DagBag from /home/airflow/.local/lib/python3.12/site-packages/airflow/example_dags/example_latest_only.py
[2025-04-17T06:01:11.358+0000] {processor.py:925} INFO - DAG(s) 'latest_only' retrieved from /home/airflow/.local/lib/python3.12/site-packages/airflow/example_dags/example_latest_only.py
[2025-04-17T06:01:11.394+0000] {logging_mixin.py:190} INFO - [2025-04-17T06:01:11.394+0000] {dag.py:3239} INFO - Sync 1 DAGs
[2025-04-17T06:01:11.431+0000] {logging_mixin.py:190} INFO - [2025-04-17T06:01:11.431+0000] {dag.py:4180} INFO - Setting next_dagrun for latest_only to 2025-04-17 00:00:00+00:00, run_after=2025-04-17 04:00:00+00:00
[2025-04-17T06:01:11.462+0000] {processor.py:208} INFO - Processing /home/airflow/.local/lib/python3.12/site-packages/airflow/example_dags/example_latest_only.py took 0.133 seconds
[2025-04-17T06:01:43.851+0000] {processor.py:186} INFO - Started process (PID=680) to work on /home/airflow/.local/lib/python3.12/site-packages/airflow/example_dags/example_latest_only.py
[2025-04-17T06:01:43.854+0000] {processor.py:914} INFO - Processing file /home/airflow/.local/lib/python3.12/site-packages/airflow/example_dags/example_latest_only.py for tasks to queue
[2025-04-17T06:01:43.856+0000] {logging_mixin.py:190} INFO - [2025-04-17T06:01:43.856+0000] {dagbag.py:588} INFO - Filling up the DagBag from /home/airflow/.local/lib/python3.12/site-packages/airflow/example_dags/example_latest_only.py
[2025-04-17T06:01:43.864+0000] {processor.py:925} INFO - DAG(s) 'latest_only' retrieved from /home/airflow/.local/lib/python3.12/site-packages/airflow/example_dags/example_latest_only.py
[2025-04-17T06:01:43.886+0000] {logging_mixin.py:190} INFO - [2025-04-17T06:01:43.886+0000] {dag.py:3239} INFO - Sync 1 DAGs
[2025-04-17T06:01:43.912+0000] {logging_mixin.py:190} INFO - [2025-04-17T06:01:43.911+0000] {dag.py:4180} INFO - Setting next_dagrun for latest_only to 2025-04-17 00:00:00+00:00, run_after=2025-04-17 04:00:00+00:00
[2025-04-17T06:01:43.988+0000] {processor.py:208} INFO - Processing /home/airflow/.local/lib/python3.12/site-packages/airflow/example_dags/example_latest_only.py took 0.147 seconds
[2025-04-17T06:02:14.928+0000] {processor.py:186} INFO - Started process (PID=743) to work on /home/airflow/.local/lib/python3.12/site-packages/airflow/example_dags/example_latest_only.py
[2025-04-17T06:02:14.930+0000] {processor.py:914} INFO - Processing file /home/airflow/.local/lib/python3.12/site-packages/airflow/example_dags/example_latest_only.py for tasks to queue
[2025-04-17T06:02:14.936+0000] {logging_mixin.py:190} INFO - [2025-04-17T06:02:14.935+0000] {dagbag.py:588} INFO - Filling up the DagBag from /home/airflow/.local/lib/python3.12/site-packages/airflow/example_dags/example_latest_only.py
[2025-04-17T06:02:14.942+0000] {processor.py:925} INFO - DAG(s) 'latest_only' retrieved from /home/airflow/.local/lib/python3.12/site-packages/airflow/example_dags/example_latest_only.py
[2025-04-17T06:02:14.971+0000] {logging_mixin.py:190} INFO - [2025-04-17T06:02:14.971+0000] {dag.py:3239} INFO - Sync 1 DAGs
[2025-04-17T06:02:15.005+0000] {logging_mixin.py:190} INFO - [2025-04-17T06:02:15.005+0000] {dag.py:4180} INFO - Setting next_dagrun for latest_only to 2025-04-17 00:00:00+00:00, run_after=2025-04-17 04:00:00+00:00
[2025-04-17T06:02:15.030+0000] {processor.py:208} INFO - Processing /home/airflow/.local/lib/python3.12/site-packages/airflow/example_dags/example_latest_only.py took 0.107 seconds
[2025-04-17T06:02:46.124+0000] {processor.py:186} INFO - Started process (PID=806) to work on /home/airflow/.local/lib/python3.12/site-packages/airflow/example_dags/example_latest_only.py
[2025-04-17T06:02:46.126+0000] {processor.py:914} INFO - Processing file /home/airflow/.local/lib/python3.12/site-packages/airflow/example_dags/example_latest_only.py for tasks to queue
[2025-04-17T06:02:46.131+0000] {logging_mixin.py:190} INFO - [2025-04-17T06:02:46.130+0000] {dagbag.py:588} INFO - Filling up the DagBag from /home/airflow/.local/lib/python3.12/site-packages/airflow/example_dags/example_latest_only.py
[2025-04-17T06:02:46.139+0000] {processor.py:925} INFO - DAG(s) 'latest_only' retrieved from /home/airflow/.local/lib/python3.12/site-packages/airflow/example_dags/example_latest_only.py
[2025-04-17T06:02:46.160+0000] {logging_mixin.py:190} INFO - [2025-04-17T06:02:46.160+0000] {dag.py:3239} INFO - Sync 1 DAGs
[2025-04-17T06:02:46.183+0000] {logging_mixin.py:190} INFO - [2025-04-17T06:02:46.183+0000] {dag.py:4180} INFO - Setting next_dagrun for latest_only to 2025-04-17 00:00:00+00:00, run_after=2025-04-17 04:00:00+00:00
[2025-04-17T06:02:46.203+0000] {processor.py:208} INFO - Processing /home/airflow/.local/lib/python3.12/site-packages/airflow/example_dags/example_latest_only.py took 0.087 seconds
[2025-04-17T06:03:16.987+0000] {processor.py:186} INFO - Started process (PID=869) to work on /home/airflow/.local/lib/python3.12/site-packages/airflow/example_dags/example_latest_only.py
[2025-04-17T06:03:16.988+0000] {processor.py:914} INFO - Processing file /home/airflow/.local/lib/python3.12/site-packages/airflow/example_dags/example_latest_only.py for tasks to queue
[2025-04-17T06:03:16.991+0000] {logging_mixin.py:190} INFO - [2025-04-17T06:03:16.990+0000] {dagbag.py:588} INFO - Filling up the DagBag from /home/airflow/.local/lib/python3.12/site-packages/airflow/example_dags/example_latest_only.py
[2025-04-17T06:03:16.998+0000] {processor.py:925} INFO - DAG(s) 'latest_only' retrieved from /home/airflow/.local/lib/python3.12/site-packages/airflow/example_dags/example_latest_only.py
[2025-04-17T06:03:17.020+0000] {logging_mixin.py:190} INFO - [2025-04-17T06:03:17.020+0000] {dag.py:3239} INFO - Sync 1 DAGs
[2025-04-17T06:03:17.049+0000] {logging_mixin.py:190} INFO - [2025-04-17T06:03:17.047+0000] {dag.py:4180} INFO - Setting next_dagrun for latest_only to 2025-04-17 00:00:00+00:00, run_after=2025-04-17 04:00:00+00:00
[2025-04-17T06:03:17.081+0000] {processor.py:208} INFO - Processing /home/airflow/.local/lib/python3.12/site-packages/airflow/example_dags/example_latest_only.py took 0.100 seconds
[2025-04-17T06:10:58.084+0000] {processor.py:186} INFO - Started process (PID=109) to work on /home/airflow/.local/lib/python3.12/site-packages/airflow/example_dags/example_latest_only.py
[2025-04-17T06:10:58.091+0000] {processor.py:914} INFO - Processing file /home/airflow/.local/lib/python3.12/site-packages/airflow/example_dags/example_latest_only.py for tasks to queue
[2025-04-17T06:10:58.098+0000] {logging_mixin.py:190} INFO - [2025-04-17T06:10:58.097+0000] {dagbag.py:588} INFO - Filling up the DagBag from /home/airflow/.local/lib/python3.12/site-packages/airflow/example_dags/example_latest_only.py
[2025-04-17T06:10:58.133+0000] {processor.py:925} INFO - DAG(s) 'latest_only' retrieved from /home/airflow/.local/lib/python3.12/site-packages/airflow/example_dags/example_latest_only.py
[2025-04-17T06:10:58.180+0000] {logging_mixin.py:190} INFO - [2025-04-17T06:10:58.180+0000] {dag.py:3239} INFO - Sync 1 DAGs
[2025-04-17T06:10:58.247+0000] {logging_mixin.py:190} INFO - [2025-04-17T06:10:58.246+0000] {dag.py:4180} INFO - Setting next_dagrun for latest_only to 2025-04-17 00:00:00+00:00, run_after=2025-04-17 04:00:00+00:00
[2025-04-17T06:10:58.296+0000] {processor.py:208} INFO - Processing /home/airflow/.local/lib/python3.12/site-packages/airflow/example_dags/example_latest_only.py took 0.223 seconds
[2025-04-17T06:11:29.248+0000] {processor.py:186} INFO - Started process (PID=172) to work on /home/airflow/.local/lib/python3.12/site-packages/airflow/example_dags/example_latest_only.py
[2025-04-17T06:11:29.252+0000] {processor.py:914} INFO - Processing file /home/airflow/.local/lib/python3.12/site-packages/airflow/example_dags/example_latest_only.py for tasks to queue
[2025-04-17T06:11:29.254+0000] {logging_mixin.py:190} INFO - [2025-04-17T06:11:29.254+0000] {dagbag.py:588} INFO - Filling up the DagBag from /home/airflow/.local/lib/python3.12/site-packages/airflow/example_dags/example_latest_only.py
[2025-04-17T06:11:29.267+0000] {processor.py:925} INFO - DAG(s) 'latest_only' retrieved from /home/airflow/.local/lib/python3.12/site-packages/airflow/example_dags/example_latest_only.py
[2025-04-17T06:11:29.312+0000] {logging_mixin.py:190} INFO - [2025-04-17T06:11:29.311+0000] {dag.py:3239} INFO - Sync 1 DAGs
[2025-04-17T06:11:29.345+0000] {logging_mixin.py:190} INFO - [2025-04-17T06:11:29.345+0000] {dag.py:4180} INFO - Setting next_dagrun for latest_only to 2025-04-17 00:00:00+00:00, run_after=2025-04-17 04:00:00+00:00
[2025-04-17T06:11:29.381+0000] {processor.py:208} INFO - Processing /home/airflow/.local/lib/python3.12/site-packages/airflow/example_dags/example_latest_only.py took 0.145 seconds
[2025-04-17T06:12:02.251+0000] {processor.py:186} INFO - Started process (PID=234) to work on /home/airflow/.local/lib/python3.12/site-packages/airflow/example_dags/example_latest_only.py
[2025-04-17T06:12:02.254+0000] {processor.py:914} INFO - Processing file /home/airflow/.local/lib/python3.12/site-packages/airflow/example_dags/example_latest_only.py for tasks to queue
[2025-04-17T06:12:02.263+0000] {logging_mixin.py:190} INFO - [2025-04-17T06:12:02.262+0000] {dagbag.py:588} INFO - Filling up the DagBag from /home/airflow/.local/lib/python3.12/site-packages/airflow/example_dags/example_latest_only.py
[2025-04-17T06:12:02.287+0000] {processor.py:925} INFO - DAG(s) 'latest_only' retrieved from /home/airflow/.local/lib/python3.12/site-packages/airflow/example_dags/example_latest_only.py
[2025-04-17T06:12:02.359+0000] {logging_mixin.py:190} INFO - [2025-04-17T06:12:02.358+0000] {dag.py:3239} INFO - Sync 1 DAGs
[2025-04-17T06:12:02.413+0000] {logging_mixin.py:190} INFO - [2025-04-17T06:12:02.413+0000] {dag.py:4180} INFO - Setting next_dagrun for latest_only to 2025-04-17 00:00:00+00:00, run_after=2025-04-17 04:00:00+00:00
[2025-04-17T06:12:02.459+0000] {processor.py:208} INFO - Processing /home/airflow/.local/lib/python3.12/site-packages/airflow/example_dags/example_latest_only.py took 0.224 seconds
[2025-04-17T06:12:34.869+0000] {processor.py:186} INFO - Started process (PID=297) to work on /home/airflow/.local/lib/python3.12/site-packages/airflow/example_dags/example_latest_only.py
[2025-04-17T06:12:34.872+0000] {processor.py:914} INFO - Processing file /home/airflow/.local/lib/python3.12/site-packages/airflow/example_dags/example_latest_only.py for tasks to queue
[2025-04-17T06:12:34.879+0000] {logging_mixin.py:190} INFO - [2025-04-17T06:12:34.878+0000] {dagbag.py:588} INFO - Filling up the DagBag from /home/airflow/.local/lib/python3.12/site-packages/airflow/example_dags/example_latest_only.py
[2025-04-17T06:12:34.900+0000] {processor.py:925} INFO - DAG(s) 'latest_only' retrieved from /home/airflow/.local/lib/python3.12/site-packages/airflow/example_dags/example_latest_only.py
[2025-04-17T06:12:34.964+0000] {logging_mixin.py:190} INFO - [2025-04-17T06:12:34.964+0000] {dag.py:3239} INFO - Sync 1 DAGs
[2025-04-17T06:12:35.039+0000] {logging_mixin.py:190} INFO - [2025-04-17T06:12:35.038+0000] {dag.py:4180} INFO - Setting next_dagrun for latest_only to 2025-04-17 00:00:00+00:00, run_after=2025-04-17 04:00:00+00:00
[2025-04-17T06:12:35.101+0000] {processor.py:208} INFO - Processing /home/airflow/.local/lib/python3.12/site-packages/airflow/example_dags/example_latest_only.py took 0.254 seconds
[2025-04-17T06:13:07.017+0000] {processor.py:186} INFO - Started process (PID=360) to work on /home/airflow/.local/lib/python3.12/site-packages/airflow/example_dags/example_latest_only.py
[2025-04-17T06:13:07.021+0000] {processor.py:914} INFO - Processing file /home/airflow/.local/lib/python3.12/site-packages/airflow/example_dags/example_latest_only.py for tasks to queue
[2025-04-17T06:13:07.036+0000] {logging_mixin.py:190} INFO - [2025-04-17T06:13:07.034+0000] {dagbag.py:588} INFO - Filling up the DagBag from /home/airflow/.local/lib/python3.12/site-packages/airflow/example_dags/example_latest_only.py
[2025-04-17T06:13:07.077+0000] {processor.py:925} INFO - DAG(s) 'latest_only' retrieved from /home/airflow/.local/lib/python3.12/site-packages/airflow/example_dags/example_latest_only.py
[2025-04-17T06:13:07.171+0000] {logging_mixin.py:190} INFO - [2025-04-17T06:13:07.170+0000] {dag.py:3239} INFO - Sync 1 DAGs
[2025-04-17T06:13:07.234+0000] {logging_mixin.py:190} INFO - [2025-04-17T06:13:07.233+0000] {dag.py:4180} INFO - Setting next_dagrun for latest_only to 2025-04-17 00:00:00+00:00, run_after=2025-04-17 04:00:00+00:00
[2025-04-17T06:13:07.285+0000] {processor.py:208} INFO - Processing /home/airflow/.local/lib/python3.12/site-packages/airflow/example_dags/example_latest_only.py took 0.300 seconds
[2025-04-17T06:13:41.856+0000] {processor.py:186} INFO - Started process (PID=429) to work on /home/airflow/.local/lib/python3.12/site-packages/airflow/example_dags/example_latest_only.py
[2025-04-17T06:13:41.886+0000] {processor.py:914} INFO - Processing file /home/airflow/.local/lib/python3.12/site-packages/airflow/example_dags/example_latest_only.py for tasks to queue
[2025-04-17T06:13:41.906+0000] {logging_mixin.py:190} INFO - [2025-04-17T06:13:41.905+0000] {dagbag.py:588} INFO - Filling up the DagBag from /home/airflow/.local/lib/python3.12/site-packages/airflow/example_dags/example_latest_only.py
[2025-04-17T06:13:41.956+0000] {processor.py:925} INFO - DAG(s) 'latest_only' retrieved from /home/airflow/.local/lib/python3.12/site-packages/airflow/example_dags/example_latest_only.py
[2025-04-17T06:13:42.061+0000] {logging_mixin.py:190} INFO - [2025-04-17T06:13:42.059+0000] {dag.py:3239} INFO - Sync 1 DAGs
[2025-04-17T06:13:42.231+0000] {logging_mixin.py:190} INFO - [2025-04-17T06:13:42.230+0000] {dag.py:4180} INFO - Setting next_dagrun for latest_only to 2025-04-17 00:00:00+00:00, run_after=2025-04-17 04:00:00+00:00
[2025-04-17T06:13:42.386+0000] {processor.py:208} INFO - Processing /home/airflow/.local/lib/python3.12/site-packages/airflow/example_dags/example_latest_only.py took 0.567 seconds
[2025-04-17T06:14:15.284+0000] {processor.py:186} INFO - Started process (PID=493) to work on /home/airflow/.local/lib/python3.12/site-packages/airflow/example_dags/example_latest_only.py
[2025-04-17T06:14:15.288+0000] {processor.py:914} INFO - Processing file /home/airflow/.local/lib/python3.12/site-packages/airflow/example_dags/example_latest_only.py for tasks to queue
[2025-04-17T06:14:15.301+0000] {logging_mixin.py:190} INFO - [2025-04-17T06:14:15.298+0000] {dagbag.py:588} INFO - Filling up the DagBag from /home/airflow/.local/lib/python3.12/site-packages/airflow/example_dags/example_latest_only.py
[2025-04-17T06:14:15.336+0000] {processor.py:925} INFO - DAG(s) 'latest_only' retrieved from /home/airflow/.local/lib/python3.12/site-packages/airflow/example_dags/example_latest_only.py
[2025-04-17T06:14:15.417+0000] {logging_mixin.py:190} INFO - [2025-04-17T06:14:15.416+0000] {dag.py:3239} INFO - Sync 1 DAGs
[2025-04-17T06:14:15.535+0000] {logging_mixin.py:190} INFO - [2025-04-17T06:14:15.534+0000] {dag.py:4180} INFO - Setting next_dagrun for latest_only to 2025-04-17 00:00:00+00:00, run_after=2025-04-17 04:00:00+00:00
[2025-04-17T06:14:15.606+0000] {processor.py:208} INFO - Processing /home/airflow/.local/lib/python3.12/site-packages/airflow/example_dags/example_latest_only.py took 0.344 seconds
[2025-04-17T06:14:49.025+0000] {processor.py:186} INFO - Started process (PID=556) to work on /home/airflow/.local/lib/python3.12/site-packages/airflow/example_dags/example_latest_only.py
[2025-04-17T06:14:49.036+0000] {processor.py:914} INFO - Processing file /home/airflow/.local/lib/python3.12/site-packages/airflow/example_dags/example_latest_only.py for tasks to queue
[2025-04-17T06:14:49.042+0000] {logging_mixin.py:190} INFO - [2025-04-17T06:14:49.041+0000] {dagbag.py:588} INFO - Filling up the DagBag from /home/airflow/.local/lib/python3.12/site-packages/airflow/example_dags/example_latest_only.py
[2025-04-17T06:14:49.074+0000] {processor.py:925} INFO - DAG(s) 'latest_only' retrieved from /home/airflow/.local/lib/python3.12/site-packages/airflow/example_dags/example_latest_only.py
[2025-04-17T06:14:49.134+0000] {logging_mixin.py:190} INFO - [2025-04-17T06:14:49.134+0000] {dag.py:3239} INFO - Sync 1 DAGs
[2025-04-17T06:14:49.224+0000] {logging_mixin.py:190} INFO - [2025-04-17T06:14:49.224+0000] {dag.py:4180} INFO - Setting next_dagrun for latest_only to 2025-04-17 00:00:00+00:00, run_after=2025-04-17 04:00:00+00:00
[2025-04-17T06:14:49.291+0000] {processor.py:208} INFO - Processing /home/airflow/.local/lib/python3.12/site-packages/airflow/example_dags/example_latest_only.py took 0.284 seconds
[2025-04-17T06:15:23.273+0000] {processor.py:186} INFO - Started process (PID=618) to work on /home/airflow/.local/lib/python3.12/site-packages/airflow/example_dags/example_latest_only.py
[2025-04-17T06:15:23.279+0000] {processor.py:914} INFO - Processing file /home/airflow/.local/lib/python3.12/site-packages/airflow/example_dags/example_latest_only.py for tasks to queue
[2025-04-17T06:15:23.293+0000] {logging_mixin.py:190} INFO - [2025-04-17T06:15:23.292+0000] {dagbag.py:588} INFO - Filling up the DagBag from /home/airflow/.local/lib/python3.12/site-packages/airflow/example_dags/example_latest_only.py
[2025-04-17T06:15:23.341+0000] {processor.py:925} INFO - DAG(s) 'latest_only' retrieved from /home/airflow/.local/lib/python3.12/site-packages/airflow/example_dags/example_latest_only.py
[2025-04-17T06:15:23.425+0000] {logging_mixin.py:190} INFO - [2025-04-17T06:15:23.424+0000] {dag.py:3239} INFO - Sync 1 DAGs
[2025-04-17T06:15:23.495+0000] {logging_mixin.py:190} INFO - [2025-04-17T06:15:23.495+0000] {dag.py:4180} INFO - Setting next_dagrun for latest_only to 2025-04-17 00:00:00+00:00, run_after=2025-04-17 04:00:00+00:00
[2025-04-17T06:15:23.560+0000] {processor.py:208} INFO - Processing /home/airflow/.local/lib/python3.12/site-packages/airflow/example_dags/example_latest_only.py took 0.312 seconds
[2025-04-17T06:15:53.917+0000] {processor.py:186} INFO - Started process (PID=680) to work on /home/airflow/.local/lib/python3.12/site-packages/airflow/example_dags/example_latest_only.py
[2025-04-17T06:15:53.920+0000] {processor.py:914} INFO - Processing file /home/airflow/.local/lib/python3.12/site-packages/airflow/example_dags/example_latest_only.py for tasks to queue
[2025-04-17T06:15:53.928+0000] {logging_mixin.py:190} INFO - [2025-04-17T06:15:53.927+0000] {dagbag.py:588} INFO - Filling up the DagBag from /home/airflow/.local/lib/python3.12/site-packages/airflow/example_dags/example_latest_only.py
[2025-04-17T06:15:53.945+0000] {processor.py:925} INFO - DAG(s) 'latest_only' retrieved from /home/airflow/.local/lib/python3.12/site-packages/airflow/example_dags/example_latest_only.py
[2025-04-17T06:15:53.991+0000] {logging_mixin.py:190} INFO - [2025-04-17T06:15:53.990+0000] {dag.py:3239} INFO - Sync 1 DAGs
[2025-04-17T06:15:54.044+0000] {logging_mixin.py:190} INFO - [2025-04-17T06:15:54.043+0000] {dag.py:4180} INFO - Setting next_dagrun for latest_only to 2025-04-17 00:00:00+00:00, run_after=2025-04-17 04:00:00+00:00
[2025-04-17T06:15:54.089+0000] {processor.py:208} INFO - Processing /home/airflow/.local/lib/python3.12/site-packages/airflow/example_dags/example_latest_only.py took 0.182 seconds
[2025-04-17T06:16:24.217+0000] {processor.py:186} INFO - Started process (PID=742) to work on /home/airflow/.local/lib/python3.12/site-packages/airflow/example_dags/example_latest_only.py
[2025-04-17T06:16:24.219+0000] {processor.py:914} INFO - Processing file /home/airflow/.local/lib/python3.12/site-packages/airflow/example_dags/example_latest_only.py for tasks to queue
[2025-04-17T06:16:24.223+0000] {logging_mixin.py:190} INFO - [2025-04-17T06:16:24.223+0000] {dagbag.py:588} INFO - Filling up the DagBag from /home/airflow/.local/lib/python3.12/site-packages/airflow/example_dags/example_latest_only.py
[2025-04-17T06:16:24.236+0000] {processor.py:925} INFO - DAG(s) 'latest_only' retrieved from /home/airflow/.local/lib/python3.12/site-packages/airflow/example_dags/example_latest_only.py
[2025-04-17T06:16:24.270+0000] {logging_mixin.py:190} INFO - [2025-04-17T06:16:24.270+0000] {dag.py:3239} INFO - Sync 1 DAGs
[2025-04-17T06:16:24.305+0000] {logging_mixin.py:190} INFO - [2025-04-17T06:16:24.305+0000] {dag.py:4180} INFO - Setting next_dagrun for latest_only to 2025-04-17 00:00:00+00:00, run_after=2025-04-17 04:00:00+00:00
[2025-04-17T06:16:24.334+0000] {processor.py:208} INFO - Processing /home/airflow/.local/lib/python3.12/site-packages/airflow/example_dags/example_latest_only.py took 0.128 seconds
[2025-04-17T06:16:57.234+0000] {processor.py:186} INFO - Started process (PID=806) to work on /home/airflow/.local/lib/python3.12/site-packages/airflow/example_dags/example_latest_only.py
[2025-04-17T06:16:57.239+0000] {processor.py:914} INFO - Processing file /home/airflow/.local/lib/python3.12/site-packages/airflow/example_dags/example_latest_only.py for tasks to queue
[2025-04-17T06:16:57.248+0000] {logging_mixin.py:190} INFO - [2025-04-17T06:16:57.247+0000] {dagbag.py:588} INFO - Filling up the DagBag from /home/airflow/.local/lib/python3.12/site-packages/airflow/example_dags/example_latest_only.py
[2025-04-17T06:16:57.282+0000] {processor.py:925} INFO - DAG(s) 'latest_only' retrieved from /home/airflow/.local/lib/python3.12/site-packages/airflow/example_dags/example_latest_only.py
[2025-04-17T06:16:57.341+0000] {logging_mixin.py:190} INFO - [2025-04-17T06:16:57.340+0000] {dag.py:3239} INFO - Sync 1 DAGs
[2025-04-17T06:16:57.411+0000] {logging_mixin.py:190} INFO - [2025-04-17T06:16:57.411+0000] {dag.py:4180} INFO - Setting next_dagrun for latest_only to 2025-04-17 00:00:00+00:00, run_after=2025-04-17 04:00:00+00:00
[2025-04-17T06:16:57.486+0000] {processor.py:208} INFO - Processing /home/airflow/.local/lib/python3.12/site-packages/airflow/example_dags/example_latest_only.py took 0.281 seconds
