[2025-04-17T05:56:39.845+0000] {processor.py:186} INFO - Started process (PID=79) to work on /home/airflow/.local/lib/python3.12/site-packages/airflow/example_dags/example_branch_operator.py
[2025-04-17T05:56:39.848+0000] {processor.py:914} INFO - Processing file /home/airflow/.local/lib/python3.12/site-packages/airflow/example_dags/example_branch_operator.py for tasks to queue
[2025-04-17T05:56:39.864+0000] {logging_mixin.py:190} INFO - [2025-04-17T05:56:39.861+0000] {dagbag.py:588} INFO - Filling up the DagBag from /home/airflow/.local/lib/python3.12/site-packages/airflow/example_dags/example_branch_operator.py
[2025-04-17T05:56:39.972+0000] {processor.py:925} INFO - DAG(s) 'example_branch_operator' retrieved from /home/airflow/.local/lib/python3.12/site-packages/airflow/example_dags/example_branch_operator.py
[2025-04-17T05:56:40.349+0000] {logging_mixin.py:190} INFO - [2025-04-17T05:56:40.347+0000] {override.py:1912} INFO - Created Permission View: can delete on DAG:example_branch_operator
[2025-04-17T05:56:40.380+0000] {logging_mixin.py:190} INFO - [2025-04-17T05:56:40.379+0000] {override.py:1912} INFO - Created Permission View: can edit on DAG:example_branch_operator
[2025-04-17T05:56:40.405+0000] {logging_mixin.py:190} INFO - [2025-04-17T05:56:40.404+0000] {override.py:1912} INFO - Created Permission View: can read on DAG:example_branch_operator
[2025-04-17T05:56:40.430+0000] {logging_mixin.py:190} INFO - [2025-04-17T05:56:40.430+0000] {override.py:1912} INFO - Created Permission View: can delete on DAG Run:example_branch_operator
[2025-04-17T05:56:40.465+0000] {logging_mixin.py:190} INFO - [2025-04-17T05:56:40.464+0000] {override.py:1912} INFO - Created Permission View: can read on DAG Run:example_branch_operator
[2025-04-17T05:56:40.495+0000] {logging_mixin.py:190} INFO - [2025-04-17T05:56:40.495+0000] {override.py:1912} INFO - Created Permission View: can create on DAG Run:example_branch_operator
[2025-04-17T05:56:40.515+0000] {logging_mixin.py:190} INFO - [2025-04-17T05:56:40.514+0000] {override.py:1912} INFO - Created Permission View: menu access on DAG Run:example_branch_operator
[2025-04-17T05:56:40.516+0000] {logging_mixin.py:190} INFO - [2025-04-17T05:56:40.516+0000] {dag.py:3239} INFO - Sync 1 DAGs
[2025-04-17T05:56:40.547+0000] {logging_mixin.py:190} INFO - [2025-04-17T05:56:40.546+0000] {dag.py:3262} INFO - Creating ORM DAG for example_branch_operator
[2025-04-17T05:56:40.574+0000] {logging_mixin.py:190} INFO - [2025-04-17T05:56:40.573+0000] {dag.py:4180} INFO - Setting next_dagrun for example_branch_operator to 2025-04-16 00:00:00+00:00, run_after=2025-04-17 00:00:00+00:00
[2025-04-17T05:56:40.632+0000] {processor.py:208} INFO - Processing /home/airflow/.local/lib/python3.12/site-packages/airflow/example_dags/example_branch_operator.py took 0.810 seconds
[2025-04-17T05:57:10.857+0000] {processor.py:186} INFO - Started process (PID=141) to work on /home/airflow/.local/lib/python3.12/site-packages/airflow/example_dags/example_branch_operator.py
[2025-04-17T05:57:10.859+0000] {processor.py:914} INFO - Processing file /home/airflow/.local/lib/python3.12/site-packages/airflow/example_dags/example_branch_operator.py for tasks to queue
[2025-04-17T05:57:10.864+0000] {logging_mixin.py:190} INFO - [2025-04-17T05:57:10.863+0000] {dagbag.py:588} INFO - Filling up the DagBag from /home/airflow/.local/lib/python3.12/site-packages/airflow/example_dags/example_branch_operator.py
[2025-04-17T05:57:10.886+0000] {processor.py:925} INFO - DAG(s) 'example_branch_operator' retrieved from /home/airflow/.local/lib/python3.12/site-packages/airflow/example_dags/example_branch_operator.py
[2025-04-17T05:57:10.918+0000] {logging_mixin.py:190} INFO - [2025-04-17T05:57:10.918+0000] {dag.py:3239} INFO - Sync 1 DAGs
[2025-04-17T05:57:10.945+0000] {logging_mixin.py:190} INFO - [2025-04-17T05:57:10.945+0000] {dag.py:4180} INFO - Setting next_dagrun for example_branch_operator to 2025-04-16 00:00:00+00:00, run_after=2025-04-17 00:00:00+00:00
[2025-04-17T05:57:10.979+0000] {processor.py:208} INFO - Processing /home/airflow/.local/lib/python3.12/site-packages/airflow/example_dags/example_branch_operator.py took 0.138 seconds
[2025-04-17T05:57:41.953+0000] {processor.py:186} INFO - Started process (PID=204) to work on /home/airflow/.local/lib/python3.12/site-packages/airflow/example_dags/example_branch_operator.py
[2025-04-17T05:57:41.958+0000] {processor.py:914} INFO - Processing file /home/airflow/.local/lib/python3.12/site-packages/airflow/example_dags/example_branch_operator.py for tasks to queue
[2025-04-17T05:57:41.963+0000] {logging_mixin.py:190} INFO - [2025-04-17T05:57:41.962+0000] {dagbag.py:588} INFO - Filling up the DagBag from /home/airflow/.local/lib/python3.12/site-packages/airflow/example_dags/example_branch_operator.py
[2025-04-17T05:57:41.998+0000] {processor.py:925} INFO - DAG(s) 'example_branch_operator' retrieved from /home/airflow/.local/lib/python3.12/site-packages/airflow/example_dags/example_branch_operator.py
[2025-04-17T05:57:42.024+0000] {logging_mixin.py:190} INFO - [2025-04-17T05:57:42.023+0000] {dag.py:3239} INFO - Sync 1 DAGs
[2025-04-17T05:57:42.043+0000] {logging_mixin.py:190} INFO - [2025-04-17T05:57:42.043+0000] {dag.py:4180} INFO - Setting next_dagrun for example_branch_operator to 2025-04-16 00:00:00+00:00, run_after=2025-04-17 00:00:00+00:00
[2025-04-17T05:57:42.060+0000] {processor.py:208} INFO - Processing /home/airflow/.local/lib/python3.12/site-packages/airflow/example_dags/example_branch_operator.py took 0.118 seconds
[2025-04-17T05:58:12.408+0000] {processor.py:186} INFO - Started process (PID=267) to work on /home/airflow/.local/lib/python3.12/site-packages/airflow/example_dags/example_branch_operator.py
[2025-04-17T05:58:12.412+0000] {processor.py:914} INFO - Processing file /home/airflow/.local/lib/python3.12/site-packages/airflow/example_dags/example_branch_operator.py for tasks to queue
[2025-04-17T05:58:12.418+0000] {logging_mixin.py:190} INFO - [2025-04-17T05:58:12.417+0000] {dagbag.py:588} INFO - Filling up the DagBag from /home/airflow/.local/lib/python3.12/site-packages/airflow/example_dags/example_branch_operator.py
[2025-04-17T05:58:12.447+0000] {processor.py:925} INFO - DAG(s) 'example_branch_operator' retrieved from /home/airflow/.local/lib/python3.12/site-packages/airflow/example_dags/example_branch_operator.py
[2025-04-17T05:58:12.496+0000] {logging_mixin.py:190} INFO - [2025-04-17T05:58:12.496+0000] {dag.py:3239} INFO - Sync 1 DAGs
[2025-04-17T05:58:12.519+0000] {logging_mixin.py:190} INFO - [2025-04-17T05:58:12.519+0000] {dag.py:4180} INFO - Setting next_dagrun for example_branch_operator to 2025-04-16 00:00:00+00:00, run_after=2025-04-17 00:00:00+00:00
[2025-04-17T05:58:12.542+0000] {processor.py:208} INFO - Processing /home/airflow/.local/lib/python3.12/site-packages/airflow/example_dags/example_branch_operator.py took 0.157 seconds
[2025-04-17T05:58:42.852+0000] {processor.py:186} INFO - Started process (PID=330) to work on /home/airflow/.local/lib/python3.12/site-packages/airflow/example_dags/example_branch_operator.py
[2025-04-17T05:58:42.868+0000] {processor.py:914} INFO - Processing file /home/airflow/.local/lib/python3.12/site-packages/airflow/example_dags/example_branch_operator.py for tasks to queue
[2025-04-17T05:58:42.878+0000] {logging_mixin.py:190} INFO - [2025-04-17T05:58:42.877+0000] {dagbag.py:588} INFO - Filling up the DagBag from /home/airflow/.local/lib/python3.12/site-packages/airflow/example_dags/example_branch_operator.py
[2025-04-17T05:58:42.911+0000] {processor.py:925} INFO - DAG(s) 'example_branch_operator' retrieved from /home/airflow/.local/lib/python3.12/site-packages/airflow/example_dags/example_branch_operator.py
[2025-04-17T05:58:42.945+0000] {logging_mixin.py:190} INFO - [2025-04-17T05:58:42.945+0000] {dag.py:3239} INFO - Sync 1 DAGs
[2025-04-17T05:58:42.978+0000] {logging_mixin.py:190} INFO - [2025-04-17T05:58:42.978+0000] {dag.py:4180} INFO - Setting next_dagrun for example_branch_operator to 2025-04-16 00:00:00+00:00, run_after=2025-04-17 00:00:00+00:00
[2025-04-17T05:58:42.998+0000] {processor.py:208} INFO - Processing /home/airflow/.local/lib/python3.12/site-packages/airflow/example_dags/example_branch_operator.py took 0.174 seconds
[2025-04-17T05:59:13.093+0000] {processor.py:186} INFO - Started process (PID=399) to work on /home/airflow/.local/lib/python3.12/site-packages/airflow/example_dags/example_branch_operator.py
[2025-04-17T05:59:13.094+0000] {processor.py:914} INFO - Processing file /home/airflow/.local/lib/python3.12/site-packages/airflow/example_dags/example_branch_operator.py for tasks to queue
[2025-04-17T05:59:13.097+0000] {logging_mixin.py:190} INFO - [2025-04-17T05:59:13.097+0000] {dagbag.py:588} INFO - Filling up the DagBag from /home/airflow/.local/lib/python3.12/site-packages/airflow/example_dags/example_branch_operator.py
[2025-04-17T05:59:13.117+0000] {processor.py:925} INFO - DAG(s) 'example_branch_operator' retrieved from /home/airflow/.local/lib/python3.12/site-packages/airflow/example_dags/example_branch_operator.py
[2025-04-17T05:59:13.161+0000] {logging_mixin.py:190} INFO - [2025-04-17T05:59:13.160+0000] {dag.py:3239} INFO - Sync 1 DAGs
[2025-04-17T05:59:13.191+0000] {logging_mixin.py:190} INFO - [2025-04-17T05:59:13.191+0000] {dag.py:4180} INFO - Setting next_dagrun for example_branch_operator to 2025-04-16 00:00:00+00:00, run_after=2025-04-17 00:00:00+00:00
[2025-04-17T05:59:13.219+0000] {processor.py:208} INFO - Processing /home/airflow/.local/lib/python3.12/site-packages/airflow/example_dags/example_branch_operator.py took 0.132 seconds
[2025-04-17T05:59:43.479+0000] {processor.py:186} INFO - Started process (PID=462) to work on /home/airflow/.local/lib/python3.12/site-packages/airflow/example_dags/example_branch_operator.py
[2025-04-17T05:59:43.480+0000] {processor.py:914} INFO - Processing file /home/airflow/.local/lib/python3.12/site-packages/airflow/example_dags/example_branch_operator.py for tasks to queue
[2025-04-17T05:59:43.484+0000] {logging_mixin.py:190} INFO - [2025-04-17T05:59:43.483+0000] {dagbag.py:588} INFO - Filling up the DagBag from /home/airflow/.local/lib/python3.12/site-packages/airflow/example_dags/example_branch_operator.py
[2025-04-17T05:59:43.509+0000] {processor.py:925} INFO - DAG(s) 'example_branch_operator' retrieved from /home/airflow/.local/lib/python3.12/site-packages/airflow/example_dags/example_branch_operator.py
[2025-04-17T05:59:43.544+0000] {logging_mixin.py:190} INFO - [2025-04-17T05:59:43.544+0000] {dag.py:3239} INFO - Sync 1 DAGs
[2025-04-17T05:59:43.589+0000] {logging_mixin.py:190} INFO - [2025-04-17T05:59:43.588+0000] {dag.py:4180} INFO - Setting next_dagrun for example_branch_operator to 2025-04-16 00:00:00+00:00, run_after=2025-04-17 00:00:00+00:00
[2025-04-17T05:59:43.623+0000] {processor.py:208} INFO - Processing /home/airflow/.local/lib/python3.12/site-packages/airflow/example_dags/example_branch_operator.py took 0.151 seconds
[2025-04-17T06:00:13.867+0000] {processor.py:186} INFO - Started process (PID=524) to work on /home/airflow/.local/lib/python3.12/site-packages/airflow/example_dags/example_branch_operator.py
[2025-04-17T06:00:13.868+0000] {processor.py:914} INFO - Processing file /home/airflow/.local/lib/python3.12/site-packages/airflow/example_dags/example_branch_operator.py for tasks to queue
[2025-04-17T06:00:13.872+0000] {logging_mixin.py:190} INFO - [2025-04-17T06:00:13.871+0000] {dagbag.py:588} INFO - Filling up the DagBag from /home/airflow/.local/lib/python3.12/site-packages/airflow/example_dags/example_branch_operator.py
[2025-04-17T06:00:13.889+0000] {processor.py:925} INFO - DAG(s) 'example_branch_operator' retrieved from /home/airflow/.local/lib/python3.12/site-packages/airflow/example_dags/example_branch_operator.py
[2025-04-17T06:00:13.914+0000] {logging_mixin.py:190} INFO - [2025-04-17T06:00:13.914+0000] {dag.py:3239} INFO - Sync 1 DAGs
[2025-04-17T06:00:13.935+0000] {logging_mixin.py:190} INFO - [2025-04-17T06:00:13.935+0000] {dag.py:4180} INFO - Setting next_dagrun for example_branch_operator to 2025-04-16 00:00:00+00:00, run_after=2025-04-17 00:00:00+00:00
[2025-04-17T06:00:13.964+0000] {processor.py:208} INFO - Processing /home/airflow/.local/lib/python3.12/site-packages/airflow/example_dags/example_branch_operator.py took 0.106 seconds
[2025-04-17T06:00:44.210+0000] {processor.py:186} INFO - Started process (PID=587) to work on /home/airflow/.local/lib/python3.12/site-packages/airflow/example_dags/example_branch_operator.py
[2025-04-17T06:00:44.211+0000] {processor.py:914} INFO - Processing file /home/airflow/.local/lib/python3.12/site-packages/airflow/example_dags/example_branch_operator.py for tasks to queue
[2025-04-17T06:00:44.214+0000] {logging_mixin.py:190} INFO - [2025-04-17T06:00:44.213+0000] {dagbag.py:588} INFO - Filling up the DagBag from /home/airflow/.local/lib/python3.12/site-packages/airflow/example_dags/example_branch_operator.py
[2025-04-17T06:00:44.229+0000] {processor.py:925} INFO - DAG(s) 'example_branch_operator' retrieved from /home/airflow/.local/lib/python3.12/site-packages/airflow/example_dags/example_branch_operator.py
[2025-04-17T06:00:44.256+0000] {logging_mixin.py:190} INFO - [2025-04-17T06:00:44.255+0000] {dag.py:3239} INFO - Sync 1 DAGs
[2025-04-17T06:00:44.279+0000] {logging_mixin.py:190} INFO - [2025-04-17T06:00:44.279+0000] {dag.py:4180} INFO - Setting next_dagrun for example_branch_operator to 2025-04-16 00:00:00+00:00, run_after=2025-04-17 00:00:00+00:00
[2025-04-17T06:00:44.298+0000] {processor.py:208} INFO - Processing /home/airflow/.local/lib/python3.12/site-packages/airflow/example_dags/example_branch_operator.py took 0.094 seconds
[2025-04-17T06:01:14.806+0000] {processor.py:186} INFO - Started process (PID=649) to work on /home/airflow/.local/lib/python3.12/site-packages/airflow/example_dags/example_branch_operator.py
[2025-04-17T06:01:14.807+0000] {processor.py:914} INFO - Processing file /home/airflow/.local/lib/python3.12/site-packages/airflow/example_dags/example_branch_operator.py for tasks to queue
[2025-04-17T06:01:14.815+0000] {logging_mixin.py:190} INFO - [2025-04-17T06:01:14.814+0000] {dagbag.py:588} INFO - Filling up the DagBag from /home/airflow/.local/lib/python3.12/site-packages/airflow/example_dags/example_branch_operator.py
[2025-04-17T06:01:14.845+0000] {processor.py:925} INFO - DAG(s) 'example_branch_operator' retrieved from /home/airflow/.local/lib/python3.12/site-packages/airflow/example_dags/example_branch_operator.py
[2025-04-17T06:01:14.902+0000] {logging_mixin.py:190} INFO - [2025-04-17T06:01:14.901+0000] {dag.py:3239} INFO - Sync 1 DAGs
[2025-04-17T06:01:14.937+0000] {logging_mixin.py:190} INFO - [2025-04-17T06:01:14.937+0000] {dag.py:4180} INFO - Setting next_dagrun for example_branch_operator to 2025-04-16 00:00:00+00:00, run_after=2025-04-17 00:00:00+00:00
[2025-04-17T06:01:14.970+0000] {processor.py:208} INFO - Processing /home/airflow/.local/lib/python3.12/site-packages/airflow/example_dags/example_branch_operator.py took 0.173 seconds
[2025-04-17T06:01:47.167+0000] {processor.py:186} INFO - Started process (PID=705) to work on /home/airflow/.local/lib/python3.12/site-packages/airflow/example_dags/example_branch_operator.py
[2025-04-17T06:01:47.171+0000] {processor.py:914} INFO - Processing file /home/airflow/.local/lib/python3.12/site-packages/airflow/example_dags/example_branch_operator.py for tasks to queue
[2025-04-17T06:01:47.176+0000] {logging_mixin.py:190} INFO - [2025-04-17T06:01:47.175+0000] {dagbag.py:588} INFO - Filling up the DagBag from /home/airflow/.local/lib/python3.12/site-packages/airflow/example_dags/example_branch_operator.py
[2025-04-17T06:01:47.209+0000] {processor.py:925} INFO - DAG(s) 'example_branch_operator' retrieved from /home/airflow/.local/lib/python3.12/site-packages/airflow/example_dags/example_branch_operator.py
[2025-04-17T06:01:47.259+0000] {logging_mixin.py:190} INFO - [2025-04-17T06:01:47.258+0000] {dag.py:3239} INFO - Sync 1 DAGs
[2025-04-17T06:01:47.311+0000] {logging_mixin.py:190} INFO - [2025-04-17T06:01:47.311+0000] {dag.py:4180} INFO - Setting next_dagrun for example_branch_operator to 2025-04-16 00:00:00+00:00, run_after=2025-04-17 00:00:00+00:00
[2025-04-17T06:01:47.342+0000] {processor.py:208} INFO - Processing /home/airflow/.local/lib/python3.12/site-packages/airflow/example_dags/example_branch_operator.py took 0.186 seconds
[2025-04-17T06:02:17.791+0000] {processor.py:186} INFO - Started process (PID=768) to work on /home/airflow/.local/lib/python3.12/site-packages/airflow/example_dags/example_branch_operator.py
[2025-04-17T06:02:17.793+0000] {processor.py:914} INFO - Processing file /home/airflow/.local/lib/python3.12/site-packages/airflow/example_dags/example_branch_operator.py for tasks to queue
[2025-04-17T06:02:17.796+0000] {logging_mixin.py:190} INFO - [2025-04-17T06:02:17.795+0000] {dagbag.py:588} INFO - Filling up the DagBag from /home/airflow/.local/lib/python3.12/site-packages/airflow/example_dags/example_branch_operator.py
[2025-04-17T06:02:17.822+0000] {processor.py:925} INFO - DAG(s) 'example_branch_operator' retrieved from /home/airflow/.local/lib/python3.12/site-packages/airflow/example_dags/example_branch_operator.py
[2025-04-17T06:02:17.871+0000] {logging_mixin.py:190} INFO - [2025-04-17T06:02:17.871+0000] {dag.py:3239} INFO - Sync 1 DAGs
[2025-04-17T06:02:17.903+0000] {logging_mixin.py:190} INFO - [2025-04-17T06:02:17.903+0000] {dag.py:4180} INFO - Setting next_dagrun for example_branch_operator to 2025-04-16 00:00:00+00:00, run_after=2025-04-17 00:00:00+00:00
[2025-04-17T06:02:17.934+0000] {processor.py:208} INFO - Processing /home/airflow/.local/lib/python3.12/site-packages/airflow/example_dags/example_branch_operator.py took 0.150 seconds
[2025-04-17T06:02:49.953+0000] {processor.py:186} INFO - Started process (PID=831) to work on /home/airflow/.local/lib/python3.12/site-packages/airflow/example_dags/example_branch_operator.py
[2025-04-17T06:02:49.956+0000] {processor.py:914} INFO - Processing file /home/airflow/.local/lib/python3.12/site-packages/airflow/example_dags/example_branch_operator.py for tasks to queue
[2025-04-17T06:02:49.960+0000] {logging_mixin.py:190} INFO - [2025-04-17T06:02:49.960+0000] {dagbag.py:588} INFO - Filling up the DagBag from /home/airflow/.local/lib/python3.12/site-packages/airflow/example_dags/example_branch_operator.py
[2025-04-17T06:02:49.980+0000] {processor.py:925} INFO - DAG(s) 'example_branch_operator' retrieved from /home/airflow/.local/lib/python3.12/site-packages/airflow/example_dags/example_branch_operator.py
[2025-04-17T06:02:50.007+0000] {logging_mixin.py:190} INFO - [2025-04-17T06:02:50.006+0000] {dag.py:3239} INFO - Sync 1 DAGs
[2025-04-17T06:02:50.036+0000] {logging_mixin.py:190} INFO - [2025-04-17T06:02:50.035+0000] {dag.py:4180} INFO - Setting next_dagrun for example_branch_operator to 2025-04-16 00:00:00+00:00, run_after=2025-04-17 00:00:00+00:00
[2025-04-17T06:02:50.083+0000] {processor.py:208} INFO - Processing /home/airflow/.local/lib/python3.12/site-packages/airflow/example_dags/example_branch_operator.py took 0.148 seconds
[2025-04-17T06:03:20.208+0000] {processor.py:186} INFO - Started process (PID=890) to work on /home/airflow/.local/lib/python3.12/site-packages/airflow/example_dags/example_branch_operator.py
[2025-04-17T06:03:20.210+0000] {processor.py:914} INFO - Processing file /home/airflow/.local/lib/python3.12/site-packages/airflow/example_dags/example_branch_operator.py for tasks to queue
[2025-04-17T06:03:20.217+0000] {logging_mixin.py:190} INFO - [2025-04-17T06:03:20.216+0000] {dagbag.py:588} INFO - Filling up the DagBag from /home/airflow/.local/lib/python3.12/site-packages/airflow/example_dags/example_branch_operator.py
[2025-04-17T06:03:20.241+0000] {processor.py:925} INFO - DAG(s) 'example_branch_operator' retrieved from /home/airflow/.local/lib/python3.12/site-packages/airflow/example_dags/example_branch_operator.py
[2025-04-17T06:03:20.272+0000] {logging_mixin.py:190} INFO - [2025-04-17T06:03:20.271+0000] {dag.py:3239} INFO - Sync 1 DAGs
[2025-04-17T06:03:20.301+0000] {logging_mixin.py:190} INFO - [2025-04-17T06:03:20.301+0000] {dag.py:4180} INFO - Setting next_dagrun for example_branch_operator to 2025-04-16 00:00:00+00:00, run_after=2025-04-17 00:00:00+00:00
[2025-04-17T06:03:20.330+0000] {processor.py:208} INFO - Processing /home/airflow/.local/lib/python3.12/site-packages/airflow/example_dags/example_branch_operator.py took 0.132 seconds
[2025-04-17T06:10:44.320+0000] {processor.py:186} INFO - Started process (PID=86) to work on /home/airflow/.local/lib/python3.12/site-packages/airflow/example_dags/example_branch_operator.py
[2025-04-17T06:10:44.326+0000] {processor.py:914} INFO - Processing file /home/airflow/.local/lib/python3.12/site-packages/airflow/example_dags/example_branch_operator.py for tasks to queue
[2025-04-17T06:10:44.347+0000] {logging_mixin.py:190} INFO - [2025-04-17T06:10:44.346+0000] {dagbag.py:588} INFO - Filling up the DagBag from /home/airflow/.local/lib/python3.12/site-packages/airflow/example_dags/example_branch_operator.py
[2025-04-17T06:10:44.576+0000] {processor.py:925} INFO - DAG(s) 'example_branch_operator' retrieved from /home/airflow/.local/lib/python3.12/site-packages/airflow/example_dags/example_branch_operator.py
[2025-04-17T06:10:45.918+0000] {logging_mixin.py:190} INFO - [2025-04-17T06:10:45.918+0000] {dag.py:3239} INFO - Sync 1 DAGs
[2025-04-17T06:10:46.028+0000] {logging_mixin.py:190} INFO - [2025-04-17T06:10:46.027+0000] {dag.py:4180} INFO - Setting next_dagrun for example_branch_operator to 2025-04-16 00:00:00+00:00, run_after=2025-04-17 00:00:00+00:00
[2025-04-17T06:10:46.207+0000] {processor.py:208} INFO - Processing /home/airflow/.local/lib/python3.12/site-packages/airflow/example_dags/example_branch_operator.py took 1.968 seconds
[2025-04-17T06:11:17.042+0000] {processor.py:186} INFO - Started process (PID=150) to work on /home/airflow/.local/lib/python3.12/site-packages/airflow/example_dags/example_branch_operator.py
[2025-04-17T06:11:17.043+0000] {processor.py:914} INFO - Processing file /home/airflow/.local/lib/python3.12/site-packages/airflow/example_dags/example_branch_operator.py for tasks to queue
[2025-04-17T06:11:17.047+0000] {logging_mixin.py:190} INFO - [2025-04-17T06:11:17.046+0000] {dagbag.py:588} INFO - Filling up the DagBag from /home/airflow/.local/lib/python3.12/site-packages/airflow/example_dags/example_branch_operator.py
[2025-04-17T06:11:17.069+0000] {processor.py:925} INFO - DAG(s) 'example_branch_operator' retrieved from /home/airflow/.local/lib/python3.12/site-packages/airflow/example_dags/example_branch_operator.py
[2025-04-17T06:11:17.123+0000] {logging_mixin.py:190} INFO - [2025-04-17T06:11:17.122+0000] {dag.py:3239} INFO - Sync 1 DAGs
[2025-04-17T06:11:17.158+0000] {logging_mixin.py:190} INFO - [2025-04-17T06:11:17.157+0000] {dag.py:4180} INFO - Setting next_dagrun for example_branch_operator to 2025-04-16 00:00:00+00:00, run_after=2025-04-17 00:00:00+00:00
[2025-04-17T06:11:17.199+0000] {processor.py:208} INFO - Processing /home/airflow/.local/lib/python3.12/site-packages/airflow/example_dags/example_branch_operator.py took 0.165 seconds
[2025-04-17T06:11:47.968+0000] {processor.py:186} INFO - Started process (PID=212) to work on /home/airflow/.local/lib/python3.12/site-packages/airflow/example_dags/example_branch_operator.py
[2025-04-17T06:11:47.969+0000] {processor.py:914} INFO - Processing file /home/airflow/.local/lib/python3.12/site-packages/airflow/example_dags/example_branch_operator.py for tasks to queue
[2025-04-17T06:11:47.978+0000] {logging_mixin.py:190} INFO - [2025-04-17T06:11:47.977+0000] {dagbag.py:588} INFO - Filling up the DagBag from /home/airflow/.local/lib/python3.12/site-packages/airflow/example_dags/example_branch_operator.py
[2025-04-17T06:11:47.992+0000] {processor.py:925} INFO - DAG(s) 'example_branch_operator' retrieved from /home/airflow/.local/lib/python3.12/site-packages/airflow/example_dags/example_branch_operator.py
[2025-04-17T06:11:48.016+0000] {logging_mixin.py:190} INFO - [2025-04-17T06:11:48.016+0000] {dag.py:3239} INFO - Sync 1 DAGs
[2025-04-17T06:11:48.036+0000] {logging_mixin.py:190} INFO - [2025-04-17T06:11:48.036+0000] {dag.py:4180} INFO - Setting next_dagrun for example_branch_operator to 2025-04-16 00:00:00+00:00, run_after=2025-04-17 00:00:00+00:00
[2025-04-17T06:11:48.055+0000] {processor.py:208} INFO - Processing /home/airflow/.local/lib/python3.12/site-packages/airflow/example_dags/example_branch_operator.py took 0.093 seconds
[2025-04-17T06:12:18.349+0000] {processor.py:186} INFO - Started process (PID=275) to work on /home/airflow/.local/lib/python3.12/site-packages/airflow/example_dags/example_branch_operator.py
[2025-04-17T06:12:18.351+0000] {processor.py:914} INFO - Processing file /home/airflow/.local/lib/python3.12/site-packages/airflow/example_dags/example_branch_operator.py for tasks to queue
[2025-04-17T06:12:18.355+0000] {logging_mixin.py:190} INFO - [2025-04-17T06:12:18.354+0000] {dagbag.py:588} INFO - Filling up the DagBag from /home/airflow/.local/lib/python3.12/site-packages/airflow/example_dags/example_branch_operator.py
[2025-04-17T06:12:18.381+0000] {processor.py:925} INFO - DAG(s) 'example_branch_operator' retrieved from /home/airflow/.local/lib/python3.12/site-packages/airflow/example_dags/example_branch_operator.py
[2025-04-17T06:12:18.436+0000] {logging_mixin.py:190} INFO - [2025-04-17T06:12:18.435+0000] {dag.py:3239} INFO - Sync 1 DAGs
[2025-04-17T06:12:18.482+0000] {logging_mixin.py:190} INFO - [2025-04-17T06:12:18.481+0000] {dag.py:4180} INFO - Setting next_dagrun for example_branch_operator to 2025-04-16 00:00:00+00:00, run_after=2025-04-17 00:00:00+00:00
[2025-04-17T06:12:18.528+0000] {processor.py:208} INFO - Processing /home/airflow/.local/lib/python3.12/site-packages/airflow/example_dags/example_branch_operator.py took 0.186 seconds
[2025-04-17T06:12:49.169+0000] {processor.py:186} INFO - Started process (PID=338) to work on /home/airflow/.local/lib/python3.12/site-packages/airflow/example_dags/example_branch_operator.py
[2025-04-17T06:12:49.171+0000] {processor.py:914} INFO - Processing file /home/airflow/.local/lib/python3.12/site-packages/airflow/example_dags/example_branch_operator.py for tasks to queue
[2025-04-17T06:12:49.176+0000] {logging_mixin.py:190} INFO - [2025-04-17T06:12:49.175+0000] {dagbag.py:588} INFO - Filling up the DagBag from /home/airflow/.local/lib/python3.12/site-packages/airflow/example_dags/example_branch_operator.py
[2025-04-17T06:12:49.199+0000] {processor.py:925} INFO - DAG(s) 'example_branch_operator' retrieved from /home/airflow/.local/lib/python3.12/site-packages/airflow/example_dags/example_branch_operator.py
[2025-04-17T06:12:49.262+0000] {logging_mixin.py:190} INFO - [2025-04-17T06:12:49.262+0000] {dag.py:3239} INFO - Sync 1 DAGs
[2025-04-17T06:12:49.311+0000] {logging_mixin.py:190} INFO - [2025-04-17T06:12:49.311+0000] {dag.py:4180} INFO - Setting next_dagrun for example_branch_operator to 2025-04-16 00:00:00+00:00, run_after=2025-04-17 00:00:00+00:00
[2025-04-17T06:12:49.351+0000] {processor.py:208} INFO - Processing /home/airflow/.local/lib/python3.12/site-packages/airflow/example_dags/example_branch_operator.py took 0.191 seconds
[2025-04-17T06:13:19.647+0000] {processor.py:186} INFO - Started process (PID=401) to work on /home/airflow/.local/lib/python3.12/site-packages/airflow/example_dags/example_branch_operator.py
[2025-04-17T06:13:19.650+0000] {processor.py:914} INFO - Processing file /home/airflow/.local/lib/python3.12/site-packages/airflow/example_dags/example_branch_operator.py for tasks to queue
[2025-04-17T06:13:19.657+0000] {logging_mixin.py:190} INFO - [2025-04-17T06:13:19.656+0000] {dagbag.py:588} INFO - Filling up the DagBag from /home/airflow/.local/lib/python3.12/site-packages/airflow/example_dags/example_branch_operator.py
[2025-04-17T06:13:19.713+0000] {processor.py:925} INFO - DAG(s) 'example_branch_operator' retrieved from /home/airflow/.local/lib/python3.12/site-packages/airflow/example_dags/example_branch_operator.py
[2025-04-17T06:13:19.813+0000] {logging_mixin.py:190} INFO - [2025-04-17T06:13:19.804+0000] {dag.py:3239} INFO - Sync 1 DAGs
[2025-04-17T06:13:19.942+0000] {logging_mixin.py:190} INFO - [2025-04-17T06:13:19.941+0000] {dag.py:4180} INFO - Setting next_dagrun for example_branch_operator to 2025-04-16 00:00:00+00:00, run_after=2025-04-17 00:00:00+00:00
[2025-04-17T06:13:20.072+0000] {processor.py:208} INFO - Processing /home/airflow/.local/lib/python3.12/site-packages/airflow/example_dags/example_branch_operator.py took 0.443 seconds
[2025-04-17T06:13:59.762+0000] {processor.py:186} INFO - Started process (PID=456) to work on /home/airflow/.local/lib/python3.12/site-packages/airflow/example_dags/example_branch_operator.py
[2025-04-17T06:13:59.771+0000] {processor.py:914} INFO - Processing file /home/airflow/.local/lib/python3.12/site-packages/airflow/example_dags/example_branch_operator.py for tasks to queue
[2025-04-17T06:13:59.792+0000] {logging_mixin.py:190} INFO - [2025-04-17T06:13:59.788+0000] {dagbag.py:588} INFO - Filling up the DagBag from /home/airflow/.local/lib/python3.12/site-packages/airflow/example_dags/example_branch_operator.py
[2025-04-17T06:13:59.957+0000] {processor.py:925} INFO - DAG(s) 'example_branch_operator' retrieved from /home/airflow/.local/lib/python3.12/site-packages/airflow/example_dags/example_branch_operator.py
[2025-04-17T06:14:00.134+0000] {logging_mixin.py:190} INFO - [2025-04-17T06:14:00.133+0000] {dag.py:3239} INFO - Sync 1 DAGs
[2025-04-17T06:14:00.356+0000] {logging_mixin.py:190} INFO - [2025-04-17T06:14:00.341+0000] {dag.py:4180} INFO - Setting next_dagrun for example_branch_operator to 2025-04-16 00:00:00+00:00, run_after=2025-04-17 00:00:00+00:00
[2025-04-17T06:14:00.561+0000] {processor.py:208} INFO - Processing /home/airflow/.local/lib/python3.12/site-packages/airflow/example_dags/example_branch_operator.py took 0.853 seconds
[2025-04-17T06:14:31.941+0000] {processor.py:186} INFO - Started process (PID=520) to work on /home/airflow/.local/lib/python3.12/site-packages/airflow/example_dags/example_branch_operator.py
[2025-04-17T06:14:31.953+0000] {processor.py:914} INFO - Processing file /home/airflow/.local/lib/python3.12/site-packages/airflow/example_dags/example_branch_operator.py for tasks to queue
[2025-04-17T06:14:31.970+0000] {logging_mixin.py:190} INFO - [2025-04-17T06:14:31.969+0000] {dagbag.py:588} INFO - Filling up the DagBag from /home/airflow/.local/lib/python3.12/site-packages/airflow/example_dags/example_branch_operator.py
[2025-04-17T06:14:32.116+0000] {processor.py:925} INFO - DAG(s) 'example_branch_operator' retrieved from /home/airflow/.local/lib/python3.12/site-packages/airflow/example_dags/example_branch_operator.py
[2025-04-17T06:14:32.346+0000] {logging_mixin.py:190} INFO - [2025-04-17T06:14:32.345+0000] {dag.py:3239} INFO - Sync 1 DAGs
[2025-04-17T06:14:32.542+0000] {logging_mixin.py:190} INFO - [2025-04-17T06:14:32.541+0000] {dag.py:4180} INFO - Setting next_dagrun for example_branch_operator to 2025-04-16 00:00:00+00:00, run_after=2025-04-17 00:00:00+00:00
[2025-04-17T06:14:32.664+0000] {processor.py:208} INFO - Processing /home/airflow/.local/lib/python3.12/site-packages/airflow/example_dags/example_branch_operator.py took 0.761 seconds
[2025-04-17T06:15:03.326+0000] {processor.py:186} INFO - Started process (PID=583) to work on /home/airflow/.local/lib/python3.12/site-packages/airflow/example_dags/example_branch_operator.py
[2025-04-17T06:15:03.336+0000] {processor.py:914} INFO - Processing file /home/airflow/.local/lib/python3.12/site-packages/airflow/example_dags/example_branch_operator.py for tasks to queue
[2025-04-17T06:15:03.357+0000] {logging_mixin.py:190} INFO - [2025-04-17T06:15:03.353+0000] {dagbag.py:588} INFO - Filling up the DagBag from /home/airflow/.local/lib/python3.12/site-packages/airflow/example_dags/example_branch_operator.py
[2025-04-17T06:15:03.492+0000] {processor.py:925} INFO - DAG(s) 'example_branch_operator' retrieved from /home/airflow/.local/lib/python3.12/site-packages/airflow/example_dags/example_branch_operator.py
[2025-04-17T06:15:03.744+0000] {logging_mixin.py:190} INFO - [2025-04-17T06:15:03.743+0000] {dag.py:3239} INFO - Sync 1 DAGs
[2025-04-17T06:15:03.914+0000] {logging_mixin.py:190} INFO - [2025-04-17T06:15:03.913+0000] {dag.py:4180} INFO - Setting next_dagrun for example_branch_operator to 2025-04-16 00:00:00+00:00, run_after=2025-04-17 00:00:00+00:00
[2025-04-17T06:15:04.062+0000] {processor.py:208} INFO - Processing /home/airflow/.local/lib/python3.12/site-packages/airflow/example_dags/example_branch_operator.py took 0.775 seconds
[2025-04-17T06:15:34.944+0000] {processor.py:186} INFO - Started process (PID=646) to work on /home/airflow/.local/lib/python3.12/site-packages/airflow/example_dags/example_branch_operator.py
[2025-04-17T06:15:34.947+0000] {processor.py:914} INFO - Processing file /home/airflow/.local/lib/python3.12/site-packages/airflow/example_dags/example_branch_operator.py for tasks to queue
[2025-04-17T06:15:34.953+0000] {logging_mixin.py:190} INFO - [2025-04-17T06:15:34.952+0000] {dagbag.py:588} INFO - Filling up the DagBag from /home/airflow/.local/lib/python3.12/site-packages/airflow/example_dags/example_branch_operator.py
[2025-04-17T06:15:35.001+0000] {processor.py:925} INFO - DAG(s) 'example_branch_operator' retrieved from /home/airflow/.local/lib/python3.12/site-packages/airflow/example_dags/example_branch_operator.py
[2025-04-17T06:15:35.077+0000] {logging_mixin.py:190} INFO - [2025-04-17T06:15:35.075+0000] {dag.py:3239} INFO - Sync 1 DAGs
[2025-04-17T06:15:35.145+0000] {logging_mixin.py:190} INFO - [2025-04-17T06:15:35.145+0000] {dag.py:4180} INFO - Setting next_dagrun for example_branch_operator to 2025-04-16 00:00:00+00:00, run_after=2025-04-17 00:00:00+00:00
[2025-04-17T06:15:35.201+0000] {processor.py:208} INFO - Processing /home/airflow/.local/lib/python3.12/site-packages/airflow/example_dags/example_branch_operator.py took 0.274 seconds
[2025-04-17T06:16:05.791+0000] {processor.py:186} INFO - Started process (PID=709) to work on /home/airflow/.local/lib/python3.12/site-packages/airflow/example_dags/example_branch_operator.py
[2025-04-17T06:16:05.794+0000] {processor.py:914} INFO - Processing file /home/airflow/.local/lib/python3.12/site-packages/airflow/example_dags/example_branch_operator.py for tasks to queue
[2025-04-17T06:16:05.803+0000] {logging_mixin.py:190} INFO - [2025-04-17T06:16:05.802+0000] {dagbag.py:588} INFO - Filling up the DagBag from /home/airflow/.local/lib/python3.12/site-packages/airflow/example_dags/example_branch_operator.py
[2025-04-17T06:16:05.861+0000] {processor.py:925} INFO - DAG(s) 'example_branch_operator' retrieved from /home/airflow/.local/lib/python3.12/site-packages/airflow/example_dags/example_branch_operator.py
[2025-04-17T06:16:05.929+0000] {logging_mixin.py:190} INFO - [2025-04-17T06:16:05.928+0000] {dag.py:3239} INFO - Sync 1 DAGs
[2025-04-17T06:16:05.961+0000] {logging_mixin.py:190} INFO - [2025-04-17T06:16:05.961+0000] {dag.py:4180} INFO - Setting next_dagrun for example_branch_operator to 2025-04-16 00:00:00+00:00, run_after=2025-04-17 00:00:00+00:00
[2025-04-17T06:16:05.989+0000] {processor.py:208} INFO - Processing /home/airflow/.local/lib/python3.12/site-packages/airflow/example_dags/example_branch_operator.py took 0.222 seconds
[2025-04-17T06:16:36.134+0000] {processor.py:186} INFO - Started process (PID=772) to work on /home/airflow/.local/lib/python3.12/site-packages/airflow/example_dags/example_branch_operator.py
[2025-04-17T06:16:36.139+0000] {processor.py:914} INFO - Processing file /home/airflow/.local/lib/python3.12/site-packages/airflow/example_dags/example_branch_operator.py for tasks to queue
[2025-04-17T06:16:36.147+0000] {logging_mixin.py:190} INFO - [2025-04-17T06:16:36.146+0000] {dagbag.py:588} INFO - Filling up the DagBag from /home/airflow/.local/lib/python3.12/site-packages/airflow/example_dags/example_branch_operator.py
[2025-04-17T06:16:36.168+0000] {processor.py:925} INFO - DAG(s) 'example_branch_operator' retrieved from /home/airflow/.local/lib/python3.12/site-packages/airflow/example_dags/example_branch_operator.py
[2025-04-17T06:16:36.210+0000] {logging_mixin.py:190} INFO - [2025-04-17T06:16:36.209+0000] {dag.py:3239} INFO - Sync 1 DAGs
[2025-04-17T06:16:36.229+0000] {logging_mixin.py:190} INFO - [2025-04-17T06:16:36.229+0000] {dag.py:4180} INFO - Setting next_dagrun for example_branch_operator to 2025-04-16 00:00:00+00:00, run_after=2025-04-17 00:00:00+00:00
[2025-04-17T06:16:36.247+0000] {processor.py:208} INFO - Processing /home/airflow/.local/lib/python3.12/site-packages/airflow/example_dags/example_branch_operator.py took 0.133 seconds
[2025-04-17T06:17:06.417+0000] {processor.py:186} INFO - Started process (PID=835) to work on /home/airflow/.local/lib/python3.12/site-packages/airflow/example_dags/example_branch_operator.py
[2025-04-17T06:17:06.421+0000] {processor.py:914} INFO - Processing file /home/airflow/.local/lib/python3.12/site-packages/airflow/example_dags/example_branch_operator.py for tasks to queue
[2025-04-17T06:17:06.434+0000] {logging_mixin.py:190} INFO - [2025-04-17T06:17:06.433+0000] {dagbag.py:588} INFO - Filling up the DagBag from /home/airflow/.local/lib/python3.12/site-packages/airflow/example_dags/example_branch_operator.py
[2025-04-17T06:17:06.482+0000] {processor.py:925} INFO - DAG(s) 'example_branch_operator' retrieved from /home/airflow/.local/lib/python3.12/site-packages/airflow/example_dags/example_branch_operator.py
[2025-04-17T06:17:06.563+0000] {logging_mixin.py:190} INFO - [2025-04-17T06:17:06.563+0000] {dag.py:3239} INFO - Sync 1 DAGs
[2025-04-17T06:17:06.625+0000] {logging_mixin.py:190} INFO - [2025-04-17T06:17:06.624+0000] {dag.py:4180} INFO - Setting next_dagrun for example_branch_operator to 2025-04-16 00:00:00+00:00, run_after=2025-04-17 00:00:00+00:00
[2025-04-17T06:17:06.674+0000] {processor.py:208} INFO - Processing /home/airflow/.local/lib/python3.12/site-packages/airflow/example_dags/example_branch_operator.py took 0.281 seconds
