[2025-04-17T05:56:57.889+0000] {processor.py:186} INFO - Started process (PID=111) to work on /home/airflow/.local/lib/python3.12/site-packages/airflow/example_dags/example_task_group_decorator.py
[2025-04-17T05:56:57.892+0000] {processor.py:914} INFO - Processing file /home/airflow/.local/lib/python3.12/site-packages/airflow/example_dags/example_task_group_decorator.py for tasks to queue
[2025-04-17T05:56:57.897+0000] {logging_mixin.py:190} INFO - [2025-04-17T05:56:57.897+0000] {dagbag.py:588} INFO - Filling up the DagBag from /home/airflow/.local/lib/python3.12/site-packages/airflow/example_dags/example_task_group_decorator.py
[2025-04-17T05:56:57.916+0000] {processor.py:925} INFO - DAG(s) 'example_task_group_decorator' retrieved from /home/airflow/.local/lib/python3.12/site-packages/airflow/example_dags/example_task_group_decorator.py
[2025-04-17T05:56:58.079+0000] {logging_mixin.py:190} INFO - [2025-04-17T05:56:58.078+0000] {override.py:1912} INFO - Created Permission View: can delete on DAG:example_task_group_decorator
[2025-04-17T05:56:58.096+0000] {logging_mixin.py:190} INFO - [2025-04-17T05:56:58.096+0000] {override.py:1912} INFO - Created Permission View: can edit on DAG:example_task_group_decorator
[2025-04-17T05:56:58.108+0000] {logging_mixin.py:190} INFO - [2025-04-17T05:56:58.107+0000] {override.py:1912} INFO - Created Permission View: can read on DAG:example_task_group_decorator
[2025-04-17T05:56:58.125+0000] {logging_mixin.py:190} INFO - [2025-04-17T05:56:58.125+0000] {override.py:1912} INFO - Created Permission View: can delete on DAG Run:example_task_group_decorator
[2025-04-17T05:56:58.137+0000] {logging_mixin.py:190} INFO - [2025-04-17T05:56:58.137+0000] {override.py:1912} INFO - Created Permission View: can read on DAG Run:example_task_group_decorator
[2025-04-17T05:56:58.153+0000] {logging_mixin.py:190} INFO - [2025-04-17T05:56:58.151+0000] {override.py:1912} INFO - Created Permission View: can create on DAG Run:example_task_group_decorator
[2025-04-17T05:56:58.165+0000] {logging_mixin.py:190} INFO - [2025-04-17T05:56:58.165+0000] {override.py:1912} INFO - Created Permission View: menu access on DAG Run:example_task_group_decorator
[2025-04-17T05:56:58.166+0000] {logging_mixin.py:190} INFO - [2025-04-17T05:56:58.166+0000] {dag.py:3239} INFO - Sync 1 DAGs
[2025-04-17T05:56:58.182+0000] {logging_mixin.py:190} INFO - [2025-04-17T05:56:58.182+0000] {dag.py:3262} INFO - Creating ORM DAG for example_task_group_decorator
[2025-04-17T05:56:58.184+0000] {logging_mixin.py:190} INFO - [2025-04-17T05:56:58.183+0000] {dag.py:4180} INFO - Setting next_dagrun for example_task_group_decorator to None, run_after=None
[2025-04-17T05:56:58.209+0000] {processor.py:208} INFO - Processing /home/airflow/.local/lib/python3.12/site-packages/airflow/example_dags/example_task_group_decorator.py took 0.326 seconds
[2025-04-17T05:57:30.242+0000] {processor.py:186} INFO - Started process (PID=174) to work on /home/airflow/.local/lib/python3.12/site-packages/airflow/example_dags/example_task_group_decorator.py
[2025-04-17T05:57:30.245+0000] {processor.py:914} INFO - Processing file /home/airflow/.local/lib/python3.12/site-packages/airflow/example_dags/example_task_group_decorator.py for tasks to queue
[2025-04-17T05:57:30.250+0000] {logging_mixin.py:190} INFO - [2025-04-17T05:57:30.249+0000] {dagbag.py:588} INFO - Filling up the DagBag from /home/airflow/.local/lib/python3.12/site-packages/airflow/example_dags/example_task_group_decorator.py
[2025-04-17T05:57:30.288+0000] {processor.py:925} INFO - DAG(s) 'example_task_group_decorator' retrieved from /home/airflow/.local/lib/python3.12/site-packages/airflow/example_dags/example_task_group_decorator.py
[2025-04-17T05:57:30.357+0000] {logging_mixin.py:190} INFO - [2025-04-17T05:57:30.356+0000] {dag.py:3239} INFO - Sync 1 DAGs
[2025-04-17T05:57:30.399+0000] {logging_mixin.py:190} INFO - [2025-04-17T05:57:30.398+0000] {dag.py:4180} INFO - Setting next_dagrun for example_task_group_decorator to None, run_after=None
[2025-04-17T05:57:30.443+0000] {processor.py:208} INFO - Processing /home/airflow/.local/lib/python3.12/site-packages/airflow/example_dags/example_task_group_decorator.py took 0.213 seconds
[2025-04-17T05:58:02.849+0000] {processor.py:186} INFO - Started process (PID=237) to work on /home/airflow/.local/lib/python3.12/site-packages/airflow/example_dags/example_task_group_decorator.py
[2025-04-17T05:58:02.851+0000] {processor.py:914} INFO - Processing file /home/airflow/.local/lib/python3.12/site-packages/airflow/example_dags/example_task_group_decorator.py for tasks to queue
[2025-04-17T05:58:02.857+0000] {logging_mixin.py:190} INFO - [2025-04-17T05:58:02.856+0000] {dagbag.py:588} INFO - Filling up the DagBag from /home/airflow/.local/lib/python3.12/site-packages/airflow/example_dags/example_task_group_decorator.py
[2025-04-17T05:58:02.882+0000] {processor.py:925} INFO - DAG(s) 'example_task_group_decorator' retrieved from /home/airflow/.local/lib/python3.12/site-packages/airflow/example_dags/example_task_group_decorator.py
[2025-04-17T05:58:02.933+0000] {logging_mixin.py:190} INFO - [2025-04-17T05:58:02.933+0000] {dag.py:3239} INFO - Sync 1 DAGs
[2025-04-17T05:58:02.957+0000] {logging_mixin.py:190} INFO - [2025-04-17T05:58:02.956+0000] {dag.py:4180} INFO - Setting next_dagrun for example_task_group_decorator to None, run_after=None
[2025-04-17T05:58:03.001+0000] {processor.py:208} INFO - Processing /home/airflow/.local/lib/python3.12/site-packages/airflow/example_dags/example_task_group_decorator.py took 0.163 seconds
[2025-04-17T05:58:33.359+0000] {processor.py:186} INFO - Started process (PID=300) to work on /home/airflow/.local/lib/python3.12/site-packages/airflow/example_dags/example_task_group_decorator.py
[2025-04-17T05:58:33.361+0000] {processor.py:914} INFO - Processing file /home/airflow/.local/lib/python3.12/site-packages/airflow/example_dags/example_task_group_decorator.py for tasks to queue
[2025-04-17T05:58:33.365+0000] {logging_mixin.py:190} INFO - [2025-04-17T05:58:33.365+0000] {dagbag.py:588} INFO - Filling up the DagBag from /home/airflow/.local/lib/python3.12/site-packages/airflow/example_dags/example_task_group_decorator.py
[2025-04-17T05:58:33.385+0000] {processor.py:925} INFO - DAG(s) 'example_task_group_decorator' retrieved from /home/airflow/.local/lib/python3.12/site-packages/airflow/example_dags/example_task_group_decorator.py
[2025-04-17T05:58:33.404+0000] {logging_mixin.py:190} INFO - [2025-04-17T05:58:33.403+0000] {dag.py:3239} INFO - Sync 1 DAGs
[2025-04-17T05:58:33.417+0000] {logging_mixin.py:190} INFO - [2025-04-17T05:58:33.417+0000] {dag.py:4180} INFO - Setting next_dagrun for example_task_group_decorator to None, run_after=None
[2025-04-17T05:58:33.448+0000] {processor.py:208} INFO - Processing /home/airflow/.local/lib/python3.12/site-packages/airflow/example_dags/example_task_group_decorator.py took 0.101 seconds
[2025-04-17T05:59:04.430+0000] {processor.py:186} INFO - Started process (PID=363) to work on /home/airflow/.local/lib/python3.12/site-packages/airflow/example_dags/example_task_group_decorator.py
[2025-04-17T05:59:04.432+0000] {processor.py:914} INFO - Processing file /home/airflow/.local/lib/python3.12/site-packages/airflow/example_dags/example_task_group_decorator.py for tasks to queue
[2025-04-17T05:59:04.436+0000] {logging_mixin.py:190} INFO - [2025-04-17T05:59:04.436+0000] {dagbag.py:588} INFO - Filling up the DagBag from /home/airflow/.local/lib/python3.12/site-packages/airflow/example_dags/example_task_group_decorator.py
[2025-04-17T05:59:04.465+0000] {processor.py:925} INFO - DAG(s) 'example_task_group_decorator' retrieved from /home/airflow/.local/lib/python3.12/site-packages/airflow/example_dags/example_task_group_decorator.py
[2025-04-17T05:59:04.505+0000] {logging_mixin.py:190} INFO - [2025-04-17T05:59:04.505+0000] {dag.py:3239} INFO - Sync 1 DAGs
[2025-04-17T05:59:04.519+0000] {logging_mixin.py:190} INFO - [2025-04-17T05:59:04.519+0000] {dag.py:4180} INFO - Setting next_dagrun for example_task_group_decorator to None, run_after=None
[2025-04-17T05:59:04.539+0000] {processor.py:208} INFO - Processing /home/airflow/.local/lib/python3.12/site-packages/airflow/example_dags/example_task_group_decorator.py took 0.121 seconds
[2025-04-17T05:59:36.745+0000] {processor.py:186} INFO - Started process (PID=426) to work on /home/airflow/.local/lib/python3.12/site-packages/airflow/example_dags/example_task_group_decorator.py
[2025-04-17T05:59:36.747+0000] {processor.py:914} INFO - Processing file /home/airflow/.local/lib/python3.12/site-packages/airflow/example_dags/example_task_group_decorator.py for tasks to queue
[2025-04-17T05:59:36.749+0000] {logging_mixin.py:190} INFO - [2025-04-17T05:59:36.749+0000] {dagbag.py:588} INFO - Filling up the DagBag from /home/airflow/.local/lib/python3.12/site-packages/airflow/example_dags/example_task_group_decorator.py
[2025-04-17T05:59:36.763+0000] {processor.py:925} INFO - DAG(s) 'example_task_group_decorator' retrieved from /home/airflow/.local/lib/python3.12/site-packages/airflow/example_dags/example_task_group_decorator.py
[2025-04-17T05:59:36.795+0000] {logging_mixin.py:190} INFO - [2025-04-17T05:59:36.795+0000] {dag.py:3239} INFO - Sync 1 DAGs
[2025-04-17T05:59:36.812+0000] {logging_mixin.py:190} INFO - [2025-04-17T05:59:36.812+0000] {dag.py:4180} INFO - Setting next_dagrun for example_task_group_decorator to None, run_after=None
[2025-04-17T05:59:36.834+0000] {processor.py:208} INFO - Processing /home/airflow/.local/lib/python3.12/site-packages/airflow/example_dags/example_task_group_decorator.py took 0.095 seconds
[2025-04-17T06:00:07.895+0000] {processor.py:186} INFO - Started process (PID=489) to work on /home/airflow/.local/lib/python3.12/site-packages/airflow/example_dags/example_task_group_decorator.py
[2025-04-17T06:00:07.897+0000] {processor.py:914} INFO - Processing file /home/airflow/.local/lib/python3.12/site-packages/airflow/example_dags/example_task_group_decorator.py for tasks to queue
[2025-04-17T06:00:07.901+0000] {logging_mixin.py:190} INFO - [2025-04-17T06:00:07.901+0000] {dagbag.py:588} INFO - Filling up the DagBag from /home/airflow/.local/lib/python3.12/site-packages/airflow/example_dags/example_task_group_decorator.py
[2025-04-17T06:00:07.919+0000] {processor.py:925} INFO - DAG(s) 'example_task_group_decorator' retrieved from /home/airflow/.local/lib/python3.12/site-packages/airflow/example_dags/example_task_group_decorator.py
[2025-04-17T06:00:07.950+0000] {logging_mixin.py:190} INFO - [2025-04-17T06:00:07.950+0000] {dag.py:3239} INFO - Sync 1 DAGs
[2025-04-17T06:00:07.968+0000] {logging_mixin.py:190} INFO - [2025-04-17T06:00:07.967+0000] {dag.py:4180} INFO - Setting next_dagrun for example_task_group_decorator to None, run_after=None
[2025-04-17T06:00:07.992+0000] {processor.py:208} INFO - Processing /home/airflow/.local/lib/python3.12/site-packages/airflow/example_dags/example_task_group_decorator.py took 0.104 seconds
[2025-04-17T06:00:39.678+0000] {processor.py:186} INFO - Started process (PID=552) to work on /home/airflow/.local/lib/python3.12/site-packages/airflow/example_dags/example_task_group_decorator.py
[2025-04-17T06:00:39.680+0000] {processor.py:914} INFO - Processing file /home/airflow/.local/lib/python3.12/site-packages/airflow/example_dags/example_task_group_decorator.py for tasks to queue
[2025-04-17T06:00:39.682+0000] {logging_mixin.py:190} INFO - [2025-04-17T06:00:39.682+0000] {dagbag.py:588} INFO - Filling up the DagBag from /home/airflow/.local/lib/python3.12/site-packages/airflow/example_dags/example_task_group_decorator.py
[2025-04-17T06:00:39.698+0000] {processor.py:925} INFO - DAG(s) 'example_task_group_decorator' retrieved from /home/airflow/.local/lib/python3.12/site-packages/airflow/example_dags/example_task_group_decorator.py
[2025-04-17T06:00:39.727+0000] {logging_mixin.py:190} INFO - [2025-04-17T06:00:39.726+0000] {dag.py:3239} INFO - Sync 1 DAGs
[2025-04-17T06:00:39.742+0000] {logging_mixin.py:190} INFO - [2025-04-17T06:00:39.742+0000] {dag.py:4180} INFO - Setting next_dagrun for example_task_group_decorator to None, run_after=None
[2025-04-17T06:00:39.765+0000] {processor.py:208} INFO - Processing /home/airflow/.local/lib/python3.12/site-packages/airflow/example_dags/example_task_group_decorator.py took 0.093 seconds
[2025-04-17T06:01:12.012+0000] {processor.py:186} INFO - Started process (PID=615) to work on /home/airflow/.local/lib/python3.12/site-packages/airflow/example_dags/example_task_group_decorator.py
[2025-04-17T06:01:12.014+0000] {processor.py:914} INFO - Processing file /home/airflow/.local/lib/python3.12/site-packages/airflow/example_dags/example_task_group_decorator.py for tasks to queue
[2025-04-17T06:01:12.019+0000] {logging_mixin.py:190} INFO - [2025-04-17T06:01:12.018+0000] {dagbag.py:588} INFO - Filling up the DagBag from /home/airflow/.local/lib/python3.12/site-packages/airflow/example_dags/example_task_group_decorator.py
[2025-04-17T06:01:12.053+0000] {processor.py:925} INFO - DAG(s) 'example_task_group_decorator' retrieved from /home/airflow/.local/lib/python3.12/site-packages/airflow/example_dags/example_task_group_decorator.py
[2025-04-17T06:01:12.096+0000] {logging_mixin.py:190} INFO - [2025-04-17T06:01:12.096+0000] {dag.py:3239} INFO - Sync 1 DAGs
[2025-04-17T06:01:12.114+0000] {logging_mixin.py:190} INFO - [2025-04-17T06:01:12.114+0000] {dag.py:4180} INFO - Setting next_dagrun for example_task_group_decorator to None, run_after=None
[2025-04-17T06:01:12.147+0000] {processor.py:208} INFO - Processing /home/airflow/.local/lib/python3.12/site-packages/airflow/example_dags/example_task_group_decorator.py took 0.149 seconds
[2025-04-17T06:01:44.255+0000] {processor.py:186} INFO - Started process (PID=684) to work on /home/airflow/.local/lib/python3.12/site-packages/airflow/example_dags/example_task_group_decorator.py
[2025-04-17T06:01:44.257+0000] {processor.py:914} INFO - Processing file /home/airflow/.local/lib/python3.12/site-packages/airflow/example_dags/example_task_group_decorator.py for tasks to queue
[2025-04-17T06:01:44.264+0000] {logging_mixin.py:190} INFO - [2025-04-17T06:01:44.263+0000] {dagbag.py:588} INFO - Filling up the DagBag from /home/airflow/.local/lib/python3.12/site-packages/airflow/example_dags/example_task_group_decorator.py
[2025-04-17T06:01:44.321+0000] {processor.py:925} INFO - DAG(s) 'example_task_group_decorator' retrieved from /home/airflow/.local/lib/python3.12/site-packages/airflow/example_dags/example_task_group_decorator.py
[2025-04-17T06:01:44.378+0000] {logging_mixin.py:190} INFO - [2025-04-17T06:01:44.377+0000] {dag.py:3239} INFO - Sync 1 DAGs
[2025-04-17T06:01:44.396+0000] {logging_mixin.py:190} INFO - [2025-04-17T06:01:44.396+0000] {dag.py:4180} INFO - Setting next_dagrun for example_task_group_decorator to None, run_after=None
[2025-04-17T06:01:44.418+0000] {processor.py:208} INFO - Processing /home/airflow/.local/lib/python3.12/site-packages/airflow/example_dags/example_task_group_decorator.py took 0.177 seconds
[2025-04-17T06:02:15.501+0000] {processor.py:186} INFO - Started process (PID=747) to work on /home/airflow/.local/lib/python3.12/site-packages/airflow/example_dags/example_task_group_decorator.py
[2025-04-17T06:02:15.503+0000] {processor.py:914} INFO - Processing file /home/airflow/.local/lib/python3.12/site-packages/airflow/example_dags/example_task_group_decorator.py for tasks to queue
[2025-04-17T06:02:15.507+0000] {logging_mixin.py:190} INFO - [2025-04-17T06:02:15.507+0000] {dagbag.py:588} INFO - Filling up the DagBag from /home/airflow/.local/lib/python3.12/site-packages/airflow/example_dags/example_task_group_decorator.py
[2025-04-17T06:02:15.527+0000] {processor.py:925} INFO - DAG(s) 'example_task_group_decorator' retrieved from /home/airflow/.local/lib/python3.12/site-packages/airflow/example_dags/example_task_group_decorator.py
[2025-04-17T06:02:15.556+0000] {logging_mixin.py:190} INFO - [2025-04-17T06:02:15.556+0000] {dag.py:3239} INFO - Sync 1 DAGs
[2025-04-17T06:02:15.587+0000] {logging_mixin.py:190} INFO - [2025-04-17T06:02:15.586+0000] {dag.py:4180} INFO - Setting next_dagrun for example_task_group_decorator to None, run_after=None
[2025-04-17T06:02:15.627+0000] {processor.py:208} INFO - Processing /home/airflow/.local/lib/python3.12/site-packages/airflow/example_dags/example_task_group_decorator.py took 0.140 seconds
[2025-04-17T06:02:46.535+0000] {processor.py:186} INFO - Started process (PID=810) to work on /home/airflow/.local/lib/python3.12/site-packages/airflow/example_dags/example_task_group_decorator.py
[2025-04-17T06:02:46.537+0000] {processor.py:914} INFO - Processing file /home/airflow/.local/lib/python3.12/site-packages/airflow/example_dags/example_task_group_decorator.py for tasks to queue
[2025-04-17T06:02:46.540+0000] {logging_mixin.py:190} INFO - [2025-04-17T06:02:46.540+0000] {dagbag.py:588} INFO - Filling up the DagBag from /home/airflow/.local/lib/python3.12/site-packages/airflow/example_dags/example_task_group_decorator.py
[2025-04-17T06:02:46.555+0000] {processor.py:925} INFO - DAG(s) 'example_task_group_decorator' retrieved from /home/airflow/.local/lib/python3.12/site-packages/airflow/example_dags/example_task_group_decorator.py
[2025-04-17T06:02:46.588+0000] {logging_mixin.py:190} INFO - [2025-04-17T06:02:46.588+0000] {dag.py:3239} INFO - Sync 1 DAGs
[2025-04-17T06:02:46.610+0000] {logging_mixin.py:190} INFO - [2025-04-17T06:02:46.609+0000] {dag.py:4180} INFO - Setting next_dagrun for example_task_group_decorator to None, run_after=None
[2025-04-17T06:02:46.686+0000] {processor.py:208} INFO - Processing /home/airflow/.local/lib/python3.12/site-packages/airflow/example_dags/example_task_group_decorator.py took 0.158 seconds
[2025-04-17T06:03:17.506+0000] {processor.py:186} INFO - Started process (PID=873) to work on /home/airflow/.local/lib/python3.12/site-packages/airflow/example_dags/example_task_group_decorator.py
[2025-04-17T06:03:17.507+0000] {processor.py:914} INFO - Processing file /home/airflow/.local/lib/python3.12/site-packages/airflow/example_dags/example_task_group_decorator.py for tasks to queue
[2025-04-17T06:03:17.510+0000] {logging_mixin.py:190} INFO - [2025-04-17T06:03:17.510+0000] {dagbag.py:588} INFO - Filling up the DagBag from /home/airflow/.local/lib/python3.12/site-packages/airflow/example_dags/example_task_group_decorator.py
[2025-04-17T06:03:17.528+0000] {processor.py:925} INFO - DAG(s) 'example_task_group_decorator' retrieved from /home/airflow/.local/lib/python3.12/site-packages/airflow/example_dags/example_task_group_decorator.py
[2025-04-17T06:03:17.598+0000] {logging_mixin.py:190} INFO - [2025-04-17T06:03:17.598+0000] {dag.py:3239} INFO - Sync 1 DAGs
[2025-04-17T06:03:17.612+0000] {logging_mixin.py:190} INFO - [2025-04-17T06:03:17.612+0000] {dag.py:4180} INFO - Setting next_dagrun for example_task_group_decorator to None, run_after=None
[2025-04-17T06:03:17.632+0000] {processor.py:208} INFO - Processing /home/airflow/.local/lib/python3.12/site-packages/airflow/example_dags/example_task_group_decorator.py took 0.132 seconds
[2025-04-17T06:10:58.709+0000] {processor.py:186} INFO - Started process (PID=113) to work on /home/airflow/.local/lib/python3.12/site-packages/airflow/example_dags/example_task_group_decorator.py
[2025-04-17T06:10:58.714+0000] {processor.py:914} INFO - Processing file /home/airflow/.local/lib/python3.12/site-packages/airflow/example_dags/example_task_group_decorator.py for tasks to queue
[2025-04-17T06:10:58.719+0000] {logging_mixin.py:190} INFO - [2025-04-17T06:10:58.718+0000] {dagbag.py:588} INFO - Filling up the DagBag from /home/airflow/.local/lib/python3.12/site-packages/airflow/example_dags/example_task_group_decorator.py
[2025-04-17T06:10:58.768+0000] {processor.py:925} INFO - DAG(s) 'example_task_group_decorator' retrieved from /home/airflow/.local/lib/python3.12/site-packages/airflow/example_dags/example_task_group_decorator.py
[2025-04-17T06:10:58.849+0000] {logging_mixin.py:190} INFO - [2025-04-17T06:10:58.849+0000] {dag.py:3239} INFO - Sync 1 DAGs
[2025-04-17T06:10:58.894+0000] {logging_mixin.py:190} INFO - [2025-04-17T06:10:58.894+0000] {dag.py:4180} INFO - Setting next_dagrun for example_task_group_decorator to None, run_after=None
[2025-04-17T06:10:58.945+0000] {processor.py:208} INFO - Processing /home/airflow/.local/lib/python3.12/site-packages/airflow/example_dags/example_task_group_decorator.py took 0.253 seconds
[2025-04-17T06:11:30.070+0000] {processor.py:186} INFO - Started process (PID=176) to work on /home/airflow/.local/lib/python3.12/site-packages/airflow/example_dags/example_task_group_decorator.py
[2025-04-17T06:11:30.072+0000] {processor.py:914} INFO - Processing file /home/airflow/.local/lib/python3.12/site-packages/airflow/example_dags/example_task_group_decorator.py for tasks to queue
[2025-04-17T06:11:30.077+0000] {logging_mixin.py:190} INFO - [2025-04-17T06:11:30.076+0000] {dagbag.py:588} INFO - Filling up the DagBag from /home/airflow/.local/lib/python3.12/site-packages/airflow/example_dags/example_task_group_decorator.py
[2025-04-17T06:11:30.140+0000] {processor.py:925} INFO - DAG(s) 'example_task_group_decorator' retrieved from /home/airflow/.local/lib/python3.12/site-packages/airflow/example_dags/example_task_group_decorator.py
[2025-04-17T06:11:30.185+0000] {logging_mixin.py:190} INFO - [2025-04-17T06:11:30.185+0000] {dag.py:3239} INFO - Sync 1 DAGs
[2025-04-17T06:11:30.202+0000] {logging_mixin.py:190} INFO - [2025-04-17T06:11:30.202+0000] {dag.py:4180} INFO - Setting next_dagrun for example_task_group_decorator to None, run_after=None
[2025-04-17T06:11:30.230+0000] {processor.py:208} INFO - Processing /home/airflow/.local/lib/python3.12/site-packages/airflow/example_dags/example_task_group_decorator.py took 0.171 seconds
[2025-04-17T06:12:02.867+0000] {processor.py:186} INFO - Started process (PID=238) to work on /home/airflow/.local/lib/python3.12/site-packages/airflow/example_dags/example_task_group_decorator.py
[2025-04-17T06:12:02.869+0000] {processor.py:914} INFO - Processing file /home/airflow/.local/lib/python3.12/site-packages/airflow/example_dags/example_task_group_decorator.py for tasks to queue
[2025-04-17T06:12:02.874+0000] {logging_mixin.py:190} INFO - [2025-04-17T06:12:02.873+0000] {dagbag.py:588} INFO - Filling up the DagBag from /home/airflow/.local/lib/python3.12/site-packages/airflow/example_dags/example_task_group_decorator.py
[2025-04-17T06:12:02.920+0000] {processor.py:925} INFO - DAG(s) 'example_task_group_decorator' retrieved from /home/airflow/.local/lib/python3.12/site-packages/airflow/example_dags/example_task_group_decorator.py
[2025-04-17T06:12:02.985+0000] {logging_mixin.py:190} INFO - [2025-04-17T06:12:02.984+0000] {dag.py:3239} INFO - Sync 1 DAGs
[2025-04-17T06:12:03.033+0000] {logging_mixin.py:190} INFO - [2025-04-17T06:12:03.033+0000] {dag.py:4180} INFO - Setting next_dagrun for example_task_group_decorator to None, run_after=None
[2025-04-17T06:12:03.101+0000] {processor.py:208} INFO - Processing /home/airflow/.local/lib/python3.12/site-packages/airflow/example_dags/example_task_group_decorator.py took 0.249 seconds
[2025-04-17T06:12:35.543+0000] {processor.py:186} INFO - Started process (PID=301) to work on /home/airflow/.local/lib/python3.12/site-packages/airflow/example_dags/example_task_group_decorator.py
[2025-04-17T06:12:35.546+0000] {processor.py:914} INFO - Processing file /home/airflow/.local/lib/python3.12/site-packages/airflow/example_dags/example_task_group_decorator.py for tasks to queue
[2025-04-17T06:12:35.553+0000] {logging_mixin.py:190} INFO - [2025-04-17T06:12:35.552+0000] {dagbag.py:588} INFO - Filling up the DagBag from /home/airflow/.local/lib/python3.12/site-packages/airflow/example_dags/example_task_group_decorator.py
[2025-04-17T06:12:35.619+0000] {processor.py:925} INFO - DAG(s) 'example_task_group_decorator' retrieved from /home/airflow/.local/lib/python3.12/site-packages/airflow/example_dags/example_task_group_decorator.py
[2025-04-17T06:12:35.703+0000] {logging_mixin.py:190} INFO - [2025-04-17T06:12:35.702+0000] {dag.py:3239} INFO - Sync 1 DAGs
[2025-04-17T06:12:35.746+0000] {logging_mixin.py:190} INFO - [2025-04-17T06:12:35.745+0000] {dag.py:4180} INFO - Setting next_dagrun for example_task_group_decorator to None, run_after=None
[2025-04-17T06:12:35.794+0000] {processor.py:208} INFO - Processing /home/airflow/.local/lib/python3.12/site-packages/airflow/example_dags/example_task_group_decorator.py took 0.269 seconds
[2025-04-17T06:13:07.798+0000] {processor.py:186} INFO - Started process (PID=364) to work on /home/airflow/.local/lib/python3.12/site-packages/airflow/example_dags/example_task_group_decorator.py
[2025-04-17T06:13:07.801+0000] {processor.py:914} INFO - Processing file /home/airflow/.local/lib/python3.12/site-packages/airflow/example_dags/example_task_group_decorator.py for tasks to queue
[2025-04-17T06:13:07.808+0000] {logging_mixin.py:190} INFO - [2025-04-17T06:13:07.807+0000] {dagbag.py:588} INFO - Filling up the DagBag from /home/airflow/.local/lib/python3.12/site-packages/airflow/example_dags/example_task_group_decorator.py
[2025-04-17T06:13:07.859+0000] {processor.py:925} INFO - DAG(s) 'example_task_group_decorator' retrieved from /home/airflow/.local/lib/python3.12/site-packages/airflow/example_dags/example_task_group_decorator.py
[2025-04-17T06:13:07.919+0000] {logging_mixin.py:190} INFO - [2025-04-17T06:13:07.918+0000] {dag.py:3239} INFO - Sync 1 DAGs
[2025-04-17T06:13:07.948+0000] {logging_mixin.py:190} INFO - [2025-04-17T06:13:07.947+0000] {dag.py:4180} INFO - Setting next_dagrun for example_task_group_decorator to None, run_after=None
[2025-04-17T06:13:08.000+0000] {processor.py:208} INFO - Processing /home/airflow/.local/lib/python3.12/site-packages/airflow/example_dags/example_task_group_decorator.py took 0.217 seconds
[2025-04-17T06:13:43.515+0000] {processor.py:186} INFO - Started process (PID=433) to work on /home/airflow/.local/lib/python3.12/site-packages/airflow/example_dags/example_task_group_decorator.py
[2025-04-17T06:13:43.523+0000] {processor.py:914} INFO - Processing file /home/airflow/.local/lib/python3.12/site-packages/airflow/example_dags/example_task_group_decorator.py for tasks to queue
[2025-04-17T06:13:43.537+0000] {logging_mixin.py:190} INFO - [2025-04-17T06:13:43.536+0000] {dagbag.py:588} INFO - Filling up the DagBag from /home/airflow/.local/lib/python3.12/site-packages/airflow/example_dags/example_task_group_decorator.py
[2025-04-17T06:13:43.646+0000] {processor.py:925} INFO - DAG(s) 'example_task_group_decorator' retrieved from /home/airflow/.local/lib/python3.12/site-packages/airflow/example_dags/example_task_group_decorator.py
[2025-04-17T06:13:43.801+0000] {logging_mixin.py:190} INFO - [2025-04-17T06:13:43.800+0000] {dag.py:3239} INFO - Sync 1 DAGs
[2025-04-17T06:13:43.882+0000] {logging_mixin.py:190} INFO - [2025-04-17T06:13:43.881+0000] {dag.py:4180} INFO - Setting next_dagrun for example_task_group_decorator to None, run_after=None
[2025-04-17T06:13:43.999+0000] {processor.py:208} INFO - Processing /home/airflow/.local/lib/python3.12/site-packages/airflow/example_dags/example_task_group_decorator.py took 0.505 seconds
[2025-04-17T06:14:16.344+0000] {processor.py:186} INFO - Started process (PID=497) to work on /home/airflow/.local/lib/python3.12/site-packages/airflow/example_dags/example_task_group_decorator.py
[2025-04-17T06:14:16.347+0000] {processor.py:914} INFO - Processing file /home/airflow/.local/lib/python3.12/site-packages/airflow/example_dags/example_task_group_decorator.py for tasks to queue
[2025-04-17T06:14:16.355+0000] {logging_mixin.py:190} INFO - [2025-04-17T06:14:16.354+0000] {dagbag.py:588} INFO - Filling up the DagBag from /home/airflow/.local/lib/python3.12/site-packages/airflow/example_dags/example_task_group_decorator.py
[2025-04-17T06:14:16.408+0000] {processor.py:925} INFO - DAG(s) 'example_task_group_decorator' retrieved from /home/airflow/.local/lib/python3.12/site-packages/airflow/example_dags/example_task_group_decorator.py
[2025-04-17T06:14:16.541+0000] {logging_mixin.py:190} INFO - [2025-04-17T06:14:16.540+0000] {dag.py:3239} INFO - Sync 1 DAGs
[2025-04-17T06:14:16.632+0000] {logging_mixin.py:190} INFO - [2025-04-17T06:14:16.631+0000] {dag.py:4180} INFO - Setting next_dagrun for example_task_group_decorator to None, run_after=None
[2025-04-17T06:14:16.703+0000] {processor.py:208} INFO - Processing /home/airflow/.local/lib/python3.12/site-packages/airflow/example_dags/example_task_group_decorator.py took 0.380 seconds
[2025-04-17T06:14:50.464+0000] {processor.py:186} INFO - Started process (PID=560) to work on /home/airflow/.local/lib/python3.12/site-packages/airflow/example_dags/example_task_group_decorator.py
[2025-04-17T06:14:50.467+0000] {processor.py:914} INFO - Processing file /home/airflow/.local/lib/python3.12/site-packages/airflow/example_dags/example_task_group_decorator.py for tasks to queue
[2025-04-17T06:14:50.474+0000] {logging_mixin.py:190} INFO - [2025-04-17T06:14:50.473+0000] {dagbag.py:588} INFO - Filling up the DagBag from /home/airflow/.local/lib/python3.12/site-packages/airflow/example_dags/example_task_group_decorator.py
[2025-04-17T06:14:50.513+0000] {processor.py:925} INFO - DAG(s) 'example_task_group_decorator' retrieved from /home/airflow/.local/lib/python3.12/site-packages/airflow/example_dags/example_task_group_decorator.py
[2025-04-17T06:14:50.594+0000] {logging_mixin.py:190} INFO - [2025-04-17T06:14:50.594+0000] {dag.py:3239} INFO - Sync 1 DAGs
[2025-04-17T06:14:50.632+0000] {logging_mixin.py:190} INFO - [2025-04-17T06:14:50.631+0000] {dag.py:4180} INFO - Setting next_dagrun for example_task_group_decorator to None, run_after=None
[2025-04-17T06:14:50.699+0000] {processor.py:208} INFO - Processing /home/airflow/.local/lib/python3.12/site-packages/airflow/example_dags/example_task_group_decorator.py took 0.250 seconds
[2025-04-17T06:15:24.787+0000] {processor.py:186} INFO - Started process (PID=623) to work on /home/airflow/.local/lib/python3.12/site-packages/airflow/example_dags/example_task_group_decorator.py
[2025-04-17T06:15:24.791+0000] {processor.py:914} INFO - Processing file /home/airflow/.local/lib/python3.12/site-packages/airflow/example_dags/example_task_group_decorator.py for tasks to queue
[2025-04-17T06:15:24.798+0000] {logging_mixin.py:190} INFO - [2025-04-17T06:15:24.797+0000] {dagbag.py:588} INFO - Filling up the DagBag from /home/airflow/.local/lib/python3.12/site-packages/airflow/example_dags/example_task_group_decorator.py
[2025-04-17T06:15:24.857+0000] {processor.py:925} INFO - DAG(s) 'example_task_group_decorator' retrieved from /home/airflow/.local/lib/python3.12/site-packages/airflow/example_dags/example_task_group_decorator.py
[2025-04-17T06:15:24.935+0000] {logging_mixin.py:190} INFO - [2025-04-17T06:15:24.933+0000] {dag.py:3239} INFO - Sync 1 DAGs
[2025-04-17T06:15:24.980+0000] {logging_mixin.py:190} INFO - [2025-04-17T06:15:24.980+0000] {dag.py:4180} INFO - Setting next_dagrun for example_task_group_decorator to None, run_after=None
[2025-04-17T06:15:25.026+0000] {processor.py:208} INFO - Processing /home/airflow/.local/lib/python3.12/site-packages/airflow/example_dags/example_task_group_decorator.py took 0.256 seconds
[2025-04-17T06:15:55.813+0000] {processor.py:186} INFO - Started process (PID=686) to work on /home/airflow/.local/lib/python3.12/site-packages/airflow/example_dags/example_task_group_decorator.py
[2025-04-17T06:15:55.815+0000] {processor.py:914} INFO - Processing file /home/airflow/.local/lib/python3.12/site-packages/airflow/example_dags/example_task_group_decorator.py for tasks to queue
[2025-04-17T06:15:55.819+0000] {logging_mixin.py:190} INFO - [2025-04-17T06:15:55.818+0000] {dagbag.py:588} INFO - Filling up the DagBag from /home/airflow/.local/lib/python3.12/site-packages/airflow/example_dags/example_task_group_decorator.py
[2025-04-17T06:15:55.845+0000] {processor.py:925} INFO - DAG(s) 'example_task_group_decorator' retrieved from /home/airflow/.local/lib/python3.12/site-packages/airflow/example_dags/example_task_group_decorator.py
[2025-04-17T06:15:55.888+0000] {logging_mixin.py:190} INFO - [2025-04-17T06:15:55.888+0000] {dag.py:3239} INFO - Sync 1 DAGs
[2025-04-17T06:15:55.908+0000] {logging_mixin.py:190} INFO - [2025-04-17T06:15:55.908+0000] {dag.py:4180} INFO - Setting next_dagrun for example_task_group_decorator to None, run_after=None
[2025-04-17T06:15:55.939+0000] {processor.py:208} INFO - Processing /home/airflow/.local/lib/python3.12/site-packages/airflow/example_dags/example_task_group_decorator.py took 0.142 seconds
[2025-04-17T06:16:26.927+0000] {processor.py:186} INFO - Started process (PID=749) to work on /home/airflow/.local/lib/python3.12/site-packages/airflow/example_dags/example_task_group_decorator.py
[2025-04-17T06:16:26.929+0000] {processor.py:914} INFO - Processing file /home/airflow/.local/lib/python3.12/site-packages/airflow/example_dags/example_task_group_decorator.py for tasks to queue
[2025-04-17T06:16:26.933+0000] {logging_mixin.py:190} INFO - [2025-04-17T06:16:26.933+0000] {dagbag.py:588} INFO - Filling up the DagBag from /home/airflow/.local/lib/python3.12/site-packages/airflow/example_dags/example_task_group_decorator.py
[2025-04-17T06:16:26.957+0000] {processor.py:925} INFO - DAG(s) 'example_task_group_decorator' retrieved from /home/airflow/.local/lib/python3.12/site-packages/airflow/example_dags/example_task_group_decorator.py
[2025-04-17T06:16:27.010+0000] {logging_mixin.py:190} INFO - [2025-04-17T06:16:27.009+0000] {dag.py:3239} INFO - Sync 1 DAGs
[2025-04-17T06:16:27.040+0000] {logging_mixin.py:190} INFO - [2025-04-17T06:16:27.040+0000] {dag.py:4180} INFO - Setting next_dagrun for example_task_group_decorator to None, run_after=None
[2025-04-17T06:16:27.082+0000] {processor.py:208} INFO - Processing /home/airflow/.local/lib/python3.12/site-packages/airflow/example_dags/example_task_group_decorator.py took 0.165 seconds
[2025-04-17T06:16:59.068+0000] {processor.py:186} INFO - Started process (PID=812) to work on /home/airflow/.local/lib/python3.12/site-packages/airflow/example_dags/example_task_group_decorator.py
[2025-04-17T06:16:59.084+0000] {processor.py:914} INFO - Processing file /home/airflow/.local/lib/python3.12/site-packages/airflow/example_dags/example_task_group_decorator.py for tasks to queue
[2025-04-17T06:16:59.103+0000] {logging_mixin.py:190} INFO - [2025-04-17T06:16:59.101+0000] {dagbag.py:588} INFO - Filling up the DagBag from /home/airflow/.local/lib/python3.12/site-packages/airflow/example_dags/example_task_group_decorator.py
[2025-04-17T06:16:59.225+0000] {processor.py:925} INFO - DAG(s) 'example_task_group_decorator' retrieved from /home/airflow/.local/lib/python3.12/site-packages/airflow/example_dags/example_task_group_decorator.py
[2025-04-17T06:16:59.353+0000] {logging_mixin.py:190} INFO - [2025-04-17T06:16:59.352+0000] {dag.py:3239} INFO - Sync 1 DAGs
[2025-04-17T06:16:59.413+0000] {logging_mixin.py:190} INFO - [2025-04-17T06:16:59.412+0000] {dag.py:4180} INFO - Setting next_dagrun for example_task_group_decorator to None, run_after=None
[2025-04-17T06:16:59.510+0000] {processor.py:208} INFO - Processing /home/airflow/.local/lib/python3.12/site-packages/airflow/example_dags/example_task_group_decorator.py took 0.485 seconds
