[2025-04-17T05:56:59.506+0000] {processor.py:186} INFO - Started process (PID=117) to work on /home/airflow/.local/lib/python3.12/site-packages/airflow/example_dags/example_params_trigger_ui.py
[2025-04-17T05:56:59.508+0000] {processor.py:914} INFO - Processing file /home/airflow/.local/lib/python3.12/site-packages/airflow/example_dags/example_params_trigger_ui.py for tasks to queue
[2025-04-17T05:56:59.514+0000] {logging_mixin.py:190} INFO - [2025-04-17T05:56:59.514+0000] {dagbag.py:588} INFO - Filling up the DagBag from /home/airflow/.local/lib/python3.12/site-packages/airflow/example_dags/example_params_trigger_ui.py
[2025-04-17T05:56:59.537+0000] {processor.py:925} INFO - DAG(s) 'example_params_trigger_ui' retrieved from /home/airflow/.local/lib/python3.12/site-packages/airflow/example_dags/example_params_trigger_ui.py
[2025-04-17T05:56:59.753+0000] {logging_mixin.py:190} INFO - [2025-04-17T05:56:59.751+0000] {override.py:1912} INFO - Created Permission View: can delete on DAG:example_params_trigger_ui
[2025-04-17T05:56:59.769+0000] {logging_mixin.py:190} INFO - [2025-04-17T05:56:59.768+0000] {override.py:1912} INFO - Created Permission View: can edit on DAG:example_params_trigger_ui
[2025-04-17T05:56:59.780+0000] {logging_mixin.py:190} INFO - [2025-04-17T05:56:59.780+0000] {override.py:1912} INFO - Created Permission View: can read on DAG:example_params_trigger_ui
[2025-04-17T05:56:59.792+0000] {logging_mixin.py:190} INFO - [2025-04-17T05:56:59.791+0000] {override.py:1912} INFO - Created Permission View: can delete on DAG Run:example_params_trigger_ui
[2025-04-17T05:56:59.803+0000] {logging_mixin.py:190} INFO - [2025-04-17T05:56:59.803+0000] {override.py:1912} INFO - Created Permission View: can read on DAG Run:example_params_trigger_ui
[2025-04-17T05:56:59.815+0000] {logging_mixin.py:190} INFO - [2025-04-17T05:56:59.814+0000] {override.py:1912} INFO - Created Permission View: can create on DAG Run:example_params_trigger_ui
[2025-04-17T05:56:59.827+0000] {logging_mixin.py:190} INFO - [2025-04-17T05:56:59.826+0000] {override.py:1912} INFO - Created Permission View: menu access on DAG Run:example_params_trigger_ui
[2025-04-17T05:56:59.828+0000] {logging_mixin.py:190} INFO - [2025-04-17T05:56:59.827+0000] {dag.py:3239} INFO - Sync 1 DAGs
[2025-04-17T05:56:59.847+0000] {logging_mixin.py:190} INFO - [2025-04-17T05:56:59.847+0000] {dag.py:3262} INFO - Creating ORM DAG for example_params_trigger_ui
[2025-04-17T05:56:59.849+0000] {logging_mixin.py:190} INFO - [2025-04-17T05:56:59.849+0000] {dag.py:4180} INFO - Setting next_dagrun for example_params_trigger_ui to None, run_after=None
[2025-04-17T05:56:59.882+0000] {processor.py:208} INFO - Processing /home/airflow/.local/lib/python3.12/site-packages/airflow/example_dags/example_params_trigger_ui.py took 0.384 seconds
[2025-04-17T05:57:31.177+0000] {processor.py:186} INFO - Started process (PID=180) to work on /home/airflow/.local/lib/python3.12/site-packages/airflow/example_dags/example_params_trigger_ui.py
[2025-04-17T05:57:31.179+0000] {processor.py:914} INFO - Processing file /home/airflow/.local/lib/python3.12/site-packages/airflow/example_dags/example_params_trigger_ui.py for tasks to queue
[2025-04-17T05:57:31.182+0000] {logging_mixin.py:190} INFO - [2025-04-17T05:57:31.181+0000] {dagbag.py:588} INFO - Filling up the DagBag from /home/airflow/.local/lib/python3.12/site-packages/airflow/example_dags/example_params_trigger_ui.py
[2025-04-17T05:57:31.192+0000] {processor.py:925} INFO - DAG(s) 'example_params_trigger_ui' retrieved from /home/airflow/.local/lib/python3.12/site-packages/airflow/example_dags/example_params_trigger_ui.py
[2025-04-17T05:57:31.235+0000] {logging_mixin.py:190} INFO - [2025-04-17T05:57:31.235+0000] {dag.py:3239} INFO - Sync 1 DAGs
[2025-04-17T05:57:31.253+0000] {logging_mixin.py:190} INFO - [2025-04-17T05:57:31.253+0000] {dag.py:4180} INFO - Setting next_dagrun for example_params_trigger_ui to None, run_after=None
[2025-04-17T05:57:31.282+0000] {processor.py:208} INFO - Processing /home/airflow/.local/lib/python3.12/site-packages/airflow/example_dags/example_params_trigger_ui.py took 0.110 seconds
[2025-04-17T05:58:04.520+0000] {processor.py:186} INFO - Started process (PID=243) to work on /home/airflow/.local/lib/python3.12/site-packages/airflow/example_dags/example_params_trigger_ui.py
[2025-04-17T05:58:04.522+0000] {processor.py:914} INFO - Processing file /home/airflow/.local/lib/python3.12/site-packages/airflow/example_dags/example_params_trigger_ui.py for tasks to queue
[2025-04-17T05:58:04.529+0000] {logging_mixin.py:190} INFO - [2025-04-17T05:58:04.528+0000] {dagbag.py:588} INFO - Filling up the DagBag from /home/airflow/.local/lib/python3.12/site-packages/airflow/example_dags/example_params_trigger_ui.py
[2025-04-17T05:58:04.557+0000] {processor.py:925} INFO - DAG(s) 'example_params_trigger_ui' retrieved from /home/airflow/.local/lib/python3.12/site-packages/airflow/example_dags/example_params_trigger_ui.py
[2025-04-17T05:58:04.641+0000] {logging_mixin.py:190} INFO - [2025-04-17T05:58:04.640+0000] {dag.py:3239} INFO - Sync 1 DAGs
[2025-04-17T05:58:04.665+0000] {logging_mixin.py:190} INFO - [2025-04-17T05:58:04.665+0000] {dag.py:4180} INFO - Setting next_dagrun for example_params_trigger_ui to None, run_after=None
[2025-04-17T05:58:04.705+0000] {processor.py:208} INFO - Processing /home/airflow/.local/lib/python3.12/site-packages/airflow/example_dags/example_params_trigger_ui.py took 0.193 seconds
[2025-04-17T05:58:35.676+0000] {processor.py:186} INFO - Started process (PID=306) to work on /home/airflow/.local/lib/python3.12/site-packages/airflow/example_dags/example_params_trigger_ui.py
[2025-04-17T05:58:35.678+0000] {processor.py:914} INFO - Processing file /home/airflow/.local/lib/python3.12/site-packages/airflow/example_dags/example_params_trigger_ui.py for tasks to queue
[2025-04-17T05:58:35.683+0000] {logging_mixin.py:190} INFO - [2025-04-17T05:58:35.683+0000] {dagbag.py:588} INFO - Filling up the DagBag from /home/airflow/.local/lib/python3.12/site-packages/airflow/example_dags/example_params_trigger_ui.py
[2025-04-17T05:58:35.703+0000] {processor.py:925} INFO - DAG(s) 'example_params_trigger_ui' retrieved from /home/airflow/.local/lib/python3.12/site-packages/airflow/example_dags/example_params_trigger_ui.py
[2025-04-17T05:58:35.778+0000] {logging_mixin.py:190} INFO - [2025-04-17T05:58:35.777+0000] {dag.py:3239} INFO - Sync 1 DAGs
[2025-04-17T05:58:35.804+0000] {logging_mixin.py:190} INFO - [2025-04-17T05:58:35.803+0000] {dag.py:4180} INFO - Setting next_dagrun for example_params_trigger_ui to None, run_after=None
[2025-04-17T05:58:35.841+0000] {processor.py:208} INFO - Processing /home/airflow/.local/lib/python3.12/site-packages/airflow/example_dags/example_params_trigger_ui.py took 0.180 seconds
[2025-04-17T05:59:06.132+0000] {processor.py:186} INFO - Started process (PID=369) to work on /home/airflow/.local/lib/python3.12/site-packages/airflow/example_dags/example_params_trigger_ui.py
[2025-04-17T05:59:06.133+0000] {processor.py:914} INFO - Processing file /home/airflow/.local/lib/python3.12/site-packages/airflow/example_dags/example_params_trigger_ui.py for tasks to queue
[2025-04-17T05:59:06.135+0000] {logging_mixin.py:190} INFO - [2025-04-17T05:59:06.135+0000] {dagbag.py:588} INFO - Filling up the DagBag from /home/airflow/.local/lib/python3.12/site-packages/airflow/example_dags/example_params_trigger_ui.py
[2025-04-17T05:59:06.145+0000] {processor.py:925} INFO - DAG(s) 'example_params_trigger_ui' retrieved from /home/airflow/.local/lib/python3.12/site-packages/airflow/example_dags/example_params_trigger_ui.py
[2025-04-17T05:59:06.187+0000] {logging_mixin.py:190} INFO - [2025-04-17T05:59:06.187+0000] {dag.py:3239} INFO - Sync 1 DAGs
[2025-04-17T05:59:06.201+0000] {logging_mixin.py:190} INFO - [2025-04-17T05:59:06.201+0000] {dag.py:4180} INFO - Setting next_dagrun for example_params_trigger_ui to None, run_after=None
[2025-04-17T05:59:06.233+0000] {processor.py:208} INFO - Processing /home/airflow/.local/lib/python3.12/site-packages/airflow/example_dags/example_params_trigger_ui.py took 0.107 seconds
[2025-04-17T05:59:37.209+0000] {processor.py:186} INFO - Started process (PID=431) to work on /home/airflow/.local/lib/python3.12/site-packages/airflow/example_dags/example_params_trigger_ui.py
[2025-04-17T05:59:37.211+0000] {processor.py:914} INFO - Processing file /home/airflow/.local/lib/python3.12/site-packages/airflow/example_dags/example_params_trigger_ui.py for tasks to queue
[2025-04-17T05:59:37.215+0000] {logging_mixin.py:190} INFO - [2025-04-17T05:59:37.214+0000] {dagbag.py:588} INFO - Filling up the DagBag from /home/airflow/.local/lib/python3.12/site-packages/airflow/example_dags/example_params_trigger_ui.py
[2025-04-17T05:59:37.228+0000] {processor.py:925} INFO - DAG(s) 'example_params_trigger_ui' retrieved from /home/airflow/.local/lib/python3.12/site-packages/airflow/example_dags/example_params_trigger_ui.py
[2025-04-17T05:59:37.291+0000] {logging_mixin.py:190} INFO - [2025-04-17T05:59:37.290+0000] {dag.py:3239} INFO - Sync 1 DAGs
[2025-04-17T05:59:37.315+0000] {logging_mixin.py:190} INFO - [2025-04-17T05:59:37.315+0000] {dag.py:4180} INFO - Setting next_dagrun for example_params_trigger_ui to None, run_after=None
[2025-04-17T05:59:37.347+0000] {processor.py:208} INFO - Processing /home/airflow/.local/lib/python3.12/site-packages/airflow/example_dags/example_params_trigger_ui.py took 0.145 seconds
[2025-04-17T06:00:08.319+0000] {processor.py:186} INFO - Started process (PID=494) to work on /home/airflow/.local/lib/python3.12/site-packages/airflow/example_dags/example_params_trigger_ui.py
[2025-04-17T06:00:08.321+0000] {processor.py:914} INFO - Processing file /home/airflow/.local/lib/python3.12/site-packages/airflow/example_dags/example_params_trigger_ui.py for tasks to queue
[2025-04-17T06:00:08.325+0000] {logging_mixin.py:190} INFO - [2025-04-17T06:00:08.325+0000] {dagbag.py:588} INFO - Filling up the DagBag from /home/airflow/.local/lib/python3.12/site-packages/airflow/example_dags/example_params_trigger_ui.py
[2025-04-17T06:00:08.337+0000] {processor.py:925} INFO - DAG(s) 'example_params_trigger_ui' retrieved from /home/airflow/.local/lib/python3.12/site-packages/airflow/example_dags/example_params_trigger_ui.py
[2025-04-17T06:00:08.379+0000] {logging_mixin.py:190} INFO - [2025-04-17T06:00:08.379+0000] {dag.py:3239} INFO - Sync 1 DAGs
[2025-04-17T06:00:08.394+0000] {logging_mixin.py:190} INFO - [2025-04-17T06:00:08.393+0000] {dag.py:4180} INFO - Setting next_dagrun for example_params_trigger_ui to None, run_after=None
[2025-04-17T06:00:08.414+0000] {processor.py:208} INFO - Processing /home/airflow/.local/lib/python3.12/site-packages/airflow/example_dags/example_params_trigger_ui.py took 0.104 seconds
[2025-04-17T06:00:40.270+0000] {processor.py:186} INFO - Started process (PID=557) to work on /home/airflow/.local/lib/python3.12/site-packages/airflow/example_dags/example_params_trigger_ui.py
[2025-04-17T06:00:40.272+0000] {processor.py:914} INFO - Processing file /home/airflow/.local/lib/python3.12/site-packages/airflow/example_dags/example_params_trigger_ui.py for tasks to queue
[2025-04-17T06:00:40.277+0000] {logging_mixin.py:190} INFO - [2025-04-17T06:00:40.277+0000] {dagbag.py:588} INFO - Filling up the DagBag from /home/airflow/.local/lib/python3.12/site-packages/airflow/example_dags/example_params_trigger_ui.py
[2025-04-17T06:00:40.295+0000] {processor.py:925} INFO - DAG(s) 'example_params_trigger_ui' retrieved from /home/airflow/.local/lib/python3.12/site-packages/airflow/example_dags/example_params_trigger_ui.py
[2025-04-17T06:00:40.334+0000] {logging_mixin.py:190} INFO - [2025-04-17T06:00:40.334+0000] {dag.py:3239} INFO - Sync 1 DAGs
[2025-04-17T06:00:40.348+0000] {logging_mixin.py:190} INFO - [2025-04-17T06:00:40.348+0000] {dag.py:4180} INFO - Setting next_dagrun for example_params_trigger_ui to None, run_after=None
[2025-04-17T06:00:40.372+0000] {processor.py:208} INFO - Processing /home/airflow/.local/lib/python3.12/site-packages/airflow/example_dags/example_params_trigger_ui.py took 0.115 seconds
[2025-04-17T06:01:12.599+0000] {processor.py:186} INFO - Started process (PID=620) to work on /home/airflow/.local/lib/python3.12/site-packages/airflow/example_dags/example_params_trigger_ui.py
[2025-04-17T06:01:12.603+0000] {processor.py:914} INFO - Processing file /home/airflow/.local/lib/python3.12/site-packages/airflow/example_dags/example_params_trigger_ui.py for tasks to queue
[2025-04-17T06:01:12.606+0000] {logging_mixin.py:190} INFO - [2025-04-17T06:01:12.606+0000] {dagbag.py:588} INFO - Filling up the DagBag from /home/airflow/.local/lib/python3.12/site-packages/airflow/example_dags/example_params_trigger_ui.py
[2025-04-17T06:01:12.619+0000] {processor.py:925} INFO - DAG(s) 'example_params_trigger_ui' retrieved from /home/airflow/.local/lib/python3.12/site-packages/airflow/example_dags/example_params_trigger_ui.py
[2025-04-17T06:01:12.669+0000] {logging_mixin.py:190} INFO - [2025-04-17T06:01:12.668+0000] {dag.py:3239} INFO - Sync 1 DAGs
[2025-04-17T06:01:12.686+0000] {logging_mixin.py:190} INFO - [2025-04-17T06:01:12.686+0000] {dag.py:4180} INFO - Setting next_dagrun for example_params_trigger_ui to None, run_after=None
[2025-04-17T06:01:12.719+0000] {processor.py:208} INFO - Processing /home/airflow/.local/lib/python3.12/site-packages/airflow/example_dags/example_params_trigger_ui.py took 0.129 seconds
[2025-04-17T06:01:45.344+0000] {processor.py:186} INFO - Started process (PID=689) to work on /home/airflow/.local/lib/python3.12/site-packages/airflow/example_dags/example_params_trigger_ui.py
[2025-04-17T06:01:45.346+0000] {processor.py:914} INFO - Processing file /home/airflow/.local/lib/python3.12/site-packages/airflow/example_dags/example_params_trigger_ui.py for tasks to queue
[2025-04-17T06:01:45.350+0000] {logging_mixin.py:190} INFO - [2025-04-17T06:01:45.350+0000] {dagbag.py:588} INFO - Filling up the DagBag from /home/airflow/.local/lib/python3.12/site-packages/airflow/example_dags/example_params_trigger_ui.py
[2025-04-17T06:01:45.363+0000] {processor.py:925} INFO - DAG(s) 'example_params_trigger_ui' retrieved from /home/airflow/.local/lib/python3.12/site-packages/airflow/example_dags/example_params_trigger_ui.py
[2025-04-17T06:01:45.400+0000] {logging_mixin.py:190} INFO - [2025-04-17T06:01:45.400+0000] {dag.py:3239} INFO - Sync 1 DAGs
[2025-04-17T06:01:45.420+0000] {logging_mixin.py:190} INFO - [2025-04-17T06:01:45.420+0000] {dag.py:4180} INFO - Setting next_dagrun for example_params_trigger_ui to None, run_after=None
[2025-04-17T06:01:45.462+0000] {processor.py:208} INFO - Processing /home/airflow/.local/lib/python3.12/site-packages/airflow/example_dags/example_params_trigger_ui.py took 0.125 seconds
[2025-04-17T06:02:16.176+0000] {processor.py:186} INFO - Started process (PID=752) to work on /home/airflow/.local/lib/python3.12/site-packages/airflow/example_dags/example_params_trigger_ui.py
[2025-04-17T06:02:16.179+0000] {processor.py:914} INFO - Processing file /home/airflow/.local/lib/python3.12/site-packages/airflow/example_dags/example_params_trigger_ui.py for tasks to queue
[2025-04-17T06:02:16.186+0000] {logging_mixin.py:190} INFO - [2025-04-17T06:02:16.185+0000] {dagbag.py:588} INFO - Filling up the DagBag from /home/airflow/.local/lib/python3.12/site-packages/airflow/example_dags/example_params_trigger_ui.py
[2025-04-17T06:02:16.196+0000] {processor.py:925} INFO - DAG(s) 'example_params_trigger_ui' retrieved from /home/airflow/.local/lib/python3.12/site-packages/airflow/example_dags/example_params_trigger_ui.py
[2025-04-17T06:02:16.239+0000] {logging_mixin.py:190} INFO - [2025-04-17T06:02:16.239+0000] {dag.py:3239} INFO - Sync 1 DAGs
[2025-04-17T06:02:16.254+0000] {logging_mixin.py:190} INFO - [2025-04-17T06:02:16.254+0000] {dag.py:4180} INFO - Setting next_dagrun for example_params_trigger_ui to None, run_after=None
[2025-04-17T06:02:16.287+0000] {processor.py:208} INFO - Processing /home/airflow/.local/lib/python3.12/site-packages/airflow/example_dags/example_params_trigger_ui.py took 0.118 seconds
[2025-04-17T06:02:47.053+0000] {processor.py:186} INFO - Started process (PID=815) to work on /home/airflow/.local/lib/python3.12/site-packages/airflow/example_dags/example_params_trigger_ui.py
[2025-04-17T06:02:47.057+0000] {processor.py:914} INFO - Processing file /home/airflow/.local/lib/python3.12/site-packages/airflow/example_dags/example_params_trigger_ui.py for tasks to queue
[2025-04-17T06:02:47.066+0000] {logging_mixin.py:190} INFO - [2025-04-17T06:02:47.064+0000] {dagbag.py:588} INFO - Filling up the DagBag from /home/airflow/.local/lib/python3.12/site-packages/airflow/example_dags/example_params_trigger_ui.py
[2025-04-17T06:02:47.093+0000] {processor.py:925} INFO - DAG(s) 'example_params_trigger_ui' retrieved from /home/airflow/.local/lib/python3.12/site-packages/airflow/example_dags/example_params_trigger_ui.py
[2025-04-17T06:02:47.155+0000] {logging_mixin.py:190} INFO - [2025-04-17T06:02:47.155+0000] {dag.py:3239} INFO - Sync 1 DAGs
[2025-04-17T06:02:47.173+0000] {logging_mixin.py:190} INFO - [2025-04-17T06:02:47.173+0000] {dag.py:4180} INFO - Setting next_dagrun for example_params_trigger_ui to None, run_after=None
[2025-04-17T06:02:47.197+0000] {processor.py:208} INFO - Processing /home/airflow/.local/lib/python3.12/site-packages/airflow/example_dags/example_params_trigger_ui.py took 0.165 seconds
[2025-04-17T06:03:18.161+0000] {processor.py:186} INFO - Started process (PID=878) to work on /home/airflow/.local/lib/python3.12/site-packages/airflow/example_dags/example_params_trigger_ui.py
[2025-04-17T06:03:18.162+0000] {processor.py:914} INFO - Processing file /home/airflow/.local/lib/python3.12/site-packages/airflow/example_dags/example_params_trigger_ui.py for tasks to queue
[2025-04-17T06:03:18.165+0000] {logging_mixin.py:190} INFO - [2025-04-17T06:03:18.165+0000] {dagbag.py:588} INFO - Filling up the DagBag from /home/airflow/.local/lib/python3.12/site-packages/airflow/example_dags/example_params_trigger_ui.py
[2025-04-17T06:03:18.175+0000] {processor.py:925} INFO - DAG(s) 'example_params_trigger_ui' retrieved from /home/airflow/.local/lib/python3.12/site-packages/airflow/example_dags/example_params_trigger_ui.py
[2025-04-17T06:03:18.209+0000] {logging_mixin.py:190} INFO - [2025-04-17T06:03:18.209+0000] {dag.py:3239} INFO - Sync 1 DAGs
[2025-04-17T06:03:18.222+0000] {logging_mixin.py:190} INFO - [2025-04-17T06:03:18.221+0000] {dag.py:4180} INFO - Setting next_dagrun for example_params_trigger_ui to None, run_after=None
[2025-04-17T06:03:18.242+0000] {processor.py:208} INFO - Processing /home/airflow/.local/lib/python3.12/site-packages/airflow/example_dags/example_params_trigger_ui.py took 0.088 seconds
[2025-04-17T06:11:00.279+0000] {processor.py:186} INFO - Started process (PID=119) to work on /home/airflow/.local/lib/python3.12/site-packages/airflow/example_dags/example_params_trigger_ui.py
[2025-04-17T06:11:00.283+0000] {processor.py:914} INFO - Processing file /home/airflow/.local/lib/python3.12/site-packages/airflow/example_dags/example_params_trigger_ui.py for tasks to queue
[2025-04-17T06:11:00.291+0000] {logging_mixin.py:190} INFO - [2025-04-17T06:11:00.289+0000] {dagbag.py:588} INFO - Filling up the DagBag from /home/airflow/.local/lib/python3.12/site-packages/airflow/example_dags/example_params_trigger_ui.py
[2025-04-17T06:11:00.317+0000] {processor.py:925} INFO - DAG(s) 'example_params_trigger_ui' retrieved from /home/airflow/.local/lib/python3.12/site-packages/airflow/example_dags/example_params_trigger_ui.py
[2025-04-17T06:11:00.475+0000] {logging_mixin.py:190} INFO - [2025-04-17T06:11:00.475+0000] {dag.py:3239} INFO - Sync 1 DAGs
[2025-04-17T06:11:00.528+0000] {logging_mixin.py:190} INFO - [2025-04-17T06:11:00.527+0000] {dag.py:4180} INFO - Setting next_dagrun for example_params_trigger_ui to None, run_after=None
[2025-04-17T06:11:00.622+0000] {processor.py:208} INFO - Processing /home/airflow/.local/lib/python3.12/site-packages/airflow/example_dags/example_params_trigger_ui.py took 0.356 seconds
[2025-04-17T06:11:31.672+0000] {processor.py:186} INFO - Started process (PID=182) to work on /home/airflow/.local/lib/python3.12/site-packages/airflow/example_dags/example_params_trigger_ui.py
[2025-04-17T06:11:31.673+0000] {processor.py:914} INFO - Processing file /home/airflow/.local/lib/python3.12/site-packages/airflow/example_dags/example_params_trigger_ui.py for tasks to queue
[2025-04-17T06:11:31.678+0000] {logging_mixin.py:190} INFO - [2025-04-17T06:11:31.677+0000] {dagbag.py:588} INFO - Filling up the DagBag from /home/airflow/.local/lib/python3.12/site-packages/airflow/example_dags/example_params_trigger_ui.py
[2025-04-17T06:11:31.688+0000] {processor.py:925} INFO - DAG(s) 'example_params_trigger_ui' retrieved from /home/airflow/.local/lib/python3.12/site-packages/airflow/example_dags/example_params_trigger_ui.py
[2025-04-17T06:11:31.747+0000] {logging_mixin.py:190} INFO - [2025-04-17T06:11:31.747+0000] {dag.py:3239} INFO - Sync 1 DAGs
[2025-04-17T06:11:31.767+0000] {logging_mixin.py:190} INFO - [2025-04-17T06:11:31.767+0000] {dag.py:4180} INFO - Setting next_dagrun for example_params_trigger_ui to None, run_after=None
[2025-04-17T06:11:31.803+0000] {processor.py:208} INFO - Processing /home/airflow/.local/lib/python3.12/site-packages/airflow/example_dags/example_params_trigger_ui.py took 0.148 seconds
[2025-04-17T06:12:04.021+0000] {processor.py:186} INFO - Started process (PID=243) to work on /home/airflow/.local/lib/python3.12/site-packages/airflow/example_dags/example_params_trigger_ui.py
[2025-04-17T06:12:04.026+0000] {processor.py:914} INFO - Processing file /home/airflow/.local/lib/python3.12/site-packages/airflow/example_dags/example_params_trigger_ui.py for tasks to queue
[2025-04-17T06:12:04.040+0000] {logging_mixin.py:190} INFO - [2025-04-17T06:12:04.038+0000] {dagbag.py:588} INFO - Filling up the DagBag from /home/airflow/.local/lib/python3.12/site-packages/airflow/example_dags/example_params_trigger_ui.py
[2025-04-17T06:12:04.120+0000] {processor.py:925} INFO - DAG(s) 'example_params_trigger_ui' retrieved from /home/airflow/.local/lib/python3.12/site-packages/airflow/example_dags/example_params_trigger_ui.py
[2025-04-17T06:12:04.185+0000] {logging_mixin.py:190} INFO - [2025-04-17T06:12:04.184+0000] {dag.py:3239} INFO - Sync 1 DAGs
[2025-04-17T06:12:04.207+0000] {logging_mixin.py:190} INFO - [2025-04-17T06:12:04.206+0000] {dag.py:4180} INFO - Setting next_dagrun for example_params_trigger_ui to None, run_after=None
[2025-04-17T06:12:04.278+0000] {processor.py:208} INFO - Processing /home/airflow/.local/lib/python3.12/site-packages/airflow/example_dags/example_params_trigger_ui.py took 0.284 seconds
[2025-04-17T06:12:36.495+0000] {processor.py:186} INFO - Started process (PID=306) to work on /home/airflow/.local/lib/python3.12/site-packages/airflow/example_dags/example_params_trigger_ui.py
[2025-04-17T06:12:36.497+0000] {processor.py:914} INFO - Processing file /home/airflow/.local/lib/python3.12/site-packages/airflow/example_dags/example_params_trigger_ui.py for tasks to queue
[2025-04-17T06:12:36.502+0000] {logging_mixin.py:190} INFO - [2025-04-17T06:12:36.501+0000] {dagbag.py:588} INFO - Filling up the DagBag from /home/airflow/.local/lib/python3.12/site-packages/airflow/example_dags/example_params_trigger_ui.py
[2025-04-17T06:12:36.528+0000] {processor.py:925} INFO - DAG(s) 'example_params_trigger_ui' retrieved from /home/airflow/.local/lib/python3.12/site-packages/airflow/example_dags/example_params_trigger_ui.py
[2025-04-17T06:12:36.628+0000] {logging_mixin.py:190} INFO - [2025-04-17T06:12:36.628+0000] {dag.py:3239} INFO - Sync 1 DAGs
[2025-04-17T06:12:36.663+0000] {logging_mixin.py:190} INFO - [2025-04-17T06:12:36.662+0000] {dag.py:4180} INFO - Setting next_dagrun for example_params_trigger_ui to None, run_after=None
[2025-04-17T06:12:36.717+0000] {processor.py:208} INFO - Processing /home/airflow/.local/lib/python3.12/site-packages/airflow/example_dags/example_params_trigger_ui.py took 0.237 seconds
[2025-04-17T06:13:08.529+0000] {processor.py:186} INFO - Started process (PID=369) to work on /home/airflow/.local/lib/python3.12/site-packages/airflow/example_dags/example_params_trigger_ui.py
[2025-04-17T06:13:08.530+0000] {processor.py:914} INFO - Processing file /home/airflow/.local/lib/python3.12/site-packages/airflow/example_dags/example_params_trigger_ui.py for tasks to queue
[2025-04-17T06:13:08.535+0000] {logging_mixin.py:190} INFO - [2025-04-17T06:13:08.535+0000] {dagbag.py:588} INFO - Filling up the DagBag from /home/airflow/.local/lib/python3.12/site-packages/airflow/example_dags/example_params_trigger_ui.py
[2025-04-17T06:13:08.554+0000] {processor.py:925} INFO - DAG(s) 'example_params_trigger_ui' retrieved from /home/airflow/.local/lib/python3.12/site-packages/airflow/example_dags/example_params_trigger_ui.py
[2025-04-17T06:13:08.696+0000] {logging_mixin.py:190} INFO - [2025-04-17T06:13:08.696+0000] {dag.py:3239} INFO - Sync 1 DAGs
[2025-04-17T06:13:08.738+0000] {logging_mixin.py:190} INFO - [2025-04-17T06:13:08.738+0000] {dag.py:4180} INFO - Setting next_dagrun for example_params_trigger_ui to None, run_after=None
[2025-04-17T06:13:08.786+0000] {processor.py:208} INFO - Processing /home/airflow/.local/lib/python3.12/site-packages/airflow/example_dags/example_params_trigger_ui.py took 0.267 seconds
[2025-04-17T06:13:46.395+0000] {processor.py:186} INFO - Started process (PID=439) to work on /home/airflow/.local/lib/python3.12/site-packages/airflow/example_dags/example_params_trigger_ui.py
[2025-04-17T06:13:46.398+0000] {processor.py:914} INFO - Processing file /home/airflow/.local/lib/python3.12/site-packages/airflow/example_dags/example_params_trigger_ui.py for tasks to queue
[2025-04-17T06:13:46.414+0000] {logging_mixin.py:190} INFO - [2025-04-17T06:13:46.411+0000] {dagbag.py:588} INFO - Filling up the DagBag from /home/airflow/.local/lib/python3.12/site-packages/airflow/example_dags/example_params_trigger_ui.py
[2025-04-17T06:13:46.478+0000] {processor.py:925} INFO - DAG(s) 'example_params_trigger_ui' retrieved from /home/airflow/.local/lib/python3.12/site-packages/airflow/example_dags/example_params_trigger_ui.py
[2025-04-17T06:13:46.798+0000] {logging_mixin.py:190} INFO - [2025-04-17T06:13:46.797+0000] {dag.py:3239} INFO - Sync 1 DAGs
[2025-04-17T06:13:46.916+0000] {logging_mixin.py:190} INFO - [2025-04-17T06:13:46.916+0000] {dag.py:4180} INFO - Setting next_dagrun for example_params_trigger_ui to None, run_after=None
[2025-04-17T06:13:47.142+0000] {processor.py:208} INFO - Processing /home/airflow/.local/lib/python3.12/site-packages/airflow/example_dags/example_params_trigger_ui.py took 0.788 seconds
[2025-04-17T06:14:17.752+0000] {processor.py:186} INFO - Started process (PID=502) to work on /home/airflow/.local/lib/python3.12/site-packages/airflow/example_dags/example_params_trigger_ui.py
[2025-04-17T06:14:17.755+0000] {processor.py:914} INFO - Processing file /home/airflow/.local/lib/python3.12/site-packages/airflow/example_dags/example_params_trigger_ui.py for tasks to queue
[2025-04-17T06:14:17.762+0000] {logging_mixin.py:190} INFO - [2025-04-17T06:14:17.761+0000] {dagbag.py:588} INFO - Filling up the DagBag from /home/airflow/.local/lib/python3.12/site-packages/airflow/example_dags/example_params_trigger_ui.py
[2025-04-17T06:14:17.792+0000] {processor.py:925} INFO - DAG(s) 'example_params_trigger_ui' retrieved from /home/airflow/.local/lib/python3.12/site-packages/airflow/example_dags/example_params_trigger_ui.py
[2025-04-17T06:14:17.903+0000] {logging_mixin.py:190} INFO - [2025-04-17T06:14:17.902+0000] {dag.py:3239} INFO - Sync 1 DAGs
[2025-04-17T06:14:17.936+0000] {logging_mixin.py:190} INFO - [2025-04-17T06:14:17.936+0000] {dag.py:4180} INFO - Setting next_dagrun for example_params_trigger_ui to None, run_after=None
[2025-04-17T06:14:17.990+0000] {processor.py:208} INFO - Processing /home/airflow/.local/lib/python3.12/site-packages/airflow/example_dags/example_params_trigger_ui.py took 0.252 seconds
[2025-04-17T06:14:51.981+0000] {processor.py:186} INFO - Started process (PID=565) to work on /home/airflow/.local/lib/python3.12/site-packages/airflow/example_dags/example_params_trigger_ui.py
[2025-04-17T06:14:51.995+0000] {processor.py:914} INFO - Processing file /home/airflow/.local/lib/python3.12/site-packages/airflow/example_dags/example_params_trigger_ui.py for tasks to queue
[2025-04-17T06:14:52.004+0000] {logging_mixin.py:190} INFO - [2025-04-17T06:14:52.002+0000] {dagbag.py:588} INFO - Filling up the DagBag from /home/airflow/.local/lib/python3.12/site-packages/airflow/example_dags/example_params_trigger_ui.py
[2025-04-17T06:14:52.067+0000] {processor.py:925} INFO - DAG(s) 'example_params_trigger_ui' retrieved from /home/airflow/.local/lib/python3.12/site-packages/airflow/example_dags/example_params_trigger_ui.py
[2025-04-17T06:14:52.301+0000] {logging_mixin.py:190} INFO - [2025-04-17T06:14:52.300+0000] {dag.py:3239} INFO - Sync 1 DAGs
[2025-04-17T06:14:52.367+0000] {logging_mixin.py:190} INFO - [2025-04-17T06:14:52.367+0000] {dag.py:4180} INFO - Setting next_dagrun for example_params_trigger_ui to None, run_after=None
[2025-04-17T06:14:52.472+0000] {processor.py:208} INFO - Processing /home/airflow/.local/lib/python3.12/site-packages/airflow/example_dags/example_params_trigger_ui.py took 0.521 seconds
[2025-04-17T06:15:25.574+0000] {processor.py:186} INFO - Started process (PID=628) to work on /home/airflow/.local/lib/python3.12/site-packages/airflow/example_dags/example_params_trigger_ui.py
[2025-04-17T06:15:25.576+0000] {processor.py:914} INFO - Processing file /home/airflow/.local/lib/python3.12/site-packages/airflow/example_dags/example_params_trigger_ui.py for tasks to queue
[2025-04-17T06:15:25.583+0000] {logging_mixin.py:190} INFO - [2025-04-17T06:15:25.581+0000] {dagbag.py:588} INFO - Filling up the DagBag from /home/airflow/.local/lib/python3.12/site-packages/airflow/example_dags/example_params_trigger_ui.py
[2025-04-17T06:15:25.628+0000] {processor.py:925} INFO - DAG(s) 'example_params_trigger_ui' retrieved from /home/airflow/.local/lib/python3.12/site-packages/airflow/example_dags/example_params_trigger_ui.py
[2025-04-17T06:15:25.791+0000] {logging_mixin.py:190} INFO - [2025-04-17T06:15:25.791+0000] {dag.py:3239} INFO - Sync 1 DAGs
[2025-04-17T06:15:25.852+0000] {logging_mixin.py:190} INFO - [2025-04-17T06:15:25.852+0000] {dag.py:4180} INFO - Setting next_dagrun for example_params_trigger_ui to None, run_after=None
[2025-04-17T06:15:25.911+0000] {processor.py:208} INFO - Processing /home/airflow/.local/lib/python3.12/site-packages/airflow/example_dags/example_params_trigger_ui.py took 0.355 seconds
[2025-04-17T06:15:56.413+0000] {processor.py:186} INFO - Started process (PID=691) to work on /home/airflow/.local/lib/python3.12/site-packages/airflow/example_dags/example_params_trigger_ui.py
[2025-04-17T06:15:56.415+0000] {processor.py:914} INFO - Processing file /home/airflow/.local/lib/python3.12/site-packages/airflow/example_dags/example_params_trigger_ui.py for tasks to queue
[2025-04-17T06:15:56.424+0000] {logging_mixin.py:190} INFO - [2025-04-17T06:15:56.423+0000] {dagbag.py:588} INFO - Filling up the DagBag from /home/airflow/.local/lib/python3.12/site-packages/airflow/example_dags/example_params_trigger_ui.py
[2025-04-17T06:15:56.463+0000] {processor.py:925} INFO - DAG(s) 'example_params_trigger_ui' retrieved from /home/airflow/.local/lib/python3.12/site-packages/airflow/example_dags/example_params_trigger_ui.py
[2025-04-17T06:15:56.588+0000] {logging_mixin.py:190} INFO - [2025-04-17T06:15:56.588+0000] {dag.py:3239} INFO - Sync 1 DAGs
[2025-04-17T06:15:56.617+0000] {logging_mixin.py:190} INFO - [2025-04-17T06:15:56.616+0000] {dag.py:4180} INFO - Setting next_dagrun for example_params_trigger_ui to None, run_after=None
[2025-04-17T06:15:56.657+0000] {processor.py:208} INFO - Processing /home/airflow/.local/lib/python3.12/site-packages/airflow/example_dags/example_params_trigger_ui.py took 0.261 seconds
[2025-04-17T06:16:27.695+0000] {processor.py:186} INFO - Started process (PID=754) to work on /home/airflow/.local/lib/python3.12/site-packages/airflow/example_dags/example_params_trigger_ui.py
[2025-04-17T06:16:27.697+0000] {processor.py:914} INFO - Processing file /home/airflow/.local/lib/python3.12/site-packages/airflow/example_dags/example_params_trigger_ui.py for tasks to queue
[2025-04-17T06:16:27.704+0000] {logging_mixin.py:190} INFO - [2025-04-17T06:16:27.703+0000] {dagbag.py:588} INFO - Filling up the DagBag from /home/airflow/.local/lib/python3.12/site-packages/airflow/example_dags/example_params_trigger_ui.py
[2025-04-17T06:16:27.720+0000] {processor.py:925} INFO - DAG(s) 'example_params_trigger_ui' retrieved from /home/airflow/.local/lib/python3.12/site-packages/airflow/example_dags/example_params_trigger_ui.py
[2025-04-17T06:16:27.801+0000] {logging_mixin.py:190} INFO - [2025-04-17T06:16:27.800+0000] {dag.py:3239} INFO - Sync 1 DAGs
[2025-04-17T06:16:27.833+0000] {logging_mixin.py:190} INFO - [2025-04-17T06:16:27.833+0000] {dag.py:4180} INFO - Setting next_dagrun for example_params_trigger_ui to None, run_after=None
[2025-04-17T06:16:27.871+0000] {processor.py:208} INFO - Processing /home/airflow/.local/lib/python3.12/site-packages/airflow/example_dags/example_params_trigger_ui.py took 0.183 seconds
[2025-04-17T06:17:00.932+0000] {processor.py:186} INFO - Started process (PID=817) to work on /home/airflow/.local/lib/python3.12/site-packages/airflow/example_dags/example_params_trigger_ui.py
[2025-04-17T06:17:00.938+0000] {processor.py:914} INFO - Processing file /home/airflow/.local/lib/python3.12/site-packages/airflow/example_dags/example_params_trigger_ui.py for tasks to queue
[2025-04-17T06:17:00.944+0000] {logging_mixin.py:190} INFO - [2025-04-17T06:17:00.943+0000] {dagbag.py:588} INFO - Filling up the DagBag from /home/airflow/.local/lib/python3.12/site-packages/airflow/example_dags/example_params_trigger_ui.py
[2025-04-17T06:17:01.001+0000] {processor.py:925} INFO - DAG(s) 'example_params_trigger_ui' retrieved from /home/airflow/.local/lib/python3.12/site-packages/airflow/example_dags/example_params_trigger_ui.py
[2025-04-17T06:17:01.154+0000] {logging_mixin.py:190} INFO - [2025-04-17T06:17:01.153+0000] {dag.py:3239} INFO - Sync 1 DAGs
[2025-04-17T06:17:01.199+0000] {logging_mixin.py:190} INFO - [2025-04-17T06:17:01.199+0000] {dag.py:4180} INFO - Setting next_dagrun for example_params_trigger_ui to None, run_after=None
[2025-04-17T06:17:01.275+0000] {processor.py:208} INFO - Processing /home/airflow/.local/lib/python3.12/site-packages/airflow/example_dags/example_params_trigger_ui.py took 0.360 seconds
