[2025-04-17T05:56:59.941+0000] {processor.py:186} INFO - Started process (PID=118) to work on /home/airflow/.local/lib/python3.12/site-packages/airflow/example_dags/example_external_task_marker_dag.py
[2025-04-17T05:56:59.943+0000] {processor.py:914} INFO - Processing file /home/airflow/.local/lib/python3.12/site-packages/airflow/example_dags/example_external_task_marker_dag.py for tasks to queue
[2025-04-17T05:56:59.948+0000] {logging_mixin.py:190} INFO - [2025-04-17T05:56:59.948+0000] {dagbag.py:588} INFO - Filling up the DagBag from /home/airflow/.local/lib/python3.12/site-packages/airflow/example_dags/example_external_task_marker_dag.py
[2025-04-17T05:56:59.967+0000] {processor.py:925} INFO - DAG(s) 'example_external_task_marker_child', 'example_external_task_marker_parent' retrieved from /home/airflow/.local/lib/python3.12/site-packages/airflow/example_dags/example_external_task_marker_dag.py
[2025-04-17T05:57:00.196+0000] {logging_mixin.py:190} INFO - [2025-04-17T05:57:00.195+0000] {override.py:1912} INFO - Created Permission View: can delete on DAG:example_external_task_marker_child
[2025-04-17T05:57:00.213+0000] {logging_mixin.py:190} INFO - [2025-04-17T05:57:00.212+0000] {override.py:1912} INFO - Created Permission View: can edit on DAG:example_external_task_marker_child
[2025-04-17T05:57:00.225+0000] {logging_mixin.py:190} INFO - [2025-04-17T05:57:00.225+0000] {override.py:1912} INFO - Created Permission View: can read on DAG:example_external_task_marker_child
[2025-04-17T05:57:00.239+0000] {logging_mixin.py:190} INFO - [2025-04-17T05:57:00.238+0000] {override.py:1912} INFO - Created Permission View: can delete on DAG Run:example_external_task_marker_child
[2025-04-17T05:57:00.251+0000] {logging_mixin.py:190} INFO - [2025-04-17T05:57:00.251+0000] {override.py:1912} INFO - Created Permission View: can read on DAG Run:example_external_task_marker_child
[2025-04-17T05:57:00.264+0000] {logging_mixin.py:190} INFO - [2025-04-17T05:57:00.263+0000] {override.py:1912} INFO - Created Permission View: can create on DAG Run:example_external_task_marker_child
[2025-04-17T05:57:00.276+0000] {logging_mixin.py:190} INFO - [2025-04-17T05:57:00.276+0000] {override.py:1912} INFO - Created Permission View: menu access on DAG Run:example_external_task_marker_child
[2025-04-17T05:57:00.299+0000] {logging_mixin.py:190} INFO - [2025-04-17T05:57:00.298+0000] {override.py:1912} INFO - Created Permission View: can delete on DAG:example_external_task_marker_parent
[2025-04-17T05:57:00.311+0000] {logging_mixin.py:190} INFO - [2025-04-17T05:57:00.311+0000] {override.py:1912} INFO - Created Permission View: can edit on DAG:example_external_task_marker_parent
[2025-04-17T05:57:00.325+0000] {logging_mixin.py:190} INFO - [2025-04-17T05:57:00.325+0000] {override.py:1912} INFO - Created Permission View: can read on DAG:example_external_task_marker_parent
[2025-04-17T05:57:00.340+0000] {logging_mixin.py:190} INFO - [2025-04-17T05:57:00.340+0000] {override.py:1912} INFO - Created Permission View: can delete on DAG Run:example_external_task_marker_parent
[2025-04-17T05:57:00.353+0000] {logging_mixin.py:190} INFO - [2025-04-17T05:57:00.353+0000] {override.py:1912} INFO - Created Permission View: can read on DAG Run:example_external_task_marker_parent
[2025-04-17T05:57:00.367+0000] {logging_mixin.py:190} INFO - [2025-04-17T05:57:00.366+0000] {override.py:1912} INFO - Created Permission View: can create on DAG Run:example_external_task_marker_parent
[2025-04-17T05:57:00.380+0000] {logging_mixin.py:190} INFO - [2025-04-17T05:57:00.379+0000] {override.py:1912} INFO - Created Permission View: menu access on DAG Run:example_external_task_marker_parent
[2025-04-17T05:57:00.381+0000] {logging_mixin.py:190} INFO - [2025-04-17T05:57:00.381+0000] {dag.py:3239} INFO - Sync 2 DAGs
[2025-04-17T05:57:00.397+0000] {logging_mixin.py:190} INFO - [2025-04-17T05:57:00.397+0000] {dag.py:3262} INFO - Creating ORM DAG for example_external_task_marker_child
[2025-04-17T05:57:00.399+0000] {logging_mixin.py:190} INFO - [2025-04-17T05:57:00.399+0000] {dag.py:3262} INFO - Creating ORM DAG for example_external_task_marker_parent
[2025-04-17T05:57:00.400+0000] {logging_mixin.py:190} INFO - [2025-04-17T05:57:00.400+0000] {dag.py:4180} INFO - Setting next_dagrun for example_external_task_marker_child to None, run_after=None
[2025-04-17T05:57:00.401+0000] {logging_mixin.py:190} INFO - [2025-04-17T05:57:00.401+0000] {dag.py:4180} INFO - Setting next_dagrun for example_external_task_marker_parent to None, run_after=None
[2025-04-17T05:57:00.430+0000] {processor.py:208} INFO - Processing /home/airflow/.local/lib/python3.12/site-packages/airflow/example_dags/example_external_task_marker_dag.py took 0.497 seconds
[2025-04-17T05:57:31.328+0000] {processor.py:186} INFO - Started process (PID=181) to work on /home/airflow/.local/lib/python3.12/site-packages/airflow/example_dags/example_external_task_marker_dag.py
[2025-04-17T05:57:31.330+0000] {processor.py:914} INFO - Processing file /home/airflow/.local/lib/python3.12/site-packages/airflow/example_dags/example_external_task_marker_dag.py for tasks to queue
[2025-04-17T05:57:31.334+0000] {logging_mixin.py:190} INFO - [2025-04-17T05:57:31.333+0000] {dagbag.py:588} INFO - Filling up the DagBag from /home/airflow/.local/lib/python3.12/site-packages/airflow/example_dags/example_external_task_marker_dag.py
[2025-04-17T05:57:31.345+0000] {processor.py:925} INFO - DAG(s) 'example_external_task_marker_child', 'example_external_task_marker_parent' retrieved from /home/airflow/.local/lib/python3.12/site-packages/airflow/example_dags/example_external_task_marker_dag.py
[2025-04-17T05:57:31.373+0000] {logging_mixin.py:190} INFO - [2025-04-17T05:57:31.373+0000] {dag.py:3239} INFO - Sync 2 DAGs
[2025-04-17T05:57:31.390+0000] {logging_mixin.py:190} INFO - [2025-04-17T05:57:31.390+0000] {dag.py:4180} INFO - Setting next_dagrun for example_external_task_marker_child to None, run_after=None
[2025-04-17T05:57:31.396+0000] {logging_mixin.py:190} INFO - [2025-04-17T05:57:31.395+0000] {dag.py:4180} INFO - Setting next_dagrun for example_external_task_marker_parent to None, run_after=None
[2025-04-17T05:57:31.418+0000] {processor.py:208} INFO - Processing /home/airflow/.local/lib/python3.12/site-packages/airflow/example_dags/example_external_task_marker_dag.py took 0.097 seconds
[2025-04-17T05:58:04.672+0000] {processor.py:186} INFO - Started process (PID=244) to work on /home/airflow/.local/lib/python3.12/site-packages/airflow/example_dags/example_external_task_marker_dag.py
[2025-04-17T05:58:04.675+0000] {processor.py:914} INFO - Processing file /home/airflow/.local/lib/python3.12/site-packages/airflow/example_dags/example_external_task_marker_dag.py for tasks to queue
[2025-04-17T05:58:04.680+0000] {logging_mixin.py:190} INFO - [2025-04-17T05:58:04.679+0000] {dagbag.py:588} INFO - Filling up the DagBag from /home/airflow/.local/lib/python3.12/site-packages/airflow/example_dags/example_external_task_marker_dag.py
[2025-04-17T05:58:04.692+0000] {processor.py:925} INFO - DAG(s) 'example_external_task_marker_parent', 'example_external_task_marker_child' retrieved from /home/airflow/.local/lib/python3.12/site-packages/airflow/example_dags/example_external_task_marker_dag.py
[2025-04-17T05:58:04.731+0000] {logging_mixin.py:190} INFO - [2025-04-17T05:58:04.730+0000] {dag.py:3239} INFO - Sync 2 DAGs
[2025-04-17T05:58:04.752+0000] {logging_mixin.py:190} INFO - [2025-04-17T05:58:04.752+0000] {dag.py:4180} INFO - Setting next_dagrun for example_external_task_marker_child to None, run_after=None
[2025-04-17T05:58:04.759+0000] {logging_mixin.py:190} INFO - [2025-04-17T05:58:04.758+0000] {dag.py:4180} INFO - Setting next_dagrun for example_external_task_marker_parent to None, run_after=None
[2025-04-17T05:58:04.789+0000] {processor.py:208} INFO - Processing /home/airflow/.local/lib/python3.12/site-packages/airflow/example_dags/example_external_task_marker_dag.py took 0.128 seconds
[2025-04-17T05:58:35.731+0000] {processor.py:186} INFO - Started process (PID=307) to work on /home/airflow/.local/lib/python3.12/site-packages/airflow/example_dags/example_external_task_marker_dag.py
[2025-04-17T05:58:35.733+0000] {processor.py:914} INFO - Processing file /home/airflow/.local/lib/python3.12/site-packages/airflow/example_dags/example_external_task_marker_dag.py for tasks to queue
[2025-04-17T05:58:35.737+0000] {logging_mixin.py:190} INFO - [2025-04-17T05:58:35.737+0000] {dagbag.py:588} INFO - Filling up the DagBag from /home/airflow/.local/lib/python3.12/site-packages/airflow/example_dags/example_external_task_marker_dag.py
[2025-04-17T05:58:35.755+0000] {processor.py:925} INFO - DAG(s) 'example_external_task_marker_child', 'example_external_task_marker_parent' retrieved from /home/airflow/.local/lib/python3.12/site-packages/airflow/example_dags/example_external_task_marker_dag.py
[2025-04-17T05:58:35.799+0000] {logging_mixin.py:190} INFO - [2025-04-17T05:58:35.799+0000] {dag.py:3239} INFO - Sync 2 DAGs
[2025-04-17T05:58:35.836+0000] {logging_mixin.py:190} INFO - [2025-04-17T05:58:35.835+0000] {dag.py:4180} INFO - Setting next_dagrun for example_external_task_marker_child to None, run_after=None
[2025-04-17T05:58:35.845+0000] {logging_mixin.py:190} INFO - [2025-04-17T05:58:35.844+0000] {dag.py:4180} INFO - Setting next_dagrun for example_external_task_marker_parent to None, run_after=None
[2025-04-17T05:58:35.879+0000] {processor.py:208} INFO - Processing /home/airflow/.local/lib/python3.12/site-packages/airflow/example_dags/example_external_task_marker_dag.py took 0.159 seconds
[2025-04-17T05:59:06.280+0000] {processor.py:186} INFO - Started process (PID=370) to work on /home/airflow/.local/lib/python3.12/site-packages/airflow/example_dags/example_external_task_marker_dag.py
[2025-04-17T05:59:06.281+0000] {processor.py:914} INFO - Processing file /home/airflow/.local/lib/python3.12/site-packages/airflow/example_dags/example_external_task_marker_dag.py for tasks to queue
[2025-04-17T05:59:06.285+0000] {logging_mixin.py:190} INFO - [2025-04-17T05:59:06.284+0000] {dagbag.py:588} INFO - Filling up the DagBag from /home/airflow/.local/lib/python3.12/site-packages/airflow/example_dags/example_external_task_marker_dag.py
[2025-04-17T05:59:06.295+0000] {processor.py:925} INFO - DAG(s) 'example_external_task_marker_child', 'example_external_task_marker_parent' retrieved from /home/airflow/.local/lib/python3.12/site-packages/airflow/example_dags/example_external_task_marker_dag.py
[2025-04-17T05:59:06.321+0000] {logging_mixin.py:190} INFO - [2025-04-17T05:59:06.320+0000] {dag.py:3239} INFO - Sync 2 DAGs
[2025-04-17T05:59:06.338+0000] {logging_mixin.py:190} INFO - [2025-04-17T05:59:06.337+0000] {dag.py:4180} INFO - Setting next_dagrun for example_external_task_marker_child to None, run_after=None
[2025-04-17T05:59:06.344+0000] {logging_mixin.py:190} INFO - [2025-04-17T05:59:06.344+0000] {dag.py:4180} INFO - Setting next_dagrun for example_external_task_marker_parent to None, run_after=None
[2025-04-17T05:59:06.367+0000] {processor.py:208} INFO - Processing /home/airflow/.local/lib/python3.12/site-packages/airflow/example_dags/example_external_task_marker_dag.py took 0.093 seconds
[2025-04-17T05:59:37.279+0000] {processor.py:186} INFO - Started process (PID=432) to work on /home/airflow/.local/lib/python3.12/site-packages/airflow/example_dags/example_external_task_marker_dag.py
[2025-04-17T05:59:37.281+0000] {processor.py:914} INFO - Processing file /home/airflow/.local/lib/python3.12/site-packages/airflow/example_dags/example_external_task_marker_dag.py for tasks to queue
[2025-04-17T05:59:37.286+0000] {logging_mixin.py:190} INFO - [2025-04-17T05:59:37.286+0000] {dagbag.py:588} INFO - Filling up the DagBag from /home/airflow/.local/lib/python3.12/site-packages/airflow/example_dags/example_external_task_marker_dag.py
[2025-04-17T05:59:37.301+0000] {processor.py:925} INFO - DAG(s) 'example_external_task_marker_parent', 'example_external_task_marker_child' retrieved from /home/airflow/.local/lib/python3.12/site-packages/airflow/example_dags/example_external_task_marker_dag.py
[2025-04-17T05:59:37.334+0000] {logging_mixin.py:190} INFO - [2025-04-17T05:59:37.334+0000] {dag.py:3239} INFO - Sync 2 DAGs
[2025-04-17T05:59:37.359+0000] {logging_mixin.py:190} INFO - [2025-04-17T05:59:37.358+0000] {dag.py:4180} INFO - Setting next_dagrun for example_external_task_marker_child to None, run_after=None
[2025-04-17T05:59:37.365+0000] {logging_mixin.py:190} INFO - [2025-04-17T05:59:37.365+0000] {dag.py:4180} INFO - Setting next_dagrun for example_external_task_marker_parent to None, run_after=None
[2025-04-17T05:59:37.396+0000] {processor.py:208} INFO - Processing /home/airflow/.local/lib/python3.12/site-packages/airflow/example_dags/example_external_task_marker_dag.py took 0.130 seconds
[2025-04-17T06:00:08.460+0000] {processor.py:186} INFO - Started process (PID=495) to work on /home/airflow/.local/lib/python3.12/site-packages/airflow/example_dags/example_external_task_marker_dag.py
[2025-04-17T06:00:08.462+0000] {processor.py:914} INFO - Processing file /home/airflow/.local/lib/python3.12/site-packages/airflow/example_dags/example_external_task_marker_dag.py for tasks to queue
[2025-04-17T06:00:08.465+0000] {logging_mixin.py:190} INFO - [2025-04-17T06:00:08.465+0000] {dagbag.py:588} INFO - Filling up the DagBag from /home/airflow/.local/lib/python3.12/site-packages/airflow/example_dags/example_external_task_marker_dag.py
[2025-04-17T06:00:08.485+0000] {processor.py:925} INFO - DAG(s) 'example_external_task_marker_child', 'example_external_task_marker_parent' retrieved from /home/airflow/.local/lib/python3.12/site-packages/airflow/example_dags/example_external_task_marker_dag.py
[2025-04-17T06:00:08.609+0000] {logging_mixin.py:190} INFO - [2025-04-17T06:00:08.603+0000] {dag.py:3239} INFO - Sync 2 DAGs
[2025-04-17T06:00:08.652+0000] {logging_mixin.py:190} INFO - [2025-04-17T06:00:08.652+0000] {dag.py:4180} INFO - Setting next_dagrun for example_external_task_marker_child to None, run_after=None
[2025-04-17T06:00:08.657+0000] {logging_mixin.py:190} INFO - [2025-04-17T06:00:08.657+0000] {dag.py:4180} INFO - Setting next_dagrun for example_external_task_marker_parent to None, run_after=None
[2025-04-17T06:00:08.674+0000] {processor.py:208} INFO - Processing /home/airflow/.local/lib/python3.12/site-packages/airflow/example_dags/example_external_task_marker_dag.py took 0.224 seconds
[2025-04-17T06:00:40.332+0000] {processor.py:186} INFO - Started process (PID=558) to work on /home/airflow/.local/lib/python3.12/site-packages/airflow/example_dags/example_external_task_marker_dag.py
[2025-04-17T06:00:40.333+0000] {processor.py:914} INFO - Processing file /home/airflow/.local/lib/python3.12/site-packages/airflow/example_dags/example_external_task_marker_dag.py for tasks to queue
[2025-04-17T06:00:40.336+0000] {logging_mixin.py:190} INFO - [2025-04-17T06:00:40.335+0000] {dagbag.py:588} INFO - Filling up the DagBag from /home/airflow/.local/lib/python3.12/site-packages/airflow/example_dags/example_external_task_marker_dag.py
[2025-04-17T06:00:40.344+0000] {processor.py:925} INFO - DAG(s) 'example_external_task_marker_child', 'example_external_task_marker_parent' retrieved from /home/airflow/.local/lib/python3.12/site-packages/airflow/example_dags/example_external_task_marker_dag.py
[2025-04-17T06:00:40.368+0000] {logging_mixin.py:190} INFO - [2025-04-17T06:00:40.368+0000] {dag.py:3239} INFO - Sync 2 DAGs
[2025-04-17T06:00:40.384+0000] {logging_mixin.py:190} INFO - [2025-04-17T06:00:40.384+0000] {dag.py:4180} INFO - Setting next_dagrun for example_external_task_marker_child to None, run_after=None
[2025-04-17T06:00:40.391+0000] {logging_mixin.py:190} INFO - [2025-04-17T06:00:40.390+0000] {dag.py:4180} INFO - Setting next_dagrun for example_external_task_marker_parent to None, run_after=None
[2025-04-17T06:00:40.416+0000] {processor.py:208} INFO - Processing /home/airflow/.local/lib/python3.12/site-packages/airflow/example_dags/example_external_task_marker_dag.py took 0.090 seconds
[2025-04-17T06:01:12.652+0000] {processor.py:186} INFO - Started process (PID=621) to work on /home/airflow/.local/lib/python3.12/site-packages/airflow/example_dags/example_external_task_marker_dag.py
[2025-04-17T06:01:12.654+0000] {processor.py:914} INFO - Processing file /home/airflow/.local/lib/python3.12/site-packages/airflow/example_dags/example_external_task_marker_dag.py for tasks to queue
[2025-04-17T06:01:12.659+0000] {logging_mixin.py:190} INFO - [2025-04-17T06:01:12.659+0000] {dagbag.py:588} INFO - Filling up the DagBag from /home/airflow/.local/lib/python3.12/site-packages/airflow/example_dags/example_external_task_marker_dag.py
[2025-04-17T06:01:12.671+0000] {processor.py:925} INFO - DAG(s) 'example_external_task_marker_child', 'example_external_task_marker_parent' retrieved from /home/airflow/.local/lib/python3.12/site-packages/airflow/example_dags/example_external_task_marker_dag.py
[2025-04-17T06:01:12.713+0000] {logging_mixin.py:190} INFO - [2025-04-17T06:01:12.713+0000] {dag.py:3239} INFO - Sync 2 DAGs
[2025-04-17T06:01:12.738+0000] {logging_mixin.py:190} INFO - [2025-04-17T06:01:12.738+0000] {dag.py:4180} INFO - Setting next_dagrun for example_external_task_marker_child to None, run_after=None
[2025-04-17T06:01:12.745+0000] {logging_mixin.py:190} INFO - [2025-04-17T06:01:12.745+0000] {dag.py:4180} INFO - Setting next_dagrun for example_external_task_marker_parent to None, run_after=None
[2025-04-17T06:01:12.778+0000] {processor.py:208} INFO - Processing /home/airflow/.local/lib/python3.12/site-packages/airflow/example_dags/example_external_task_marker_dag.py took 0.134 seconds
[2025-04-17T06:01:45.347+0000] {processor.py:186} INFO - Started process (PID=690) to work on /home/airflow/.local/lib/python3.12/site-packages/airflow/example_dags/example_external_task_marker_dag.py
[2025-04-17T06:01:45.349+0000] {processor.py:914} INFO - Processing file /home/airflow/.local/lib/python3.12/site-packages/airflow/example_dags/example_external_task_marker_dag.py for tasks to queue
[2025-04-17T06:01:45.354+0000] {logging_mixin.py:190} INFO - [2025-04-17T06:01:45.353+0000] {dagbag.py:588} INFO - Filling up the DagBag from /home/airflow/.local/lib/python3.12/site-packages/airflow/example_dags/example_external_task_marker_dag.py
[2025-04-17T06:01:45.362+0000] {processor.py:925} INFO - DAG(s) 'example_external_task_marker_child', 'example_external_task_marker_parent' retrieved from /home/airflow/.local/lib/python3.12/site-packages/airflow/example_dags/example_external_task_marker_dag.py
[2025-04-17T06:01:45.385+0000] {logging_mixin.py:190} INFO - [2025-04-17T06:01:45.385+0000] {dag.py:3239} INFO - Sync 2 DAGs
[2025-04-17T06:01:45.400+0000] {logging_mixin.py:190} INFO - [2025-04-17T06:01:45.400+0000] {dag.py:4180} INFO - Setting next_dagrun for example_external_task_marker_child to None, run_after=None
[2025-04-17T06:01:45.407+0000] {logging_mixin.py:190} INFO - [2025-04-17T06:01:45.407+0000] {dag.py:4180} INFO - Setting next_dagrun for example_external_task_marker_parent to None, run_after=None
[2025-04-17T06:01:45.438+0000] {processor.py:208} INFO - Processing /home/airflow/.local/lib/python3.12/site-packages/airflow/example_dags/example_external_task_marker_dag.py took 0.101 seconds
[2025-04-17T06:02:16.175+0000] {processor.py:186} INFO - Started process (PID=753) to work on /home/airflow/.local/lib/python3.12/site-packages/airflow/example_dags/example_external_task_marker_dag.py
[2025-04-17T06:02:16.178+0000] {processor.py:914} INFO - Processing file /home/airflow/.local/lib/python3.12/site-packages/airflow/example_dags/example_external_task_marker_dag.py for tasks to queue
[2025-04-17T06:02:16.185+0000] {logging_mixin.py:190} INFO - [2025-04-17T06:02:16.185+0000] {dagbag.py:588} INFO - Filling up the DagBag from /home/airflow/.local/lib/python3.12/site-packages/airflow/example_dags/example_external_task_marker_dag.py
[2025-04-17T06:02:16.193+0000] {processor.py:925} INFO - DAG(s) 'example_external_task_marker_parent', 'example_external_task_marker_child' retrieved from /home/airflow/.local/lib/python3.12/site-packages/airflow/example_dags/example_external_task_marker_dag.py
[2025-04-17T06:02:16.220+0000] {logging_mixin.py:190} INFO - [2025-04-17T06:02:16.220+0000] {dag.py:3239} INFO - Sync 2 DAGs
[2025-04-17T06:02:16.238+0000] {logging_mixin.py:190} INFO - [2025-04-17T06:02:16.237+0000] {dag.py:4180} INFO - Setting next_dagrun for example_external_task_marker_child to None, run_after=None
[2025-04-17T06:02:16.242+0000] {logging_mixin.py:190} INFO - [2025-04-17T06:02:16.242+0000] {dag.py:4180} INFO - Setting next_dagrun for example_external_task_marker_parent to None, run_after=None
[2025-04-17T06:02:16.264+0000] {processor.py:208} INFO - Processing /home/airflow/.local/lib/python3.12/site-packages/airflow/example_dags/example_external_task_marker_dag.py took 0.095 seconds
[2025-04-17T06:02:47.086+0000] {processor.py:186} INFO - Started process (PID=816) to work on /home/airflow/.local/lib/python3.12/site-packages/airflow/example_dags/example_external_task_marker_dag.py
[2025-04-17T06:02:47.088+0000] {processor.py:914} INFO - Processing file /home/airflow/.local/lib/python3.12/site-packages/airflow/example_dags/example_external_task_marker_dag.py for tasks to queue
[2025-04-17T06:02:47.093+0000] {logging_mixin.py:190} INFO - [2025-04-17T06:02:47.092+0000] {dagbag.py:588} INFO - Filling up the DagBag from /home/airflow/.local/lib/python3.12/site-packages/airflow/example_dags/example_external_task_marker_dag.py
[2025-04-17T06:02:47.112+0000] {processor.py:925} INFO - DAG(s) 'example_external_task_marker_child', 'example_external_task_marker_parent' retrieved from /home/airflow/.local/lib/python3.12/site-packages/airflow/example_dags/example_external_task_marker_dag.py
[2025-04-17T06:02:47.147+0000] {logging_mixin.py:190} INFO - [2025-04-17T06:02:47.146+0000] {dag.py:3239} INFO - Sync 2 DAGs
[2025-04-17T06:02:47.168+0000] {logging_mixin.py:190} INFO - [2025-04-17T06:02:47.168+0000] {dag.py:4180} INFO - Setting next_dagrun for example_external_task_marker_child to None, run_after=None
[2025-04-17T06:02:47.174+0000] {logging_mixin.py:190} INFO - [2025-04-17T06:02:47.174+0000] {dag.py:4180} INFO - Setting next_dagrun for example_external_task_marker_parent to None, run_after=None
[2025-04-17T06:02:47.197+0000] {processor.py:208} INFO - Processing /home/airflow/.local/lib/python3.12/site-packages/airflow/example_dags/example_external_task_marker_dag.py took 0.126 seconds
[2025-04-17T06:03:18.161+0000] {processor.py:186} INFO - Started process (PID=879) to work on /home/airflow/.local/lib/python3.12/site-packages/airflow/example_dags/example_external_task_marker_dag.py
[2025-04-17T06:03:18.163+0000] {processor.py:914} INFO - Processing file /home/airflow/.local/lib/python3.12/site-packages/airflow/example_dags/example_external_task_marker_dag.py for tasks to queue
[2025-04-17T06:03:18.167+0000] {logging_mixin.py:190} INFO - [2025-04-17T06:03:18.166+0000] {dagbag.py:588} INFO - Filling up the DagBag from /home/airflow/.local/lib/python3.12/site-packages/airflow/example_dags/example_external_task_marker_dag.py
[2025-04-17T06:03:18.173+0000] {processor.py:925} INFO - DAG(s) 'example_external_task_marker_parent', 'example_external_task_marker_child' retrieved from /home/airflow/.local/lib/python3.12/site-packages/airflow/example_dags/example_external_task_marker_dag.py
[2025-04-17T06:03:18.195+0000] {logging_mixin.py:190} INFO - [2025-04-17T06:03:18.194+0000] {dag.py:3239} INFO - Sync 2 DAGs
[2025-04-17T06:03:18.208+0000] {logging_mixin.py:190} INFO - [2025-04-17T06:03:18.208+0000] {dag.py:4180} INFO - Setting next_dagrun for example_external_task_marker_child to None, run_after=None
[2025-04-17T06:03:18.212+0000] {logging_mixin.py:190} INFO - [2025-04-17T06:03:18.212+0000] {dag.py:4180} INFO - Setting next_dagrun for example_external_task_marker_parent to None, run_after=None
[2025-04-17T06:03:18.231+0000] {processor.py:208} INFO - Processing /home/airflow/.local/lib/python3.12/site-packages/airflow/example_dags/example_external_task_marker_dag.py took 0.077 seconds
[2025-04-17T06:11:00.763+0000] {processor.py:186} INFO - Started process (PID=120) to work on /home/airflow/.local/lib/python3.12/site-packages/airflow/example_dags/example_external_task_marker_dag.py
[2025-04-17T06:11:00.768+0000] {processor.py:914} INFO - Processing file /home/airflow/.local/lib/python3.12/site-packages/airflow/example_dags/example_external_task_marker_dag.py for tasks to queue
[2025-04-17T06:11:00.775+0000] {logging_mixin.py:190} INFO - [2025-04-17T06:11:00.775+0000] {dagbag.py:588} INFO - Filling up the DagBag from /home/airflow/.local/lib/python3.12/site-packages/airflow/example_dags/example_external_task_marker_dag.py
[2025-04-17T06:11:00.802+0000] {processor.py:925} INFO - DAG(s) 'example_external_task_marker_child', 'example_external_task_marker_parent' retrieved from /home/airflow/.local/lib/python3.12/site-packages/airflow/example_dags/example_external_task_marker_dag.py
[2025-04-17T06:11:00.885+0000] {logging_mixin.py:190} INFO - [2025-04-17T06:11:00.885+0000] {dag.py:3239} INFO - Sync 2 DAGs
[2025-04-17T06:11:00.916+0000] {logging_mixin.py:190} INFO - [2025-04-17T06:11:00.916+0000] {dag.py:4180} INFO - Setting next_dagrun for example_external_task_marker_child to None, run_after=None
[2025-04-17T06:11:00.923+0000] {logging_mixin.py:190} INFO - [2025-04-17T06:11:00.923+0000] {dag.py:4180} INFO - Setting next_dagrun for example_external_task_marker_parent to None, run_after=None
[2025-04-17T06:11:00.969+0000] {processor.py:208} INFO - Processing /home/airflow/.local/lib/python3.12/site-packages/airflow/example_dags/example_external_task_marker_dag.py took 0.225 seconds
[2025-04-17T06:11:31.868+0000] {processor.py:186} INFO - Started process (PID=183) to work on /home/airflow/.local/lib/python3.12/site-packages/airflow/example_dags/example_external_task_marker_dag.py
[2025-04-17T06:11:31.870+0000] {processor.py:914} INFO - Processing file /home/airflow/.local/lib/python3.12/site-packages/airflow/example_dags/example_external_task_marker_dag.py for tasks to queue
[2025-04-17T06:11:31.878+0000] {logging_mixin.py:190} INFO - [2025-04-17T06:11:31.877+0000] {dagbag.py:588} INFO - Filling up the DagBag from /home/airflow/.local/lib/python3.12/site-packages/airflow/example_dags/example_external_task_marker_dag.py
[2025-04-17T06:11:31.887+0000] {processor.py:925} INFO - DAG(s) 'example_external_task_marker_parent', 'example_external_task_marker_child' retrieved from /home/airflow/.local/lib/python3.12/site-packages/airflow/example_dags/example_external_task_marker_dag.py
[2025-04-17T06:11:31.917+0000] {logging_mixin.py:190} INFO - [2025-04-17T06:11:31.917+0000] {dag.py:3239} INFO - Sync 2 DAGs
[2025-04-17T06:11:31.937+0000] {logging_mixin.py:190} INFO - [2025-04-17T06:11:31.937+0000] {dag.py:4180} INFO - Setting next_dagrun for example_external_task_marker_child to None, run_after=None
[2025-04-17T06:11:31.945+0000] {logging_mixin.py:190} INFO - [2025-04-17T06:11:31.944+0000] {dag.py:4180} INFO - Setting next_dagrun for example_external_task_marker_parent to None, run_after=None
[2025-04-17T06:11:31.971+0000] {processor.py:208} INFO - Processing /home/airflow/.local/lib/python3.12/site-packages/airflow/example_dags/example_external_task_marker_dag.py took 0.114 seconds
[2025-04-17T06:12:04.121+0000] {processor.py:186} INFO - Started process (PID=244) to work on /home/airflow/.local/lib/python3.12/site-packages/airflow/example_dags/example_external_task_marker_dag.py
[2025-04-17T06:12:04.123+0000] {processor.py:914} INFO - Processing file /home/airflow/.local/lib/python3.12/site-packages/airflow/example_dags/example_external_task_marker_dag.py for tasks to queue
[2025-04-17T06:12:04.129+0000] {logging_mixin.py:190} INFO - [2025-04-17T06:12:04.128+0000] {dagbag.py:588} INFO - Filling up the DagBag from /home/airflow/.local/lib/python3.12/site-packages/airflow/example_dags/example_external_task_marker_dag.py
[2025-04-17T06:12:04.140+0000] {processor.py:925} INFO - DAG(s) 'example_external_task_marker_child', 'example_external_task_marker_parent' retrieved from /home/airflow/.local/lib/python3.12/site-packages/airflow/example_dags/example_external_task_marker_dag.py
[2025-04-17T06:12:04.177+0000] {logging_mixin.py:190} INFO - [2025-04-17T06:12:04.176+0000] {dag.py:3239} INFO - Sync 2 DAGs
[2025-04-17T06:12:04.203+0000] {logging_mixin.py:190} INFO - [2025-04-17T06:12:04.203+0000] {dag.py:4180} INFO - Setting next_dagrun for example_external_task_marker_child to None, run_after=None
[2025-04-17T06:12:04.212+0000] {logging_mixin.py:190} INFO - [2025-04-17T06:12:04.212+0000] {dag.py:4180} INFO - Setting next_dagrun for example_external_task_marker_parent to None, run_after=None
[2025-04-17T06:12:04.275+0000] {processor.py:208} INFO - Processing /home/airflow/.local/lib/python3.12/site-packages/airflow/example_dags/example_external_task_marker_dag.py took 0.192 seconds
[2025-04-17T06:12:36.751+0000] {processor.py:186} INFO - Started process (PID=307) to work on /home/airflow/.local/lib/python3.12/site-packages/airflow/example_dags/example_external_task_marker_dag.py
[2025-04-17T06:12:36.754+0000] {processor.py:914} INFO - Processing file /home/airflow/.local/lib/python3.12/site-packages/airflow/example_dags/example_external_task_marker_dag.py for tasks to queue
[2025-04-17T06:12:36.761+0000] {logging_mixin.py:190} INFO - [2025-04-17T06:12:36.760+0000] {dagbag.py:588} INFO - Filling up the DagBag from /home/airflow/.local/lib/python3.12/site-packages/airflow/example_dags/example_external_task_marker_dag.py
[2025-04-17T06:12:36.782+0000] {processor.py:925} INFO - DAG(s) 'example_external_task_marker_parent', 'example_external_task_marker_child' retrieved from /home/airflow/.local/lib/python3.12/site-packages/airflow/example_dags/example_external_task_marker_dag.py
[2025-04-17T06:12:36.839+0000] {logging_mixin.py:190} INFO - [2025-04-17T06:12:36.839+0000] {dag.py:3239} INFO - Sync 2 DAGs
[2025-04-17T06:12:36.880+0000] {logging_mixin.py:190} INFO - [2025-04-17T06:12:36.879+0000] {dag.py:4180} INFO - Setting next_dagrun for example_external_task_marker_child to None, run_after=None
[2025-04-17T06:12:36.888+0000] {logging_mixin.py:190} INFO - [2025-04-17T06:12:36.887+0000] {dag.py:4180} INFO - Setting next_dagrun for example_external_task_marker_parent to None, run_after=None
[2025-04-17T06:12:36.933+0000] {processor.py:208} INFO - Processing /home/airflow/.local/lib/python3.12/site-packages/airflow/example_dags/example_external_task_marker_dag.py took 0.197 seconds
[2025-04-17T06:13:08.805+0000] {processor.py:186} INFO - Started process (PID=370) to work on /home/airflow/.local/lib/python3.12/site-packages/airflow/example_dags/example_external_task_marker_dag.py
[2025-04-17T06:13:08.808+0000] {processor.py:914} INFO - Processing file /home/airflow/.local/lib/python3.12/site-packages/airflow/example_dags/example_external_task_marker_dag.py for tasks to queue
[2025-04-17T06:13:08.813+0000] {logging_mixin.py:190} INFO - [2025-04-17T06:13:08.812+0000] {dagbag.py:588} INFO - Filling up the DagBag from /home/airflow/.local/lib/python3.12/site-packages/airflow/example_dags/example_external_task_marker_dag.py
[2025-04-17T06:13:08.833+0000] {processor.py:925} INFO - DAG(s) 'example_external_task_marker_child', 'example_external_task_marker_parent' retrieved from /home/airflow/.local/lib/python3.12/site-packages/airflow/example_dags/example_external_task_marker_dag.py
[2025-04-17T06:13:08.890+0000] {logging_mixin.py:190} INFO - [2025-04-17T06:13:08.890+0000] {dag.py:3239} INFO - Sync 2 DAGs
[2025-04-17T06:13:08.925+0000] {logging_mixin.py:190} INFO - [2025-04-17T06:13:08.924+0000] {dag.py:4180} INFO - Setting next_dagrun for example_external_task_marker_child to None, run_after=None
[2025-04-17T06:13:08.933+0000] {logging_mixin.py:190} INFO - [2025-04-17T06:13:08.932+0000] {dag.py:4180} INFO - Setting next_dagrun for example_external_task_marker_parent to None, run_after=None
[2025-04-17T06:13:08.973+0000] {processor.py:208} INFO - Processing /home/airflow/.local/lib/python3.12/site-packages/airflow/example_dags/example_external_task_marker_dag.py took 0.179 seconds
[2025-04-17T06:13:47.295+0000] {processor.py:186} INFO - Started process (PID=440) to work on /home/airflow/.local/lib/python3.12/site-packages/airflow/example_dags/example_external_task_marker_dag.py
[2025-04-17T06:13:47.298+0000] {processor.py:914} INFO - Processing file /home/airflow/.local/lib/python3.12/site-packages/airflow/example_dags/example_external_task_marker_dag.py for tasks to queue
[2025-04-17T06:13:47.316+0000] {logging_mixin.py:190} INFO - [2025-04-17T06:13:47.314+0000] {dagbag.py:588} INFO - Filling up the DagBag from /home/airflow/.local/lib/python3.12/site-packages/airflow/example_dags/example_external_task_marker_dag.py
[2025-04-17T06:13:47.362+0000] {processor.py:925} INFO - DAG(s) 'example_external_task_marker_child', 'example_external_task_marker_parent' retrieved from /home/airflow/.local/lib/python3.12/site-packages/airflow/example_dags/example_external_task_marker_dag.py
[2025-04-17T06:13:47.518+0000] {logging_mixin.py:190} INFO - [2025-04-17T06:13:47.518+0000] {dag.py:3239} INFO - Sync 2 DAGs
[2025-04-17T06:13:47.794+0000] {logging_mixin.py:190} INFO - [2025-04-17T06:13:47.793+0000] {dag.py:4180} INFO - Setting next_dagrun for example_external_task_marker_child to None, run_after=None
[2025-04-17T06:13:47.819+0000] {logging_mixin.py:190} INFO - [2025-04-17T06:13:47.818+0000] {dag.py:4180} INFO - Setting next_dagrun for example_external_task_marker_parent to None, run_after=None
[2025-04-17T06:13:47.940+0000] {processor.py:208} INFO - Processing /home/airflow/.local/lib/python3.12/site-packages/airflow/example_dags/example_external_task_marker_dag.py took 0.683 seconds
[2025-04-17T06:14:18.132+0000] {processor.py:186} INFO - Started process (PID=503) to work on /home/airflow/.local/lib/python3.12/site-packages/airflow/example_dags/example_external_task_marker_dag.py
[2025-04-17T06:14:18.136+0000] {processor.py:914} INFO - Processing file /home/airflow/.local/lib/python3.12/site-packages/airflow/example_dags/example_external_task_marker_dag.py for tasks to queue
[2025-04-17T06:14:18.147+0000] {logging_mixin.py:190} INFO - [2025-04-17T06:14:18.144+0000] {dagbag.py:588} INFO - Filling up the DagBag from /home/airflow/.local/lib/python3.12/site-packages/airflow/example_dags/example_external_task_marker_dag.py
[2025-04-17T06:14:18.173+0000] {processor.py:925} INFO - DAG(s) 'example_external_task_marker_child', 'example_external_task_marker_parent' retrieved from /home/airflow/.local/lib/python3.12/site-packages/airflow/example_dags/example_external_task_marker_dag.py
[2025-04-17T06:14:18.226+0000] {logging_mixin.py:190} INFO - [2025-04-17T06:14:18.225+0000] {dag.py:3239} INFO - Sync 2 DAGs
[2025-04-17T06:14:18.261+0000] {logging_mixin.py:190} INFO - [2025-04-17T06:14:18.261+0000] {dag.py:4180} INFO - Setting next_dagrun for example_external_task_marker_child to None, run_after=None
[2025-04-17T06:14:18.283+0000] {logging_mixin.py:190} INFO - [2025-04-17T06:14:18.282+0000] {dag.py:4180} INFO - Setting next_dagrun for example_external_task_marker_parent to None, run_after=None
[2025-04-17T06:14:18.363+0000] {processor.py:208} INFO - Processing /home/airflow/.local/lib/python3.12/site-packages/airflow/example_dags/example_external_task_marker_dag.py took 0.250 seconds
[2025-04-17T06:14:52.347+0000] {processor.py:186} INFO - Started process (PID=566) to work on /home/airflow/.local/lib/python3.12/site-packages/airflow/example_dags/example_external_task_marker_dag.py
[2025-04-17T06:14:52.362+0000] {processor.py:914} INFO - Processing file /home/airflow/.local/lib/python3.12/site-packages/airflow/example_dags/example_external_task_marker_dag.py for tasks to queue
[2025-04-17T06:14:52.372+0000] {logging_mixin.py:190} INFO - [2025-04-17T06:14:52.370+0000] {dagbag.py:588} INFO - Filling up the DagBag from /home/airflow/.local/lib/python3.12/site-packages/airflow/example_dags/example_external_task_marker_dag.py
[2025-04-17T06:14:52.420+0000] {processor.py:925} INFO - DAG(s) 'example_external_task_marker_parent', 'example_external_task_marker_child' retrieved from /home/airflow/.local/lib/python3.12/site-packages/airflow/example_dags/example_external_task_marker_dag.py
[2025-04-17T06:14:52.562+0000] {logging_mixin.py:190} INFO - [2025-04-17T06:14:52.562+0000] {dag.py:3239} INFO - Sync 2 DAGs
[2025-04-17T06:14:52.648+0000] {logging_mixin.py:190} INFO - [2025-04-17T06:14:52.647+0000] {dag.py:4180} INFO - Setting next_dagrun for example_external_task_marker_child to None, run_after=None
[2025-04-17T06:14:52.670+0000] {logging_mixin.py:190} INFO - [2025-04-17T06:14:52.669+0000] {dag.py:4180} INFO - Setting next_dagrun for example_external_task_marker_parent to None, run_after=None
[2025-04-17T06:14:52.760+0000] {processor.py:208} INFO - Processing /home/airflow/.local/lib/python3.12/site-packages/airflow/example_dags/example_external_task_marker_dag.py took 0.452 seconds
[2025-04-17T06:15:25.826+0000] {processor.py:186} INFO - Started process (PID=629) to work on /home/airflow/.local/lib/python3.12/site-packages/airflow/example_dags/example_external_task_marker_dag.py
[2025-04-17T06:15:25.829+0000] {processor.py:914} INFO - Processing file /home/airflow/.local/lib/python3.12/site-packages/airflow/example_dags/example_external_task_marker_dag.py for tasks to queue
[2025-04-17T06:15:25.839+0000] {logging_mixin.py:190} INFO - [2025-04-17T06:15:25.838+0000] {dagbag.py:588} INFO - Filling up the DagBag from /home/airflow/.local/lib/python3.12/site-packages/airflow/example_dags/example_external_task_marker_dag.py
[2025-04-17T06:15:25.867+0000] {processor.py:925} INFO - DAG(s) 'example_external_task_marker_child', 'example_external_task_marker_parent' retrieved from /home/airflow/.local/lib/python3.12/site-packages/airflow/example_dags/example_external_task_marker_dag.py
[2025-04-17T06:15:25.948+0000] {logging_mixin.py:190} INFO - [2025-04-17T06:15:25.948+0000] {dag.py:3239} INFO - Sync 2 DAGs
[2025-04-17T06:15:26.001+0000] {logging_mixin.py:190} INFO - [2025-04-17T06:15:26.001+0000] {dag.py:4180} INFO - Setting next_dagrun for example_external_task_marker_child to None, run_after=None
[2025-04-17T06:15:26.014+0000] {logging_mixin.py:190} INFO - [2025-04-17T06:15:26.013+0000] {dag.py:4180} INFO - Setting next_dagrun for example_external_task_marker_parent to None, run_after=None
[2025-04-17T06:15:26.055+0000] {processor.py:208} INFO - Processing /home/airflow/.local/lib/python3.12/site-packages/airflow/example_dags/example_external_task_marker_dag.py took 0.267 seconds
[2025-04-17T06:15:56.568+0000] {processor.py:186} INFO - Started process (PID=692) to work on /home/airflow/.local/lib/python3.12/site-packages/airflow/example_dags/example_external_task_marker_dag.py
[2025-04-17T06:15:56.572+0000] {processor.py:914} INFO - Processing file /home/airflow/.local/lib/python3.12/site-packages/airflow/example_dags/example_external_task_marker_dag.py for tasks to queue
[2025-04-17T06:15:56.577+0000] {logging_mixin.py:190} INFO - [2025-04-17T06:15:56.576+0000] {dagbag.py:588} INFO - Filling up the DagBag from /home/airflow/.local/lib/python3.12/site-packages/airflow/example_dags/example_external_task_marker_dag.py
[2025-04-17T06:15:56.596+0000] {processor.py:925} INFO - DAG(s) 'example_external_task_marker_child', 'example_external_task_marker_parent' retrieved from /home/airflow/.local/lib/python3.12/site-packages/airflow/example_dags/example_external_task_marker_dag.py
[2025-04-17T06:15:56.647+0000] {logging_mixin.py:190} INFO - [2025-04-17T06:15:56.647+0000] {dag.py:3239} INFO - Sync 2 DAGs
[2025-04-17T06:15:56.681+0000] {logging_mixin.py:190} INFO - [2025-04-17T06:15:56.681+0000] {dag.py:4180} INFO - Setting next_dagrun for example_external_task_marker_child to None, run_after=None
[2025-04-17T06:15:56.694+0000] {logging_mixin.py:190} INFO - [2025-04-17T06:15:56.693+0000] {dag.py:4180} INFO - Setting next_dagrun for example_external_task_marker_parent to None, run_after=None
[2025-04-17T06:15:56.743+0000] {processor.py:208} INFO - Processing /home/airflow/.local/lib/python3.12/site-packages/airflow/example_dags/example_external_task_marker_dag.py took 0.194 seconds
[2025-04-17T06:16:27.836+0000] {processor.py:186} INFO - Started process (PID=755) to work on /home/airflow/.local/lib/python3.12/site-packages/airflow/example_dags/example_external_task_marker_dag.py
[2025-04-17T06:16:27.838+0000] {processor.py:914} INFO - Processing file /home/airflow/.local/lib/python3.12/site-packages/airflow/example_dags/example_external_task_marker_dag.py for tasks to queue
[2025-04-17T06:16:27.842+0000] {logging_mixin.py:190} INFO - [2025-04-17T06:16:27.842+0000] {dagbag.py:588} INFO - Filling up the DagBag from /home/airflow/.local/lib/python3.12/site-packages/airflow/example_dags/example_external_task_marker_dag.py
[2025-04-17T06:16:27.853+0000] {processor.py:925} INFO - DAG(s) 'example_external_task_marker_parent', 'example_external_task_marker_child' retrieved from /home/airflow/.local/lib/python3.12/site-packages/airflow/example_dags/example_external_task_marker_dag.py
[2025-04-17T06:16:27.894+0000] {logging_mixin.py:190} INFO - [2025-04-17T06:16:27.894+0000] {dag.py:3239} INFO - Sync 2 DAGs
[2025-04-17T06:16:27.923+0000] {logging_mixin.py:190} INFO - [2025-04-17T06:16:27.923+0000] {dag.py:4180} INFO - Setting next_dagrun for example_external_task_marker_child to None, run_after=None
[2025-04-17T06:16:27.930+0000] {logging_mixin.py:190} INFO - [2025-04-17T06:16:27.930+0000] {dag.py:4180} INFO - Setting next_dagrun for example_external_task_marker_parent to None, run_after=None
[2025-04-17T06:16:27.966+0000] {processor.py:208} INFO - Processing /home/airflow/.local/lib/python3.12/site-packages/airflow/example_dags/example_external_task_marker_dag.py took 0.138 seconds
[2025-04-17T06:17:01.089+0000] {processor.py:186} INFO - Started process (PID=818) to work on /home/airflow/.local/lib/python3.12/site-packages/airflow/example_dags/example_external_task_marker_dag.py
[2025-04-17T06:17:01.093+0000] {processor.py:914} INFO - Processing file /home/airflow/.local/lib/python3.12/site-packages/airflow/example_dags/example_external_task_marker_dag.py for tasks to queue
[2025-04-17T06:17:01.103+0000] {logging_mixin.py:190} INFO - [2025-04-17T06:17:01.102+0000] {dagbag.py:588} INFO - Filling up the DagBag from /home/airflow/.local/lib/python3.12/site-packages/airflow/example_dags/example_external_task_marker_dag.py
[2025-04-17T06:17:01.135+0000] {processor.py:925} INFO - DAG(s) 'example_external_task_marker_child', 'example_external_task_marker_parent' retrieved from /home/airflow/.local/lib/python3.12/site-packages/airflow/example_dags/example_external_task_marker_dag.py
[2025-04-17T06:17:01.231+0000] {logging_mixin.py:190} INFO - [2025-04-17T06:17:01.229+0000] {dag.py:3239} INFO - Sync 2 DAGs
[2025-04-17T06:17:01.285+0000] {logging_mixin.py:190} INFO - [2025-04-17T06:17:01.284+0000] {dag.py:4180} INFO - Setting next_dagrun for example_external_task_marker_child to None, run_after=None
[2025-04-17T06:17:01.302+0000] {logging_mixin.py:190} INFO - [2025-04-17T06:17:01.302+0000] {dag.py:4180} INFO - Setting next_dagrun for example_external_task_marker_parent to None, run_after=None
[2025-04-17T06:17:01.353+0000] {processor.py:208} INFO - Processing /home/airflow/.local/lib/python3.12/site-packages/airflow/example_dags/example_external_task_marker_dag.py took 0.291 seconds
