[2025-04-17T05:56:57.082+0000] {processor.py:186} INFO - Started process (PID=109) to work on /home/airflow/.local/lib/python3.12/site-packages/airflow/example_dags/example_branch_labels.py
[2025-04-17T05:56:57.086+0000] {processor.py:914} INFO - Processing file /home/airflow/.local/lib/python3.12/site-packages/airflow/example_dags/example_branch_labels.py for tasks to queue
[2025-04-17T05:56:57.094+0000] {logging_mixin.py:190} INFO - [2025-04-17T05:56:57.093+0000] {dagbag.py:588} INFO - Filling up the DagBag from /home/airflow/.local/lib/python3.12/site-packages/airflow/example_dags/example_branch_labels.py
[2025-04-17T05:56:57.116+0000] {processor.py:925} INFO - DAG(s) 'example_branch_labels' retrieved from /home/airflow/.local/lib/python3.12/site-packages/airflow/example_dags/example_branch_labels.py
[2025-04-17T05:56:57.315+0000] {logging_mixin.py:190} INFO - [2025-04-17T05:56:57.315+0000] {override.py:1912} INFO - Created Permission View: can delete on DAG:example_branch_labels
[2025-04-17T05:56:57.341+0000] {logging_mixin.py:190} INFO - [2025-04-17T05:56:57.340+0000] {override.py:1912} INFO - Created Permission View: can edit on DAG:example_branch_labels
[2025-04-17T05:56:57.358+0000] {logging_mixin.py:190} INFO - [2025-04-17T05:56:57.358+0000] {override.py:1912} INFO - Created Permission View: can read on DAG:example_branch_labels
[2025-04-17T05:56:57.378+0000] {logging_mixin.py:190} INFO - [2025-04-17T05:56:57.377+0000] {override.py:1912} INFO - Created Permission View: can delete on DAG Run:example_branch_labels
[2025-04-17T05:56:57.395+0000] {logging_mixin.py:190} INFO - [2025-04-17T05:56:57.393+0000] {override.py:1912} INFO - Created Permission View: can read on DAG Run:example_branch_labels
[2025-04-17T05:56:57.412+0000] {logging_mixin.py:190} INFO - [2025-04-17T05:56:57.411+0000] {override.py:1912} INFO - Created Permission View: can create on DAG Run:example_branch_labels
[2025-04-17T05:56:57.427+0000] {logging_mixin.py:190} INFO - [2025-04-17T05:56:57.426+0000] {override.py:1912} INFO - Created Permission View: menu access on DAG Run:example_branch_labels
[2025-04-17T05:56:57.429+0000] {logging_mixin.py:190} INFO - [2025-04-17T05:56:57.428+0000] {dag.py:3239} INFO - Sync 1 DAGs
[2025-04-17T05:56:57.451+0000] {logging_mixin.py:190} INFO - [2025-04-17T05:56:57.451+0000] {dag.py:3262} INFO - Creating ORM DAG for example_branch_labels
[2025-04-17T05:56:57.469+0000] {logging_mixin.py:190} INFO - [2025-04-17T05:56:57.468+0000] {dag.py:4180} INFO - Setting next_dagrun for example_branch_labels to 2025-04-16 00:00:00+00:00, run_after=2025-04-17 00:00:00+00:00
[2025-04-17T05:56:57.497+0000] {processor.py:208} INFO - Processing /home/airflow/.local/lib/python3.12/site-packages/airflow/example_dags/example_branch_labels.py took 0.426 seconds
[2025-04-17T05:57:30.015+0000] {processor.py:186} INFO - Started process (PID=172) to work on /home/airflow/.local/lib/python3.12/site-packages/airflow/example_dags/example_branch_labels.py
[2025-04-17T05:57:30.017+0000] {processor.py:914} INFO - Processing file /home/airflow/.local/lib/python3.12/site-packages/airflow/example_dags/example_branch_labels.py for tasks to queue
[2025-04-17T05:57:30.022+0000] {logging_mixin.py:190} INFO - [2025-04-17T05:57:30.022+0000] {dagbag.py:588} INFO - Filling up the DagBag from /home/airflow/.local/lib/python3.12/site-packages/airflow/example_dags/example_branch_labels.py
[2025-04-17T05:57:30.038+0000] {processor.py:925} INFO - DAG(s) 'example_branch_labels' retrieved from /home/airflow/.local/lib/python3.12/site-packages/airflow/example_dags/example_branch_labels.py
[2025-04-17T05:57:30.093+0000] {logging_mixin.py:190} INFO - [2025-04-17T05:57:30.093+0000] {dag.py:3239} INFO - Sync 1 DAGs
[2025-04-17T05:57:30.145+0000] {logging_mixin.py:190} INFO - [2025-04-17T05:57:30.144+0000] {dag.py:4180} INFO - Setting next_dagrun for example_branch_labels to 2025-04-16 00:00:00+00:00, run_after=2025-04-17 00:00:00+00:00
[2025-04-17T05:57:30.179+0000] {processor.py:208} INFO - Processing /home/airflow/.local/lib/python3.12/site-packages/airflow/example_dags/example_branch_labels.py took 0.173 seconds
[2025-04-17T05:58:02.609+0000] {processor.py:186} INFO - Started process (PID=235) to work on /home/airflow/.local/lib/python3.12/site-packages/airflow/example_dags/example_branch_labels.py
[2025-04-17T05:58:02.613+0000] {processor.py:914} INFO - Processing file /home/airflow/.local/lib/python3.12/site-packages/airflow/example_dags/example_branch_labels.py for tasks to queue
[2025-04-17T05:58:02.622+0000] {logging_mixin.py:190} INFO - [2025-04-17T05:58:02.621+0000] {dagbag.py:588} INFO - Filling up the DagBag from /home/airflow/.local/lib/python3.12/site-packages/airflow/example_dags/example_branch_labels.py
[2025-04-17T05:58:02.643+0000] {processor.py:925} INFO - DAG(s) 'example_branch_labels' retrieved from /home/airflow/.local/lib/python3.12/site-packages/airflow/example_dags/example_branch_labels.py
[2025-04-17T05:58:02.683+0000] {logging_mixin.py:190} INFO - [2025-04-17T05:58:02.683+0000] {dag.py:3239} INFO - Sync 1 DAGs
[2025-04-17T05:58:02.737+0000] {logging_mixin.py:190} INFO - [2025-04-17T05:58:02.736+0000] {dag.py:4180} INFO - Setting next_dagrun for example_branch_labels to 2025-04-16 00:00:00+00:00, run_after=2025-04-17 00:00:00+00:00
[2025-04-17T05:58:02.784+0000] {processor.py:208} INFO - Processing /home/airflow/.local/lib/python3.12/site-packages/airflow/example_dags/example_branch_labels.py took 0.192 seconds
[2025-04-17T05:58:33.209+0000] {processor.py:186} INFO - Started process (PID=298) to work on /home/airflow/.local/lib/python3.12/site-packages/airflow/example_dags/example_branch_labels.py
[2025-04-17T05:58:33.211+0000] {processor.py:914} INFO - Processing file /home/airflow/.local/lib/python3.12/site-packages/airflow/example_dags/example_branch_labels.py for tasks to queue
[2025-04-17T05:58:33.215+0000] {logging_mixin.py:190} INFO - [2025-04-17T05:58:33.214+0000] {dagbag.py:588} INFO - Filling up the DagBag from /home/airflow/.local/lib/python3.12/site-packages/airflow/example_dags/example_branch_labels.py
[2025-04-17T05:58:33.233+0000] {processor.py:925} INFO - DAG(s) 'example_branch_labels' retrieved from /home/airflow/.local/lib/python3.12/site-packages/airflow/example_dags/example_branch_labels.py
[2025-04-17T05:58:33.255+0000] {logging_mixin.py:190} INFO - [2025-04-17T05:58:33.255+0000] {dag.py:3239} INFO - Sync 1 DAGs
[2025-04-17T05:58:33.278+0000] {logging_mixin.py:190} INFO - [2025-04-17T05:58:33.278+0000] {dag.py:4180} INFO - Setting next_dagrun for example_branch_labels to 2025-04-16 00:00:00+00:00, run_after=2025-04-17 00:00:00+00:00
[2025-04-17T05:58:33.298+0000] {processor.py:208} INFO - Processing /home/airflow/.local/lib/python3.12/site-packages/airflow/example_dags/example_branch_labels.py took 0.098 seconds
[2025-04-17T05:59:04.178+0000] {processor.py:186} INFO - Started process (PID=361) to work on /home/airflow/.local/lib/python3.12/site-packages/airflow/example_dags/example_branch_labels.py
[2025-04-17T05:59:04.180+0000] {processor.py:914} INFO - Processing file /home/airflow/.local/lib/python3.12/site-packages/airflow/example_dags/example_branch_labels.py for tasks to queue
[2025-04-17T05:59:04.195+0000] {logging_mixin.py:190} INFO - [2025-04-17T05:59:04.195+0000] {dagbag.py:588} INFO - Filling up the DagBag from /home/airflow/.local/lib/python3.12/site-packages/airflow/example_dags/example_branch_labels.py
[2025-04-17T05:59:04.208+0000] {processor.py:925} INFO - DAG(s) 'example_branch_labels' retrieved from /home/airflow/.local/lib/python3.12/site-packages/airflow/example_dags/example_branch_labels.py
[2025-04-17T05:59:04.238+0000] {logging_mixin.py:190} INFO - [2025-04-17T05:59:04.238+0000] {dag.py:3239} INFO - Sync 1 DAGs
[2025-04-17T05:59:04.271+0000] {logging_mixin.py:190} INFO - [2025-04-17T05:59:04.270+0000] {dag.py:4180} INFO - Setting next_dagrun for example_branch_labels to 2025-04-16 00:00:00+00:00, run_after=2025-04-17 00:00:00+00:00
[2025-04-17T05:59:04.313+0000] {processor.py:208} INFO - Processing /home/airflow/.local/lib/python3.12/site-packages/airflow/example_dags/example_branch_labels.py took 0.142 seconds
[2025-04-17T05:59:36.602+0000] {processor.py:186} INFO - Started process (PID=424) to work on /home/airflow/.local/lib/python3.12/site-packages/airflow/example_dags/example_branch_labels.py
[2025-04-17T05:59:36.604+0000] {processor.py:914} INFO - Processing file /home/airflow/.local/lib/python3.12/site-packages/airflow/example_dags/example_branch_labels.py for tasks to queue
[2025-04-17T05:59:36.610+0000] {logging_mixin.py:190} INFO - [2025-04-17T05:59:36.609+0000] {dagbag.py:588} INFO - Filling up the DagBag from /home/airflow/.local/lib/python3.12/site-packages/airflow/example_dags/example_branch_labels.py
[2025-04-17T05:59:36.619+0000] {processor.py:925} INFO - DAG(s) 'example_branch_labels' retrieved from /home/airflow/.local/lib/python3.12/site-packages/airflow/example_dags/example_branch_labels.py
[2025-04-17T05:59:36.640+0000] {logging_mixin.py:190} INFO - [2025-04-17T05:59:36.640+0000] {dag.py:3239} INFO - Sync 1 DAGs
[2025-04-17T05:59:36.679+0000] {logging_mixin.py:190} INFO - [2025-04-17T05:59:36.679+0000] {dag.py:4180} INFO - Setting next_dagrun for example_branch_labels to 2025-04-16 00:00:00+00:00, run_after=2025-04-17 00:00:00+00:00
[2025-04-17T05:59:36.697+0000] {processor.py:208} INFO - Processing /home/airflow/.local/lib/python3.12/site-packages/airflow/example_dags/example_branch_labels.py took 0.107 seconds
[2025-04-17T06:00:07.756+0000] {processor.py:186} INFO - Started process (PID=487) to work on /home/airflow/.local/lib/python3.12/site-packages/airflow/example_dags/example_branch_labels.py
[2025-04-17T06:00:07.758+0000] {processor.py:914} INFO - Processing file /home/airflow/.local/lib/python3.12/site-packages/airflow/example_dags/example_branch_labels.py for tasks to queue
[2025-04-17T06:00:07.760+0000] {logging_mixin.py:190} INFO - [2025-04-17T06:00:07.760+0000] {dagbag.py:588} INFO - Filling up the DagBag from /home/airflow/.local/lib/python3.12/site-packages/airflow/example_dags/example_branch_labels.py
[2025-04-17T06:00:07.773+0000] {processor.py:925} INFO - DAG(s) 'example_branch_labels' retrieved from /home/airflow/.local/lib/python3.12/site-packages/airflow/example_dags/example_branch_labels.py
[2025-04-17T06:00:07.797+0000] {logging_mixin.py:190} INFO - [2025-04-17T06:00:07.796+0000] {dag.py:3239} INFO - Sync 1 DAGs
[2025-04-17T06:00:07.824+0000] {logging_mixin.py:190} INFO - [2025-04-17T06:00:07.823+0000] {dag.py:4180} INFO - Setting next_dagrun for example_branch_labels to 2025-04-16 00:00:00+00:00, run_after=2025-04-17 00:00:00+00:00
[2025-04-17T06:00:07.849+0000] {processor.py:208} INFO - Processing /home/airflow/.local/lib/python3.12/site-packages/airflow/example_dags/example_branch_labels.py took 0.099 seconds
[2025-04-17T06:00:39.463+0000] {processor.py:186} INFO - Started process (PID=550) to work on /home/airflow/.local/lib/python3.12/site-packages/airflow/example_dags/example_branch_labels.py
[2025-04-17T06:00:39.466+0000] {processor.py:914} INFO - Processing file /home/airflow/.local/lib/python3.12/site-packages/airflow/example_dags/example_branch_labels.py for tasks to queue
[2025-04-17T06:00:39.475+0000] {logging_mixin.py:190} INFO - [2025-04-17T06:00:39.474+0000] {dagbag.py:588} INFO - Filling up the DagBag from /home/airflow/.local/lib/python3.12/site-packages/airflow/example_dags/example_branch_labels.py
[2025-04-17T06:00:39.506+0000] {processor.py:925} INFO - DAG(s) 'example_branch_labels' retrieved from /home/airflow/.local/lib/python3.12/site-packages/airflow/example_dags/example_branch_labels.py
[2025-04-17T06:00:39.566+0000] {logging_mixin.py:190} INFO - [2025-04-17T06:00:39.566+0000] {dag.py:3239} INFO - Sync 1 DAGs
[2025-04-17T06:00:39.614+0000] {logging_mixin.py:190} INFO - [2025-04-17T06:00:39.614+0000] {dag.py:4180} INFO - Setting next_dagrun for example_branch_labels to 2025-04-16 00:00:00+00:00, run_after=2025-04-17 00:00:00+00:00
[2025-04-17T06:00:39.636+0000] {processor.py:208} INFO - Processing /home/airflow/.local/lib/python3.12/site-packages/airflow/example_dags/example_branch_labels.py took 0.185 seconds
[2025-04-17T06:01:11.804+0000] {processor.py:186} INFO - Started process (PID=613) to work on /home/airflow/.local/lib/python3.12/site-packages/airflow/example_dags/example_branch_labels.py
[2025-04-17T06:01:11.806+0000] {processor.py:914} INFO - Processing file /home/airflow/.local/lib/python3.12/site-packages/airflow/example_dags/example_branch_labels.py for tasks to queue
[2025-04-17T06:01:11.810+0000] {logging_mixin.py:190} INFO - [2025-04-17T06:01:11.809+0000] {dagbag.py:588} INFO - Filling up the DagBag from /home/airflow/.local/lib/python3.12/site-packages/airflow/example_dags/example_branch_labels.py
[2025-04-17T06:01:11.821+0000] {processor.py:925} INFO - DAG(s) 'example_branch_labels' retrieved from /home/airflow/.local/lib/python3.12/site-packages/airflow/example_dags/example_branch_labels.py
[2025-04-17T06:01:11.848+0000] {logging_mixin.py:190} INFO - [2025-04-17T06:01:11.847+0000] {dag.py:3239} INFO - Sync 1 DAGs
[2025-04-17T06:01:11.879+0000] {logging_mixin.py:190} INFO - [2025-04-17T06:01:11.879+0000] {dag.py:4180} INFO - Setting next_dagrun for example_branch_labels to 2025-04-16 00:00:00+00:00, run_after=2025-04-17 00:00:00+00:00
[2025-04-17T06:01:11.914+0000] {processor.py:208} INFO - Processing /home/airflow/.local/lib/python3.12/site-packages/airflow/example_dags/example_branch_labels.py took 0.118 seconds
[2025-04-17T06:01:44.099+0000] {processor.py:186} INFO - Started process (PID=682) to work on /home/airflow/.local/lib/python3.12/site-packages/airflow/example_dags/example_branch_labels.py
[2025-04-17T06:01:44.101+0000] {processor.py:914} INFO - Processing file /home/airflow/.local/lib/python3.12/site-packages/airflow/example_dags/example_branch_labels.py for tasks to queue
[2025-04-17T06:01:44.103+0000] {logging_mixin.py:190} INFO - [2025-04-17T06:01:44.102+0000] {dagbag.py:588} INFO - Filling up the DagBag from /home/airflow/.local/lib/python3.12/site-packages/airflow/example_dags/example_branch_labels.py
[2025-04-17T06:01:44.118+0000] {processor.py:925} INFO - DAG(s) 'example_branch_labels' retrieved from /home/airflow/.local/lib/python3.12/site-packages/airflow/example_dags/example_branch_labels.py
[2025-04-17T06:01:44.143+0000] {logging_mixin.py:190} INFO - [2025-04-17T06:01:44.142+0000] {dag.py:3239} INFO - Sync 1 DAGs
[2025-04-17T06:01:44.166+0000] {logging_mixin.py:190} INFO - [2025-04-17T06:01:44.166+0000] {dag.py:4180} INFO - Setting next_dagrun for example_branch_labels to 2025-04-16 00:00:00+00:00, run_after=2025-04-17 00:00:00+00:00
[2025-04-17T06:01:44.189+0000] {processor.py:208} INFO - Processing /home/airflow/.local/lib/python3.12/site-packages/airflow/example_dags/example_branch_labels.py took 0.097 seconds
[2025-04-17T06:02:15.322+0000] {processor.py:186} INFO - Started process (PID=745) to work on /home/airflow/.local/lib/python3.12/site-packages/airflow/example_dags/example_branch_labels.py
[2025-04-17T06:02:15.323+0000] {processor.py:914} INFO - Processing file /home/airflow/.local/lib/python3.12/site-packages/airflow/example_dags/example_branch_labels.py for tasks to queue
[2025-04-17T06:02:15.326+0000] {logging_mixin.py:190} INFO - [2025-04-17T06:02:15.326+0000] {dagbag.py:588} INFO - Filling up the DagBag from /home/airflow/.local/lib/python3.12/site-packages/airflow/example_dags/example_branch_labels.py
[2025-04-17T06:02:15.338+0000] {processor.py:925} INFO - DAG(s) 'example_branch_labels' retrieved from /home/airflow/.local/lib/python3.12/site-packages/airflow/example_dags/example_branch_labels.py
[2025-04-17T06:02:15.369+0000] {logging_mixin.py:190} INFO - [2025-04-17T06:02:15.369+0000] {dag.py:3239} INFO - Sync 1 DAGs
[2025-04-17T06:02:15.402+0000] {logging_mixin.py:190} INFO - [2025-04-17T06:02:15.402+0000] {dag.py:4180} INFO - Setting next_dagrun for example_branch_labels to 2025-04-16 00:00:00+00:00, run_after=2025-04-17 00:00:00+00:00
[2025-04-17T06:02:15.425+0000] {processor.py:208} INFO - Processing /home/airflow/.local/lib/python3.12/site-packages/airflow/example_dags/example_branch_labels.py took 0.113 seconds
[2025-04-17T06:02:46.251+0000] {processor.py:186} INFO - Started process (PID=808) to work on /home/airflow/.local/lib/python3.12/site-packages/airflow/example_dags/example_branch_labels.py
[2025-04-17T06:02:46.253+0000] {processor.py:914} INFO - Processing file /home/airflow/.local/lib/python3.12/site-packages/airflow/example_dags/example_branch_labels.py for tasks to queue
[2025-04-17T06:02:46.256+0000] {logging_mixin.py:190} INFO - [2025-04-17T06:02:46.256+0000] {dagbag.py:588} INFO - Filling up the DagBag from /home/airflow/.local/lib/python3.12/site-packages/airflow/example_dags/example_branch_labels.py
[2025-04-17T06:02:46.270+0000] {processor.py:925} INFO - DAG(s) 'example_branch_labels' retrieved from /home/airflow/.local/lib/python3.12/site-packages/airflow/example_dags/example_branch_labels.py
[2025-04-17T06:02:46.300+0000] {logging_mixin.py:190} INFO - [2025-04-17T06:02:46.299+0000] {dag.py:3239} INFO - Sync 1 DAGs
[2025-04-17T06:02:46.344+0000] {logging_mixin.py:190} INFO - [2025-04-17T06:02:46.344+0000] {dag.py:4180} INFO - Setting next_dagrun for example_branch_labels to 2025-04-16 00:00:00+00:00, run_after=2025-04-17 00:00:00+00:00
[2025-04-17T06:02:46.388+0000] {processor.py:208} INFO - Processing /home/airflow/.local/lib/python3.12/site-packages/airflow/example_dags/example_branch_labels.py took 0.144 seconds
[2025-04-17T06:03:17.317+0000] {processor.py:186} INFO - Started process (PID=871) to work on /home/airflow/.local/lib/python3.12/site-packages/airflow/example_dags/example_branch_labels.py
[2025-04-17T06:03:17.319+0000] {processor.py:914} INFO - Processing file /home/airflow/.local/lib/python3.12/site-packages/airflow/example_dags/example_branch_labels.py for tasks to queue
[2025-04-17T06:03:17.322+0000] {logging_mixin.py:190} INFO - [2025-04-17T06:03:17.322+0000] {dagbag.py:588} INFO - Filling up the DagBag from /home/airflow/.local/lib/python3.12/site-packages/airflow/example_dags/example_branch_labels.py
[2025-04-17T06:03:17.333+0000] {processor.py:925} INFO - DAG(s) 'example_branch_labels' retrieved from /home/airflow/.local/lib/python3.12/site-packages/airflow/example_dags/example_branch_labels.py
[2025-04-17T06:03:17.375+0000] {logging_mixin.py:190} INFO - [2025-04-17T06:03:17.374+0000] {dag.py:3239} INFO - Sync 1 DAGs
[2025-04-17T06:03:17.414+0000] {logging_mixin.py:190} INFO - [2025-04-17T06:03:17.413+0000] {dag.py:4180} INFO - Setting next_dagrun for example_branch_labels to 2025-04-16 00:00:00+00:00, run_after=2025-04-17 00:00:00+00:00
[2025-04-17T06:03:17.440+0000] {processor.py:208} INFO - Processing /home/airflow/.local/lib/python3.12/site-packages/airflow/example_dags/example_branch_labels.py took 0.129 seconds
[2025-04-17T06:10:58.378+0000] {processor.py:186} INFO - Started process (PID=111) to work on /home/airflow/.local/lib/python3.12/site-packages/airflow/example_dags/example_branch_labels.py
[2025-04-17T06:10:58.380+0000] {processor.py:914} INFO - Processing file /home/airflow/.local/lib/python3.12/site-packages/airflow/example_dags/example_branch_labels.py for tasks to queue
[2025-04-17T06:10:58.385+0000] {logging_mixin.py:190} INFO - [2025-04-17T06:10:58.384+0000] {dagbag.py:588} INFO - Filling up the DagBag from /home/airflow/.local/lib/python3.12/site-packages/airflow/example_dags/example_branch_labels.py
[2025-04-17T06:10:58.417+0000] {processor.py:925} INFO - DAG(s) 'example_branch_labels' retrieved from /home/airflow/.local/lib/python3.12/site-packages/airflow/example_dags/example_branch_labels.py
[2025-04-17T06:10:58.473+0000] {logging_mixin.py:190} INFO - [2025-04-17T06:10:58.472+0000] {dag.py:3239} INFO - Sync 1 DAGs
[2025-04-17T06:10:58.547+0000] {logging_mixin.py:190} INFO - [2025-04-17T06:10:58.546+0000] {dag.py:4180} INFO - Setting next_dagrun for example_branch_labels to 2025-04-16 00:00:00+00:00, run_after=2025-04-17 00:00:00+00:00
[2025-04-17T06:10:58.614+0000] {processor.py:208} INFO - Processing /home/airflow/.local/lib/python3.12/site-packages/airflow/example_dags/example_branch_labels.py took 0.259 seconds
[2025-04-17T06:11:29.850+0000] {processor.py:186} INFO - Started process (PID=174) to work on /home/airflow/.local/lib/python3.12/site-packages/airflow/example_dags/example_branch_labels.py
[2025-04-17T06:11:29.852+0000] {processor.py:914} INFO - Processing file /home/airflow/.local/lib/python3.12/site-packages/airflow/example_dags/example_branch_labels.py for tasks to queue
[2025-04-17T06:11:29.854+0000] {logging_mixin.py:190} INFO - [2025-04-17T06:11:29.854+0000] {dagbag.py:588} INFO - Filling up the DagBag from /home/airflow/.local/lib/python3.12/site-packages/airflow/example_dags/example_branch_labels.py
[2025-04-17T06:11:29.871+0000] {processor.py:925} INFO - DAG(s) 'example_branch_labels' retrieved from /home/airflow/.local/lib/python3.12/site-packages/airflow/example_dags/example_branch_labels.py
[2025-04-17T06:11:29.912+0000] {logging_mixin.py:190} INFO - [2025-04-17T06:11:29.912+0000] {dag.py:3239} INFO - Sync 1 DAGs
[2025-04-17T06:11:29.945+0000] {logging_mixin.py:190} INFO - [2025-04-17T06:11:29.945+0000] {dag.py:4180} INFO - Setting next_dagrun for example_branch_labels to 2025-04-16 00:00:00+00:00, run_after=2025-04-17 00:00:00+00:00
[2025-04-17T06:11:29.981+0000] {processor.py:208} INFO - Processing /home/airflow/.local/lib/python3.12/site-packages/airflow/example_dags/example_branch_labels.py took 0.136 seconds
[2025-04-17T06:12:02.534+0000] {processor.py:186} INFO - Started process (PID=236) to work on /home/airflow/.local/lib/python3.12/site-packages/airflow/example_dags/example_branch_labels.py
[2025-04-17T06:12:02.537+0000] {processor.py:914} INFO - Processing file /home/airflow/.local/lib/python3.12/site-packages/airflow/example_dags/example_branch_labels.py for tasks to queue
[2025-04-17T06:12:02.545+0000] {logging_mixin.py:190} INFO - [2025-04-17T06:12:02.544+0000] {dagbag.py:588} INFO - Filling up the DagBag from /home/airflow/.local/lib/python3.12/site-packages/airflow/example_dags/example_branch_labels.py
[2025-04-17T06:12:02.580+0000] {processor.py:925} INFO - DAG(s) 'example_branch_labels' retrieved from /home/airflow/.local/lib/python3.12/site-packages/airflow/example_dags/example_branch_labels.py
[2025-04-17T06:12:02.646+0000] {logging_mixin.py:190} INFO - [2025-04-17T06:12:02.645+0000] {dag.py:3239} INFO - Sync 1 DAGs
[2025-04-17T06:12:02.713+0000] {logging_mixin.py:190} INFO - [2025-04-17T06:12:02.713+0000] {dag.py:4180} INFO - Setting next_dagrun for example_branch_labels to 2025-04-16 00:00:00+00:00, run_after=2025-04-17 00:00:00+00:00
[2025-04-17T06:12:02.760+0000] {processor.py:208} INFO - Processing /home/airflow/.local/lib/python3.12/site-packages/airflow/example_dags/example_branch_labels.py took 0.239 seconds
[2025-04-17T06:12:35.195+0000] {processor.py:186} INFO - Started process (PID=299) to work on /home/airflow/.local/lib/python3.12/site-packages/airflow/example_dags/example_branch_labels.py
[2025-04-17T06:12:35.198+0000] {processor.py:914} INFO - Processing file /home/airflow/.local/lib/python3.12/site-packages/airflow/example_dags/example_branch_labels.py for tasks to queue
[2025-04-17T06:12:35.206+0000] {logging_mixin.py:190} INFO - [2025-04-17T06:12:35.205+0000] {dagbag.py:588} INFO - Filling up the DagBag from /home/airflow/.local/lib/python3.12/site-packages/airflow/example_dags/example_branch_labels.py
[2025-04-17T06:12:35.236+0000] {processor.py:925} INFO - DAG(s) 'example_branch_labels' retrieved from /home/airflow/.local/lib/python3.12/site-packages/airflow/example_dags/example_branch_labels.py
[2025-04-17T06:12:35.335+0000] {logging_mixin.py:190} INFO - [2025-04-17T06:12:35.334+0000] {dag.py:3239} INFO - Sync 1 DAGs
[2025-04-17T06:12:35.407+0000] {logging_mixin.py:190} INFO - [2025-04-17T06:12:35.406+0000] {dag.py:4180} INFO - Setting next_dagrun for example_branch_labels to 2025-04-16 00:00:00+00:00, run_after=2025-04-17 00:00:00+00:00
[2025-04-17T06:12:35.462+0000] {processor.py:208} INFO - Processing /home/airflow/.local/lib/python3.12/site-packages/airflow/example_dags/example_branch_labels.py took 0.286 seconds
[2025-04-17T06:13:07.436+0000] {processor.py:186} INFO - Started process (PID=362) to work on /home/airflow/.local/lib/python3.12/site-packages/airflow/example_dags/example_branch_labels.py
[2025-04-17T06:13:07.439+0000] {processor.py:914} INFO - Processing file /home/airflow/.local/lib/python3.12/site-packages/airflow/example_dags/example_branch_labels.py for tasks to queue
[2025-04-17T06:13:07.447+0000] {logging_mixin.py:190} INFO - [2025-04-17T06:13:07.446+0000] {dagbag.py:588} INFO - Filling up the DagBag from /home/airflow/.local/lib/python3.12/site-packages/airflow/example_dags/example_branch_labels.py
[2025-04-17T06:13:07.491+0000] {processor.py:925} INFO - DAG(s) 'example_branch_labels' retrieved from /home/airflow/.local/lib/python3.12/site-packages/airflow/example_dags/example_branch_labels.py
[2025-04-17T06:13:07.543+0000] {logging_mixin.py:190} INFO - [2025-04-17T06:13:07.542+0000] {dag.py:3239} INFO - Sync 1 DAGs
[2025-04-17T06:13:07.617+0000] {logging_mixin.py:190} INFO - [2025-04-17T06:13:07.617+0000] {dag.py:4180} INFO - Setting next_dagrun for example_branch_labels to 2025-04-16 00:00:00+00:00, run_after=2025-04-17 00:00:00+00:00
[2025-04-17T06:13:07.662+0000] {processor.py:208} INFO - Processing /home/airflow/.local/lib/python3.12/site-packages/airflow/example_dags/example_branch_labels.py took 0.247 seconds
[2025-04-17T06:13:42.594+0000] {processor.py:186} INFO - Started process (PID=431) to work on /home/airflow/.local/lib/python3.12/site-packages/airflow/example_dags/example_branch_labels.py
[2025-04-17T06:13:42.608+0000] {processor.py:914} INFO - Processing file /home/airflow/.local/lib/python3.12/site-packages/airflow/example_dags/example_branch_labels.py for tasks to queue
[2025-04-17T06:13:42.624+0000] {logging_mixin.py:190} INFO - [2025-04-17T06:13:42.614+0000] {dagbag.py:588} INFO - Filling up the DagBag from /home/airflow/.local/lib/python3.12/site-packages/airflow/example_dags/example_branch_labels.py
[2025-04-17T06:13:42.666+0000] {processor.py:925} INFO - DAG(s) 'example_branch_labels' retrieved from /home/airflow/.local/lib/python3.12/site-packages/airflow/example_dags/example_branch_labels.py
[2025-04-17T06:13:42.813+0000] {logging_mixin.py:190} INFO - [2025-04-17T06:13:42.813+0000] {dag.py:3239} INFO - Sync 1 DAGs
[2025-04-17T06:13:42.943+0000] {logging_mixin.py:190} INFO - [2025-04-17T06:13:42.943+0000] {dag.py:4180} INFO - Setting next_dagrun for example_branch_labels to 2025-04-16 00:00:00+00:00, run_after=2025-04-17 00:00:00+00:00
[2025-04-17T06:13:43.373+0000] {processor.py:208} INFO - Processing /home/airflow/.local/lib/python3.12/site-packages/airflow/example_dags/example_branch_labels.py took 0.815 seconds
[2025-04-17T06:14:15.750+0000] {processor.py:186} INFO - Started process (PID=495) to work on /home/airflow/.local/lib/python3.12/site-packages/airflow/example_dags/example_branch_labels.py
[2025-04-17T06:14:15.753+0000] {processor.py:914} INFO - Processing file /home/airflow/.local/lib/python3.12/site-packages/airflow/example_dags/example_branch_labels.py for tasks to queue
[2025-04-17T06:14:15.761+0000] {logging_mixin.py:190} INFO - [2025-04-17T06:14:15.760+0000] {dagbag.py:588} INFO - Filling up the DagBag from /home/airflow/.local/lib/python3.12/site-packages/airflow/example_dags/example_branch_labels.py
[2025-04-17T06:14:15.814+0000] {processor.py:925} INFO - DAG(s) 'example_branch_labels' retrieved from /home/airflow/.local/lib/python3.12/site-packages/airflow/example_dags/example_branch_labels.py
[2025-04-17T06:14:15.901+0000] {logging_mixin.py:190} INFO - [2025-04-17T06:14:15.895+0000] {dag.py:3239} INFO - Sync 1 DAGs
[2025-04-17T06:14:15.999+0000] {logging_mixin.py:190} INFO - [2025-04-17T06:14:15.998+0000] {dag.py:4180} INFO - Setting next_dagrun for example_branch_labels to 2025-04-16 00:00:00+00:00, run_after=2025-04-17 00:00:00+00:00
[2025-04-17T06:14:16.074+0000] {processor.py:208} INFO - Processing /home/airflow/.local/lib/python3.12/site-packages/airflow/example_dags/example_branch_labels.py took 0.346 seconds
[2025-04-17T06:14:49.410+0000] {processor.py:186} INFO - Started process (PID=558) to work on /home/airflow/.local/lib/python3.12/site-packages/airflow/example_dags/example_branch_labels.py
[2025-04-17T06:14:49.413+0000] {processor.py:914} INFO - Processing file /home/airflow/.local/lib/python3.12/site-packages/airflow/example_dags/example_branch_labels.py for tasks to queue
[2025-04-17T06:14:49.433+0000] {logging_mixin.py:190} INFO - [2025-04-17T06:14:49.428+0000] {dagbag.py:588} INFO - Filling up the DagBag from /home/airflow/.local/lib/python3.12/site-packages/airflow/example_dags/example_branch_labels.py
[2025-04-17T06:14:49.471+0000] {processor.py:925} INFO - DAG(s) 'example_branch_labels' retrieved from /home/airflow/.local/lib/python3.12/site-packages/airflow/example_dags/example_branch_labels.py
[2025-04-17T06:14:49.547+0000] {logging_mixin.py:190} INFO - [2025-04-17T06:14:49.546+0000] {dag.py:3239} INFO - Sync 1 DAGs
[2025-04-17T06:14:49.640+0000] {logging_mixin.py:190} INFO - [2025-04-17T06:14:49.640+0000] {dag.py:4180} INFO - Setting next_dagrun for example_branch_labels to 2025-04-16 00:00:00+00:00, run_after=2025-04-17 00:00:00+00:00
[2025-04-17T06:14:49.704+0000] {processor.py:208} INFO - Processing /home/airflow/.local/lib/python3.12/site-packages/airflow/example_dags/example_branch_labels.py took 0.317 seconds
[2025-04-17T06:15:23.979+0000] {processor.py:186} INFO - Started process (PID=621) to work on /home/airflow/.local/lib/python3.12/site-packages/airflow/example_dags/example_branch_labels.py
[2025-04-17T06:15:23.982+0000] {processor.py:914} INFO - Processing file /home/airflow/.local/lib/python3.12/site-packages/airflow/example_dags/example_branch_labels.py for tasks to queue
[2025-04-17T06:15:23.991+0000] {logging_mixin.py:190} INFO - [2025-04-17T06:15:23.990+0000] {dagbag.py:588} INFO - Filling up the DagBag from /home/airflow/.local/lib/python3.12/site-packages/airflow/example_dags/example_branch_labels.py
[2025-04-17T06:15:24.026+0000] {processor.py:925} INFO - DAG(s) 'example_branch_labels' retrieved from /home/airflow/.local/lib/python3.12/site-packages/airflow/example_dags/example_branch_labels.py
[2025-04-17T06:15:24.111+0000] {logging_mixin.py:190} INFO - [2025-04-17T06:15:24.110+0000] {dag.py:3239} INFO - Sync 1 DAGs
[2025-04-17T06:15:24.217+0000] {logging_mixin.py:190} INFO - [2025-04-17T06:15:24.216+0000] {dag.py:4180} INFO - Setting next_dagrun for example_branch_labels to 2025-04-16 00:00:00+00:00, run_after=2025-04-17 00:00:00+00:00
[2025-04-17T06:15:24.289+0000] {processor.py:208} INFO - Processing /home/airflow/.local/lib/python3.12/site-packages/airflow/example_dags/example_branch_labels.py took 0.330 seconds
[2025-04-17T06:15:55.586+0000] {processor.py:186} INFO - Started process (PID=684) to work on /home/airflow/.local/lib/python3.12/site-packages/airflow/example_dags/example_branch_labels.py
[2025-04-17T06:15:55.589+0000] {processor.py:914} INFO - Processing file /home/airflow/.local/lib/python3.12/site-packages/airflow/example_dags/example_branch_labels.py for tasks to queue
[2025-04-17T06:15:55.596+0000] {logging_mixin.py:190} INFO - [2025-04-17T06:15:55.595+0000] {dagbag.py:588} INFO - Filling up the DagBag from /home/airflow/.local/lib/python3.12/site-packages/airflow/example_dags/example_branch_labels.py
[2025-04-17T06:15:55.623+0000] {processor.py:925} INFO - DAG(s) 'example_branch_labels' retrieved from /home/airflow/.local/lib/python3.12/site-packages/airflow/example_dags/example_branch_labels.py
[2025-04-17T06:15:55.669+0000] {logging_mixin.py:190} INFO - [2025-04-17T06:15:55.668+0000] {dag.py:3239} INFO - Sync 1 DAGs
[2025-04-17T06:15:55.704+0000] {logging_mixin.py:190} INFO - [2025-04-17T06:15:55.704+0000] {dag.py:4180} INFO - Setting next_dagrun for example_branch_labels to 2025-04-16 00:00:00+00:00, run_after=2025-04-17 00:00:00+00:00
[2025-04-17T06:15:55.745+0000] {processor.py:208} INFO - Processing /home/airflow/.local/lib/python3.12/site-packages/airflow/example_dags/example_branch_labels.py took 0.172 seconds
[2025-04-17T06:16:26.441+0000] {processor.py:186} INFO - Started process (PID=747) to work on /home/airflow/.local/lib/python3.12/site-packages/airflow/example_dags/example_branch_labels.py
[2025-04-17T06:16:26.443+0000] {processor.py:914} INFO - Processing file /home/airflow/.local/lib/python3.12/site-packages/airflow/example_dags/example_branch_labels.py for tasks to queue
[2025-04-17T06:16:26.449+0000] {logging_mixin.py:190} INFO - [2025-04-17T06:16:26.448+0000] {dagbag.py:588} INFO - Filling up the DagBag from /home/airflow/.local/lib/python3.12/site-packages/airflow/example_dags/example_branch_labels.py
[2025-04-17T06:16:26.467+0000] {processor.py:925} INFO - DAG(s) 'example_branch_labels' retrieved from /home/airflow/.local/lib/python3.12/site-packages/airflow/example_dags/example_branch_labels.py
[2025-04-17T06:16:26.510+0000] {logging_mixin.py:190} INFO - [2025-04-17T06:16:26.510+0000] {dag.py:3239} INFO - Sync 1 DAGs
[2025-04-17T06:16:26.558+0000] {logging_mixin.py:190} INFO - [2025-04-17T06:16:26.557+0000] {dag.py:4180} INFO - Setting next_dagrun for example_branch_labels to 2025-04-16 00:00:00+00:00, run_after=2025-04-17 00:00:00+00:00
[2025-04-17T06:16:26.598+0000] {processor.py:208} INFO - Processing /home/airflow/.local/lib/python3.12/site-packages/airflow/example_dags/example_branch_labels.py took 0.167 seconds
[2025-04-17T06:16:58.173+0000] {processor.py:186} INFO - Started process (PID=810) to work on /home/airflow/.local/lib/python3.12/site-packages/airflow/example_dags/example_branch_labels.py
[2025-04-17T06:16:58.176+0000] {processor.py:914} INFO - Processing file /home/airflow/.local/lib/python3.12/site-packages/airflow/example_dags/example_branch_labels.py for tasks to queue
[2025-04-17T06:16:58.193+0000] {logging_mixin.py:190} INFO - [2025-04-17T06:16:58.191+0000] {dagbag.py:588} INFO - Filling up the DagBag from /home/airflow/.local/lib/python3.12/site-packages/airflow/example_dags/example_branch_labels.py
[2025-04-17T06:16:58.229+0000] {processor.py:925} INFO - DAG(s) 'example_branch_labels' retrieved from /home/airflow/.local/lib/python3.12/site-packages/airflow/example_dags/example_branch_labels.py
[2025-04-17T06:16:58.303+0000] {logging_mixin.py:190} INFO - [2025-04-17T06:16:58.302+0000] {dag.py:3239} INFO - Sync 1 DAGs
[2025-04-17T06:16:58.411+0000] {logging_mixin.py:190} INFO - [2025-04-17T06:16:58.410+0000] {dag.py:4180} INFO - Setting next_dagrun for example_branch_labels to 2025-04-16 00:00:00+00:00, run_after=2025-04-17 00:00:00+00:00
[2025-04-17T06:16:58.475+0000] {processor.py:208} INFO - Processing /home/airflow/.local/lib/python3.12/site-packages/airflow/example_dags/example_branch_labels.py took 0.322 seconds
