[2025-04-17T05:56:53.460+0000] {processor.py:186} INFO - Started process (PID=104) to work on /home/airflow/.local/lib/python3.12/site-packages/airflow/example_dags/example_dataset_alias.py
[2025-04-17T05:56:53.463+0000] {processor.py:914} INFO - Processing file /home/airflow/.local/lib/python3.12/site-packages/airflow/example_dags/example_dataset_alias.py for tasks to queue
[2025-04-17T05:56:53.469+0000] {logging_mixin.py:190} INFO - [2025-04-17T05:56:53.469+0000] {dagbag.py:588} INFO - Filling up the DagBag from /home/airflow/.local/lib/python3.12/site-packages/airflow/example_dags/example_dataset_alias.py
[2025-04-17T05:56:55.627+0000] {processor.py:925} INFO - DAG(s) 'dataset_alias_example_alias_producer', 'dataset_s3_bucket_consumer', 'dataset_s3_bucket_producer', 'dataset_alias_example_alias_consumer' retrieved from /home/airflow/.local/lib/python3.12/site-packages/airflow/example_dags/example_dataset_alias.py
[2025-04-17T05:56:55.880+0000] {logging_mixin.py:190} INFO - [2025-04-17T05:56:55.877+0000] {override.py:1912} INFO - Created Permission View: can delete on DAG:dataset_alias_example_alias_producer
[2025-04-17T05:56:55.907+0000] {logging_mixin.py:190} INFO - [2025-04-17T05:56:55.906+0000] {override.py:1912} INFO - Created Permission View: can edit on DAG:dataset_alias_example_alias_producer
[2025-04-17T05:56:55.924+0000] {logging_mixin.py:190} INFO - [2025-04-17T05:56:55.923+0000] {override.py:1912} INFO - Created Permission View: can read on DAG:dataset_alias_example_alias_producer
[2025-04-17T05:56:55.948+0000] {logging_mixin.py:190} INFO - [2025-04-17T05:56:55.948+0000] {override.py:1912} INFO - Created Permission View: can delete on DAG Run:dataset_alias_example_alias_producer
[2025-04-17T05:56:55.963+0000] {logging_mixin.py:190} INFO - [2025-04-17T05:56:55.962+0000] {override.py:1912} INFO - Created Permission View: can read on DAG Run:dataset_alias_example_alias_producer
[2025-04-17T05:56:55.976+0000] {logging_mixin.py:190} INFO - [2025-04-17T05:56:55.976+0000] {override.py:1912} INFO - Created Permission View: can create on DAG Run:dataset_alias_example_alias_producer
[2025-04-17T05:56:55.991+0000] {logging_mixin.py:190} INFO - [2025-04-17T05:56:55.990+0000] {override.py:1912} INFO - Created Permission View: menu access on DAG Run:dataset_alias_example_alias_producer
[2025-04-17T05:56:56.020+0000] {logging_mixin.py:190} INFO - [2025-04-17T05:56:56.019+0000] {override.py:1912} INFO - Created Permission View: can delete on DAG:dataset_s3_bucket_consumer
[2025-04-17T05:56:56.033+0000] {logging_mixin.py:190} INFO - [2025-04-17T05:56:56.032+0000] {override.py:1912} INFO - Created Permission View: can edit on DAG:dataset_s3_bucket_consumer
[2025-04-17T05:56:56.049+0000] {logging_mixin.py:190} INFO - [2025-04-17T05:56:56.048+0000] {override.py:1912} INFO - Created Permission View: can read on DAG:dataset_s3_bucket_consumer
[2025-04-17T05:56:56.066+0000] {logging_mixin.py:190} INFO - [2025-04-17T05:56:56.066+0000] {override.py:1912} INFO - Created Permission View: can delete on DAG Run:dataset_s3_bucket_consumer
[2025-04-17T05:56:56.080+0000] {logging_mixin.py:190} INFO - [2025-04-17T05:56:56.080+0000] {override.py:1912} INFO - Created Permission View: can read on DAG Run:dataset_s3_bucket_consumer
[2025-04-17T05:56:56.093+0000] {logging_mixin.py:190} INFO - [2025-04-17T05:56:56.092+0000] {override.py:1912} INFO - Created Permission View: can create on DAG Run:dataset_s3_bucket_consumer
[2025-04-17T05:56:56.107+0000] {logging_mixin.py:190} INFO - [2025-04-17T05:56:56.106+0000] {override.py:1912} INFO - Created Permission View: menu access on DAG Run:dataset_s3_bucket_consumer
[2025-04-17T05:56:56.135+0000] {logging_mixin.py:190} INFO - [2025-04-17T05:56:56.135+0000] {override.py:1912} INFO - Created Permission View: can delete on DAG:dataset_s3_bucket_producer
[2025-04-17T05:56:56.149+0000] {logging_mixin.py:190} INFO - [2025-04-17T05:56:56.148+0000] {override.py:1912} INFO - Created Permission View: can edit on DAG:dataset_s3_bucket_producer
[2025-04-17T05:56:56.162+0000] {logging_mixin.py:190} INFO - [2025-04-17T05:56:56.161+0000] {override.py:1912} INFO - Created Permission View: can read on DAG:dataset_s3_bucket_producer
[2025-04-17T05:56:56.178+0000] {logging_mixin.py:190} INFO - [2025-04-17T05:56:56.178+0000] {override.py:1912} INFO - Created Permission View: can delete on DAG Run:dataset_s3_bucket_producer
[2025-04-17T05:56:56.192+0000] {logging_mixin.py:190} INFO - [2025-04-17T05:56:56.192+0000] {override.py:1912} INFO - Created Permission View: can read on DAG Run:dataset_s3_bucket_producer
[2025-04-17T05:56:56.204+0000] {logging_mixin.py:190} INFO - [2025-04-17T05:56:56.204+0000] {override.py:1912} INFO - Created Permission View: can create on DAG Run:dataset_s3_bucket_producer
[2025-04-17T05:56:56.218+0000] {logging_mixin.py:190} INFO - [2025-04-17T05:56:56.218+0000] {override.py:1912} INFO - Created Permission View: menu access on DAG Run:dataset_s3_bucket_producer
[2025-04-17T05:56:56.244+0000] {logging_mixin.py:190} INFO - [2025-04-17T05:56:56.243+0000] {override.py:1912} INFO - Created Permission View: can delete on DAG:dataset_alias_example_alias_consumer
[2025-04-17T05:56:56.259+0000] {logging_mixin.py:190} INFO - [2025-04-17T05:56:56.258+0000] {override.py:1912} INFO - Created Permission View: can edit on DAG:dataset_alias_example_alias_consumer
[2025-04-17T05:56:56.274+0000] {logging_mixin.py:190} INFO - [2025-04-17T05:56:56.273+0000] {override.py:1912} INFO - Created Permission View: can read on DAG:dataset_alias_example_alias_consumer
[2025-04-17T05:56:56.293+0000] {logging_mixin.py:190} INFO - [2025-04-17T05:56:56.292+0000] {override.py:1912} INFO - Created Permission View: can delete on DAG Run:dataset_alias_example_alias_consumer
[2025-04-17T05:56:56.309+0000] {logging_mixin.py:190} INFO - [2025-04-17T05:56:56.308+0000] {override.py:1912} INFO - Created Permission View: can read on DAG Run:dataset_alias_example_alias_consumer
[2025-04-17T05:56:56.326+0000] {logging_mixin.py:190} INFO - [2025-04-17T05:56:56.325+0000] {override.py:1912} INFO - Created Permission View: can create on DAG Run:dataset_alias_example_alias_consumer
[2025-04-17T05:56:56.342+0000] {logging_mixin.py:190} INFO - [2025-04-17T05:56:56.341+0000] {override.py:1912} INFO - Created Permission View: menu access on DAG Run:dataset_alias_example_alias_consumer
[2025-04-17T05:56:56.345+0000] {logging_mixin.py:190} INFO - [2025-04-17T05:56:56.343+0000] {dag.py:3239} INFO - Sync 4 DAGs
[2025-04-17T05:56:56.378+0000] {logging_mixin.py:190} INFO - [2025-04-17T05:56:56.376+0000] {dag.py:3262} INFO - Creating ORM DAG for dataset_s3_bucket_consumer
[2025-04-17T05:56:56.380+0000] {logging_mixin.py:190} INFO - [2025-04-17T05:56:56.380+0000] {dag.py:3262} INFO - Creating ORM DAG for dataset_s3_bucket_producer
[2025-04-17T05:56:56.382+0000] {logging_mixin.py:190} INFO - [2025-04-17T05:56:56.382+0000] {dag.py:3262} INFO - Creating ORM DAG for dataset_alias_example_alias_consumer
[2025-04-17T05:56:56.385+0000] {logging_mixin.py:190} INFO - [2025-04-17T05:56:56.384+0000] {dag.py:3262} INFO - Creating ORM DAG for dataset_alias_example_alias_producer
[2025-04-17T05:56:56.410+0000] {logging_mixin.py:190} INFO - [2025-04-17T05:56:56.409+0000] {dag.py:4180} INFO - Setting next_dagrun for dataset_alias_example_alias_consumer to None, run_after=None
[2025-04-17T05:56:56.413+0000] {logging_mixin.py:190} INFO - [2025-04-17T05:56:56.412+0000] {dag.py:4180} INFO - Setting next_dagrun for dataset_alias_example_alias_producer to None, run_after=None
[2025-04-17T05:56:56.416+0000] {logging_mixin.py:190} INFO - [2025-04-17T05:56:56.415+0000] {dag.py:4180} INFO - Setting next_dagrun for dataset_s3_bucket_consumer to None, run_after=None
[2025-04-17T05:56:56.419+0000] {logging_mixin.py:190} INFO - [2025-04-17T05:56:56.418+0000] {dag.py:4180} INFO - Setting next_dagrun for dataset_s3_bucket_producer to None, run_after=None
[2025-04-17T05:56:56.475+0000] {processor.py:208} INFO - Processing /home/airflow/.local/lib/python3.12/site-packages/airflow/example_dags/example_dataset_alias.py took 3.025 seconds
[2025-04-17T05:57:26.870+0000] {processor.py:186} INFO - Started process (PID=167) to work on /home/airflow/.local/lib/python3.12/site-packages/airflow/example_dags/example_dataset_alias.py
[2025-04-17T05:57:26.873+0000] {processor.py:914} INFO - Processing file /home/airflow/.local/lib/python3.12/site-packages/airflow/example_dags/example_dataset_alias.py for tasks to queue
[2025-04-17T05:57:26.881+0000] {logging_mixin.py:190} INFO - [2025-04-17T05:57:26.880+0000] {dagbag.py:588} INFO - Filling up the DagBag from /home/airflow/.local/lib/python3.12/site-packages/airflow/example_dags/example_dataset_alias.py
[2025-04-17T05:57:29.380+0000] {processor.py:925} INFO - DAG(s) 'dataset_alias_example_alias_producer', 'dataset_alias_example_alias_consumer', 'dataset_s3_bucket_producer', 'dataset_s3_bucket_consumer' retrieved from /home/airflow/.local/lib/python3.12/site-packages/airflow/example_dags/example_dataset_alias.py
[2025-04-17T05:57:29.437+0000] {logging_mixin.py:190} INFO - [2025-04-17T05:57:29.436+0000] {dag.py:3239} INFO - Sync 4 DAGs
[2025-04-17T05:57:29.496+0000] {logging_mixin.py:190} INFO - [2025-04-17T05:57:29.495+0000] {dag.py:4180} INFO - Setting next_dagrun for dataset_alias_example_alias_consumer to None, run_after=None
[2025-04-17T05:57:29.501+0000] {logging_mixin.py:190} INFO - [2025-04-17T05:57:29.501+0000] {dag.py:4180} INFO - Setting next_dagrun for dataset_alias_example_alias_producer to None, run_after=None
[2025-04-17T05:57:29.506+0000] {logging_mixin.py:190} INFO - [2025-04-17T05:57:29.506+0000] {dag.py:4180} INFO - Setting next_dagrun for dataset_s3_bucket_consumer to None, run_after=None
[2025-04-17T05:57:29.510+0000] {logging_mixin.py:190} INFO - [2025-04-17T05:57:29.509+0000] {dag.py:4180} INFO - Setting next_dagrun for dataset_s3_bucket_producer to None, run_after=None
[2025-04-17T05:57:29.551+0000] {processor.py:208} INFO - Processing /home/airflow/.local/lib/python3.12/site-packages/airflow/example_dags/example_dataset_alias.py took 2.736 seconds
[2025-04-17T05:58:00.345+0000] {processor.py:186} INFO - Started process (PID=230) to work on /home/airflow/.local/lib/python3.12/site-packages/airflow/example_dags/example_dataset_alias.py
[2025-04-17T05:58:00.348+0000] {processor.py:914} INFO - Processing file /home/airflow/.local/lib/python3.12/site-packages/airflow/example_dags/example_dataset_alias.py for tasks to queue
[2025-04-17T05:58:00.354+0000] {logging_mixin.py:190} INFO - [2025-04-17T05:58:00.353+0000] {dagbag.py:588} INFO - Filling up the DagBag from /home/airflow/.local/lib/python3.12/site-packages/airflow/example_dags/example_dataset_alias.py
[2025-04-17T05:58:01.715+0000] {processor.py:925} INFO - DAG(s) 'dataset_s3_bucket_consumer', 'dataset_alias_example_alias_producer', 'dataset_s3_bucket_producer', 'dataset_alias_example_alias_consumer' retrieved from /home/airflow/.local/lib/python3.12/site-packages/airflow/example_dags/example_dataset_alias.py
[2025-04-17T05:58:01.780+0000] {logging_mixin.py:190} INFO - [2025-04-17T05:58:01.779+0000] {dag.py:3239} INFO - Sync 4 DAGs
[2025-04-17T05:58:01.859+0000] {logging_mixin.py:190} INFO - [2025-04-17T05:58:01.858+0000] {dag.py:4180} INFO - Setting next_dagrun for dataset_alias_example_alias_consumer to None, run_after=None
[2025-04-17T05:58:01.866+0000] {logging_mixin.py:190} INFO - [2025-04-17T05:58:01.866+0000] {dag.py:4180} INFO - Setting next_dagrun for dataset_alias_example_alias_producer to None, run_after=None
[2025-04-17T05:58:01.874+0000] {logging_mixin.py:190} INFO - [2025-04-17T05:58:01.873+0000] {dag.py:4180} INFO - Setting next_dagrun for dataset_s3_bucket_consumer to None, run_after=None
[2025-04-17T05:58:01.877+0000] {logging_mixin.py:190} INFO - [2025-04-17T05:58:01.877+0000] {dag.py:4180} INFO - Setting next_dagrun for dataset_s3_bucket_producer to None, run_after=None
[2025-04-17T05:58:01.935+0000] {processor.py:208} INFO - Processing /home/airflow/.local/lib/python3.12/site-packages/airflow/example_dags/example_dataset_alias.py took 1.605 seconds
[2025-04-17T05:58:32.076+0000] {processor.py:186} INFO - Started process (PID=293) to work on /home/airflow/.local/lib/python3.12/site-packages/airflow/example_dags/example_dataset_alias.py
[2025-04-17T05:58:32.077+0000] {processor.py:914} INFO - Processing file /home/airflow/.local/lib/python3.12/site-packages/airflow/example_dags/example_dataset_alias.py for tasks to queue
[2025-04-17T05:58:32.080+0000] {logging_mixin.py:190} INFO - [2025-04-17T05:58:32.080+0000] {dagbag.py:588} INFO - Filling up the DagBag from /home/airflow/.local/lib/python3.12/site-packages/airflow/example_dags/example_dataset_alias.py
[2025-04-17T05:58:32.637+0000] {processor.py:925} INFO - DAG(s) 'dataset_alias_example_alias_producer', 'dataset_s3_bucket_producer', 'dataset_alias_example_alias_consumer', 'dataset_s3_bucket_consumer' retrieved from /home/airflow/.local/lib/python3.12/site-packages/airflow/example_dags/example_dataset_alias.py
[2025-04-17T05:58:32.665+0000] {logging_mixin.py:190} INFO - [2025-04-17T05:58:32.664+0000] {dag.py:3239} INFO - Sync 4 DAGs
[2025-04-17T05:58:32.690+0000] {logging_mixin.py:190} INFO - [2025-04-17T05:58:32.690+0000] {dag.py:4180} INFO - Setting next_dagrun for dataset_alias_example_alias_consumer to None, run_after=None
[2025-04-17T05:58:32.694+0000] {logging_mixin.py:190} INFO - [2025-04-17T05:58:32.694+0000] {dag.py:4180} INFO - Setting next_dagrun for dataset_alias_example_alias_producer to None, run_after=None
[2025-04-17T05:58:32.696+0000] {logging_mixin.py:190} INFO - [2025-04-17T05:58:32.696+0000] {dag.py:4180} INFO - Setting next_dagrun for dataset_s3_bucket_consumer to None, run_after=None
[2025-04-17T05:58:32.698+0000] {logging_mixin.py:190} INFO - [2025-04-17T05:58:32.698+0000] {dag.py:4180} INFO - Setting next_dagrun for dataset_s3_bucket_producer to None, run_after=None
[2025-04-17T05:58:32.726+0000] {processor.py:208} INFO - Processing /home/airflow/.local/lib/python3.12/site-packages/airflow/example_dags/example_dataset_alias.py took 0.659 seconds
[2025-04-17T05:59:02.853+0000] {processor.py:186} INFO - Started process (PID=356) to work on /home/airflow/.local/lib/python3.12/site-packages/airflow/example_dags/example_dataset_alias.py
[2025-04-17T05:59:02.854+0000] {processor.py:914} INFO - Processing file /home/airflow/.local/lib/python3.12/site-packages/airflow/example_dags/example_dataset_alias.py for tasks to queue
[2025-04-17T05:59:02.860+0000] {logging_mixin.py:190} INFO - [2025-04-17T05:59:02.859+0000] {dagbag.py:588} INFO - Filling up the DagBag from /home/airflow/.local/lib/python3.12/site-packages/airflow/example_dags/example_dataset_alias.py
[2025-04-17T05:59:03.627+0000] {processor.py:925} INFO - DAG(s) 'dataset_alias_example_alias_consumer', 'dataset_s3_bucket_producer', 'dataset_s3_bucket_consumer', 'dataset_alias_example_alias_producer' retrieved from /home/airflow/.local/lib/python3.12/site-packages/airflow/example_dags/example_dataset_alias.py
[2025-04-17T05:59:03.654+0000] {logging_mixin.py:190} INFO - [2025-04-17T05:59:03.653+0000] {dag.py:3239} INFO - Sync 4 DAGs
[2025-04-17T05:59:03.681+0000] {logging_mixin.py:190} INFO - [2025-04-17T05:59:03.681+0000] {dag.py:4180} INFO - Setting next_dagrun for dataset_alias_example_alias_consumer to None, run_after=None
[2025-04-17T05:59:03.685+0000] {logging_mixin.py:190} INFO - [2025-04-17T05:59:03.684+0000] {dag.py:4180} INFO - Setting next_dagrun for dataset_alias_example_alias_producer to None, run_after=None
[2025-04-17T05:59:03.687+0000] {logging_mixin.py:190} INFO - [2025-04-17T05:59:03.687+0000] {dag.py:4180} INFO - Setting next_dagrun for dataset_s3_bucket_consumer to None, run_after=None
[2025-04-17T05:59:03.689+0000] {logging_mixin.py:190} INFO - [2025-04-17T05:59:03.689+0000] {dag.py:4180} INFO - Setting next_dagrun for dataset_s3_bucket_producer to None, run_after=None
[2025-04-17T05:59:03.719+0000] {processor.py:208} INFO - Processing /home/airflow/.local/lib/python3.12/site-packages/airflow/example_dags/example_dataset_alias.py took 0.881 seconds
[2025-04-17T05:59:34.583+0000] {processor.py:186} INFO - Started process (PID=419) to work on /home/airflow/.local/lib/python3.12/site-packages/airflow/example_dags/example_dataset_alias.py
[2025-04-17T05:59:34.585+0000] {processor.py:914} INFO - Processing file /home/airflow/.local/lib/python3.12/site-packages/airflow/example_dags/example_dataset_alias.py for tasks to queue
[2025-04-17T05:59:34.593+0000] {logging_mixin.py:190} INFO - [2025-04-17T05:59:34.592+0000] {dagbag.py:588} INFO - Filling up the DagBag from /home/airflow/.local/lib/python3.12/site-packages/airflow/example_dags/example_dataset_alias.py
[2025-04-17T05:59:35.607+0000] {processor.py:925} INFO - DAG(s) 'dataset_alias_example_alias_consumer', 'dataset_alias_example_alias_producer', 'dataset_s3_bucket_producer', 'dataset_s3_bucket_consumer' retrieved from /home/airflow/.local/lib/python3.12/site-packages/airflow/example_dags/example_dataset_alias.py
[2025-04-17T05:59:35.648+0000] {logging_mixin.py:190} INFO - [2025-04-17T05:59:35.647+0000] {dag.py:3239} INFO - Sync 4 DAGs
[2025-04-17T05:59:35.685+0000] {logging_mixin.py:190} INFO - [2025-04-17T05:59:35.685+0000] {dag.py:4180} INFO - Setting next_dagrun for dataset_alias_example_alias_consumer to None, run_after=None
[2025-04-17T05:59:35.690+0000] {logging_mixin.py:190} INFO - [2025-04-17T05:59:35.690+0000] {dag.py:4180} INFO - Setting next_dagrun for dataset_alias_example_alias_producer to None, run_after=None
[2025-04-17T05:59:35.693+0000] {logging_mixin.py:190} INFO - [2025-04-17T05:59:35.693+0000] {dag.py:4180} INFO - Setting next_dagrun for dataset_s3_bucket_consumer to None, run_after=None
[2025-04-17T05:59:35.696+0000] {logging_mixin.py:190} INFO - [2025-04-17T05:59:35.696+0000] {dag.py:4180} INFO - Setting next_dagrun for dataset_s3_bucket_producer to None, run_after=None
[2025-04-17T05:59:35.736+0000] {processor.py:208} INFO - Processing /home/airflow/.local/lib/python3.12/site-packages/airflow/example_dags/example_dataset_alias.py took 1.170 seconds
[2025-04-17T06:00:06.741+0000] {processor.py:186} INFO - Started process (PID=482) to work on /home/airflow/.local/lib/python3.12/site-packages/airflow/example_dags/example_dataset_alias.py
[2025-04-17T06:00:06.743+0000] {processor.py:914} INFO - Processing file /home/airflow/.local/lib/python3.12/site-packages/airflow/example_dags/example_dataset_alias.py for tasks to queue
[2025-04-17T06:00:06.747+0000] {logging_mixin.py:190} INFO - [2025-04-17T06:00:06.747+0000] {dagbag.py:588} INFO - Filling up the DagBag from /home/airflow/.local/lib/python3.12/site-packages/airflow/example_dags/example_dataset_alias.py
[2025-04-17T06:00:07.324+0000] {processor.py:925} INFO - DAG(s) 'dataset_s3_bucket_consumer', 'dataset_alias_example_alias_consumer', 'dataset_s3_bucket_producer', 'dataset_alias_example_alias_producer' retrieved from /home/airflow/.local/lib/python3.12/site-packages/airflow/example_dags/example_dataset_alias.py
[2025-04-17T06:00:07.353+0000] {logging_mixin.py:190} INFO - [2025-04-17T06:00:07.353+0000] {dag.py:3239} INFO - Sync 4 DAGs
[2025-04-17T06:00:07.380+0000] {logging_mixin.py:190} INFO - [2025-04-17T06:00:07.380+0000] {dag.py:4180} INFO - Setting next_dagrun for dataset_alias_example_alias_consumer to None, run_after=None
[2025-04-17T06:00:07.385+0000] {logging_mixin.py:190} INFO - [2025-04-17T06:00:07.384+0000] {dag.py:4180} INFO - Setting next_dagrun for dataset_alias_example_alias_producer to None, run_after=None
[2025-04-17T06:00:07.387+0000] {logging_mixin.py:190} INFO - [2025-04-17T06:00:07.387+0000] {dag.py:4180} INFO - Setting next_dagrun for dataset_s3_bucket_consumer to None, run_after=None
[2025-04-17T06:00:07.390+0000] {logging_mixin.py:190} INFO - [2025-04-17T06:00:07.390+0000] {dag.py:4180} INFO - Setting next_dagrun for dataset_s3_bucket_producer to None, run_after=None
[2025-04-17T06:00:07.419+0000] {processor.py:208} INFO - Processing /home/airflow/.local/lib/python3.12/site-packages/airflow/example_dags/example_dataset_alias.py took 0.699 seconds
[2025-04-17T06:00:37.999+0000] {processor.py:186} INFO - Started process (PID=545) to work on /home/airflow/.local/lib/python3.12/site-packages/airflow/example_dags/example_dataset_alias.py
[2025-04-17T06:00:38.002+0000] {processor.py:914} INFO - Processing file /home/airflow/.local/lib/python3.12/site-packages/airflow/example_dags/example_dataset_alias.py for tasks to queue
[2025-04-17T06:00:38.013+0000] {logging_mixin.py:190} INFO - [2025-04-17T06:00:38.011+0000] {dagbag.py:588} INFO - Filling up the DagBag from /home/airflow/.local/lib/python3.12/site-packages/airflow/example_dags/example_dataset_alias.py
[2025-04-17T06:00:38.817+0000] {processor.py:925} INFO - DAG(s) 'dataset_s3_bucket_consumer', 'dataset_s3_bucket_producer', 'dataset_alias_example_alias_consumer', 'dataset_alias_example_alias_producer' retrieved from /home/airflow/.local/lib/python3.12/site-packages/airflow/example_dags/example_dataset_alias.py
[2025-04-17T06:00:38.857+0000] {logging_mixin.py:190} INFO - [2025-04-17T06:00:38.857+0000] {dag.py:3239} INFO - Sync 4 DAGs
[2025-04-17T06:00:38.887+0000] {logging_mixin.py:190} INFO - [2025-04-17T06:00:38.887+0000] {dag.py:4180} INFO - Setting next_dagrun for dataset_alias_example_alias_consumer to None, run_after=None
[2025-04-17T06:00:38.892+0000] {logging_mixin.py:190} INFO - [2025-04-17T06:00:38.891+0000] {dag.py:4180} INFO - Setting next_dagrun for dataset_alias_example_alias_producer to None, run_after=None
[2025-04-17T06:00:38.894+0000] {logging_mixin.py:190} INFO - [2025-04-17T06:00:38.894+0000] {dag.py:4180} INFO - Setting next_dagrun for dataset_s3_bucket_consumer to None, run_after=None
[2025-04-17T06:00:38.896+0000] {logging_mixin.py:190} INFO - [2025-04-17T06:00:38.896+0000] {dag.py:4180} INFO - Setting next_dagrun for dataset_s3_bucket_producer to None, run_after=None
[2025-04-17T06:00:38.932+0000] {processor.py:208} INFO - Processing /home/airflow/.local/lib/python3.12/site-packages/airflow/example_dags/example_dataset_alias.py took 0.951 seconds
[2025-04-17T06:01:09.683+0000] {processor.py:186} INFO - Started process (PID=608) to work on /home/airflow/.local/lib/python3.12/site-packages/airflow/example_dags/example_dataset_alias.py
[2025-04-17T06:01:09.684+0000] {processor.py:914} INFO - Processing file /home/airflow/.local/lib/python3.12/site-packages/airflow/example_dags/example_dataset_alias.py for tasks to queue
[2025-04-17T06:01:09.689+0000] {logging_mixin.py:190} INFO - [2025-04-17T06:01:09.688+0000] {dagbag.py:588} INFO - Filling up the DagBag from /home/airflow/.local/lib/python3.12/site-packages/airflow/example_dags/example_dataset_alias.py
[2025-04-17T06:01:10.907+0000] {processor.py:925} INFO - DAG(s) 'dataset_alias_example_alias_producer', 'dataset_s3_bucket_consumer', 'dataset_alias_example_alias_consumer', 'dataset_s3_bucket_producer' retrieved from /home/airflow/.local/lib/python3.12/site-packages/airflow/example_dags/example_dataset_alias.py
[2025-04-17T06:01:10.959+0000] {logging_mixin.py:190} INFO - [2025-04-17T06:01:10.958+0000] {dag.py:3239} INFO - Sync 4 DAGs
[2025-04-17T06:01:11.014+0000] {logging_mixin.py:190} INFO - [2025-04-17T06:01:11.013+0000] {dag.py:4180} INFO - Setting next_dagrun for dataset_alias_example_alias_consumer to None, run_after=None
[2025-04-17T06:01:11.021+0000] {logging_mixin.py:190} INFO - [2025-04-17T06:01:11.021+0000] {dag.py:4180} INFO - Setting next_dagrun for dataset_alias_example_alias_producer to None, run_after=None
[2025-04-17T06:01:11.025+0000] {logging_mixin.py:190} INFO - [2025-04-17T06:01:11.025+0000] {dag.py:4180} INFO - Setting next_dagrun for dataset_s3_bucket_consumer to None, run_after=None
[2025-04-17T06:01:11.030+0000] {logging_mixin.py:190} INFO - [2025-04-17T06:01:11.029+0000] {dag.py:4180} INFO - Setting next_dagrun for dataset_s3_bucket_producer to None, run_after=None
[2025-04-17T06:01:11.088+0000] {processor.py:208} INFO - Processing /home/airflow/.local/lib/python3.12/site-packages/airflow/example_dags/example_dataset_alias.py took 1.414 seconds
[2025-04-17T06:01:41.585+0000] {processor.py:186} INFO - Started process (PID=671) to work on /home/airflow/.local/lib/python3.12/site-packages/airflow/example_dags/example_dataset_alias.py
[2025-04-17T06:01:41.588+0000] {processor.py:914} INFO - Processing file /home/airflow/.local/lib/python3.12/site-packages/airflow/example_dags/example_dataset_alias.py for tasks to queue
[2025-04-17T06:01:41.596+0000] {logging_mixin.py:190} INFO - [2025-04-17T06:01:41.594+0000] {dagbag.py:588} INFO - Filling up the DagBag from /home/airflow/.local/lib/python3.12/site-packages/airflow/example_dags/example_dataset_alias.py
[2025-04-17T06:01:43.209+0000] {processor.py:925} INFO - DAG(s) 'dataset_s3_bucket_producer', 'dataset_s3_bucket_consumer', 'dataset_alias_example_alias_consumer', 'dataset_alias_example_alias_producer' retrieved from /home/airflow/.local/lib/python3.12/site-packages/airflow/example_dags/example_dataset_alias.py
[2025-04-17T06:01:43.281+0000] {logging_mixin.py:190} INFO - [2025-04-17T06:01:43.280+0000] {dag.py:3239} INFO - Sync 4 DAGs
[2025-04-17T06:01:43.348+0000] {logging_mixin.py:190} INFO - [2025-04-17T06:01:43.347+0000] {dag.py:4180} INFO - Setting next_dagrun for dataset_alias_example_alias_consumer to None, run_after=None
[2025-04-17T06:01:43.355+0000] {logging_mixin.py:190} INFO - [2025-04-17T06:01:43.355+0000] {dag.py:4180} INFO - Setting next_dagrun for dataset_alias_example_alias_producer to None, run_after=None
[2025-04-17T06:01:43.360+0000] {logging_mixin.py:190} INFO - [2025-04-17T06:01:43.359+0000] {dag.py:4180} INFO - Setting next_dagrun for dataset_s3_bucket_consumer to None, run_after=None
[2025-04-17T06:01:43.365+0000] {logging_mixin.py:190} INFO - [2025-04-17T06:01:43.365+0000] {dag.py:4180} INFO - Setting next_dagrun for dataset_s3_bucket_producer to None, run_after=None
[2025-04-17T06:01:43.460+0000] {processor.py:208} INFO - Processing /home/airflow/.local/lib/python3.12/site-packages/airflow/example_dags/example_dataset_alias.py took 1.889 seconds
[2025-04-17T06:02:13.766+0000] {processor.py:186} INFO - Started process (PID=740) to work on /home/airflow/.local/lib/python3.12/site-packages/airflow/example_dags/example_dataset_alias.py
[2025-04-17T06:02:13.768+0000] {processor.py:914} INFO - Processing file /home/airflow/.local/lib/python3.12/site-packages/airflow/example_dags/example_dataset_alias.py for tasks to queue
[2025-04-17T06:02:13.773+0000] {logging_mixin.py:190} INFO - [2025-04-17T06:02:13.772+0000] {dagbag.py:588} INFO - Filling up the DagBag from /home/airflow/.local/lib/python3.12/site-packages/airflow/example_dags/example_dataset_alias.py
[2025-04-17T06:02:14.398+0000] {processor.py:925} INFO - DAG(s) 'dataset_s3_bucket_producer', 'dataset_s3_bucket_consumer', 'dataset_alias_example_alias_consumer', 'dataset_alias_example_alias_producer' retrieved from /home/airflow/.local/lib/python3.12/site-packages/airflow/example_dags/example_dataset_alias.py
[2025-04-17T06:02:14.440+0000] {logging_mixin.py:190} INFO - [2025-04-17T06:02:14.439+0000] {dag.py:3239} INFO - Sync 4 DAGs
[2025-04-17T06:02:14.486+0000] {logging_mixin.py:190} INFO - [2025-04-17T06:02:14.485+0000] {dag.py:4180} INFO - Setting next_dagrun for dataset_alias_example_alias_consumer to None, run_after=None
[2025-04-17T06:02:14.494+0000] {logging_mixin.py:190} INFO - [2025-04-17T06:02:14.494+0000] {dag.py:4180} INFO - Setting next_dagrun for dataset_alias_example_alias_producer to None, run_after=None
[2025-04-17T06:02:14.499+0000] {logging_mixin.py:190} INFO - [2025-04-17T06:02:14.499+0000] {dag.py:4180} INFO - Setting next_dagrun for dataset_s3_bucket_consumer to None, run_after=None
[2025-04-17T06:02:14.503+0000] {logging_mixin.py:190} INFO - [2025-04-17T06:02:14.503+0000] {dag.py:4180} INFO - Setting next_dagrun for dataset_s3_bucket_producer to None, run_after=None
[2025-04-17T06:02:14.547+0000] {processor.py:208} INFO - Processing /home/airflow/.local/lib/python3.12/site-packages/airflow/example_dags/example_dataset_alias.py took 0.797 seconds
[2025-04-17T06:02:44.803+0000] {processor.py:186} INFO - Started process (PID=803) to work on /home/airflow/.local/lib/python3.12/site-packages/airflow/example_dags/example_dataset_alias.py
[2025-04-17T06:02:44.811+0000] {processor.py:914} INFO - Processing file /home/airflow/.local/lib/python3.12/site-packages/airflow/example_dags/example_dataset_alias.py for tasks to queue
[2025-04-17T06:02:44.819+0000] {logging_mixin.py:190} INFO - [2025-04-17T06:02:44.819+0000] {dagbag.py:588} INFO - Filling up the DagBag from /home/airflow/.local/lib/python3.12/site-packages/airflow/example_dags/example_dataset_alias.py
[2025-04-17T06:02:45.795+0000] {processor.py:925} INFO - DAG(s) 'dataset_alias_example_alias_consumer', 'dataset_s3_bucket_consumer', 'dataset_s3_bucket_producer', 'dataset_alias_example_alias_producer' retrieved from /home/airflow/.local/lib/python3.12/site-packages/airflow/example_dags/example_dataset_alias.py
[2025-04-17T06:02:45.832+0000] {logging_mixin.py:190} INFO - [2025-04-17T06:02:45.831+0000] {dag.py:3239} INFO - Sync 4 DAGs
[2025-04-17T06:02:45.872+0000] {logging_mixin.py:190} INFO - [2025-04-17T06:02:45.872+0000] {dag.py:4180} INFO - Setting next_dagrun for dataset_alias_example_alias_consumer to None, run_after=None
[2025-04-17T06:02:45.876+0000] {logging_mixin.py:190} INFO - [2025-04-17T06:02:45.875+0000] {dag.py:4180} INFO - Setting next_dagrun for dataset_alias_example_alias_producer to None, run_after=None
[2025-04-17T06:02:45.878+0000] {logging_mixin.py:190} INFO - [2025-04-17T06:02:45.878+0000] {dag.py:4180} INFO - Setting next_dagrun for dataset_s3_bucket_consumer to None, run_after=None
[2025-04-17T06:02:45.882+0000] {logging_mixin.py:190} INFO - [2025-04-17T06:02:45.882+0000] {dag.py:4180} INFO - Setting next_dagrun for dataset_s3_bucket_producer to None, run_after=None
[2025-04-17T06:02:45.914+0000] {processor.py:208} INFO - Processing /home/airflow/.local/lib/python3.12/site-packages/airflow/example_dags/example_dataset_alias.py took 1.117 seconds
[2025-04-17T06:03:16.770+0000] {processor.py:186} INFO - Started process (PID=866) to work on /home/airflow/.local/lib/python3.12/site-packages/airflow/example_dags/example_dataset_alias.py
[2025-04-17T06:03:16.772+0000] {processor.py:914} INFO - Processing file /home/airflow/.local/lib/python3.12/site-packages/airflow/example_dags/example_dataset_alias.py for tasks to queue
[2025-04-17T06:03:16.775+0000] {logging_mixin.py:190} INFO - [2025-04-17T06:03:16.775+0000] {dagbag.py:588} INFO - Filling up the DagBag from /home/airflow/.local/lib/python3.12/site-packages/airflow/example_dags/example_dataset_alias.py
[2025-04-17T06:03:17.342+0000] {processor.py:925} INFO - DAG(s) 'dataset_s3_bucket_producer', 'dataset_s3_bucket_consumer', 'dataset_alias_example_alias_consumer', 'dataset_alias_example_alias_producer' retrieved from /home/airflow/.local/lib/python3.12/site-packages/airflow/example_dags/example_dataset_alias.py
[2025-04-17T06:03:17.377+0000] {logging_mixin.py:190} INFO - [2025-04-17T06:03:17.376+0000] {dag.py:3239} INFO - Sync 4 DAGs
[2025-04-17T06:03:17.408+0000] {logging_mixin.py:190} INFO - [2025-04-17T06:03:17.407+0000] {dag.py:4180} INFO - Setting next_dagrun for dataset_alias_example_alias_consumer to None, run_after=None
[2025-04-17T06:03:17.412+0000] {logging_mixin.py:190} INFO - [2025-04-17T06:03:17.412+0000] {dag.py:4180} INFO - Setting next_dagrun for dataset_alias_example_alias_producer to None, run_after=None
[2025-04-17T06:03:17.416+0000] {logging_mixin.py:190} INFO - [2025-04-17T06:03:17.416+0000] {dag.py:4180} INFO - Setting next_dagrun for dataset_s3_bucket_consumer to None, run_after=None
[2025-04-17T06:03:17.419+0000] {logging_mixin.py:190} INFO - [2025-04-17T06:03:17.419+0000] {dag.py:4180} INFO - Setting next_dagrun for dataset_s3_bucket_producer to None, run_after=None
[2025-04-17T06:03:17.453+0000] {processor.py:208} INFO - Processing /home/airflow/.local/lib/python3.12/site-packages/airflow/example_dags/example_dataset_alias.py took 0.692 seconds
[2025-04-17T06:10:54.000+0000] {processor.py:186} INFO - Started process (PID=106) to work on /home/airflow/.local/lib/python3.12/site-packages/airflow/example_dags/example_dataset_alias.py
[2025-04-17T06:10:54.014+0000] {processor.py:914} INFO - Processing file /home/airflow/.local/lib/python3.12/site-packages/airflow/example_dags/example_dataset_alias.py for tasks to queue
[2025-04-17T06:10:54.057+0000] {logging_mixin.py:190} INFO - [2025-04-17T06:10:54.056+0000] {dagbag.py:588} INFO - Filling up the DagBag from /home/airflow/.local/lib/python3.12/site-packages/airflow/example_dags/example_dataset_alias.py
[2025-04-17T06:10:57.497+0000] {processor.py:925} INFO - DAG(s) 'dataset_alias_example_alias_producer', 'dataset_s3_bucket_producer', 'dataset_alias_example_alias_consumer', 'dataset_s3_bucket_consumer' retrieved from /home/airflow/.local/lib/python3.12/site-packages/airflow/example_dags/example_dataset_alias.py
[2025-04-17T06:10:57.557+0000] {logging_mixin.py:190} INFO - [2025-04-17T06:10:57.556+0000] {dag.py:3239} INFO - Sync 4 DAGs
[2025-04-17T06:10:57.618+0000] {logging_mixin.py:190} INFO - [2025-04-17T06:10:57.610+0000] {dag.py:4180} INFO - Setting next_dagrun for dataset_alias_example_alias_consumer to None, run_after=None
[2025-04-17T06:10:57.626+0000] {logging_mixin.py:190} INFO - [2025-04-17T06:10:57.626+0000] {dag.py:4180} INFO - Setting next_dagrun for dataset_alias_example_alias_producer to None, run_after=None
[2025-04-17T06:10:57.631+0000] {logging_mixin.py:190} INFO - [2025-04-17T06:10:57.631+0000] {dag.py:4180} INFO - Setting next_dagrun for dataset_s3_bucket_consumer to None, run_after=None
[2025-04-17T06:10:57.636+0000] {logging_mixin.py:190} INFO - [2025-04-17T06:10:57.635+0000] {dag.py:4180} INFO - Setting next_dagrun for dataset_s3_bucket_producer to None, run_after=None
[2025-04-17T06:10:57.700+0000] {processor.py:208} INFO - Processing /home/airflow/.local/lib/python3.12/site-packages/airflow/example_dags/example_dataset_alias.py took 3.742 seconds
[2025-04-17T06:11:28.003+0000] {processor.py:186} INFO - Started process (PID=169) to work on /home/airflow/.local/lib/python3.12/site-packages/airflow/example_dags/example_dataset_alias.py
[2025-04-17T06:11:28.005+0000] {processor.py:914} INFO - Processing file /home/airflow/.local/lib/python3.12/site-packages/airflow/example_dags/example_dataset_alias.py for tasks to queue
[2025-04-17T06:11:28.009+0000] {logging_mixin.py:190} INFO - [2025-04-17T06:11:28.008+0000] {dagbag.py:588} INFO - Filling up the DagBag from /home/airflow/.local/lib/python3.12/site-packages/airflow/example_dags/example_dataset_alias.py
[2025-04-17T06:11:28.786+0000] {processor.py:925} INFO - DAG(s) 'dataset_s3_bucket_producer', 'dataset_alias_example_alias_producer', 'dataset_s3_bucket_consumer', 'dataset_alias_example_alias_consumer' retrieved from /home/airflow/.local/lib/python3.12/site-packages/airflow/example_dags/example_dataset_alias.py
[2025-04-17T06:11:28.840+0000] {logging_mixin.py:190} INFO - [2025-04-17T06:11:28.839+0000] {dag.py:3239} INFO - Sync 4 DAGs
[2025-04-17T06:11:28.878+0000] {logging_mixin.py:190} INFO - [2025-04-17T06:11:28.877+0000] {dag.py:4180} INFO - Setting next_dagrun for dataset_alias_example_alias_consumer to None, run_after=None
[2025-04-17T06:11:28.883+0000] {logging_mixin.py:190} INFO - [2025-04-17T06:11:28.883+0000] {dag.py:4180} INFO - Setting next_dagrun for dataset_alias_example_alias_producer to None, run_after=None
[2025-04-17T06:11:28.887+0000] {logging_mixin.py:190} INFO - [2025-04-17T06:11:28.886+0000] {dag.py:4180} INFO - Setting next_dagrun for dataset_s3_bucket_consumer to None, run_after=None
[2025-04-17T06:11:28.891+0000] {logging_mixin.py:190} INFO - [2025-04-17T06:11:28.890+0000] {dag.py:4180} INFO - Setting next_dagrun for dataset_s3_bucket_producer to None, run_after=None
[2025-04-17T06:11:28.934+0000] {processor.py:208} INFO - Processing /home/airflow/.local/lib/python3.12/site-packages/airflow/example_dags/example_dataset_alias.py took 0.938 seconds
[2025-04-17T06:11:59.441+0000] {processor.py:186} INFO - Started process (PID=231) to work on /home/airflow/.local/lib/python3.12/site-packages/airflow/example_dags/example_dataset_alias.py
[2025-04-17T06:11:59.443+0000] {processor.py:914} INFO - Processing file /home/airflow/.local/lib/python3.12/site-packages/airflow/example_dags/example_dataset_alias.py for tasks to queue
[2025-04-17T06:11:59.447+0000] {logging_mixin.py:190} INFO - [2025-04-17T06:11:59.447+0000] {dagbag.py:588} INFO - Filling up the DagBag from /home/airflow/.local/lib/python3.12/site-packages/airflow/example_dags/example_dataset_alias.py
[2025-04-17T06:12:01.705+0000] {processor.py:925} INFO - DAG(s) 'dataset_s3_bucket_consumer', 'dataset_alias_example_alias_consumer', 'dataset_alias_example_alias_producer', 'dataset_s3_bucket_producer' retrieved from /home/airflow/.local/lib/python3.12/site-packages/airflow/example_dags/example_dataset_alias.py
[2025-04-17T06:12:01.773+0000] {logging_mixin.py:190} INFO - [2025-04-17T06:12:01.770+0000] {dag.py:3239} INFO - Sync 4 DAGs
[2025-04-17T06:12:01.876+0000] {logging_mixin.py:190} INFO - [2025-04-17T06:12:01.875+0000] {dag.py:4180} INFO - Setting next_dagrun for dataset_alias_example_alias_consumer to None, run_after=None
[2025-04-17T06:12:01.887+0000] {logging_mixin.py:190} INFO - [2025-04-17T06:12:01.887+0000] {dag.py:4180} INFO - Setting next_dagrun for dataset_alias_example_alias_producer to None, run_after=None
[2025-04-17T06:12:01.894+0000] {logging_mixin.py:190} INFO - [2025-04-17T06:12:01.893+0000] {dag.py:4180} INFO - Setting next_dagrun for dataset_s3_bucket_consumer to None, run_after=None
[2025-04-17T06:12:01.899+0000] {logging_mixin.py:190} INFO - [2025-04-17T06:12:01.899+0000] {dag.py:4180} INFO - Setting next_dagrun for dataset_s3_bucket_producer to None, run_after=None
[2025-04-17T06:12:01.963+0000] {processor.py:208} INFO - Processing /home/airflow/.local/lib/python3.12/site-packages/airflow/example_dags/example_dataset_alias.py took 2.533 seconds
[2025-04-17T06:12:32.306+0000] {processor.py:186} INFO - Started process (PID=294) to work on /home/airflow/.local/lib/python3.12/site-packages/airflow/example_dags/example_dataset_alias.py
[2025-04-17T06:12:32.309+0000] {processor.py:914} INFO - Processing file /home/airflow/.local/lib/python3.12/site-packages/airflow/example_dags/example_dataset_alias.py for tasks to queue
[2025-04-17T06:12:32.317+0000] {logging_mixin.py:190} INFO - [2025-04-17T06:12:32.316+0000] {dagbag.py:588} INFO - Filling up the DagBag from /home/airflow/.local/lib/python3.12/site-packages/airflow/example_dags/example_dataset_alias.py
[2025-04-17T06:12:34.221+0000] {processor.py:925} INFO - DAG(s) 'dataset_s3_bucket_consumer', 'dataset_alias_example_alias_producer', 'dataset_s3_bucket_producer', 'dataset_alias_example_alias_consumer' retrieved from /home/airflow/.local/lib/python3.12/site-packages/airflow/example_dags/example_dataset_alias.py
[2025-04-17T06:12:34.303+0000] {logging_mixin.py:190} INFO - [2025-04-17T06:12:34.301+0000] {dag.py:3239} INFO - Sync 4 DAGs
[2025-04-17T06:12:34.400+0000] {logging_mixin.py:190} INFO - [2025-04-17T06:12:34.399+0000] {dag.py:4180} INFO - Setting next_dagrun for dataset_alias_example_alias_consumer to None, run_after=None
[2025-04-17T06:12:34.407+0000] {logging_mixin.py:190} INFO - [2025-04-17T06:12:34.407+0000] {dag.py:4180} INFO - Setting next_dagrun for dataset_alias_example_alias_producer to None, run_after=None
[2025-04-17T06:12:34.413+0000] {logging_mixin.py:190} INFO - [2025-04-17T06:12:34.412+0000] {dag.py:4180} INFO - Setting next_dagrun for dataset_s3_bucket_consumer to None, run_after=None
[2025-04-17T06:12:34.418+0000] {logging_mixin.py:190} INFO - [2025-04-17T06:12:34.417+0000] {dag.py:4180} INFO - Setting next_dagrun for dataset_s3_bucket_producer to None, run_after=None
[2025-04-17T06:12:34.498+0000] {processor.py:208} INFO - Processing /home/airflow/.local/lib/python3.12/site-packages/airflow/example_dags/example_dataset_alias.py took 2.208 seconds
[2025-04-17T06:13:05.389+0000] {processor.py:186} INFO - Started process (PID=357) to work on /home/airflow/.local/lib/python3.12/site-packages/airflow/example_dags/example_dataset_alias.py
[2025-04-17T06:13:05.391+0000] {processor.py:914} INFO - Processing file /home/airflow/.local/lib/python3.12/site-packages/airflow/example_dags/example_dataset_alias.py for tasks to queue
[2025-04-17T06:13:05.394+0000] {logging_mixin.py:190} INFO - [2025-04-17T06:13:05.394+0000] {dagbag.py:588} INFO - Filling up the DagBag from /home/airflow/.local/lib/python3.12/site-packages/airflow/example_dags/example_dataset_alias.py
[2025-04-17T06:13:06.395+0000] {processor.py:925} INFO - DAG(s) 'dataset_s3_bucket_consumer', 'dataset_alias_example_alias_producer', 'dataset_alias_example_alias_consumer', 'dataset_s3_bucket_producer' retrieved from /home/airflow/.local/lib/python3.12/site-packages/airflow/example_dags/example_dataset_alias.py
[2025-04-17T06:13:06.432+0000] {logging_mixin.py:190} INFO - [2025-04-17T06:13:06.431+0000] {dag.py:3239} INFO - Sync 4 DAGs
[2025-04-17T06:13:06.468+0000] {logging_mixin.py:190} INFO - [2025-04-17T06:13:06.468+0000] {dag.py:4180} INFO - Setting next_dagrun for dataset_alias_example_alias_consumer to None, run_after=None
[2025-04-17T06:13:06.474+0000] {logging_mixin.py:190} INFO - [2025-04-17T06:13:06.474+0000] {dag.py:4180} INFO - Setting next_dagrun for dataset_alias_example_alias_producer to None, run_after=None
[2025-04-17T06:13:06.478+0000] {logging_mixin.py:190} INFO - [2025-04-17T06:13:06.477+0000] {dag.py:4180} INFO - Setting next_dagrun for dataset_s3_bucket_consumer to None, run_after=None
[2025-04-17T06:13:06.482+0000] {logging_mixin.py:190} INFO - [2025-04-17T06:13:06.481+0000] {dag.py:4180} INFO - Setting next_dagrun for dataset_s3_bucket_producer to None, run_after=None
[2025-04-17T06:13:06.520+0000] {processor.py:208} INFO - Processing /home/airflow/.local/lib/python3.12/site-packages/airflow/example_dags/example_dataset_alias.py took 1.136 seconds
[2025-04-17T06:13:37.437+0000] {processor.py:186} INFO - Started process (PID=420) to work on /home/airflow/.local/lib/python3.12/site-packages/airflow/example_dags/example_dataset_alias.py
[2025-04-17T06:13:37.449+0000] {processor.py:914} INFO - Processing file /home/airflow/.local/lib/python3.12/site-packages/airflow/example_dags/example_dataset_alias.py for tasks to queue
[2025-04-17T06:13:37.466+0000] {logging_mixin.py:190} INFO - [2025-04-17T06:13:37.455+0000] {dagbag.py:588} INFO - Filling up the DagBag from /home/airflow/.local/lib/python3.12/site-packages/airflow/example_dags/example_dataset_alias.py
[2025-04-17T06:13:40.458+0000] {processor.py:925} INFO - DAG(s) 'dataset_s3_bucket_consumer', 'dataset_alias_example_alias_consumer', 'dataset_alias_example_alias_producer', 'dataset_s3_bucket_producer' retrieved from /home/airflow/.local/lib/python3.12/site-packages/airflow/example_dags/example_dataset_alias.py
[2025-04-17T06:13:40.527+0000] {logging_mixin.py:190} INFO - [2025-04-17T06:13:40.525+0000] {dag.py:3239} INFO - Sync 4 DAGs
[2025-04-17T06:13:40.601+0000] {logging_mixin.py:190} INFO - [2025-04-17T06:13:40.600+0000] {dag.py:4180} INFO - Setting next_dagrun for dataset_alias_example_alias_consumer to None, run_after=None
[2025-04-17T06:13:40.609+0000] {logging_mixin.py:190} INFO - [2025-04-17T06:13:40.608+0000] {dag.py:4180} INFO - Setting next_dagrun for dataset_alias_example_alias_producer to None, run_after=None
[2025-04-17T06:13:40.614+0000] {logging_mixin.py:190} INFO - [2025-04-17T06:13:40.613+0000] {dag.py:4180} INFO - Setting next_dagrun for dataset_s3_bucket_consumer to None, run_after=None
[2025-04-17T06:13:40.618+0000] {logging_mixin.py:190} INFO - [2025-04-17T06:13:40.618+0000] {dag.py:4180} INFO - Setting next_dagrun for dataset_s3_bucket_producer to None, run_after=None
[2025-04-17T06:13:40.703+0000] {processor.py:208} INFO - Processing /home/airflow/.local/lib/python3.12/site-packages/airflow/example_dags/example_dataset_alias.py took 3.296 seconds
[2025-04-17T06:14:11.480+0000] {processor.py:186} INFO - Started process (PID=483) to work on /home/airflow/.local/lib/python3.12/site-packages/airflow/example_dags/example_dataset_alias.py
[2025-04-17T06:14:11.486+0000] {processor.py:914} INFO - Processing file /home/airflow/.local/lib/python3.12/site-packages/airflow/example_dags/example_dataset_alias.py for tasks to queue
[2025-04-17T06:14:11.494+0000] {logging_mixin.py:190} INFO - [2025-04-17T06:14:11.493+0000] {dagbag.py:588} INFO - Filling up the DagBag from /home/airflow/.local/lib/python3.12/site-packages/airflow/example_dags/example_dataset_alias.py
[2025-04-17T06:14:14.575+0000] {processor.py:925} INFO - DAG(s) 'dataset_alias_example_alias_producer', 'dataset_alias_example_alias_consumer', 'dataset_s3_bucket_consumer', 'dataset_s3_bucket_producer' retrieved from /home/airflow/.local/lib/python3.12/site-packages/airflow/example_dags/example_dataset_alias.py
[2025-04-17T06:14:14.684+0000] {logging_mixin.py:190} INFO - [2025-04-17T06:14:14.683+0000] {dag.py:3239} INFO - Sync 4 DAGs
[2025-04-17T06:14:14.782+0000] {logging_mixin.py:190} INFO - [2025-04-17T06:14:14.781+0000] {dag.py:4180} INFO - Setting next_dagrun for dataset_alias_example_alias_consumer to None, run_after=None
[2025-04-17T06:14:14.791+0000] {logging_mixin.py:190} INFO - [2025-04-17T06:14:14.790+0000] {dag.py:4180} INFO - Setting next_dagrun for dataset_alias_example_alias_producer to None, run_after=None
[2025-04-17T06:14:14.799+0000] {logging_mixin.py:190} INFO - [2025-04-17T06:14:14.798+0000] {dag.py:4180} INFO - Setting next_dagrun for dataset_s3_bucket_consumer to None, run_after=None
[2025-04-17T06:14:14.813+0000] {logging_mixin.py:190} INFO - [2025-04-17T06:14:14.805+0000] {dag.py:4180} INFO - Setting next_dagrun for dataset_s3_bucket_producer to None, run_after=None
[2025-04-17T06:14:14.982+0000] {processor.py:208} INFO - Processing /home/airflow/.local/lib/python3.12/site-packages/airflow/example_dags/example_dataset_alias.py took 3.528 seconds
[2025-04-17T06:14:45.442+0000] {processor.py:186} INFO - Started process (PID=553) to work on /home/airflow/.local/lib/python3.12/site-packages/airflow/example_dags/example_dataset_alias.py
[2025-04-17T06:14:45.445+0000] {processor.py:914} INFO - Processing file /home/airflow/.local/lib/python3.12/site-packages/airflow/example_dags/example_dataset_alias.py for tasks to queue
[2025-04-17T06:14:45.452+0000] {logging_mixin.py:190} INFO - [2025-04-17T06:14:45.451+0000] {dagbag.py:588} INFO - Filling up the DagBag from /home/airflow/.local/lib/python3.12/site-packages/airflow/example_dags/example_dataset_alias.py
[2025-04-17T06:14:48.508+0000] {processor.py:925} INFO - DAG(s) 'dataset_s3_bucket_producer', 'dataset_alias_example_alias_consumer', 'dataset_alias_example_alias_producer', 'dataset_s3_bucket_consumer' retrieved from /home/airflow/.local/lib/python3.12/site-packages/airflow/example_dags/example_dataset_alias.py
[2025-04-17T06:14:48.625+0000] {logging_mixin.py:190} INFO - [2025-04-17T06:14:48.623+0000] {dag.py:3239} INFO - Sync 4 DAGs
[2025-04-17T06:14:48.780+0000] {logging_mixin.py:190} INFO - [2025-04-17T06:14:48.780+0000] {dag.py:4180} INFO - Setting next_dagrun for dataset_alias_example_alias_consumer to None, run_after=None
[2025-04-17T06:14:48.799+0000] {logging_mixin.py:190} INFO - [2025-04-17T06:14:48.798+0000] {dag.py:4180} INFO - Setting next_dagrun for dataset_alias_example_alias_producer to None, run_after=None
[2025-04-17T06:14:48.815+0000] {logging_mixin.py:190} INFO - [2025-04-17T06:14:48.815+0000] {dag.py:4180} INFO - Setting next_dagrun for dataset_s3_bucket_consumer to None, run_after=None
[2025-04-17T06:14:48.820+0000] {logging_mixin.py:190} INFO - [2025-04-17T06:14:48.820+0000] {dag.py:4180} INFO - Setting next_dagrun for dataset_s3_bucket_producer to None, run_after=None
[2025-04-17T06:14:48.917+0000] {processor.py:208} INFO - Processing /home/airflow/.local/lib/python3.12/site-packages/airflow/example_dags/example_dataset_alias.py took 3.492 seconds
[2025-04-17T06:15:21.265+0000] {processor.py:186} INFO - Started process (PID=615) to work on /home/airflow/.local/lib/python3.12/site-packages/airflow/example_dags/example_dataset_alias.py
[2025-04-17T06:15:21.278+0000] {processor.py:914} INFO - Processing file /home/airflow/.local/lib/python3.12/site-packages/airflow/example_dags/example_dataset_alias.py for tasks to queue
[2025-04-17T06:15:21.292+0000] {logging_mixin.py:190} INFO - [2025-04-17T06:15:21.291+0000] {dagbag.py:588} INFO - Filling up the DagBag from /home/airflow/.local/lib/python3.12/site-packages/airflow/example_dags/example_dataset_alias.py
[2025-04-17T06:15:23.516+0000] {processor.py:925} INFO - DAG(s) 'dataset_alias_example_alias_consumer', 'dataset_alias_example_alias_producer', 'dataset_s3_bucket_consumer', 'dataset_s3_bucket_producer' retrieved from /home/airflow/.local/lib/python3.12/site-packages/airflow/example_dags/example_dataset_alias.py
[2025-04-17T06:15:23.625+0000] {logging_mixin.py:190} INFO - [2025-04-17T06:15:23.623+0000] {dag.py:3239} INFO - Sync 4 DAGs
[2025-04-17T06:15:23.750+0000] {logging_mixin.py:190} INFO - [2025-04-17T06:15:23.749+0000] {dag.py:4180} INFO - Setting next_dagrun for dataset_alias_example_alias_consumer to None, run_after=None
[2025-04-17T06:15:23.764+0000] {logging_mixin.py:190} INFO - [2025-04-17T06:15:23.762+0000] {dag.py:4180} INFO - Setting next_dagrun for dataset_alias_example_alias_producer to None, run_after=None
[2025-04-17T06:15:23.774+0000] {logging_mixin.py:190} INFO - [2025-04-17T06:15:23.774+0000] {dag.py:4180} INFO - Setting next_dagrun for dataset_s3_bucket_consumer to None, run_after=None
[2025-04-17T06:15:23.782+0000] {logging_mixin.py:190} INFO - [2025-04-17T06:15:23.782+0000] {dag.py:4180} INFO - Setting next_dagrun for dataset_s3_bucket_producer to None, run_after=None
[2025-04-17T06:15:23.862+0000] {processor.py:208} INFO - Processing /home/airflow/.local/lib/python3.12/site-packages/airflow/example_dags/example_dataset_alias.py took 2.617 seconds
[2025-04-17T06:15:54.278+0000] {processor.py:186} INFO - Started process (PID=682) to work on /home/airflow/.local/lib/python3.12/site-packages/airflow/example_dags/example_dataset_alias.py
[2025-04-17T06:15:54.280+0000] {processor.py:914} INFO - Processing file /home/airflow/.local/lib/python3.12/site-packages/airflow/example_dags/example_dataset_alias.py for tasks to queue
[2025-04-17T06:15:54.288+0000] {logging_mixin.py:190} INFO - [2025-04-17T06:15:54.286+0000] {dagbag.py:588} INFO - Filling up the DagBag from /home/airflow/.local/lib/python3.12/site-packages/airflow/example_dags/example_dataset_alias.py
[2025-04-17T06:15:55.387+0000] {processor.py:925} INFO - DAG(s) 'dataset_s3_bucket_consumer', 'dataset_s3_bucket_producer', 'dataset_alias_example_alias_producer', 'dataset_alias_example_alias_consumer' retrieved from /home/airflow/.local/lib/python3.12/site-packages/airflow/example_dags/example_dataset_alias.py
[2025-04-17T06:15:55.424+0000] {logging_mixin.py:190} INFO - [2025-04-17T06:15:55.424+0000] {dag.py:3239} INFO - Sync 4 DAGs
[2025-04-17T06:15:55.448+0000] {logging_mixin.py:190} INFO - [2025-04-17T06:15:55.448+0000] {dag.py:4180} INFO - Setting next_dagrun for dataset_alias_example_alias_consumer to None, run_after=None
[2025-04-17T06:15:55.454+0000] {logging_mixin.py:190} INFO - [2025-04-17T06:15:55.453+0000] {dag.py:4180} INFO - Setting next_dagrun for dataset_alias_example_alias_producer to None, run_after=None
[2025-04-17T06:15:55.457+0000] {logging_mixin.py:190} INFO - [2025-04-17T06:15:55.457+0000] {dag.py:4180} INFO - Setting next_dagrun for dataset_s3_bucket_consumer to None, run_after=None
[2025-04-17T06:15:55.459+0000] {logging_mixin.py:190} INFO - [2025-04-17T06:15:55.459+0000] {dag.py:4180} INFO - Setting next_dagrun for dataset_s3_bucket_producer to None, run_after=None
[2025-04-17T06:15:55.526+0000] {processor.py:208} INFO - Processing /home/airflow/.local/lib/python3.12/site-packages/airflow/example_dags/example_dataset_alias.py took 1.265 seconds
[2025-04-17T06:16:26.191+0000] {processor.py:186} INFO - Started process (PID=745) to work on /home/airflow/.local/lib/python3.12/site-packages/airflow/example_dags/example_dataset_alias.py
[2025-04-17T06:16:26.192+0000] {processor.py:914} INFO - Processing file /home/airflow/.local/lib/python3.12/site-packages/airflow/example_dags/example_dataset_alias.py for tasks to queue
[2025-04-17T06:16:26.197+0000] {logging_mixin.py:190} INFO - [2025-04-17T06:16:26.196+0000] {dagbag.py:588} INFO - Filling up the DagBag from /home/airflow/.local/lib/python3.12/site-packages/airflow/example_dags/example_dataset_alias.py
[2025-04-17T06:16:27.156+0000] {processor.py:925} INFO - DAG(s) 'dataset_alias_example_alias_consumer', 'dataset_s3_bucket_consumer', 'dataset_s3_bucket_producer', 'dataset_alias_example_alias_producer' retrieved from /home/airflow/.local/lib/python3.12/site-packages/airflow/example_dags/example_dataset_alias.py
[2025-04-17T06:16:27.207+0000] {logging_mixin.py:190} INFO - [2025-04-17T06:16:27.206+0000] {dag.py:3239} INFO - Sync 4 DAGs
[2025-04-17T06:16:27.273+0000] {logging_mixin.py:190} INFO - [2025-04-17T06:16:27.272+0000] {dag.py:4180} INFO - Setting next_dagrun for dataset_alias_example_alias_consumer to None, run_after=None
[2025-04-17T06:16:27.280+0000] {logging_mixin.py:190} INFO - [2025-04-17T06:16:27.279+0000] {dag.py:4180} INFO - Setting next_dagrun for dataset_alias_example_alias_producer to None, run_after=None
[2025-04-17T06:16:27.285+0000] {logging_mixin.py:190} INFO - [2025-04-17T06:16:27.284+0000] {dag.py:4180} INFO - Setting next_dagrun for dataset_s3_bucket_consumer to None, run_after=None
[2025-04-17T06:16:27.290+0000] {logging_mixin.py:190} INFO - [2025-04-17T06:16:27.289+0000] {dag.py:4180} INFO - Setting next_dagrun for dataset_s3_bucket_producer to None, run_after=None
[2025-04-17T06:16:27.355+0000] {processor.py:208} INFO - Processing /home/airflow/.local/lib/python3.12/site-packages/airflow/example_dags/example_dataset_alias.py took 1.175 seconds
[2025-04-17T06:16:57.590+0000] {processor.py:186} INFO - Started process (PID=808) to work on /home/airflow/.local/lib/python3.12/site-packages/airflow/example_dags/example_dataset_alias.py
[2025-04-17T06:16:57.593+0000] {processor.py:914} INFO - Processing file /home/airflow/.local/lib/python3.12/site-packages/airflow/example_dags/example_dataset_alias.py for tasks to queue
[2025-04-17T06:16:57.599+0000] {logging_mixin.py:190} INFO - [2025-04-17T06:16:57.598+0000] {dagbag.py:588} INFO - Filling up the DagBag from /home/airflow/.local/lib/python3.12/site-packages/airflow/example_dags/example_dataset_alias.py
[2025-04-17T06:16:59.826+0000] {processor.py:925} INFO - DAG(s) 'dataset_alias_example_alias_consumer', 'dataset_s3_bucket_consumer', 'dataset_s3_bucket_producer', 'dataset_alias_example_alias_producer' retrieved from /home/airflow/.local/lib/python3.12/site-packages/airflow/example_dags/example_dataset_alias.py
[2025-04-17T06:16:59.891+0000] {logging_mixin.py:190} INFO - [2025-04-17T06:16:59.890+0000] {dag.py:3239} INFO - Sync 4 DAGs
[2025-04-17T06:16:59.958+0000] {logging_mixin.py:190} INFO - [2025-04-17T06:16:59.956+0000] {dag.py:4180} INFO - Setting next_dagrun for dataset_alias_example_alias_consumer to None, run_after=None
[2025-04-17T06:16:59.967+0000] {logging_mixin.py:190} INFO - [2025-04-17T06:16:59.966+0000] {dag.py:4180} INFO - Setting next_dagrun for dataset_alias_example_alias_producer to None, run_after=None
[2025-04-17T06:16:59.973+0000] {logging_mixin.py:190} INFO - [2025-04-17T06:16:59.973+0000] {dag.py:4180} INFO - Setting next_dagrun for dataset_s3_bucket_consumer to None, run_after=None
[2025-04-17T06:16:59.978+0000] {logging_mixin.py:190} INFO - [2025-04-17T06:16:59.978+0000] {dag.py:4180} INFO - Setting next_dagrun for dataset_s3_bucket_producer to None, run_after=None
[2025-04-17T06:17:00.048+0000] {processor.py:208} INFO - Processing /home/airflow/.local/lib/python3.12/site-packages/airflow/example_dags/example_dataset_alias.py took 2.473 seconds
