[2025-04-17T05:57:03.401+0000] {processor.py:186} INFO - Started process (PID=128) to work on /home/airflow/.local/lib/python3.12/site-packages/airflow/example_dags/example_local_kubernetes_executor.py
[2025-04-17T05:57:03.407+0000] {processor.py:914} INFO - Processing file /home/airflow/.local/lib/python3.12/site-packages/airflow/example_dags/example_local_kubernetes_executor.py for tasks to queue
[2025-04-17T05:57:03.432+0000] {logging_mixin.py:190} INFO - [2025-04-17T05:57:03.431+0000] {dagbag.py:588} INFO - Filling up the DagBag from /home/airflow/.local/lib/python3.12/site-packages/airflow/example_dags/example_local_kubernetes_executor.py
[2025-04-17T05:57:03.485+0000] {processor.py:925} INFO - DAG(s) 'example_local_kubernetes_executor' retrieved from /home/airflow/.local/lib/python3.12/site-packages/airflow/example_dags/example_local_kubernetes_executor.py
[2025-04-17T05:57:03.846+0000] {logging_mixin.py:190} INFO - [2025-04-17T05:57:03.844+0000] {override.py:1912} INFO - Created Permission View: can delete on DAG:example_local_kubernetes_executor
[2025-04-17T05:57:03.869+0000] {logging_mixin.py:190} INFO - [2025-04-17T05:57:03.868+0000] {override.py:1912} INFO - Created Permission View: can edit on DAG:example_local_kubernetes_executor
[2025-04-17T05:57:03.887+0000] {logging_mixin.py:190} INFO - [2025-04-17T05:57:03.886+0000] {override.py:1912} INFO - Created Permission View: can read on DAG:example_local_kubernetes_executor
[2025-04-17T05:57:03.910+0000] {logging_mixin.py:190} INFO - [2025-04-17T05:57:03.910+0000] {override.py:1912} INFO - Created Permission View: can delete on DAG Run:example_local_kubernetes_executor
[2025-04-17T05:57:03.926+0000] {logging_mixin.py:190} INFO - [2025-04-17T05:57:03.925+0000] {override.py:1912} INFO - Created Permission View: can read on DAG Run:example_local_kubernetes_executor
[2025-04-17T05:57:03.950+0000] {logging_mixin.py:190} INFO - [2025-04-17T05:57:03.949+0000] {override.py:1912} INFO - Created Permission View: can create on DAG Run:example_local_kubernetes_executor
[2025-04-17T05:57:03.978+0000] {logging_mixin.py:190} INFO - [2025-04-17T05:57:03.977+0000] {override.py:1912} INFO - Created Permission View: menu access on DAG Run:example_local_kubernetes_executor
[2025-04-17T05:57:03.980+0000] {logging_mixin.py:190} INFO - [2025-04-17T05:57:03.980+0000] {dag.py:3239} INFO - Sync 1 DAGs
[2025-04-17T05:57:04.040+0000] {logging_mixin.py:190} INFO - [2025-04-17T05:57:04.040+0000] {dag.py:3262} INFO - Creating ORM DAG for example_local_kubernetes_executor
[2025-04-17T05:57:04.043+0000] {logging_mixin.py:190} INFO - [2025-04-17T05:57:04.042+0000] {dag.py:4180} INFO - Setting next_dagrun for example_local_kubernetes_executor to None, run_after=None
[2025-04-17T05:57:04.101+0000] {processor.py:208} INFO - Processing /home/airflow/.local/lib/python3.12/site-packages/airflow/example_dags/example_local_kubernetes_executor.py took 0.725 seconds
[2025-04-17T05:57:34.713+0000] {processor.py:186} INFO - Started process (PID=191) to work on /home/airflow/.local/lib/python3.12/site-packages/airflow/example_dags/example_local_kubernetes_executor.py
[2025-04-17T05:57:34.715+0000] {processor.py:914} INFO - Processing file /home/airflow/.local/lib/python3.12/site-packages/airflow/example_dags/example_local_kubernetes_executor.py for tasks to queue
[2025-04-17T05:57:34.718+0000] {logging_mixin.py:190} INFO - [2025-04-17T05:57:34.718+0000] {dagbag.py:588} INFO - Filling up the DagBag from /home/airflow/.local/lib/python3.12/site-packages/airflow/example_dags/example_local_kubernetes_executor.py
[2025-04-17T05:57:34.729+0000] {processor.py:925} INFO - DAG(s) 'example_local_kubernetes_executor' retrieved from /home/airflow/.local/lib/python3.12/site-packages/airflow/example_dags/example_local_kubernetes_executor.py
[2025-04-17T05:57:34.748+0000] {logging_mixin.py:190} INFO - [2025-04-17T05:57:34.748+0000] {dag.py:3239} INFO - Sync 1 DAGs
[2025-04-17T05:57:34.760+0000] {logging_mixin.py:190} INFO - [2025-04-17T05:57:34.760+0000] {dag.py:4180} INFO - Setting next_dagrun for example_local_kubernetes_executor to None, run_after=None
[2025-04-17T05:57:34.779+0000] {processor.py:208} INFO - Processing /home/airflow/.local/lib/python3.12/site-packages/airflow/example_dags/example_local_kubernetes_executor.py took 0.075 seconds
[2025-04-17T05:58:05.511+0000] {processor.py:186} INFO - Started process (PID=253) to work on /home/airflow/.local/lib/python3.12/site-packages/airflow/example_dags/example_local_kubernetes_executor.py
[2025-04-17T05:58:05.513+0000] {processor.py:914} INFO - Processing file /home/airflow/.local/lib/python3.12/site-packages/airflow/example_dags/example_local_kubernetes_executor.py for tasks to queue
[2025-04-17T05:58:05.518+0000] {logging_mixin.py:190} INFO - [2025-04-17T05:58:05.518+0000] {dagbag.py:588} INFO - Filling up the DagBag from /home/airflow/.local/lib/python3.12/site-packages/airflow/example_dags/example_local_kubernetes_executor.py
[2025-04-17T05:58:05.530+0000] {processor.py:925} INFO - DAG(s) 'example_local_kubernetes_executor' retrieved from /home/airflow/.local/lib/python3.12/site-packages/airflow/example_dags/example_local_kubernetes_executor.py
[2025-04-17T05:58:05.571+0000] {logging_mixin.py:190} INFO - [2025-04-17T05:58:05.571+0000] {dag.py:3239} INFO - Sync 1 DAGs
[2025-04-17T05:58:05.592+0000] {logging_mixin.py:190} INFO - [2025-04-17T05:58:05.592+0000] {dag.py:4180} INFO - Setting next_dagrun for example_local_kubernetes_executor to None, run_after=None
[2025-04-17T05:58:05.631+0000] {processor.py:208} INFO - Processing /home/airflow/.local/lib/python3.12/site-packages/airflow/example_dags/example_local_kubernetes_executor.py took 0.131 seconds
[2025-04-17T05:58:36.773+0000] {processor.py:186} INFO - Started process (PID=316) to work on /home/airflow/.local/lib/python3.12/site-packages/airflow/example_dags/example_local_kubernetes_executor.py
[2025-04-17T05:58:36.776+0000] {processor.py:914} INFO - Processing file /home/airflow/.local/lib/python3.12/site-packages/airflow/example_dags/example_local_kubernetes_executor.py for tasks to queue
[2025-04-17T05:58:36.782+0000] {logging_mixin.py:190} INFO - [2025-04-17T05:58:36.781+0000] {dagbag.py:588} INFO - Filling up the DagBag from /home/airflow/.local/lib/python3.12/site-packages/airflow/example_dags/example_local_kubernetes_executor.py
[2025-04-17T05:58:36.799+0000] {processor.py:925} INFO - DAG(s) 'example_local_kubernetes_executor' retrieved from /home/airflow/.local/lib/python3.12/site-packages/airflow/example_dags/example_local_kubernetes_executor.py
[2025-04-17T05:58:36.838+0000] {logging_mixin.py:190} INFO - [2025-04-17T05:58:36.838+0000] {dag.py:3239} INFO - Sync 1 DAGs
[2025-04-17T05:58:36.862+0000] {logging_mixin.py:190} INFO - [2025-04-17T05:58:36.862+0000] {dag.py:4180} INFO - Setting next_dagrun for example_local_kubernetes_executor to None, run_after=None
[2025-04-17T05:58:36.905+0000] {processor.py:208} INFO - Processing /home/airflow/.local/lib/python3.12/site-packages/airflow/example_dags/example_local_kubernetes_executor.py took 0.139 seconds
[2025-04-17T05:59:07.444+0000] {processor.py:186} INFO - Started process (PID=379) to work on /home/airflow/.local/lib/python3.12/site-packages/airflow/example_dags/example_local_kubernetes_executor.py
[2025-04-17T05:59:07.446+0000] {processor.py:914} INFO - Processing file /home/airflow/.local/lib/python3.12/site-packages/airflow/example_dags/example_local_kubernetes_executor.py for tasks to queue
[2025-04-17T05:59:07.449+0000] {logging_mixin.py:190} INFO - [2025-04-17T05:59:07.449+0000] {dagbag.py:588} INFO - Filling up the DagBag from /home/airflow/.local/lib/python3.12/site-packages/airflow/example_dags/example_local_kubernetes_executor.py
[2025-04-17T05:59:07.461+0000] {processor.py:925} INFO - DAG(s) 'example_local_kubernetes_executor' retrieved from /home/airflow/.local/lib/python3.12/site-packages/airflow/example_dags/example_local_kubernetes_executor.py
[2025-04-17T05:59:07.486+0000] {logging_mixin.py:190} INFO - [2025-04-17T05:59:07.486+0000] {dag.py:3239} INFO - Sync 1 DAGs
[2025-04-17T05:59:07.502+0000] {logging_mixin.py:190} INFO - [2025-04-17T05:59:07.502+0000] {dag.py:4180} INFO - Setting next_dagrun for example_local_kubernetes_executor to None, run_after=None
[2025-04-17T05:59:07.526+0000] {processor.py:208} INFO - Processing /home/airflow/.local/lib/python3.12/site-packages/airflow/example_dags/example_local_kubernetes_executor.py took 0.089 seconds
[2025-04-17T05:59:39.568+0000] {processor.py:186} INFO - Started process (PID=442) to work on /home/airflow/.local/lib/python3.12/site-packages/airflow/example_dags/example_local_kubernetes_executor.py
[2025-04-17T05:59:39.570+0000] {processor.py:914} INFO - Processing file /home/airflow/.local/lib/python3.12/site-packages/airflow/example_dags/example_local_kubernetes_executor.py for tasks to queue
[2025-04-17T05:59:39.576+0000] {logging_mixin.py:190} INFO - [2025-04-17T05:59:39.575+0000] {dagbag.py:588} INFO - Filling up the DagBag from /home/airflow/.local/lib/python3.12/site-packages/airflow/example_dags/example_local_kubernetes_executor.py
[2025-04-17T05:59:39.596+0000] {processor.py:925} INFO - DAG(s) 'example_local_kubernetes_executor' retrieved from /home/airflow/.local/lib/python3.12/site-packages/airflow/example_dags/example_local_kubernetes_executor.py
[2025-04-17T05:59:39.635+0000] {logging_mixin.py:190} INFO - [2025-04-17T05:59:39.634+0000] {dag.py:3239} INFO - Sync 1 DAGs
[2025-04-17T05:59:39.663+0000] {logging_mixin.py:190} INFO - [2025-04-17T05:59:39.663+0000] {dag.py:4180} INFO - Setting next_dagrun for example_local_kubernetes_executor to None, run_after=None
[2025-04-17T05:59:39.693+0000] {processor.py:208} INFO - Processing /home/airflow/.local/lib/python3.12/site-packages/airflow/example_dags/example_local_kubernetes_executor.py took 0.137 seconds
[2025-04-17T06:00:10.888+0000] {processor.py:186} INFO - Started process (PID=505) to work on /home/airflow/.local/lib/python3.12/site-packages/airflow/example_dags/example_local_kubernetes_executor.py
[2025-04-17T06:00:10.890+0000] {processor.py:914} INFO - Processing file /home/airflow/.local/lib/python3.12/site-packages/airflow/example_dags/example_local_kubernetes_executor.py for tasks to queue
[2025-04-17T06:00:10.894+0000] {logging_mixin.py:190} INFO - [2025-04-17T06:00:10.894+0000] {dagbag.py:588} INFO - Filling up the DagBag from /home/airflow/.local/lib/python3.12/site-packages/airflow/example_dags/example_local_kubernetes_executor.py
[2025-04-17T06:00:10.909+0000] {processor.py:925} INFO - DAG(s) 'example_local_kubernetes_executor' retrieved from /home/airflow/.local/lib/python3.12/site-packages/airflow/example_dags/example_local_kubernetes_executor.py
[2025-04-17T06:00:10.942+0000] {logging_mixin.py:190} INFO - [2025-04-17T06:00:10.941+0000] {dag.py:3239} INFO - Sync 1 DAGs
[2025-04-17T06:00:10.962+0000] {logging_mixin.py:190} INFO - [2025-04-17T06:00:10.962+0000] {dag.py:4180} INFO - Setting next_dagrun for example_local_kubernetes_executor to None, run_after=None
[2025-04-17T06:00:10.985+0000] {processor.py:208} INFO - Processing /home/airflow/.local/lib/python3.12/site-packages/airflow/example_dags/example_local_kubernetes_executor.py took 0.104 seconds
[2025-04-17T06:00:41.105+0000] {processor.py:186} INFO - Started process (PID=567) to work on /home/airflow/.local/lib/python3.12/site-packages/airflow/example_dags/example_local_kubernetes_executor.py
[2025-04-17T06:00:41.107+0000] {processor.py:914} INFO - Processing file /home/airflow/.local/lib/python3.12/site-packages/airflow/example_dags/example_local_kubernetes_executor.py for tasks to queue
[2025-04-17T06:00:41.110+0000] {logging_mixin.py:190} INFO - [2025-04-17T06:00:41.110+0000] {dagbag.py:588} INFO - Filling up the DagBag from /home/airflow/.local/lib/python3.12/site-packages/airflow/example_dags/example_local_kubernetes_executor.py
[2025-04-17T06:00:41.122+0000] {processor.py:925} INFO - DAG(s) 'example_local_kubernetes_executor' retrieved from /home/airflow/.local/lib/python3.12/site-packages/airflow/example_dags/example_local_kubernetes_executor.py
[2025-04-17T06:00:41.149+0000] {logging_mixin.py:190} INFO - [2025-04-17T06:00:41.148+0000] {dag.py:3239} INFO - Sync 1 DAGs
[2025-04-17T06:00:41.164+0000] {logging_mixin.py:190} INFO - [2025-04-17T06:00:41.164+0000] {dag.py:4180} INFO - Setting next_dagrun for example_local_kubernetes_executor to None, run_after=None
[2025-04-17T06:00:41.195+0000] {processor.py:208} INFO - Processing /home/airflow/.local/lib/python3.12/site-packages/airflow/example_dags/example_local_kubernetes_executor.py took 0.096 seconds
[2025-04-17T06:01:13.399+0000] {processor.py:186} INFO - Started process (PID=630) to work on /home/airflow/.local/lib/python3.12/site-packages/airflow/example_dags/example_local_kubernetes_executor.py
[2025-04-17T06:01:13.402+0000] {processor.py:914} INFO - Processing file /home/airflow/.local/lib/python3.12/site-packages/airflow/example_dags/example_local_kubernetes_executor.py for tasks to queue
[2025-04-17T06:01:13.407+0000] {logging_mixin.py:190} INFO - [2025-04-17T06:01:13.406+0000] {dagbag.py:588} INFO - Filling up the DagBag from /home/airflow/.local/lib/python3.12/site-packages/airflow/example_dags/example_local_kubernetes_executor.py
[2025-04-17T06:01:13.424+0000] {processor.py:925} INFO - DAG(s) 'example_local_kubernetes_executor' retrieved from /home/airflow/.local/lib/python3.12/site-packages/airflow/example_dags/example_local_kubernetes_executor.py
[2025-04-17T06:01:13.456+0000] {logging_mixin.py:190} INFO - [2025-04-17T06:01:13.455+0000] {dag.py:3239} INFO - Sync 1 DAGs
[2025-04-17T06:01:13.477+0000] {logging_mixin.py:190} INFO - [2025-04-17T06:01:13.477+0000] {dag.py:4180} INFO - Setting next_dagrun for example_local_kubernetes_executor to None, run_after=None
[2025-04-17T06:01:13.513+0000] {processor.py:208} INFO - Processing /home/airflow/.local/lib/python3.12/site-packages/airflow/example_dags/example_local_kubernetes_executor.py took 0.124 seconds
[2025-04-17T06:01:46.406+0000] {processor.py:186} INFO - Started process (PID=699) to work on /home/airflow/.local/lib/python3.12/site-packages/airflow/example_dags/example_local_kubernetes_executor.py
[2025-04-17T06:01:46.410+0000] {processor.py:914} INFO - Processing file /home/airflow/.local/lib/python3.12/site-packages/airflow/example_dags/example_local_kubernetes_executor.py for tasks to queue
[2025-04-17T06:01:46.419+0000] {logging_mixin.py:190} INFO - [2025-04-17T06:01:46.417+0000] {dagbag.py:588} INFO - Filling up the DagBag from /home/airflow/.local/lib/python3.12/site-packages/airflow/example_dags/example_local_kubernetes_executor.py
[2025-04-17T06:01:46.445+0000] {processor.py:925} INFO - DAG(s) 'example_local_kubernetes_executor' retrieved from /home/airflow/.local/lib/python3.12/site-packages/airflow/example_dags/example_local_kubernetes_executor.py
[2025-04-17T06:01:46.495+0000] {logging_mixin.py:190} INFO - [2025-04-17T06:01:46.494+0000] {dag.py:3239} INFO - Sync 1 DAGs
[2025-04-17T06:01:46.513+0000] {logging_mixin.py:190} INFO - [2025-04-17T06:01:46.513+0000] {dag.py:4180} INFO - Setting next_dagrun for example_local_kubernetes_executor to None, run_after=None
[2025-04-17T06:01:46.546+0000] {processor.py:208} INFO - Processing /home/airflow/.local/lib/python3.12/site-packages/airflow/example_dags/example_local_kubernetes_executor.py took 0.157 seconds
[2025-04-17T06:02:17.076+0000] {processor.py:186} INFO - Started process (PID=762) to work on /home/airflow/.local/lib/python3.12/site-packages/airflow/example_dags/example_local_kubernetes_executor.py
[2025-04-17T06:02:17.078+0000] {processor.py:914} INFO - Processing file /home/airflow/.local/lib/python3.12/site-packages/airflow/example_dags/example_local_kubernetes_executor.py for tasks to queue
[2025-04-17T06:02:17.082+0000] {logging_mixin.py:190} INFO - [2025-04-17T06:02:17.080+0000] {dagbag.py:588} INFO - Filling up the DagBag from /home/airflow/.local/lib/python3.12/site-packages/airflow/example_dags/example_local_kubernetes_executor.py
[2025-04-17T06:02:17.102+0000] {processor.py:925} INFO - DAG(s) 'example_local_kubernetes_executor' retrieved from /home/airflow/.local/lib/python3.12/site-packages/airflow/example_dags/example_local_kubernetes_executor.py
[2025-04-17T06:02:17.135+0000] {logging_mixin.py:190} INFO - [2025-04-17T06:02:17.134+0000] {dag.py:3239} INFO - Sync 1 DAGs
[2025-04-17T06:02:17.159+0000] {logging_mixin.py:190} INFO - [2025-04-17T06:02:17.158+0000] {dag.py:4180} INFO - Setting next_dagrun for example_local_kubernetes_executor to None, run_after=None
[2025-04-17T06:02:17.201+0000] {processor.py:208} INFO - Processing /home/airflow/.local/lib/python3.12/site-packages/airflow/example_dags/example_local_kubernetes_executor.py took 0.132 seconds
[2025-04-17T06:02:49.422+0000] {processor.py:186} INFO - Started process (PID=828) to work on /home/airflow/.local/lib/python3.12/site-packages/airflow/example_dags/example_local_kubernetes_executor.py
[2025-04-17T06:02:49.427+0000] {processor.py:914} INFO - Processing file /home/airflow/.local/lib/python3.12/site-packages/airflow/example_dags/example_local_kubernetes_executor.py for tasks to queue
[2025-04-17T06:02:49.437+0000] {logging_mixin.py:190} INFO - [2025-04-17T06:02:49.436+0000] {dagbag.py:588} INFO - Filling up the DagBag from /home/airflow/.local/lib/python3.12/site-packages/airflow/example_dags/example_local_kubernetes_executor.py
[2025-04-17T06:02:49.457+0000] {processor.py:925} INFO - DAG(s) 'example_local_kubernetes_executor' retrieved from /home/airflow/.local/lib/python3.12/site-packages/airflow/example_dags/example_local_kubernetes_executor.py
[2025-04-17T06:02:49.478+0000] {logging_mixin.py:190} INFO - [2025-04-17T06:02:49.478+0000] {dag.py:3239} INFO - Sync 1 DAGs
[2025-04-17T06:02:49.497+0000] {logging_mixin.py:190} INFO - [2025-04-17T06:02:49.497+0000] {dag.py:4180} INFO - Setting next_dagrun for example_local_kubernetes_executor to None, run_after=None
[2025-04-17T06:02:49.517+0000] {processor.py:208} INFO - Processing /home/airflow/.local/lib/python3.12/site-packages/airflow/example_dags/example_local_kubernetes_executor.py took 0.117 seconds
[2025-04-17T06:03:20.371+0000] {processor.py:186} INFO - Started process (PID=893) to work on /home/airflow/.local/lib/python3.12/site-packages/airflow/example_dags/example_local_kubernetes_executor.py
[2025-04-17T06:03:20.372+0000] {processor.py:914} INFO - Processing file /home/airflow/.local/lib/python3.12/site-packages/airflow/example_dags/example_local_kubernetes_executor.py for tasks to queue
[2025-04-17T06:03:20.375+0000] {logging_mixin.py:190} INFO - [2025-04-17T06:03:20.374+0000] {dagbag.py:588} INFO - Filling up the DagBag from /home/airflow/.local/lib/python3.12/site-packages/airflow/example_dags/example_local_kubernetes_executor.py
[2025-04-17T06:03:20.383+0000] {processor.py:925} INFO - DAG(s) 'example_local_kubernetes_executor' retrieved from /home/airflow/.local/lib/python3.12/site-packages/airflow/example_dags/example_local_kubernetes_executor.py
[2025-04-17T06:03:20.405+0000] {logging_mixin.py:190} INFO - [2025-04-17T06:03:20.405+0000] {dag.py:3239} INFO - Sync 1 DAGs
[2025-04-17T06:03:20.420+0000] {logging_mixin.py:190} INFO - [2025-04-17T06:03:20.420+0000] {dag.py:4180} INFO - Setting next_dagrun for example_local_kubernetes_executor to None, run_after=None
[2025-04-17T06:03:20.443+0000] {processor.py:208} INFO - Processing /home/airflow/.local/lib/python3.12/site-packages/airflow/example_dags/example_local_kubernetes_executor.py took 0.078 seconds
[2025-04-17T06:11:03.526+0000] {processor.py:186} INFO - Started process (PID=130) to work on /home/airflow/.local/lib/python3.12/site-packages/airflow/example_dags/example_local_kubernetes_executor.py
[2025-04-17T06:11:03.530+0000] {processor.py:914} INFO - Processing file /home/airflow/.local/lib/python3.12/site-packages/airflow/example_dags/example_local_kubernetes_executor.py for tasks to queue
[2025-04-17T06:11:03.537+0000] {logging_mixin.py:190} INFO - [2025-04-17T06:11:03.536+0000] {dagbag.py:588} INFO - Filling up the DagBag from /home/airflow/.local/lib/python3.12/site-packages/airflow/example_dags/example_local_kubernetes_executor.py
[2025-04-17T06:11:03.558+0000] {processor.py:925} INFO - DAG(s) 'example_local_kubernetes_executor' retrieved from /home/airflow/.local/lib/python3.12/site-packages/airflow/example_dags/example_local_kubernetes_executor.py
[2025-04-17T06:11:03.599+0000] {logging_mixin.py:190} INFO - [2025-04-17T06:11:03.598+0000] {dag.py:3239} INFO - Sync 1 DAGs
[2025-04-17T06:11:03.637+0000] {logging_mixin.py:190} INFO - [2025-04-17T06:11:03.636+0000] {dag.py:4180} INFO - Setting next_dagrun for example_local_kubernetes_executor to None, run_after=None
[2025-04-17T06:11:03.677+0000] {processor.py:208} INFO - Processing /home/airflow/.local/lib/python3.12/site-packages/airflow/example_dags/example_local_kubernetes_executor.py took 0.163 seconds
[2025-04-17T06:11:34.251+0000] {processor.py:186} INFO - Started process (PID=193) to work on /home/airflow/.local/lib/python3.12/site-packages/airflow/example_dags/example_local_kubernetes_executor.py
[2025-04-17T06:11:34.254+0000] {processor.py:914} INFO - Processing file /home/airflow/.local/lib/python3.12/site-packages/airflow/example_dags/example_local_kubernetes_executor.py for tasks to queue
[2025-04-17T06:11:34.259+0000] {logging_mixin.py:190} INFO - [2025-04-17T06:11:34.258+0000] {dagbag.py:588} INFO - Filling up the DagBag from /home/airflow/.local/lib/python3.12/site-packages/airflow/example_dags/example_local_kubernetes_executor.py
[2025-04-17T06:11:34.283+0000] {processor.py:925} INFO - DAG(s) 'example_local_kubernetes_executor' retrieved from /home/airflow/.local/lib/python3.12/site-packages/airflow/example_dags/example_local_kubernetes_executor.py
[2025-04-17T06:11:34.319+0000] {logging_mixin.py:190} INFO - [2025-04-17T06:11:34.319+0000] {dag.py:3239} INFO - Sync 1 DAGs
[2025-04-17T06:11:34.335+0000] {logging_mixin.py:190} INFO - [2025-04-17T06:11:34.335+0000] {dag.py:4180} INFO - Setting next_dagrun for example_local_kubernetes_executor to None, run_after=None
[2025-04-17T06:11:34.358+0000] {processor.py:208} INFO - Processing /home/airflow/.local/lib/python3.12/site-packages/airflow/example_dags/example_local_kubernetes_executor.py took 0.124 seconds
[2025-04-17T06:12:07.584+0000] {processor.py:186} INFO - Started process (PID=255) to work on /home/airflow/.local/lib/python3.12/site-packages/airflow/example_dags/example_local_kubernetes_executor.py
[2025-04-17T06:12:07.592+0000] {processor.py:914} INFO - Processing file /home/airflow/.local/lib/python3.12/site-packages/airflow/example_dags/example_local_kubernetes_executor.py for tasks to queue
[2025-04-17T06:12:07.596+0000] {logging_mixin.py:190} INFO - [2025-04-17T06:12:07.595+0000] {dagbag.py:588} INFO - Filling up the DagBag from /home/airflow/.local/lib/python3.12/site-packages/airflow/example_dags/example_local_kubernetes_executor.py
[2025-04-17T06:12:07.627+0000] {processor.py:925} INFO - DAG(s) 'example_local_kubernetes_executor' retrieved from /home/airflow/.local/lib/python3.12/site-packages/airflow/example_dags/example_local_kubernetes_executor.py
[2025-04-17T06:12:07.677+0000] {logging_mixin.py:190} INFO - [2025-04-17T06:12:07.677+0000] {dag.py:3239} INFO - Sync 1 DAGs
[2025-04-17T06:12:07.693+0000] {logging_mixin.py:190} INFO - [2025-04-17T06:12:07.693+0000] {dag.py:4180} INFO - Setting next_dagrun for example_local_kubernetes_executor to None, run_after=None
[2025-04-17T06:12:07.718+0000] {processor.py:208} INFO - Processing /home/airflow/.local/lib/python3.12/site-packages/airflow/example_dags/example_local_kubernetes_executor.py took 0.149 seconds
[2025-04-17T06:12:39.556+0000] {processor.py:186} INFO - Started process (PID=318) to work on /home/airflow/.local/lib/python3.12/site-packages/airflow/example_dags/example_local_kubernetes_executor.py
[2025-04-17T06:12:39.558+0000] {processor.py:914} INFO - Processing file /home/airflow/.local/lib/python3.12/site-packages/airflow/example_dags/example_local_kubernetes_executor.py for tasks to queue
[2025-04-17T06:12:39.565+0000] {logging_mixin.py:190} INFO - [2025-04-17T06:12:39.564+0000] {dagbag.py:588} INFO - Filling up the DagBag from /home/airflow/.local/lib/python3.12/site-packages/airflow/example_dags/example_local_kubernetes_executor.py
[2025-04-17T06:12:39.584+0000] {processor.py:925} INFO - DAG(s) 'example_local_kubernetes_executor' retrieved from /home/airflow/.local/lib/python3.12/site-packages/airflow/example_dags/example_local_kubernetes_executor.py
[2025-04-17T06:12:39.645+0000] {logging_mixin.py:190} INFO - [2025-04-17T06:12:39.644+0000] {dag.py:3239} INFO - Sync 1 DAGs
[2025-04-17T06:12:39.669+0000] {logging_mixin.py:190} INFO - [2025-04-17T06:12:39.668+0000] {dag.py:4180} INFO - Setting next_dagrun for example_local_kubernetes_executor to None, run_after=None
[2025-04-17T06:12:39.716+0000] {processor.py:208} INFO - Processing /home/airflow/.local/lib/python3.12/site-packages/airflow/example_dags/example_local_kubernetes_executor.py took 0.171 seconds
[2025-04-17T06:13:10.633+0000] {processor.py:186} INFO - Started process (PID=380) to work on /home/airflow/.local/lib/python3.12/site-packages/airflow/example_dags/example_local_kubernetes_executor.py
[2025-04-17T06:13:10.636+0000] {processor.py:914} INFO - Processing file /home/airflow/.local/lib/python3.12/site-packages/airflow/example_dags/example_local_kubernetes_executor.py for tasks to queue
[2025-04-17T06:13:10.643+0000] {logging_mixin.py:190} INFO - [2025-04-17T06:13:10.642+0000] {dagbag.py:588} INFO - Filling up the DagBag from /home/airflow/.local/lib/python3.12/site-packages/airflow/example_dags/example_local_kubernetes_executor.py
[2025-04-17T06:13:10.670+0000] {processor.py:925} INFO - DAG(s) 'example_local_kubernetes_executor' retrieved from /home/airflow/.local/lib/python3.12/site-packages/airflow/example_dags/example_local_kubernetes_executor.py
[2025-04-17T06:13:10.719+0000] {logging_mixin.py:190} INFO - [2025-04-17T06:13:10.719+0000] {dag.py:3239} INFO - Sync 1 DAGs
[2025-04-17T06:13:10.758+0000] {logging_mixin.py:190} INFO - [2025-04-17T06:13:10.757+0000] {dag.py:4180} INFO - Setting next_dagrun for example_local_kubernetes_executor to None, run_after=None
[2025-04-17T06:13:10.807+0000] {processor.py:208} INFO - Processing /home/airflow/.local/lib/python3.12/site-packages/airflow/example_dags/example_local_kubernetes_executor.py took 0.185 seconds
[2025-04-17T06:13:52.451+0000] {processor.py:186} INFO - Started process (PID=449) to work on /home/airflow/.local/lib/python3.12/site-packages/airflow/example_dags/example_local_kubernetes_executor.py
[2025-04-17T06:13:52.464+0000] {processor.py:914} INFO - Processing file /home/airflow/.local/lib/python3.12/site-packages/airflow/example_dags/example_local_kubernetes_executor.py for tasks to queue
[2025-04-17T06:13:52.482+0000] {logging_mixin.py:190} INFO - [2025-04-17T06:13:52.481+0000] {dagbag.py:588} INFO - Filling up the DagBag from /home/airflow/.local/lib/python3.12/site-packages/airflow/example_dags/example_local_kubernetes_executor.py
[2025-04-17T06:13:52.525+0000] {processor.py:925} INFO - DAG(s) 'example_local_kubernetes_executor' retrieved from /home/airflow/.local/lib/python3.12/site-packages/airflow/example_dags/example_local_kubernetes_executor.py
[2025-04-17T06:13:52.675+0000] {logging_mixin.py:190} INFO - [2025-04-17T06:13:52.674+0000] {dag.py:3239} INFO - Sync 1 DAGs
[2025-04-17T06:13:52.851+0000] {logging_mixin.py:190} INFO - [2025-04-17T06:13:52.850+0000] {dag.py:4180} INFO - Setting next_dagrun for example_local_kubernetes_executor to None, run_after=None
[2025-04-17T06:13:53.020+0000] {processor.py:208} INFO - Processing /home/airflow/.local/lib/python3.12/site-packages/airflow/example_dags/example_local_kubernetes_executor.py took 0.589 seconds
[2025-04-17T06:14:24.159+0000] {processor.py:186} INFO - Started process (PID=512) to work on /home/airflow/.local/lib/python3.12/site-packages/airflow/example_dags/example_local_kubernetes_executor.py
[2025-04-17T06:14:24.174+0000] {processor.py:914} INFO - Processing file /home/airflow/.local/lib/python3.12/site-packages/airflow/example_dags/example_local_kubernetes_executor.py for tasks to queue
[2025-04-17T06:14:24.182+0000] {logging_mixin.py:190} INFO - [2025-04-17T06:14:24.181+0000] {dagbag.py:588} INFO - Filling up the DagBag from /home/airflow/.local/lib/python3.12/site-packages/airflow/example_dags/example_local_kubernetes_executor.py
[2025-04-17T06:14:24.260+0000] {processor.py:925} INFO - DAG(s) 'example_local_kubernetes_executor' retrieved from /home/airflow/.local/lib/python3.12/site-packages/airflow/example_dags/example_local_kubernetes_executor.py
[2025-04-17T06:14:24.445+0000] {logging_mixin.py:190} INFO - [2025-04-17T06:14:24.440+0000] {dag.py:3239} INFO - Sync 1 DAGs
[2025-04-17T06:14:24.573+0000] {logging_mixin.py:190} INFO - [2025-04-17T06:14:24.569+0000] {dag.py:4180} INFO - Setting next_dagrun for example_local_kubernetes_executor to None, run_after=None
[2025-04-17T06:14:24.724+0000] {processor.py:208} INFO - Processing /home/airflow/.local/lib/python3.12/site-packages/airflow/example_dags/example_local_kubernetes_executor.py took 0.613 seconds
[2025-04-17T06:14:54.865+0000] {processor.py:186} INFO - Started process (PID=575) to work on /home/airflow/.local/lib/python3.12/site-packages/airflow/example_dags/example_local_kubernetes_executor.py
[2025-04-17T06:14:54.868+0000] {processor.py:914} INFO - Processing file /home/airflow/.local/lib/python3.12/site-packages/airflow/example_dags/example_local_kubernetes_executor.py for tasks to queue
[2025-04-17T06:14:54.885+0000] {logging_mixin.py:190} INFO - [2025-04-17T06:14:54.883+0000] {dagbag.py:588} INFO - Filling up the DagBag from /home/airflow/.local/lib/python3.12/site-packages/airflow/example_dags/example_local_kubernetes_executor.py
[2025-04-17T06:14:54.956+0000] {processor.py:925} INFO - DAG(s) 'example_local_kubernetes_executor' retrieved from /home/airflow/.local/lib/python3.12/site-packages/airflow/example_dags/example_local_kubernetes_executor.py
[2025-04-17T06:14:55.109+0000] {logging_mixin.py:190} INFO - [2025-04-17T06:14:55.098+0000] {dag.py:3239} INFO - Sync 1 DAGs
[2025-04-17T06:14:55.232+0000] {logging_mixin.py:190} INFO - [2025-04-17T06:14:55.231+0000] {dag.py:4180} INFO - Setting next_dagrun for example_local_kubernetes_executor to None, run_after=None
[2025-04-17T06:14:55.554+0000] {processor.py:208} INFO - Processing /home/airflow/.local/lib/python3.12/site-packages/airflow/example_dags/example_local_kubernetes_executor.py took 0.712 seconds
[2025-04-17T06:15:27.156+0000] {processor.py:186} INFO - Started process (PID=637) to work on /home/airflow/.local/lib/python3.12/site-packages/airflow/example_dags/example_local_kubernetes_executor.py
[2025-04-17T06:15:27.159+0000] {processor.py:914} INFO - Processing file /home/airflow/.local/lib/python3.12/site-packages/airflow/example_dags/example_local_kubernetes_executor.py for tasks to queue
[2025-04-17T06:15:27.174+0000] {logging_mixin.py:190} INFO - [2025-04-17T06:15:27.171+0000] {dagbag.py:588} INFO - Filling up the DagBag from /home/airflow/.local/lib/python3.12/site-packages/airflow/example_dags/example_local_kubernetes_executor.py
[2025-04-17T06:15:27.214+0000] {processor.py:925} INFO - DAG(s) 'example_local_kubernetes_executor' retrieved from /home/airflow/.local/lib/python3.12/site-packages/airflow/example_dags/example_local_kubernetes_executor.py
[2025-04-17T06:15:27.299+0000] {logging_mixin.py:190} INFO - [2025-04-17T06:15:27.297+0000] {dag.py:3239} INFO - Sync 1 DAGs
[2025-04-17T06:15:27.364+0000] {logging_mixin.py:190} INFO - [2025-04-17T06:15:27.361+0000] {dag.py:4180} INFO - Setting next_dagrun for example_local_kubernetes_executor to None, run_after=None
[2025-04-17T06:15:27.430+0000] {processor.py:208} INFO - Processing /home/airflow/.local/lib/python3.12/site-packages/airflow/example_dags/example_local_kubernetes_executor.py took 0.295 seconds
[2025-04-17T06:15:57.864+0000] {processor.py:186} INFO - Started process (PID=700) to work on /home/airflow/.local/lib/python3.12/site-packages/airflow/example_dags/example_local_kubernetes_executor.py
[2025-04-17T06:15:57.866+0000] {processor.py:914} INFO - Processing file /home/airflow/.local/lib/python3.12/site-packages/airflow/example_dags/example_local_kubernetes_executor.py for tasks to queue
[2025-04-17T06:15:57.871+0000] {logging_mixin.py:190} INFO - [2025-04-17T06:15:57.871+0000] {dagbag.py:588} INFO - Filling up the DagBag from /home/airflow/.local/lib/python3.12/site-packages/airflow/example_dags/example_local_kubernetes_executor.py
[2025-04-17T06:15:57.891+0000] {processor.py:925} INFO - DAG(s) 'example_local_kubernetes_executor' retrieved from /home/airflow/.local/lib/python3.12/site-packages/airflow/example_dags/example_local_kubernetes_executor.py
[2025-04-17T06:15:57.929+0000] {logging_mixin.py:190} INFO - [2025-04-17T06:15:57.929+0000] {dag.py:3239} INFO - Sync 1 DAGs
[2025-04-17T06:15:57.948+0000] {logging_mixin.py:190} INFO - [2025-04-17T06:15:57.947+0000] {dag.py:4180} INFO - Setting next_dagrun for example_local_kubernetes_executor to None, run_after=None
[2025-04-17T06:15:57.983+0000] {processor.py:208} INFO - Processing /home/airflow/.local/lib/python3.12/site-packages/airflow/example_dags/example_local_kubernetes_executor.py took 0.134 seconds
[2025-04-17T06:16:28.656+0000] {processor.py:186} INFO - Started process (PID=763) to work on /home/airflow/.local/lib/python3.12/site-packages/airflow/example_dags/example_local_kubernetes_executor.py
[2025-04-17T06:16:28.658+0000] {processor.py:914} INFO - Processing file /home/airflow/.local/lib/python3.12/site-packages/airflow/example_dags/example_local_kubernetes_executor.py for tasks to queue
[2025-04-17T06:16:28.663+0000] {logging_mixin.py:190} INFO - [2025-04-17T06:16:28.662+0000] {dagbag.py:588} INFO - Filling up the DagBag from /home/airflow/.local/lib/python3.12/site-packages/airflow/example_dags/example_local_kubernetes_executor.py
[2025-04-17T06:16:28.683+0000] {processor.py:925} INFO - DAG(s) 'example_local_kubernetes_executor' retrieved from /home/airflow/.local/lib/python3.12/site-packages/airflow/example_dags/example_local_kubernetes_executor.py
[2025-04-17T06:16:28.728+0000] {logging_mixin.py:190} INFO - [2025-04-17T06:16:28.727+0000] {dag.py:3239} INFO - Sync 1 DAGs
[2025-04-17T06:16:28.758+0000] {logging_mixin.py:190} INFO - [2025-04-17T06:16:28.758+0000] {dag.py:4180} INFO - Setting next_dagrun for example_local_kubernetes_executor to None, run_after=None
[2025-04-17T06:16:28.793+0000] {processor.py:208} INFO - Processing /home/airflow/.local/lib/python3.12/site-packages/airflow/example_dags/example_local_kubernetes_executor.py took 0.149 seconds
[2025-04-17T06:17:02.730+0000] {processor.py:186} INFO - Started process (PID=826) to work on /home/airflow/.local/lib/python3.12/site-packages/airflow/example_dags/example_local_kubernetes_executor.py
[2025-04-17T06:17:02.732+0000] {processor.py:914} INFO - Processing file /home/airflow/.local/lib/python3.12/site-packages/airflow/example_dags/example_local_kubernetes_executor.py for tasks to queue
[2025-04-17T06:17:02.740+0000] {logging_mixin.py:190} INFO - [2025-04-17T06:17:02.739+0000] {dagbag.py:588} INFO - Filling up the DagBag from /home/airflow/.local/lib/python3.12/site-packages/airflow/example_dags/example_local_kubernetes_executor.py
[2025-04-17T06:17:02.762+0000] {processor.py:925} INFO - DAG(s) 'example_local_kubernetes_executor' retrieved from /home/airflow/.local/lib/python3.12/site-packages/airflow/example_dags/example_local_kubernetes_executor.py
[2025-04-17T06:17:02.807+0000] {logging_mixin.py:190} INFO - [2025-04-17T06:17:02.806+0000] {dag.py:3239} INFO - Sync 1 DAGs
[2025-04-17T06:17:02.853+0000] {logging_mixin.py:190} INFO - [2025-04-17T06:17:02.852+0000] {dag.py:4180} INFO - Setting next_dagrun for example_local_kubernetes_executor to None, run_after=None
[2025-04-17T06:17:02.912+0000] {processor.py:208} INFO - Processing /home/airflow/.local/lib/python3.12/site-packages/airflow/example_dags/example_local_kubernetes_executor.py took 0.196 seconds
