[2025-04-17T05:56:57.018+0000] {processor.py:186} INFO - Started process (PID=108) to work on /home/airflow/.local/lib/python3.12/site-packages/airflow/example_dags/example_subdag_operator.py
[2025-04-17T05:56:57.020+0000] {processor.py:914} INFO - Processing file /home/airflow/.local/lib/python3.12/site-packages/airflow/example_dags/example_subdag_operator.py for tasks to queue
[2025-04-17T05:56:57.023+0000] {logging_mixin.py:190} INFO - [2025-04-17T05:56:57.023+0000] {dagbag.py:588} INFO - Filling up the DagBag from /home/airflow/.local/lib/python3.12/site-packages/airflow/example_dags/example_subdag_operator.py
[2025-04-17T05:56:57.075+0000] {processor.py:925} INFO - DAG(s) 'example_subdag_operator.section-1', 'example_subdag_operator.section-2', 'example_subdag_operator' retrieved from /home/airflow/.local/lib/python3.12/site-packages/airflow/example_dags/example_subdag_operator.py
[2025-04-17T05:56:57.251+0000] {logging_mixin.py:190} INFO - [2025-04-17T05:56:57.250+0000] {override.py:1912} INFO - Created Permission View: can delete on DAG:example_subdag_operator
[2025-04-17T05:56:57.275+0000] {logging_mixin.py:190} INFO - [2025-04-17T05:56:57.274+0000] {override.py:1912} INFO - Created Permission View: can edit on DAG:example_subdag_operator
[2025-04-17T05:56:57.292+0000] {logging_mixin.py:190} INFO - [2025-04-17T05:56:57.291+0000] {override.py:1912} INFO - Created Permission View: can read on DAG:example_subdag_operator
[2025-04-17T05:56:57.310+0000] {logging_mixin.py:190} INFO - [2025-04-17T05:56:57.309+0000] {override.py:1912} INFO - Created Permission View: can delete on DAG Run:example_subdag_operator
[2025-04-17T05:56:57.325+0000] {logging_mixin.py:190} INFO - [2025-04-17T05:56:57.324+0000] {override.py:1912} INFO - Created Permission View: can read on DAG Run:example_subdag_operator
[2025-04-17T05:56:57.342+0000] {logging_mixin.py:190} INFO - [2025-04-17T05:56:57.342+0000] {override.py:1912} INFO - Created Permission View: can create on DAG Run:example_subdag_operator
[2025-04-17T05:56:57.360+0000] {logging_mixin.py:190} INFO - [2025-04-17T05:56:57.359+0000] {override.py:1912} INFO - Created Permission View: menu access on DAG Run:example_subdag_operator
[2025-04-17T05:56:57.362+0000] {logging_mixin.py:190} INFO - [2025-04-17T05:56:57.361+0000] {dag.py:3239} INFO - Sync 3 DAGs
[2025-04-17T05:56:57.388+0000] {logging_mixin.py:190} INFO - [2025-04-17T05:56:57.387+0000] {dag.py:3262} INFO - Creating ORM DAG for example_subdag_operator.section-1
[2025-04-17T05:56:57.391+0000] {logging_mixin.py:190} INFO - [2025-04-17T05:56:57.390+0000] {dag.py:3262} INFO - Creating ORM DAG for example_subdag_operator
[2025-04-17T05:56:57.392+0000] {logging_mixin.py:190} INFO - [2025-04-17T05:56:57.392+0000] {dag.py:3262} INFO - Creating ORM DAG for example_subdag_operator.section-2
[2025-04-17T05:56:57.409+0000] {logging_mixin.py:190} INFO - [2025-04-17T05:56:57.409+0000] {dag.py:4180} INFO - Setting next_dagrun for example_subdag_operator to 2022-01-01 00:00:00+00:00, run_after=2022-01-01 00:00:00+00:00
[2025-04-17T05:56:57.412+0000] {logging_mixin.py:190} INFO - [2025-04-17T05:56:57.411+0000] {dag.py:4180} INFO - Setting next_dagrun for example_subdag_operator.section-1 to None, run_after=None
[2025-04-17T05:56:57.414+0000] {logging_mixin.py:190} INFO - [2025-04-17T05:56:57.413+0000] {dag.py:4180} INFO - Setting next_dagrun for example_subdag_operator.section-2 to None, run_after=None
[2025-04-17T05:56:57.434+0000] {logging_mixin.py:190} INFO - [2025-04-17T05:56:57.433+0000] {dag.py:3239} INFO - Sync 2 DAGs
[2025-04-17T05:56:57.446+0000] {logging_mixin.py:190} INFO - [2025-04-17T05:56:57.445+0000] {dag.py:4180} INFO - Setting next_dagrun for example_subdag_operator.section-1 to None, run_after=None
[2025-04-17T05:56:57.453+0000] {logging_mixin.py:190} INFO - [2025-04-17T05:56:57.453+0000] {dag.py:4180} INFO - Setting next_dagrun for example_subdag_operator.section-2 to None, run_after=None
[2025-04-17T05:56:57.480+0000] {processor.py:208} INFO - Processing /home/airflow/.local/lib/python3.12/site-packages/airflow/example_dags/example_subdag_operator.py took 0.476 seconds
[2025-04-17T05:57:29.849+0000] {processor.py:186} INFO - Started process (PID=171) to work on /home/airflow/.local/lib/python3.12/site-packages/airflow/example_dags/example_subdag_operator.py
[2025-04-17T05:57:29.850+0000] {processor.py:914} INFO - Processing file /home/airflow/.local/lib/python3.12/site-packages/airflow/example_dags/example_subdag_operator.py for tasks to queue
[2025-04-17T05:57:29.854+0000] {logging_mixin.py:190} INFO - [2025-04-17T05:57:29.854+0000] {dagbag.py:588} INFO - Filling up the DagBag from /home/airflow/.local/lib/python3.12/site-packages/airflow/example_dags/example_subdag_operator.py
[2025-04-17T05:57:29.919+0000] {processor.py:925} INFO - DAG(s) 'example_subdag_operator.section-1', 'example_subdag_operator.section-2', 'example_subdag_operator' retrieved from /home/airflow/.local/lib/python3.12/site-packages/airflow/example_dags/example_subdag_operator.py
[2025-04-17T05:57:29.976+0000] {logging_mixin.py:190} INFO - [2025-04-17T05:57:29.975+0000] {dag.py:3239} INFO - Sync 3 DAGs
[2025-04-17T05:57:30.017+0000] {logging_mixin.py:190} INFO - [2025-04-17T05:57:30.016+0000] {dag.py:4180} INFO - Setting next_dagrun for example_subdag_operator to 2022-01-01 00:00:00+00:00, run_after=2022-01-01 00:00:00+00:00
[2025-04-17T05:57:30.024+0000] {logging_mixin.py:190} INFO - [2025-04-17T05:57:30.024+0000] {dag.py:4180} INFO - Setting next_dagrun for example_subdag_operator.section-1 to None, run_after=None
[2025-04-17T05:57:30.028+0000] {logging_mixin.py:190} INFO - [2025-04-17T05:57:30.027+0000] {dag.py:4180} INFO - Setting next_dagrun for example_subdag_operator.section-2 to None, run_after=None
[2025-04-17T05:57:30.045+0000] {logging_mixin.py:190} INFO - [2025-04-17T05:57:30.045+0000] {dag.py:3239} INFO - Sync 2 DAGs
[2025-04-17T05:57:30.056+0000] {logging_mixin.py:190} INFO - [2025-04-17T05:57:30.055+0000] {dag.py:4180} INFO - Setting next_dagrun for example_subdag_operator.section-1 to None, run_after=None
[2025-04-17T05:57:30.057+0000] {logging_mixin.py:190} INFO - [2025-04-17T05:57:30.057+0000] {dag.py:4180} INFO - Setting next_dagrun for example_subdag_operator.section-2 to None, run_after=None
[2025-04-17T05:57:30.089+0000] {processor.py:208} INFO - Processing /home/airflow/.local/lib/python3.12/site-packages/airflow/example_dags/example_subdag_operator.py took 0.250 seconds
[2025-04-17T05:58:02.384+0000] {processor.py:186} INFO - Started process (PID=234) to work on /home/airflow/.local/lib/python3.12/site-packages/airflow/example_dags/example_subdag_operator.py
[2025-04-17T05:58:02.386+0000] {processor.py:914} INFO - Processing file /home/airflow/.local/lib/python3.12/site-packages/airflow/example_dags/example_subdag_operator.py for tasks to queue
[2025-04-17T05:58:02.391+0000] {logging_mixin.py:190} INFO - [2025-04-17T05:58:02.390+0000] {dagbag.py:588} INFO - Filling up the DagBag from /home/airflow/.local/lib/python3.12/site-packages/airflow/example_dags/example_subdag_operator.py
[2025-04-17T05:58:02.526+0000] {processor.py:925} INFO - DAG(s) 'example_subdag_operator.section-1', 'example_subdag_operator.section-2', 'example_subdag_operator' retrieved from /home/airflow/.local/lib/python3.12/site-packages/airflow/example_dags/example_subdag_operator.py
[2025-04-17T05:58:02.571+0000] {logging_mixin.py:190} INFO - [2025-04-17T05:58:02.570+0000] {dag.py:3239} INFO - Sync 3 DAGs
[2025-04-17T05:58:02.629+0000] {logging_mixin.py:190} INFO - [2025-04-17T05:58:02.628+0000] {dag.py:4180} INFO - Setting next_dagrun for example_subdag_operator to 2022-01-01 00:00:00+00:00, run_after=2022-01-01 00:00:00+00:00
[2025-04-17T05:58:02.639+0000] {logging_mixin.py:190} INFO - [2025-04-17T05:58:02.638+0000] {dag.py:4180} INFO - Setting next_dagrun for example_subdag_operator.section-1 to None, run_after=None
[2025-04-17T05:58:02.643+0000] {logging_mixin.py:190} INFO - [2025-04-17T05:58:02.643+0000] {dag.py:4180} INFO - Setting next_dagrun for example_subdag_operator.section-2 to None, run_after=None
[2025-04-17T05:58:02.659+0000] {logging_mixin.py:190} INFO - [2025-04-17T05:58:02.658+0000] {dag.py:3239} INFO - Sync 2 DAGs
[2025-04-17T05:58:02.670+0000] {logging_mixin.py:190} INFO - [2025-04-17T05:58:02.670+0000] {dag.py:4180} INFO - Setting next_dagrun for example_subdag_operator.section-1 to None, run_after=None
[2025-04-17T05:58:02.672+0000] {logging_mixin.py:190} INFO - [2025-04-17T05:58:02.671+0000] {dag.py:4180} INFO - Setting next_dagrun for example_subdag_operator.section-2 to None, run_after=None
[2025-04-17T05:58:02.696+0000] {processor.py:208} INFO - Processing /home/airflow/.local/lib/python3.12/site-packages/airflow/example_dags/example_subdag_operator.py took 0.325 seconds
[2025-04-17T05:58:33.059+0000] {processor.py:186} INFO - Started process (PID=297) to work on /home/airflow/.local/lib/python3.12/site-packages/airflow/example_dags/example_subdag_operator.py
[2025-04-17T05:58:33.060+0000] {processor.py:914} INFO - Processing file /home/airflow/.local/lib/python3.12/site-packages/airflow/example_dags/example_subdag_operator.py for tasks to queue
[2025-04-17T05:58:33.063+0000] {logging_mixin.py:190} INFO - [2025-04-17T05:58:33.063+0000] {dagbag.py:588} INFO - Filling up the DagBag from /home/airflow/.local/lib/python3.12/site-packages/airflow/example_dags/example_subdag_operator.py
[2025-04-17T05:58:33.086+0000] {processor.py:925} INFO - DAG(s) 'example_subdag_operator.section-1', 'example_subdag_operator.section-2', 'example_subdag_operator' retrieved from /home/airflow/.local/lib/python3.12/site-packages/airflow/example_dags/example_subdag_operator.py
[2025-04-17T05:58:33.099+0000] {logging_mixin.py:190} INFO - [2025-04-17T05:58:33.099+0000] {dag.py:3239} INFO - Sync 3 DAGs
[2025-04-17T05:58:33.120+0000] {logging_mixin.py:190} INFO - [2025-04-17T05:58:33.120+0000] {dag.py:4180} INFO - Setting next_dagrun for example_subdag_operator to 2022-01-01 00:00:00+00:00, run_after=2022-01-01 00:00:00+00:00
[2025-04-17T05:58:33.124+0000] {logging_mixin.py:190} INFO - [2025-04-17T05:58:33.124+0000] {dag.py:4180} INFO - Setting next_dagrun for example_subdag_operator.section-1 to None, run_after=None
[2025-04-17T05:58:33.127+0000] {logging_mixin.py:190} INFO - [2025-04-17T05:58:33.126+0000] {dag.py:4180} INFO - Setting next_dagrun for example_subdag_operator.section-2 to None, run_after=None
[2025-04-17T05:58:33.133+0000] {logging_mixin.py:190} INFO - [2025-04-17T05:58:33.133+0000] {dag.py:3239} INFO - Sync 2 DAGs
[2025-04-17T05:58:33.139+0000] {logging_mixin.py:190} INFO - [2025-04-17T05:58:33.139+0000] {dag.py:4180} INFO - Setting next_dagrun for example_subdag_operator.section-1 to None, run_after=None
[2025-04-17T05:58:33.140+0000] {logging_mixin.py:190} INFO - [2025-04-17T05:58:33.140+0000] {dag.py:4180} INFO - Setting next_dagrun for example_subdag_operator.section-2 to None, run_after=None
[2025-04-17T05:58:33.151+0000] {processor.py:208} INFO - Processing /home/airflow/.local/lib/python3.12/site-packages/airflow/example_dags/example_subdag_operator.py took 0.099 seconds
[2025-04-17T05:59:04.035+0000] {processor.py:186} INFO - Started process (PID=360) to work on /home/airflow/.local/lib/python3.12/site-packages/airflow/example_dags/example_subdag_operator.py
[2025-04-17T05:59:04.036+0000] {processor.py:914} INFO - Processing file /home/airflow/.local/lib/python3.12/site-packages/airflow/example_dags/example_subdag_operator.py for tasks to queue
[2025-04-17T05:59:04.039+0000] {logging_mixin.py:190} INFO - [2025-04-17T05:59:04.039+0000] {dagbag.py:588} INFO - Filling up the DagBag from /home/airflow/.local/lib/python3.12/site-packages/airflow/example_dags/example_subdag_operator.py
[2025-04-17T05:59:04.068+0000] {processor.py:925} INFO - DAG(s) 'example_subdag_operator.section-1', 'example_subdag_operator.section-2', 'example_subdag_operator' retrieved from /home/airflow/.local/lib/python3.12/site-packages/airflow/example_dags/example_subdag_operator.py
[2025-04-17T05:59:04.082+0000] {logging_mixin.py:190} INFO - [2025-04-17T05:59:04.082+0000] {dag.py:3239} INFO - Sync 3 DAGs
[2025-04-17T05:59:04.101+0000] {logging_mixin.py:190} INFO - [2025-04-17T05:59:04.101+0000] {dag.py:4180} INFO - Setting next_dagrun for example_subdag_operator to 2022-01-01 00:00:00+00:00, run_after=2022-01-01 00:00:00+00:00
[2025-04-17T05:59:04.105+0000] {logging_mixin.py:190} INFO - [2025-04-17T05:59:04.105+0000] {dag.py:4180} INFO - Setting next_dagrun for example_subdag_operator.section-1 to None, run_after=None
[2025-04-17T05:59:04.107+0000] {logging_mixin.py:190} INFO - [2025-04-17T05:59:04.107+0000] {dag.py:4180} INFO - Setting next_dagrun for example_subdag_operator.section-2 to None, run_after=None
[2025-04-17T05:59:04.114+0000] {logging_mixin.py:190} INFO - [2025-04-17T05:59:04.114+0000] {dag.py:3239} INFO - Sync 2 DAGs
[2025-04-17T05:59:04.120+0000] {logging_mixin.py:190} INFO - [2025-04-17T05:59:04.120+0000] {dag.py:4180} INFO - Setting next_dagrun for example_subdag_operator.section-1 to None, run_after=None
[2025-04-17T05:59:04.121+0000] {logging_mixin.py:190} INFO - [2025-04-17T05:59:04.121+0000] {dag.py:4180} INFO - Setting next_dagrun for example_subdag_operator.section-2 to None, run_after=None
[2025-04-17T05:59:04.132+0000] {processor.py:208} INFO - Processing /home/airflow/.local/lib/python3.12/site-packages/airflow/example_dags/example_subdag_operator.py took 0.109 seconds
[2025-04-17T05:59:36.256+0000] {processor.py:186} INFO - Started process (PID=423) to work on /home/airflow/.local/lib/python3.12/site-packages/airflow/example_dags/example_subdag_operator.py
[2025-04-17T05:59:36.262+0000] {processor.py:914} INFO - Processing file /home/airflow/.local/lib/python3.12/site-packages/airflow/example_dags/example_subdag_operator.py for tasks to queue
[2025-04-17T05:59:36.273+0000] {logging_mixin.py:190} INFO - [2025-04-17T05:59:36.271+0000] {dagbag.py:588} INFO - Filling up the DagBag from /home/airflow/.local/lib/python3.12/site-packages/airflow/example_dags/example_subdag_operator.py
[2025-04-17T05:59:36.387+0000] {processor.py:925} INFO - DAG(s) 'example_subdag_operator.section-1', 'example_subdag_operator.section-2', 'example_subdag_operator' retrieved from /home/airflow/.local/lib/python3.12/site-packages/airflow/example_dags/example_subdag_operator.py
[2025-04-17T05:59:36.419+0000] {logging_mixin.py:190} INFO - [2025-04-17T05:59:36.419+0000] {dag.py:3239} INFO - Sync 3 DAGs
[2025-04-17T05:59:36.444+0000] {logging_mixin.py:190} INFO - [2025-04-17T05:59:36.443+0000] {dag.py:4180} INFO - Setting next_dagrun for example_subdag_operator to 2022-01-01 00:00:00+00:00, run_after=2022-01-01 00:00:00+00:00
[2025-04-17T05:59:36.448+0000] {logging_mixin.py:190} INFO - [2025-04-17T05:59:36.448+0000] {dag.py:4180} INFO - Setting next_dagrun for example_subdag_operator.section-1 to None, run_after=None
[2025-04-17T05:59:36.450+0000] {logging_mixin.py:190} INFO - [2025-04-17T05:59:36.450+0000] {dag.py:4180} INFO - Setting next_dagrun for example_subdag_operator.section-2 to None, run_after=None
[2025-04-17T05:59:36.464+0000] {logging_mixin.py:190} INFO - [2025-04-17T05:59:36.463+0000] {dag.py:3239} INFO - Sync 2 DAGs
[2025-04-17T05:59:36.471+0000] {logging_mixin.py:190} INFO - [2025-04-17T05:59:36.471+0000] {dag.py:4180} INFO - Setting next_dagrun for example_subdag_operator.section-1 to None, run_after=None
[2025-04-17T05:59:36.473+0000] {logging_mixin.py:190} INFO - [2025-04-17T05:59:36.472+0000] {dag.py:4180} INFO - Setting next_dagrun for example_subdag_operator.section-2 to None, run_after=None
[2025-04-17T05:59:36.491+0000] {processor.py:208} INFO - Processing /home/airflow/.local/lib/python3.12/site-packages/airflow/example_dags/example_subdag_operator.py took 0.257 seconds
[2025-04-17T06:00:07.656+0000] {processor.py:186} INFO - Started process (PID=486) to work on /home/airflow/.local/lib/python3.12/site-packages/airflow/example_dags/example_subdag_operator.py
[2025-04-17T06:00:07.658+0000] {processor.py:914} INFO - Processing file /home/airflow/.local/lib/python3.12/site-packages/airflow/example_dags/example_subdag_operator.py for tasks to queue
[2025-04-17T06:00:07.662+0000] {logging_mixin.py:190} INFO - [2025-04-17T06:00:07.661+0000] {dagbag.py:588} INFO - Filling up the DagBag from /home/airflow/.local/lib/python3.12/site-packages/airflow/example_dags/example_subdag_operator.py
[2025-04-17T06:00:07.694+0000] {processor.py:925} INFO - DAG(s) 'example_subdag_operator.section-1', 'example_subdag_operator.section-2', 'example_subdag_operator' retrieved from /home/airflow/.local/lib/python3.12/site-packages/airflow/example_dags/example_subdag_operator.py
[2025-04-17T06:00:07.714+0000] {logging_mixin.py:190} INFO - [2025-04-17T06:00:07.714+0000] {dag.py:3239} INFO - Sync 3 DAGs
[2025-04-17T06:00:07.741+0000] {logging_mixin.py:190} INFO - [2025-04-17T06:00:07.741+0000] {dag.py:4180} INFO - Setting next_dagrun for example_subdag_operator to 2022-01-01 00:00:00+00:00, run_after=2022-01-01 00:00:00+00:00
[2025-04-17T06:00:07.745+0000] {logging_mixin.py:190} INFO - [2025-04-17T06:00:07.745+0000] {dag.py:4180} INFO - Setting next_dagrun for example_subdag_operator.section-1 to None, run_after=None
[2025-04-17T06:00:07.747+0000] {logging_mixin.py:190} INFO - [2025-04-17T06:00:07.747+0000] {dag.py:4180} INFO - Setting next_dagrun for example_subdag_operator.section-2 to None, run_after=None
[2025-04-17T06:00:07.757+0000] {logging_mixin.py:190} INFO - [2025-04-17T06:00:07.757+0000] {dag.py:3239} INFO - Sync 2 DAGs
[2025-04-17T06:00:07.764+0000] {logging_mixin.py:190} INFO - [2025-04-17T06:00:07.764+0000] {dag.py:4180} INFO - Setting next_dagrun for example_subdag_operator.section-1 to None, run_after=None
[2025-04-17T06:00:07.765+0000] {logging_mixin.py:190} INFO - [2025-04-17T06:00:07.765+0000] {dag.py:4180} INFO - Setting next_dagrun for example_subdag_operator.section-2 to None, run_after=None
[2025-04-17T06:00:07.780+0000] {processor.py:208} INFO - Processing /home/airflow/.local/lib/python3.12/site-packages/airflow/example_dags/example_subdag_operator.py took 0.130 seconds
[2025-04-17T06:00:39.355+0000] {processor.py:186} INFO - Started process (PID=549) to work on /home/airflow/.local/lib/python3.12/site-packages/airflow/example_dags/example_subdag_operator.py
[2025-04-17T06:00:39.357+0000] {processor.py:914} INFO - Processing file /home/airflow/.local/lib/python3.12/site-packages/airflow/example_dags/example_subdag_operator.py for tasks to queue
[2025-04-17T06:00:39.362+0000] {logging_mixin.py:190} INFO - [2025-04-17T06:00:39.362+0000] {dagbag.py:588} INFO - Filling up the DagBag from /home/airflow/.local/lib/python3.12/site-packages/airflow/example_dags/example_subdag_operator.py
[2025-04-17T06:00:39.391+0000] {processor.py:925} INFO - DAG(s) 'example_subdag_operator.section-1', 'example_subdag_operator.section-2', 'example_subdag_operator' retrieved from /home/airflow/.local/lib/python3.12/site-packages/airflow/example_dags/example_subdag_operator.py
[2025-04-17T06:00:39.405+0000] {logging_mixin.py:190} INFO - [2025-04-17T06:00:39.405+0000] {dag.py:3239} INFO - Sync 3 DAGs
[2025-04-17T06:00:39.428+0000] {logging_mixin.py:190} INFO - [2025-04-17T06:00:39.427+0000] {dag.py:4180} INFO - Setting next_dagrun for example_subdag_operator to 2022-01-01 00:00:00+00:00, run_after=2022-01-01 00:00:00+00:00
[2025-04-17T06:00:39.432+0000] {logging_mixin.py:190} INFO - [2025-04-17T06:00:39.432+0000] {dag.py:4180} INFO - Setting next_dagrun for example_subdag_operator.section-1 to None, run_after=None
[2025-04-17T06:00:39.433+0000] {logging_mixin.py:190} INFO - [2025-04-17T06:00:39.433+0000] {dag.py:4180} INFO - Setting next_dagrun for example_subdag_operator.section-2 to None, run_after=None
[2025-04-17T06:00:39.443+0000] {logging_mixin.py:190} INFO - [2025-04-17T06:00:39.443+0000] {dag.py:3239} INFO - Sync 2 DAGs
[2025-04-17T06:00:39.455+0000] {logging_mixin.py:190} INFO - [2025-04-17T06:00:39.454+0000] {dag.py:4180} INFO - Setting next_dagrun for example_subdag_operator.section-1 to None, run_after=None
[2025-04-17T06:00:39.457+0000] {logging_mixin.py:190} INFO - [2025-04-17T06:00:39.457+0000] {dag.py:4180} INFO - Setting next_dagrun for example_subdag_operator.section-2 to None, run_after=None
[2025-04-17T06:00:39.495+0000] {processor.py:208} INFO - Processing /home/airflow/.local/lib/python3.12/site-packages/airflow/example_dags/example_subdag_operator.py took 0.155 seconds
[2025-04-17T06:01:11.555+0000] {processor.py:186} INFO - Started process (PID=612) to work on /home/airflow/.local/lib/python3.12/site-packages/airflow/example_dags/example_subdag_operator.py
[2025-04-17T06:01:11.557+0000] {processor.py:914} INFO - Processing file /home/airflow/.local/lib/python3.12/site-packages/airflow/example_dags/example_subdag_operator.py for tasks to queue
[2025-04-17T06:01:11.562+0000] {logging_mixin.py:190} INFO - [2025-04-17T06:01:11.561+0000] {dagbag.py:588} INFO - Filling up the DagBag from /home/airflow/.local/lib/python3.12/site-packages/airflow/example_dags/example_subdag_operator.py
[2025-04-17T06:01:11.621+0000] {processor.py:925} INFO - DAG(s) 'example_subdag_operator.section-1', 'example_subdag_operator.section-2', 'example_subdag_operator' retrieved from /home/airflow/.local/lib/python3.12/site-packages/airflow/example_dags/example_subdag_operator.py
[2025-04-17T06:01:11.641+0000] {logging_mixin.py:190} INFO - [2025-04-17T06:01:11.641+0000] {dag.py:3239} INFO - Sync 3 DAGs
[2025-04-17T06:01:11.671+0000] {logging_mixin.py:190} INFO - [2025-04-17T06:01:11.671+0000] {dag.py:4180} INFO - Setting next_dagrun for example_subdag_operator to 2022-01-01 00:00:00+00:00, run_after=2022-01-01 00:00:00+00:00
[2025-04-17T06:01:11.676+0000] {logging_mixin.py:190} INFO - [2025-04-17T06:01:11.676+0000] {dag.py:4180} INFO - Setting next_dagrun for example_subdag_operator.section-1 to None, run_after=None
[2025-04-17T06:01:11.678+0000] {logging_mixin.py:190} INFO - [2025-04-17T06:01:11.678+0000] {dag.py:4180} INFO - Setting next_dagrun for example_subdag_operator.section-2 to None, run_after=None
[2025-04-17T06:01:11.690+0000] {logging_mixin.py:190} INFO - [2025-04-17T06:01:11.690+0000] {dag.py:3239} INFO - Sync 2 DAGs
[2025-04-17T06:01:11.697+0000] {logging_mixin.py:190} INFO - [2025-04-17T06:01:11.696+0000] {dag.py:4180} INFO - Setting next_dagrun for example_subdag_operator.section-1 to None, run_after=None
[2025-04-17T06:01:11.698+0000] {logging_mixin.py:190} INFO - [2025-04-17T06:01:11.698+0000] {dag.py:4180} INFO - Setting next_dagrun for example_subdag_operator.section-2 to None, run_after=None
[2025-04-17T06:01:11.713+0000] {processor.py:208} INFO - Processing /home/airflow/.local/lib/python3.12/site-packages/airflow/example_dags/example_subdag_operator.py took 0.172 seconds
[2025-04-17T06:01:43.935+0000] {processor.py:186} INFO - Started process (PID=681) to work on /home/airflow/.local/lib/python3.12/site-packages/airflow/example_dags/example_subdag_operator.py
[2025-04-17T06:01:43.939+0000] {processor.py:914} INFO - Processing file /home/airflow/.local/lib/python3.12/site-packages/airflow/example_dags/example_subdag_operator.py for tasks to queue
[2025-04-17T06:01:43.959+0000] {logging_mixin.py:190} INFO - [2025-04-17T06:01:43.957+0000] {dagbag.py:588} INFO - Filling up the DagBag from /home/airflow/.local/lib/python3.12/site-packages/airflow/example_dags/example_subdag_operator.py
[2025-04-17T06:01:44.090+0000] {processor.py:925} INFO - DAG(s) 'example_subdag_operator.section-1', 'example_subdag_operator.section-2', 'example_subdag_operator' retrieved from /home/airflow/.local/lib/python3.12/site-packages/airflow/example_dags/example_subdag_operator.py
[2025-04-17T06:01:44.110+0000] {logging_mixin.py:190} INFO - [2025-04-17T06:01:44.109+0000] {dag.py:3239} INFO - Sync 3 DAGs
[2025-04-17T06:01:44.135+0000] {logging_mixin.py:190} INFO - [2025-04-17T06:01:44.135+0000] {dag.py:4180} INFO - Setting next_dagrun for example_subdag_operator to 2022-01-01 00:00:00+00:00, run_after=2022-01-01 00:00:00+00:00
[2025-04-17T06:01:44.139+0000] {logging_mixin.py:190} INFO - [2025-04-17T06:01:44.139+0000] {dag.py:4180} INFO - Setting next_dagrun for example_subdag_operator.section-1 to None, run_after=None
[2025-04-17T06:01:44.141+0000] {logging_mixin.py:190} INFO - [2025-04-17T06:01:44.141+0000] {dag.py:4180} INFO - Setting next_dagrun for example_subdag_operator.section-2 to None, run_after=None
[2025-04-17T06:01:44.150+0000] {logging_mixin.py:190} INFO - [2025-04-17T06:01:44.150+0000] {dag.py:3239} INFO - Sync 2 DAGs
[2025-04-17T06:01:44.159+0000] {logging_mixin.py:190} INFO - [2025-04-17T06:01:44.158+0000] {dag.py:4180} INFO - Setting next_dagrun for example_subdag_operator.section-1 to None, run_after=None
[2025-04-17T06:01:44.160+0000] {logging_mixin.py:190} INFO - [2025-04-17T06:01:44.160+0000] {dag.py:4180} INFO - Setting next_dagrun for example_subdag_operator.section-2 to None, run_after=None
[2025-04-17T06:01:44.174+0000] {processor.py:208} INFO - Processing /home/airflow/.local/lib/python3.12/site-packages/airflow/example_dags/example_subdag_operator.py took 0.257 seconds
[2025-04-17T06:02:15.123+0000] {processor.py:186} INFO - Started process (PID=744) to work on /home/airflow/.local/lib/python3.12/site-packages/airflow/example_dags/example_subdag_operator.py
[2025-04-17T06:02:15.126+0000] {processor.py:914} INFO - Processing file /home/airflow/.local/lib/python3.12/site-packages/airflow/example_dags/example_subdag_operator.py for tasks to queue
[2025-04-17T06:02:15.133+0000] {logging_mixin.py:190} INFO - [2025-04-17T06:02:15.132+0000] {dagbag.py:588} INFO - Filling up the DagBag from /home/airflow/.local/lib/python3.12/site-packages/airflow/example_dags/example_subdag_operator.py
[2025-04-17T06:02:15.173+0000] {processor.py:925} INFO - DAG(s) 'example_subdag_operator.section-1', 'example_subdag_operator.section-2', 'example_subdag_operator' retrieved from /home/airflow/.local/lib/python3.12/site-packages/airflow/example_dags/example_subdag_operator.py
[2025-04-17T06:02:15.191+0000] {logging_mixin.py:190} INFO - [2025-04-17T06:02:15.191+0000] {dag.py:3239} INFO - Sync 3 DAGs
[2025-04-17T06:02:15.219+0000] {logging_mixin.py:190} INFO - [2025-04-17T06:02:15.219+0000] {dag.py:4180} INFO - Setting next_dagrun for example_subdag_operator to 2022-01-01 00:00:00+00:00, run_after=2022-01-01 00:00:00+00:00
[2025-04-17T06:02:15.224+0000] {logging_mixin.py:190} INFO - [2025-04-17T06:02:15.224+0000] {dag.py:4180} INFO - Setting next_dagrun for example_subdag_operator.section-1 to None, run_after=None
[2025-04-17T06:02:15.226+0000] {logging_mixin.py:190} INFO - [2025-04-17T06:02:15.226+0000] {dag.py:4180} INFO - Setting next_dagrun for example_subdag_operator.section-2 to None, run_after=None
[2025-04-17T06:02:15.236+0000] {logging_mixin.py:190} INFO - [2025-04-17T06:02:15.235+0000] {dag.py:3239} INFO - Sync 2 DAGs
[2025-04-17T06:02:15.241+0000] {logging_mixin.py:190} INFO - [2025-04-17T06:02:15.241+0000] {dag.py:4180} INFO - Setting next_dagrun for example_subdag_operator.section-1 to None, run_after=None
[2025-04-17T06:02:15.243+0000] {logging_mixin.py:190} INFO - [2025-04-17T06:02:15.242+0000] {dag.py:4180} INFO - Setting next_dagrun for example_subdag_operator.section-2 to None, run_after=None
[2025-04-17T06:02:15.259+0000] {processor.py:208} INFO - Processing /home/airflow/.local/lib/python3.12/site-packages/airflow/example_dags/example_subdag_operator.py took 0.149 seconds
[2025-04-17T06:02:46.251+0000] {processor.py:186} INFO - Started process (PID=807) to work on /home/airflow/.local/lib/python3.12/site-packages/airflow/example_dags/example_subdag_operator.py
[2025-04-17T06:02:46.252+0000] {processor.py:914} INFO - Processing file /home/airflow/.local/lib/python3.12/site-packages/airflow/example_dags/example_subdag_operator.py for tasks to queue
[2025-04-17T06:02:46.255+0000] {logging_mixin.py:190} INFO - [2025-04-17T06:02:46.255+0000] {dagbag.py:588} INFO - Filling up the DagBag from /home/airflow/.local/lib/python3.12/site-packages/airflow/example_dags/example_subdag_operator.py
[2025-04-17T06:02:46.283+0000] {processor.py:925} INFO - DAG(s) 'example_subdag_operator.section-1', 'example_subdag_operator.section-2', 'example_subdag_operator' retrieved from /home/airflow/.local/lib/python3.12/site-packages/airflow/example_dags/example_subdag_operator.py
[2025-04-17T06:02:46.307+0000] {logging_mixin.py:190} INFO - [2025-04-17T06:02:46.307+0000] {dag.py:3239} INFO - Sync 3 DAGs
[2025-04-17T06:02:46.368+0000] {logging_mixin.py:190} INFO - [2025-04-17T06:02:46.367+0000] {dag.py:4180} INFO - Setting next_dagrun for example_subdag_operator to 2022-01-01 00:00:00+00:00, run_after=2022-01-01 00:00:00+00:00
[2025-04-17T06:02:46.385+0000] {logging_mixin.py:190} INFO - [2025-04-17T06:02:46.385+0000] {dag.py:4180} INFO - Setting next_dagrun for example_subdag_operator.section-1 to None, run_after=None
[2025-04-17T06:02:46.388+0000] {logging_mixin.py:190} INFO - [2025-04-17T06:02:46.387+0000] {dag.py:4180} INFO - Setting next_dagrun for example_subdag_operator.section-2 to None, run_after=None
[2025-04-17T06:02:46.404+0000] {logging_mixin.py:190} INFO - [2025-04-17T06:02:46.403+0000] {dag.py:3239} INFO - Sync 2 DAGs
[2025-04-17T06:02:46.424+0000] {logging_mixin.py:190} INFO - [2025-04-17T06:02:46.424+0000] {dag.py:4180} INFO - Setting next_dagrun for example_subdag_operator.section-1 to None, run_after=None
[2025-04-17T06:02:46.434+0000] {logging_mixin.py:190} INFO - [2025-04-17T06:02:46.434+0000] {dag.py:4180} INFO - Setting next_dagrun for example_subdag_operator.section-2 to None, run_after=None
[2025-04-17T06:02:46.461+0000] {processor.py:208} INFO - Processing /home/airflow/.local/lib/python3.12/site-packages/airflow/example_dags/example_subdag_operator.py took 0.216 seconds
[2025-04-17T06:03:17.134+0000] {processor.py:186} INFO - Started process (PID=870) to work on /home/airflow/.local/lib/python3.12/site-packages/airflow/example_dags/example_subdag_operator.py
[2025-04-17T06:03:17.135+0000] {processor.py:914} INFO - Processing file /home/airflow/.local/lib/python3.12/site-packages/airflow/example_dags/example_subdag_operator.py for tasks to queue
[2025-04-17T06:03:17.140+0000] {logging_mixin.py:190} INFO - [2025-04-17T06:03:17.139+0000] {dagbag.py:588} INFO - Filling up the DagBag from /home/airflow/.local/lib/python3.12/site-packages/airflow/example_dags/example_subdag_operator.py
[2025-04-17T06:03:17.174+0000] {processor.py:925} INFO - DAG(s) 'example_subdag_operator.section-1', 'example_subdag_operator.section-2', 'example_subdag_operator' retrieved from /home/airflow/.local/lib/python3.12/site-packages/airflow/example_dags/example_subdag_operator.py
[2025-04-17T06:03:17.194+0000] {logging_mixin.py:190} INFO - [2025-04-17T06:03:17.194+0000] {dag.py:3239} INFO - Sync 3 DAGs
[2025-04-17T06:03:17.226+0000] {logging_mixin.py:190} INFO - [2025-04-17T06:03:17.225+0000] {dag.py:4180} INFO - Setting next_dagrun for example_subdag_operator to 2022-01-01 00:00:00+00:00, run_after=2022-01-01 00:00:00+00:00
[2025-04-17T06:03:17.231+0000] {logging_mixin.py:190} INFO - [2025-04-17T06:03:17.230+0000] {dag.py:4180} INFO - Setting next_dagrun for example_subdag_operator.section-1 to None, run_after=None
[2025-04-17T06:03:17.233+0000] {logging_mixin.py:190} INFO - [2025-04-17T06:03:17.233+0000] {dag.py:4180} INFO - Setting next_dagrun for example_subdag_operator.section-2 to None, run_after=None
[2025-04-17T06:03:17.245+0000] {logging_mixin.py:190} INFO - [2025-04-17T06:03:17.244+0000] {dag.py:3239} INFO - Sync 2 DAGs
[2025-04-17T06:03:17.252+0000] {logging_mixin.py:190} INFO - [2025-04-17T06:03:17.251+0000] {dag.py:4180} INFO - Setting next_dagrun for example_subdag_operator.section-1 to None, run_after=None
[2025-04-17T06:03:17.253+0000] {logging_mixin.py:190} INFO - [2025-04-17T06:03:17.253+0000] {dag.py:4180} INFO - Setting next_dagrun for example_subdag_operator.section-2 to None, run_after=None
[2025-04-17T06:03:17.271+0000] {processor.py:208} INFO - Processing /home/airflow/.local/lib/python3.12/site-packages/airflow/example_dags/example_subdag_operator.py took 0.144 seconds
[2025-04-17T06:10:58.085+0000] {processor.py:186} INFO - Started process (PID=110) to work on /home/airflow/.local/lib/python3.12/site-packages/airflow/example_dags/example_subdag_operator.py
[2025-04-17T06:10:58.089+0000] {processor.py:914} INFO - Processing file /home/airflow/.local/lib/python3.12/site-packages/airflow/example_dags/example_subdag_operator.py for tasks to queue
[2025-04-17T06:10:58.093+0000] {logging_mixin.py:190} INFO - [2025-04-17T06:10:58.093+0000] {dagbag.py:588} INFO - Filling up the DagBag from /home/airflow/.local/lib/python3.12/site-packages/airflow/example_dags/example_subdag_operator.py
[2025-04-17T06:10:58.174+0000] {processor.py:925} INFO - DAG(s) 'example_subdag_operator.section-1', 'example_subdag_operator.section-2', 'example_subdag_operator' retrieved from /home/airflow/.local/lib/python3.12/site-packages/airflow/example_dags/example_subdag_operator.py
[2025-04-17T06:10:58.219+0000] {logging_mixin.py:190} INFO - [2025-04-17T06:10:58.218+0000] {dag.py:3239} INFO - Sync 3 DAGs
[2025-04-17T06:10:58.284+0000] {logging_mixin.py:190} INFO - [2025-04-17T06:10:58.284+0000] {dag.py:4180} INFO - Setting next_dagrun for example_subdag_operator to 2022-01-01 00:00:00+00:00, run_after=2022-01-01 00:00:00+00:00
[2025-04-17T06:10:58.291+0000] {logging_mixin.py:190} INFO - [2025-04-17T06:10:58.291+0000] {dag.py:4180} INFO - Setting next_dagrun for example_subdag_operator.section-1 to None, run_after=None
[2025-04-17T06:10:58.295+0000] {logging_mixin.py:190} INFO - [2025-04-17T06:10:58.295+0000] {dag.py:4180} INFO - Setting next_dagrun for example_subdag_operator.section-2 to None, run_after=None
[2025-04-17T06:10:58.316+0000] {logging_mixin.py:190} INFO - [2025-04-17T06:10:58.315+0000] {dag.py:3239} INFO - Sync 2 DAGs
[2025-04-17T06:10:58.330+0000] {logging_mixin.py:190} INFO - [2025-04-17T06:10:58.329+0000] {dag.py:4180} INFO - Setting next_dagrun for example_subdag_operator.section-1 to None, run_after=None
[2025-04-17T06:10:58.331+0000] {logging_mixin.py:190} INFO - [2025-04-17T06:10:58.331+0000] {dag.py:4180} INFO - Setting next_dagrun for example_subdag_operator.section-2 to None, run_after=None
[2025-04-17T06:10:58.367+0000] {processor.py:208} INFO - Processing /home/airflow/.local/lib/python3.12/site-packages/airflow/example_dags/example_subdag_operator.py took 0.293 seconds
[2025-04-17T06:11:29.496+0000] {processor.py:186} INFO - Started process (PID=173) to work on /home/airflow/.local/lib/python3.12/site-packages/airflow/example_dags/example_subdag_operator.py
[2025-04-17T06:11:29.498+0000] {processor.py:914} INFO - Processing file /home/airflow/.local/lib/python3.12/site-packages/airflow/example_dags/example_subdag_operator.py for tasks to queue
[2025-04-17T06:11:29.501+0000] {logging_mixin.py:190} INFO - [2025-04-17T06:11:29.501+0000] {dagbag.py:588} INFO - Filling up the DagBag from /home/airflow/.local/lib/python3.12/site-packages/airflow/example_dags/example_subdag_operator.py
[2025-04-17T06:11:29.532+0000] {processor.py:925} INFO - DAG(s) 'example_subdag_operator.section-1', 'example_subdag_operator.section-2', 'example_subdag_operator' retrieved from /home/airflow/.local/lib/python3.12/site-packages/airflow/example_dags/example_subdag_operator.py
[2025-04-17T06:11:29.565+0000] {logging_mixin.py:190} INFO - [2025-04-17T06:11:29.564+0000] {dag.py:3239} INFO - Sync 3 DAGs
[2025-04-17T06:11:29.621+0000] {logging_mixin.py:190} INFO - [2025-04-17T06:11:29.615+0000] {dag.py:4180} INFO - Setting next_dagrun for example_subdag_operator to 2022-01-01 00:00:00+00:00, run_after=2022-01-01 00:00:00+00:00
[2025-04-17T06:11:29.655+0000] {logging_mixin.py:190} INFO - [2025-04-17T06:11:29.653+0000] {dag.py:4180} INFO - Setting next_dagrun for example_subdag_operator.section-1 to None, run_after=None
[2025-04-17T06:11:29.667+0000] {logging_mixin.py:190} INFO - [2025-04-17T06:11:29.667+0000] {dag.py:4180} INFO - Setting next_dagrun for example_subdag_operator.section-2 to None, run_after=None
[2025-04-17T06:11:29.717+0000] {logging_mixin.py:190} INFO - [2025-04-17T06:11:29.715+0000] {dag.py:3239} INFO - Sync 2 DAGs
[2025-04-17T06:11:29.737+0000] {logging_mixin.py:190} INFO - [2025-04-17T06:11:29.736+0000] {dag.py:4180} INFO - Setting next_dagrun for example_subdag_operator.section-1 to None, run_after=None
[2025-04-17T06:11:29.741+0000] {logging_mixin.py:190} INFO - [2025-04-17T06:11:29.740+0000] {dag.py:4180} INFO - Setting next_dagrun for example_subdag_operator.section-2 to None, run_after=None
[2025-04-17T06:11:29.779+0000] {processor.py:208} INFO - Processing /home/airflow/.local/lib/python3.12/site-packages/airflow/example_dags/example_subdag_operator.py took 0.291 seconds
[2025-04-17T06:12:02.403+0000] {processor.py:186} INFO - Started process (PID=235) to work on /home/airflow/.local/lib/python3.12/site-packages/airflow/example_dags/example_subdag_operator.py
[2025-04-17T06:12:02.409+0000] {processor.py:914} INFO - Processing file /home/airflow/.local/lib/python3.12/site-packages/airflow/example_dags/example_subdag_operator.py for tasks to queue
[2025-04-17T06:12:02.416+0000] {logging_mixin.py:190} INFO - [2025-04-17T06:12:02.415+0000] {dagbag.py:588} INFO - Filling up the DagBag from /home/airflow/.local/lib/python3.12/site-packages/airflow/example_dags/example_subdag_operator.py
[2025-04-17T06:12:02.484+0000] {processor.py:925} INFO - DAG(s) 'example_subdag_operator.section-1', 'example_subdag_operator.section-2', 'example_subdag_operator' retrieved from /home/airflow/.local/lib/python3.12/site-packages/airflow/example_dags/example_subdag_operator.py
[2025-04-17T06:12:02.521+0000] {logging_mixin.py:190} INFO - [2025-04-17T06:12:02.520+0000] {dag.py:3239} INFO - Sync 3 DAGs
[2025-04-17T06:12:02.589+0000] {logging_mixin.py:190} INFO - [2025-04-17T06:12:02.588+0000] {dag.py:4180} INFO - Setting next_dagrun for example_subdag_operator to 2022-01-01 00:00:00+00:00, run_after=2022-01-01 00:00:00+00:00
[2025-04-17T06:12:02.603+0000] {logging_mixin.py:190} INFO - [2025-04-17T06:12:02.602+0000] {dag.py:4180} INFO - Setting next_dagrun for example_subdag_operator.section-1 to None, run_after=None
[2025-04-17T06:12:02.608+0000] {logging_mixin.py:190} INFO - [2025-04-17T06:12:02.607+0000] {dag.py:4180} INFO - Setting next_dagrun for example_subdag_operator.section-2 to None, run_after=None
[2025-04-17T06:12:02.632+0000] {logging_mixin.py:190} INFO - [2025-04-17T06:12:02.631+0000] {dag.py:3239} INFO - Sync 2 DAGs
[2025-04-17T06:12:02.650+0000] {logging_mixin.py:190} INFO - [2025-04-17T06:12:02.650+0000] {dag.py:4180} INFO - Setting next_dagrun for example_subdag_operator.section-1 to None, run_after=None
[2025-04-17T06:12:02.652+0000] {logging_mixin.py:190} INFO - [2025-04-17T06:12:02.652+0000] {dag.py:4180} INFO - Setting next_dagrun for example_subdag_operator.section-2 to None, run_after=None
[2025-04-17T06:12:02.690+0000] {processor.py:208} INFO - Processing /home/airflow/.local/lib/python3.12/site-packages/airflow/example_dags/example_subdag_operator.py took 0.298 seconds
[2025-04-17T06:12:35.002+0000] {processor.py:186} INFO - Started process (PID=298) to work on /home/airflow/.local/lib/python3.12/site-packages/airflow/example_dags/example_subdag_operator.py
[2025-04-17T06:12:35.006+0000] {processor.py:914} INFO - Processing file /home/airflow/.local/lib/python3.12/site-packages/airflow/example_dags/example_subdag_operator.py for tasks to queue
[2025-04-17T06:12:35.014+0000] {logging_mixin.py:190} INFO - [2025-04-17T06:12:35.013+0000] {dagbag.py:588} INFO - Filling up the DagBag from /home/airflow/.local/lib/python3.12/site-packages/airflow/example_dags/example_subdag_operator.py
[2025-04-17T06:12:35.101+0000] {processor.py:925} INFO - DAG(s) 'example_subdag_operator.section-1', 'example_subdag_operator.section-2', 'example_subdag_operator' retrieved from /home/airflow/.local/lib/python3.12/site-packages/airflow/example_dags/example_subdag_operator.py
[2025-04-17T06:12:35.143+0000] {logging_mixin.py:190} INFO - [2025-04-17T06:12:35.143+0000] {dag.py:3239} INFO - Sync 3 DAGs
[2025-04-17T06:12:35.220+0000] {logging_mixin.py:190} INFO - [2025-04-17T06:12:35.219+0000] {dag.py:4180} INFO - Setting next_dagrun for example_subdag_operator to 2022-01-01 00:00:00+00:00, run_after=2022-01-01 00:00:00+00:00
[2025-04-17T06:12:35.232+0000] {logging_mixin.py:190} INFO - [2025-04-17T06:12:35.231+0000] {dag.py:4180} INFO - Setting next_dagrun for example_subdag_operator.section-1 to None, run_after=None
[2025-04-17T06:12:35.237+0000] {logging_mixin.py:190} INFO - [2025-04-17T06:12:35.236+0000] {dag.py:4180} INFO - Setting next_dagrun for example_subdag_operator.section-2 to None, run_after=None
[2025-04-17T06:12:35.258+0000] {logging_mixin.py:190} INFO - [2025-04-17T06:12:35.257+0000] {dag.py:3239} INFO - Sync 2 DAGs
[2025-04-17T06:12:35.274+0000] {logging_mixin.py:190} INFO - [2025-04-17T06:12:35.274+0000] {dag.py:4180} INFO - Setting next_dagrun for example_subdag_operator.section-1 to None, run_after=None
[2025-04-17T06:12:35.277+0000] {logging_mixin.py:190} INFO - [2025-04-17T06:12:35.276+0000] {dag.py:4180} INFO - Setting next_dagrun for example_subdag_operator.section-2 to None, run_after=None
[2025-04-17T06:12:35.324+0000] {processor.py:208} INFO - Processing /home/airflow/.local/lib/python3.12/site-packages/airflow/example_dags/example_subdag_operator.py took 0.340 seconds
[2025-04-17T06:13:07.428+0000] {processor.py:186} INFO - Started process (PID=361) to work on /home/airflow/.local/lib/python3.12/site-packages/airflow/example_dags/example_subdag_operator.py
[2025-04-17T06:13:07.432+0000] {processor.py:914} INFO - Processing file /home/airflow/.local/lib/python3.12/site-packages/airflow/example_dags/example_subdag_operator.py for tasks to queue
[2025-04-17T06:13:07.438+0000] {logging_mixin.py:190} INFO - [2025-04-17T06:13:07.437+0000] {dagbag.py:588} INFO - Filling up the DagBag from /home/airflow/.local/lib/python3.12/site-packages/airflow/example_dags/example_subdag_operator.py
[2025-04-17T06:13:07.515+0000] {processor.py:925} INFO - DAG(s) 'example_subdag_operator.section-1', 'example_subdag_operator.section-2', 'example_subdag_operator' retrieved from /home/airflow/.local/lib/python3.12/site-packages/airflow/example_dags/example_subdag_operator.py
[2025-04-17T06:13:07.557+0000] {logging_mixin.py:190} INFO - [2025-04-17T06:13:07.557+0000] {dag.py:3239} INFO - Sync 3 DAGs
[2025-04-17T06:13:07.623+0000] {logging_mixin.py:190} INFO - [2025-04-17T06:13:07.622+0000] {dag.py:4180} INFO - Setting next_dagrun for example_subdag_operator to 2022-01-01 00:00:00+00:00, run_after=2022-01-01 00:00:00+00:00
[2025-04-17T06:13:07.633+0000] {logging_mixin.py:190} INFO - [2025-04-17T06:13:07.633+0000] {dag.py:4180} INFO - Setting next_dagrun for example_subdag_operator.section-1 to None, run_after=None
[2025-04-17T06:13:07.638+0000] {logging_mixin.py:190} INFO - [2025-04-17T06:13:07.638+0000] {dag.py:4180} INFO - Setting next_dagrun for example_subdag_operator.section-2 to None, run_after=None
[2025-04-17T06:13:07.656+0000] {logging_mixin.py:190} INFO - [2025-04-17T06:13:07.655+0000] {dag.py:3239} INFO - Sync 2 DAGs
[2025-04-17T06:13:07.675+0000] {logging_mixin.py:190} INFO - [2025-04-17T06:13:07.675+0000] {dag.py:4180} INFO - Setting next_dagrun for example_subdag_operator.section-1 to None, run_after=None
[2025-04-17T06:13:07.677+0000] {logging_mixin.py:190} INFO - [2025-04-17T06:13:07.676+0000] {dag.py:4180} INFO - Setting next_dagrun for example_subdag_operator.section-2 to None, run_after=None
[2025-04-17T06:13:07.709+0000] {processor.py:208} INFO - Processing /home/airflow/.local/lib/python3.12/site-packages/airflow/example_dags/example_subdag_operator.py took 0.305 seconds
[2025-04-17T06:13:41.877+0000] {processor.py:186} INFO - Started process (PID=430) to work on /home/airflow/.local/lib/python3.12/site-packages/airflow/example_dags/example_subdag_operator.py
[2025-04-17T06:13:41.886+0000] {processor.py:914} INFO - Processing file /home/airflow/.local/lib/python3.12/site-packages/airflow/example_dags/example_subdag_operator.py for tasks to queue
[2025-04-17T06:13:41.906+0000] {logging_mixin.py:190} INFO - [2025-04-17T06:13:41.905+0000] {dagbag.py:588} INFO - Filling up the DagBag from /home/airflow/.local/lib/python3.12/site-packages/airflow/example_dags/example_subdag_operator.py
[2025-04-17T06:13:42.041+0000] {processor.py:925} INFO - DAG(s) 'example_subdag_operator.section-1', 'example_subdag_operator.section-2', 'example_subdag_operator' retrieved from /home/airflow/.local/lib/python3.12/site-packages/airflow/example_dags/example_subdag_operator.py
[2025-04-17T06:13:42.152+0000] {logging_mixin.py:190} INFO - [2025-04-17T06:13:42.151+0000] {dag.py:3239} INFO - Sync 3 DAGs
[2025-04-17T06:13:42.339+0000] {logging_mixin.py:190} INFO - [2025-04-17T06:13:42.328+0000] {dag.py:4180} INFO - Setting next_dagrun for example_subdag_operator to 2022-01-01 00:00:00+00:00, run_after=2022-01-01 00:00:00+00:00
[2025-04-17T06:13:42.372+0000] {logging_mixin.py:190} INFO - [2025-04-17T06:13:42.371+0000] {dag.py:4180} INFO - Setting next_dagrun for example_subdag_operator.section-1 to None, run_after=None
[2025-04-17T06:13:42.386+0000] {logging_mixin.py:190} INFO - [2025-04-17T06:13:42.378+0000] {dag.py:4180} INFO - Setting next_dagrun for example_subdag_operator.section-2 to None, run_after=None
[2025-04-17T06:13:42.443+0000] {logging_mixin.py:190} INFO - [2025-04-17T06:13:42.442+0000] {dag.py:3239} INFO - Sync 2 DAGs
[2025-04-17T06:13:42.479+0000] {logging_mixin.py:190} INFO - [2025-04-17T06:13:42.478+0000] {dag.py:4180} INFO - Setting next_dagrun for example_subdag_operator.section-1 to None, run_after=None
[2025-04-17T06:13:42.481+0000] {logging_mixin.py:190} INFO - [2025-04-17T06:13:42.481+0000] {dag.py:4180} INFO - Setting next_dagrun for example_subdag_operator.section-2 to None, run_after=None
[2025-04-17T06:13:42.582+0000] {processor.py:208} INFO - Processing /home/airflow/.local/lib/python3.12/site-packages/airflow/example_dags/example_subdag_operator.py took 0.742 seconds
[2025-04-17T06:14:15.679+0000] {processor.py:186} INFO - Started process (PID=494) to work on /home/airflow/.local/lib/python3.12/site-packages/airflow/example_dags/example_subdag_operator.py
[2025-04-17T06:14:15.682+0000] {processor.py:914} INFO - Processing file /home/airflow/.local/lib/python3.12/site-packages/airflow/example_dags/example_subdag_operator.py for tasks to queue
[2025-04-17T06:14:15.695+0000] {logging_mixin.py:190} INFO - [2025-04-17T06:14:15.694+0000] {dagbag.py:588} INFO - Filling up the DagBag from /home/airflow/.local/lib/python3.12/site-packages/airflow/example_dags/example_subdag_operator.py
[2025-04-17T06:14:15.820+0000] {processor.py:925} INFO - DAG(s) 'example_subdag_operator.section-1', 'example_subdag_operator.section-2', 'example_subdag_operator' retrieved from /home/airflow/.local/lib/python3.12/site-packages/airflow/example_dags/example_subdag_operator.py
[2025-04-17T06:14:15.911+0000] {logging_mixin.py:190} INFO - [2025-04-17T06:14:15.910+0000] {dag.py:3239} INFO - Sync 3 DAGs
[2025-04-17T06:14:16.009+0000] {logging_mixin.py:190} INFO - [2025-04-17T06:14:16.007+0000] {dag.py:4180} INFO - Setting next_dagrun for example_subdag_operator to 2022-01-01 00:00:00+00:00, run_after=2022-01-01 00:00:00+00:00
[2025-04-17T06:14:16.028+0000] {logging_mixin.py:190} INFO - [2025-04-17T06:14:16.026+0000] {dag.py:4180} INFO - Setting next_dagrun for example_subdag_operator.section-1 to None, run_after=None
[2025-04-17T06:14:16.040+0000] {logging_mixin.py:190} INFO - [2025-04-17T06:14:16.039+0000] {dag.py:4180} INFO - Setting next_dagrun for example_subdag_operator.section-2 to None, run_after=None
[2025-04-17T06:14:16.074+0000] {logging_mixin.py:190} INFO - [2025-04-17T06:14:16.073+0000] {dag.py:3239} INFO - Sync 2 DAGs
[2025-04-17T06:14:16.112+0000] {logging_mixin.py:190} INFO - [2025-04-17T06:14:16.112+0000] {dag.py:4180} INFO - Setting next_dagrun for example_subdag_operator.section-1 to None, run_after=None
[2025-04-17T06:14:16.116+0000] {logging_mixin.py:190} INFO - [2025-04-17T06:14:16.115+0000] {dag.py:4180} INFO - Setting next_dagrun for example_subdag_operator.section-2 to None, run_after=None
[2025-04-17T06:14:16.188+0000] {processor.py:208} INFO - Processing /home/airflow/.local/lib/python3.12/site-packages/airflow/example_dags/example_subdag_operator.py took 0.535 seconds
[2025-04-17T06:14:49.305+0000] {processor.py:186} INFO - Started process (PID=557) to work on /home/airflow/.local/lib/python3.12/site-packages/airflow/example_dags/example_subdag_operator.py
[2025-04-17T06:14:49.315+0000] {processor.py:914} INFO - Processing file /home/airflow/.local/lib/python3.12/site-packages/airflow/example_dags/example_subdag_operator.py for tasks to queue
[2025-04-17T06:14:49.322+0000] {logging_mixin.py:190} INFO - [2025-04-17T06:14:49.322+0000] {dagbag.py:588} INFO - Filling up the DagBag from /home/airflow/.local/lib/python3.12/site-packages/airflow/example_dags/example_subdag_operator.py
[2025-04-17T06:14:49.432+0000] {processor.py:925} INFO - DAG(s) 'example_subdag_operator.section-1', 'example_subdag_operator.section-2', 'example_subdag_operator' retrieved from /home/airflow/.local/lib/python3.12/site-packages/airflow/example_dags/example_subdag_operator.py
[2025-04-17T06:14:49.490+0000] {logging_mixin.py:190} INFO - [2025-04-17T06:14:49.489+0000] {dag.py:3239} INFO - Sync 3 DAGs
[2025-04-17T06:14:49.587+0000] {logging_mixin.py:190} INFO - [2025-04-17T06:14:49.586+0000] {dag.py:4180} INFO - Setting next_dagrun for example_subdag_operator to 2022-01-01 00:00:00+00:00, run_after=2022-01-01 00:00:00+00:00
[2025-04-17T06:14:49.597+0000] {logging_mixin.py:190} INFO - [2025-04-17T06:14:49.596+0000] {dag.py:4180} INFO - Setting next_dagrun for example_subdag_operator.section-1 to None, run_after=None
[2025-04-17T06:14:49.606+0000] {logging_mixin.py:190} INFO - [2025-04-17T06:14:49.605+0000] {dag.py:4180} INFO - Setting next_dagrun for example_subdag_operator.section-2 to None, run_after=None
[2025-04-17T06:14:49.637+0000] {logging_mixin.py:190} INFO - [2025-04-17T06:14:49.632+0000] {dag.py:3239} INFO - Sync 2 DAGs
[2025-04-17T06:14:49.667+0000] {logging_mixin.py:190} INFO - [2025-04-17T06:14:49.666+0000] {dag.py:4180} INFO - Setting next_dagrun for example_subdag_operator.section-1 to None, run_after=None
[2025-04-17T06:14:49.669+0000] {logging_mixin.py:190} INFO - [2025-04-17T06:14:49.669+0000] {dag.py:4180} INFO - Setting next_dagrun for example_subdag_operator.section-2 to None, run_after=None
[2025-04-17T06:14:49.705+0000] {processor.py:208} INFO - Processing /home/airflow/.local/lib/python3.12/site-packages/airflow/example_dags/example_subdag_operator.py took 0.421 seconds
[2025-04-17T06:15:23.893+0000] {processor.py:186} INFO - Started process (PID=620) to work on /home/airflow/.local/lib/python3.12/site-packages/airflow/example_dags/example_subdag_operator.py
[2025-04-17T06:15:23.896+0000] {processor.py:914} INFO - Processing file /home/airflow/.local/lib/python3.12/site-packages/airflow/example_dags/example_subdag_operator.py for tasks to queue
[2025-04-17T06:15:23.904+0000] {logging_mixin.py:190} INFO - [2025-04-17T06:15:23.903+0000] {dagbag.py:588} INFO - Filling up the DagBag from /home/airflow/.local/lib/python3.12/site-packages/airflow/example_dags/example_subdag_operator.py
[2025-04-17T06:15:23.996+0000] {processor.py:925} INFO - DAG(s) 'example_subdag_operator.section-1', 'example_subdag_operator.section-2', 'example_subdag_operator' retrieved from /home/airflow/.local/lib/python3.12/site-packages/airflow/example_dags/example_subdag_operator.py
[2025-04-17T06:15:24.046+0000] {logging_mixin.py:190} INFO - [2025-04-17T06:15:24.046+0000] {dag.py:3239} INFO - Sync 3 DAGs
[2025-04-17T06:15:24.159+0000] {logging_mixin.py:190} INFO - [2025-04-17T06:15:24.159+0000] {dag.py:4180} INFO - Setting next_dagrun for example_subdag_operator to 2022-01-01 00:00:00+00:00, run_after=2022-01-01 00:00:00+00:00
[2025-04-17T06:15:24.178+0000] {logging_mixin.py:190} INFO - [2025-04-17T06:15:24.178+0000] {dag.py:4180} INFO - Setting next_dagrun for example_subdag_operator.section-1 to None, run_after=None
[2025-04-17T06:15:24.190+0000] {logging_mixin.py:190} INFO - [2025-04-17T06:15:24.189+0000] {dag.py:4180} INFO - Setting next_dagrun for example_subdag_operator.section-2 to None, run_after=None
[2025-04-17T06:15:24.218+0000] {logging_mixin.py:190} INFO - [2025-04-17T06:15:24.218+0000] {dag.py:3239} INFO - Sync 2 DAGs
[2025-04-17T06:15:24.237+0000] {logging_mixin.py:190} INFO - [2025-04-17T06:15:24.236+0000] {dag.py:4180} INFO - Setting next_dagrun for example_subdag_operator.section-1 to None, run_after=None
[2025-04-17T06:15:24.239+0000] {logging_mixin.py:190} INFO - [2025-04-17T06:15:24.238+0000] {dag.py:4180} INFO - Setting next_dagrun for example_subdag_operator.section-2 to None, run_after=None
[2025-04-17T06:15:24.285+0000] {processor.py:208} INFO - Processing /home/airflow/.local/lib/python3.12/site-packages/airflow/example_dags/example_subdag_operator.py took 0.409 seconds
[2025-04-17T06:15:55.317+0000] {processor.py:186} INFO - Started process (PID=683) to work on /home/airflow/.local/lib/python3.12/site-packages/airflow/example_dags/example_subdag_operator.py
[2025-04-17T06:15:55.319+0000] {processor.py:914} INFO - Processing file /home/airflow/.local/lib/python3.12/site-packages/airflow/example_dags/example_subdag_operator.py for tasks to queue
[2025-04-17T06:15:55.324+0000] {logging_mixin.py:190} INFO - [2025-04-17T06:15:55.323+0000] {dagbag.py:588} INFO - Filling up the DagBag from /home/airflow/.local/lib/python3.12/site-packages/airflow/example_dags/example_subdag_operator.py
[2025-04-17T06:15:55.365+0000] {processor.py:925} INFO - DAG(s) 'example_subdag_operator.section-1', 'example_subdag_operator.section-2', 'example_subdag_operator' retrieved from /home/airflow/.local/lib/python3.12/site-packages/airflow/example_dags/example_subdag_operator.py
[2025-04-17T06:15:55.402+0000] {logging_mixin.py:190} INFO - [2025-04-17T06:15:55.401+0000] {dag.py:3239} INFO - Sync 3 DAGs
[2025-04-17T06:15:55.429+0000] {logging_mixin.py:190} INFO - [2025-04-17T06:15:55.429+0000] {dag.py:4180} INFO - Setting next_dagrun for example_subdag_operator to 2022-01-01 00:00:00+00:00, run_after=2022-01-01 00:00:00+00:00
[2025-04-17T06:15:55.433+0000] {logging_mixin.py:190} INFO - [2025-04-17T06:15:55.433+0000] {dag.py:4180} INFO - Setting next_dagrun for example_subdag_operator.section-1 to None, run_after=None
[2025-04-17T06:15:55.437+0000] {logging_mixin.py:190} INFO - [2025-04-17T06:15:55.437+0000] {dag.py:4180} INFO - Setting next_dagrun for example_subdag_operator.section-2 to None, run_after=None
[2025-04-17T06:15:55.445+0000] {logging_mixin.py:190} INFO - [2025-04-17T06:15:55.445+0000] {dag.py:3239} INFO - Sync 2 DAGs
[2025-04-17T06:15:55.453+0000] {logging_mixin.py:190} INFO - [2025-04-17T06:15:55.453+0000] {dag.py:4180} INFO - Setting next_dagrun for example_subdag_operator.section-1 to None, run_after=None
[2025-04-17T06:15:55.455+0000] {logging_mixin.py:190} INFO - [2025-04-17T06:15:55.455+0000] {dag.py:4180} INFO - Setting next_dagrun for example_subdag_operator.section-2 to None, run_after=None
[2025-04-17T06:15:55.477+0000] {processor.py:208} INFO - Processing /home/airflow/.local/lib/python3.12/site-packages/airflow/example_dags/example_subdag_operator.py took 0.167 seconds
[2025-04-17T06:16:26.187+0000] {processor.py:186} INFO - Started process (PID=746) to work on /home/airflow/.local/lib/python3.12/site-packages/airflow/example_dags/example_subdag_operator.py
[2025-04-17T06:16:26.189+0000] {processor.py:914} INFO - Processing file /home/airflow/.local/lib/python3.12/site-packages/airflow/example_dags/example_subdag_operator.py for tasks to queue
[2025-04-17T06:16:26.193+0000] {logging_mixin.py:190} INFO - [2025-04-17T06:16:26.193+0000] {dagbag.py:588} INFO - Filling up the DagBag from /home/airflow/.local/lib/python3.12/site-packages/airflow/example_dags/example_subdag_operator.py
[2025-04-17T06:16:26.234+0000] {processor.py:925} INFO - DAG(s) 'example_subdag_operator.section-1', 'example_subdag_operator.section-2', 'example_subdag_operator' retrieved from /home/airflow/.local/lib/python3.12/site-packages/airflow/example_dags/example_subdag_operator.py
[2025-04-17T06:16:26.264+0000] {logging_mixin.py:190} INFO - [2025-04-17T06:16:26.264+0000] {dag.py:3239} INFO - Sync 3 DAGs
[2025-04-17T06:16:26.302+0000] {logging_mixin.py:190} INFO - [2025-04-17T06:16:26.301+0000] {dag.py:4180} INFO - Setting next_dagrun for example_subdag_operator to 2022-01-01 00:00:00+00:00, run_after=2022-01-01 00:00:00+00:00
[2025-04-17T06:16:26.308+0000] {logging_mixin.py:190} INFO - [2025-04-17T06:16:26.308+0000] {dag.py:4180} INFO - Setting next_dagrun for example_subdag_operator.section-1 to None, run_after=None
[2025-04-17T06:16:26.312+0000] {logging_mixin.py:190} INFO - [2025-04-17T06:16:26.311+0000] {dag.py:4180} INFO - Setting next_dagrun for example_subdag_operator.section-2 to None, run_after=None
[2025-04-17T06:16:26.328+0000] {logging_mixin.py:190} INFO - [2025-04-17T06:16:26.327+0000] {dag.py:3239} INFO - Sync 2 DAGs
[2025-04-17T06:16:26.340+0000] {logging_mixin.py:190} INFO - [2025-04-17T06:16:26.340+0000] {dag.py:4180} INFO - Setting next_dagrun for example_subdag_operator.section-1 to None, run_after=None
[2025-04-17T06:16:26.341+0000] {logging_mixin.py:190} INFO - [2025-04-17T06:16:26.341+0000] {dag.py:4180} INFO - Setting next_dagrun for example_subdag_operator.section-2 to None, run_after=None
[2025-04-17T06:16:26.373+0000] {processor.py:208} INFO - Processing /home/airflow/.local/lib/python3.12/site-packages/airflow/example_dags/example_subdag_operator.py took 0.194 seconds
[2025-04-17T06:16:57.660+0000] {processor.py:186} INFO - Started process (PID=809) to work on /home/airflow/.local/lib/python3.12/site-packages/airflow/example_dags/example_subdag_operator.py
[2025-04-17T06:16:57.663+0000] {processor.py:914} INFO - Processing file /home/airflow/.local/lib/python3.12/site-packages/airflow/example_dags/example_subdag_operator.py for tasks to queue
[2025-04-17T06:16:57.672+0000] {logging_mixin.py:190} INFO - [2025-04-17T06:16:57.671+0000] {dagbag.py:588} INFO - Filling up the DagBag from /home/airflow/.local/lib/python3.12/site-packages/airflow/example_dags/example_subdag_operator.py
[2025-04-17T06:16:57.772+0000] {processor.py:925} INFO - DAG(s) 'example_subdag_operator.section-1', 'example_subdag_operator.section-2', 'example_subdag_operator' retrieved from /home/airflow/.local/lib/python3.12/site-packages/airflow/example_dags/example_subdag_operator.py
[2025-04-17T06:16:57.834+0000] {logging_mixin.py:190} INFO - [2025-04-17T06:16:57.831+0000] {dag.py:3239} INFO - Sync 3 DAGs
[2025-04-17T06:16:57.970+0000] {logging_mixin.py:190} INFO - [2025-04-17T06:16:57.969+0000] {dag.py:4180} INFO - Setting next_dagrun for example_subdag_operator to 2022-01-01 00:00:00+00:00, run_after=2022-01-01 00:00:00+00:00
[2025-04-17T06:16:57.983+0000] {logging_mixin.py:190} INFO - [2025-04-17T06:16:57.982+0000] {dag.py:4180} INFO - Setting next_dagrun for example_subdag_operator.section-1 to None, run_after=None
[2025-04-17T06:16:57.989+0000] {logging_mixin.py:190} INFO - [2025-04-17T06:16:57.988+0000] {dag.py:4180} INFO - Setting next_dagrun for example_subdag_operator.section-2 to None, run_after=None
[2025-04-17T06:16:58.013+0000] {logging_mixin.py:190} INFO - [2025-04-17T06:16:58.013+0000] {dag.py:3239} INFO - Sync 2 DAGs
[2025-04-17T06:16:58.035+0000] {logging_mixin.py:190} INFO - [2025-04-17T06:16:58.034+0000] {dag.py:4180} INFO - Setting next_dagrun for example_subdag_operator.section-1 to None, run_after=None
[2025-04-17T06:16:58.037+0000] {logging_mixin.py:190} INFO - [2025-04-17T06:16:58.036+0000] {dag.py:4180} INFO - Setting next_dagrun for example_subdag_operator.section-2 to None, run_after=None
[2025-04-17T06:16:58.075+0000] {processor.py:208} INFO - Processing /home/airflow/.local/lib/python3.12/site-packages/airflow/example_dags/example_subdag_operator.py took 0.434 seconds
