[2025-04-17T05:56:42.497+0000] {processor.py:186} INFO - Started process (PID=88) to work on /home/airflow/.local/lib/python3.12/site-packages/airflow/example_dags/tutorial.py
[2025-04-17T05:56:42.501+0000] {processor.py:914} INFO - Processing file /home/airflow/.local/lib/python3.12/site-packages/airflow/example_dags/tutorial.py for tasks to queue
[2025-04-17T05:56:42.507+0000] {logging_mixin.py:190} INFO - [2025-04-17T05:56:42.506+0000] {dagbag.py:588} INFO - Filling up the DagBag from /home/airflow/.local/lib/python3.12/site-packages/airflow/example_dags/tutorial.py
[2025-04-17T05:56:42.557+0000] {processor.py:925} INFO - DAG(s) 'tutorial' retrieved from /home/airflow/.local/lib/python3.12/site-packages/airflow/example_dags/tutorial.py
[2025-04-17T05:56:42.974+0000] {logging_mixin.py:190} INFO - [2025-04-17T05:56:42.973+0000] {override.py:1912} INFO - Created Permission View: can delete on DAG:tutorial
[2025-04-17T05:56:43.042+0000] {logging_mixin.py:190} INFO - [2025-04-17T05:56:43.041+0000] {override.py:1912} INFO - Created Permission View: can edit on DAG:tutorial
[2025-04-17T05:56:43.101+0000] {logging_mixin.py:190} INFO - [2025-04-17T05:56:43.100+0000] {override.py:1912} INFO - Created Permission View: can read on DAG:tutorial
[2025-04-17T05:56:43.153+0000] {logging_mixin.py:190} INFO - [2025-04-17T05:56:43.153+0000] {override.py:1912} INFO - Created Permission View: can delete on DAG Run:tutorial
[2025-04-17T05:56:43.198+0000] {logging_mixin.py:190} INFO - [2025-04-17T05:56:43.197+0000] {override.py:1912} INFO - Created Permission View: can read on DAG Run:tutorial
[2025-04-17T05:56:43.235+0000] {logging_mixin.py:190} INFO - [2025-04-17T05:56:43.234+0000] {override.py:1912} INFO - Created Permission View: can create on DAG Run:tutorial
[2025-04-17T05:56:43.275+0000] {logging_mixin.py:190} INFO - [2025-04-17T05:56:43.275+0000] {override.py:1912} INFO - Created Permission View: menu access on DAG Run:tutorial
[2025-04-17T05:56:43.281+0000] {logging_mixin.py:190} INFO - [2025-04-17T05:56:43.280+0000] {dag.py:3239} INFO - Sync 1 DAGs
[2025-04-17T05:56:43.421+0000] {logging_mixin.py:190} INFO - [2025-04-17T05:56:43.420+0000] {dag.py:3262} INFO - Creating ORM DAG for tutorial
[2025-04-17T05:56:43.520+0000] {logging_mixin.py:190} INFO - [2025-04-17T05:56:43.519+0000] {dag.py:4180} INFO - Setting next_dagrun for tutorial to 2025-04-16 00:00:00+00:00, run_after=2025-04-17 00:00:00+00:00
[2025-04-17T05:56:43.632+0000] {processor.py:208} INFO - Processing /home/airflow/.local/lib/python3.12/site-packages/airflow/example_dags/tutorial.py took 1.151 seconds
[2025-04-17T05:57:14.117+0000] {processor.py:186} INFO - Started process (PID=151) to work on /home/airflow/.local/lib/python3.12/site-packages/airflow/example_dags/tutorial.py
[2025-04-17T05:57:14.119+0000] {processor.py:914} INFO - Processing file /home/airflow/.local/lib/python3.12/site-packages/airflow/example_dags/tutorial.py for tasks to queue
[2025-04-17T05:57:14.124+0000] {logging_mixin.py:190} INFO - [2025-04-17T05:57:14.124+0000] {dagbag.py:588} INFO - Filling up the DagBag from /home/airflow/.local/lib/python3.12/site-packages/airflow/example_dags/tutorial.py
[2025-04-17T05:57:14.179+0000] {processor.py:925} INFO - DAG(s) 'tutorial' retrieved from /home/airflow/.local/lib/python3.12/site-packages/airflow/example_dags/tutorial.py
[2025-04-17T05:57:14.235+0000] {logging_mixin.py:190} INFO - [2025-04-17T05:57:14.235+0000] {dag.py:3239} INFO - Sync 1 DAGs
[2025-04-17T05:57:14.311+0000] {logging_mixin.py:190} INFO - [2025-04-17T05:57:14.311+0000] {dag.py:4180} INFO - Setting next_dagrun for tutorial to 2025-04-16 00:00:00+00:00, run_after=2025-04-17 00:00:00+00:00
[2025-04-17T05:57:14.365+0000] {processor.py:208} INFO - Processing /home/airflow/.local/lib/python3.12/site-packages/airflow/example_dags/tutorial.py took 0.269 seconds
[2025-04-17T05:57:45.182+0000] {processor.py:186} INFO - Started process (PID=214) to work on /home/airflow/.local/lib/python3.12/site-packages/airflow/example_dags/tutorial.py
[2025-04-17T05:57:45.184+0000] {processor.py:914} INFO - Processing file /home/airflow/.local/lib/python3.12/site-packages/airflow/example_dags/tutorial.py for tasks to queue
[2025-04-17T05:57:45.188+0000] {logging_mixin.py:190} INFO - [2025-04-17T05:57:45.188+0000] {dagbag.py:588} INFO - Filling up the DagBag from /home/airflow/.local/lib/python3.12/site-packages/airflow/example_dags/tutorial.py
[2025-04-17T05:57:45.198+0000] {processor.py:925} INFO - DAG(s) 'tutorial' retrieved from /home/airflow/.local/lib/python3.12/site-packages/airflow/example_dags/tutorial.py
[2025-04-17T05:57:45.216+0000] {logging_mixin.py:190} INFO - [2025-04-17T05:57:45.216+0000] {dag.py:3239} INFO - Sync 1 DAGs
[2025-04-17T05:57:45.238+0000] {logging_mixin.py:190} INFO - [2025-04-17T05:57:45.238+0000] {dag.py:4180} INFO - Setting next_dagrun for tutorial to 2025-04-16 00:00:00+00:00, run_after=2025-04-17 00:00:00+00:00
[2025-04-17T05:57:45.256+0000] {processor.py:208} INFO - Processing /home/airflow/.local/lib/python3.12/site-packages/airflow/example_dags/tutorial.py took 0.086 seconds
[2025-04-17T05:58:15.718+0000] {processor.py:186} INFO - Started process (PID=277) to work on /home/airflow/.local/lib/python3.12/site-packages/airflow/example_dags/tutorial.py
[2025-04-17T05:58:15.721+0000] {processor.py:914} INFO - Processing file /home/airflow/.local/lib/python3.12/site-packages/airflow/example_dags/tutorial.py for tasks to queue
[2025-04-17T05:58:15.725+0000] {logging_mixin.py:190} INFO - [2025-04-17T05:58:15.724+0000] {dagbag.py:588} INFO - Filling up the DagBag from /home/airflow/.local/lib/python3.12/site-packages/airflow/example_dags/tutorial.py
[2025-04-17T05:58:15.734+0000] {processor.py:925} INFO - DAG(s) 'tutorial' retrieved from /home/airflow/.local/lib/python3.12/site-packages/airflow/example_dags/tutorial.py
[2025-04-17T05:58:15.755+0000] {logging_mixin.py:190} INFO - [2025-04-17T05:58:15.754+0000] {dag.py:3239} INFO - Sync 1 DAGs
[2025-04-17T05:58:15.777+0000] {logging_mixin.py:190} INFO - [2025-04-17T05:58:15.777+0000] {dag.py:4180} INFO - Setting next_dagrun for tutorial to 2025-04-16 00:00:00+00:00, run_after=2025-04-17 00:00:00+00:00
[2025-04-17T05:58:15.800+0000] {processor.py:208} INFO - Processing /home/airflow/.local/lib/python3.12/site-packages/airflow/example_dags/tutorial.py took 0.094 seconds
[2025-04-17T05:58:46.132+0000] {processor.py:186} INFO - Started process (PID=340) to work on /home/airflow/.local/lib/python3.12/site-packages/airflow/example_dags/tutorial.py
[2025-04-17T05:58:46.134+0000] {processor.py:914} INFO - Processing file /home/airflow/.local/lib/python3.12/site-packages/airflow/example_dags/tutorial.py for tasks to queue
[2025-04-17T05:58:46.140+0000] {logging_mixin.py:190} INFO - [2025-04-17T05:58:46.140+0000] {dagbag.py:588} INFO - Filling up the DagBag from /home/airflow/.local/lib/python3.12/site-packages/airflow/example_dags/tutorial.py
[2025-04-17T05:58:46.155+0000] {processor.py:925} INFO - DAG(s) 'tutorial' retrieved from /home/airflow/.local/lib/python3.12/site-packages/airflow/example_dags/tutorial.py
[2025-04-17T05:58:46.200+0000] {logging_mixin.py:190} INFO - [2025-04-17T05:58:46.199+0000] {dag.py:3239} INFO - Sync 1 DAGs
[2025-04-17T05:58:46.252+0000] {logging_mixin.py:190} INFO - [2025-04-17T05:58:46.252+0000] {dag.py:4180} INFO - Setting next_dagrun for tutorial to 2025-04-16 00:00:00+00:00, run_after=2025-04-17 00:00:00+00:00
[2025-04-17T05:58:46.292+0000] {processor.py:208} INFO - Processing /home/airflow/.local/lib/python3.12/site-packages/airflow/example_dags/tutorial.py took 0.170 seconds
[2025-04-17T05:59:16.532+0000] {processor.py:186} INFO - Started process (PID=403) to work on /home/airflow/.local/lib/python3.12/site-packages/airflow/example_dags/tutorial.py
[2025-04-17T05:59:16.534+0000] {processor.py:914} INFO - Processing file /home/airflow/.local/lib/python3.12/site-packages/airflow/example_dags/tutorial.py for tasks to queue
[2025-04-17T05:59:16.537+0000] {logging_mixin.py:190} INFO - [2025-04-17T05:59:16.537+0000] {dagbag.py:588} INFO - Filling up the DagBag from /home/airflow/.local/lib/python3.12/site-packages/airflow/example_dags/tutorial.py
[2025-04-17T05:59:16.545+0000] {processor.py:925} INFO - DAG(s) 'tutorial' retrieved from /home/airflow/.local/lib/python3.12/site-packages/airflow/example_dags/tutorial.py
[2025-04-17T05:59:16.567+0000] {logging_mixin.py:190} INFO - [2025-04-17T05:59:16.567+0000] {dag.py:3239} INFO - Sync 1 DAGs
[2025-04-17T05:59:16.597+0000] {logging_mixin.py:190} INFO - [2025-04-17T05:59:16.597+0000] {dag.py:4180} INFO - Setting next_dagrun for tutorial to 2025-04-16 00:00:00+00:00, run_after=2025-04-17 00:00:00+00:00
[2025-04-17T05:59:16.624+0000] {processor.py:208} INFO - Processing /home/airflow/.local/lib/python3.12/site-packages/airflow/example_dags/tutorial.py took 0.097 seconds
[2025-04-17T05:59:46.756+0000] {processor.py:186} INFO - Started process (PID=466) to work on /home/airflow/.local/lib/python3.12/site-packages/airflow/example_dags/tutorial.py
[2025-04-17T05:59:46.758+0000] {processor.py:914} INFO - Processing file /home/airflow/.local/lib/python3.12/site-packages/airflow/example_dags/tutorial.py for tasks to queue
[2025-04-17T05:59:46.761+0000] {logging_mixin.py:190} INFO - [2025-04-17T05:59:46.761+0000] {dagbag.py:588} INFO - Filling up the DagBag from /home/airflow/.local/lib/python3.12/site-packages/airflow/example_dags/tutorial.py
[2025-04-17T05:59:46.777+0000] {processor.py:925} INFO - DAG(s) 'tutorial' retrieved from /home/airflow/.local/lib/python3.12/site-packages/airflow/example_dags/tutorial.py
[2025-04-17T05:59:46.808+0000] {logging_mixin.py:190} INFO - [2025-04-17T05:59:46.808+0000] {dag.py:3239} INFO - Sync 1 DAGs
[2025-04-17T05:59:46.842+0000] {logging_mixin.py:190} INFO - [2025-04-17T05:59:46.841+0000] {dag.py:4180} INFO - Setting next_dagrun for tutorial to 2025-04-16 00:00:00+00:00, run_after=2025-04-17 00:00:00+00:00
[2025-04-17T05:59:46.871+0000] {processor.py:208} INFO - Processing /home/airflow/.local/lib/python3.12/site-packages/airflow/example_dags/tutorial.py took 0.124 seconds
[2025-04-17T06:00:17.051+0000] {processor.py:186} INFO - Started process (PID=529) to work on /home/airflow/.local/lib/python3.12/site-packages/airflow/example_dags/tutorial.py
[2025-04-17T06:00:17.054+0000] {processor.py:914} INFO - Processing file /home/airflow/.local/lib/python3.12/site-packages/airflow/example_dags/tutorial.py for tasks to queue
[2025-04-17T06:00:17.059+0000] {logging_mixin.py:190} INFO - [2025-04-17T06:00:17.058+0000] {dagbag.py:588} INFO - Filling up the DagBag from /home/airflow/.local/lib/python3.12/site-packages/airflow/example_dags/tutorial.py
[2025-04-17T06:00:17.070+0000] {processor.py:925} INFO - DAG(s) 'tutorial' retrieved from /home/airflow/.local/lib/python3.12/site-packages/airflow/example_dags/tutorial.py
[2025-04-17T06:00:17.105+0000] {logging_mixin.py:190} INFO - [2025-04-17T06:00:17.105+0000] {dag.py:3239} INFO - Sync 1 DAGs
[2025-04-17T06:00:17.145+0000] {logging_mixin.py:190} INFO - [2025-04-17T06:00:17.145+0000] {dag.py:4180} INFO - Setting next_dagrun for tutorial to 2025-04-16 00:00:00+00:00, run_after=2025-04-17 00:00:00+00:00
[2025-04-17T06:00:17.177+0000] {processor.py:208} INFO - Processing /home/airflow/.local/lib/python3.12/site-packages/airflow/example_dags/tutorial.py took 0.133 seconds
[2025-04-17T06:00:47.394+0000] {processor.py:186} INFO - Started process (PID=592) to work on /home/airflow/.local/lib/python3.12/site-packages/airflow/example_dags/tutorial.py
[2025-04-17T06:00:47.395+0000] {processor.py:914} INFO - Processing file /home/airflow/.local/lib/python3.12/site-packages/airflow/example_dags/tutorial.py for tasks to queue
[2025-04-17T06:00:47.398+0000] {logging_mixin.py:190} INFO - [2025-04-17T06:00:47.398+0000] {dagbag.py:588} INFO - Filling up the DagBag from /home/airflow/.local/lib/python3.12/site-packages/airflow/example_dags/tutorial.py
[2025-04-17T06:00:47.409+0000] {processor.py:925} INFO - DAG(s) 'tutorial' retrieved from /home/airflow/.local/lib/python3.12/site-packages/airflow/example_dags/tutorial.py
[2025-04-17T06:00:47.431+0000] {logging_mixin.py:190} INFO - [2025-04-17T06:00:47.430+0000] {dag.py:3239} INFO - Sync 1 DAGs
[2025-04-17T06:00:47.457+0000] {logging_mixin.py:190} INFO - [2025-04-17T06:00:47.457+0000] {dag.py:4180} INFO - Setting next_dagrun for tutorial to 2025-04-16 00:00:00+00:00, run_after=2025-04-17 00:00:00+00:00
[2025-04-17T06:00:47.479+0000] {processor.py:208} INFO - Processing /home/airflow/.local/lib/python3.12/site-packages/airflow/example_dags/tutorial.py took 0.091 seconds
[2025-04-17T06:01:18.230+0000] {processor.py:186} INFO - Started process (PID=655) to work on /home/airflow/.local/lib/python3.12/site-packages/airflow/example_dags/tutorial.py
[2025-04-17T06:01:18.232+0000] {processor.py:914} INFO - Processing file /home/airflow/.local/lib/python3.12/site-packages/airflow/example_dags/tutorial.py for tasks to queue
[2025-04-17T06:01:18.237+0000] {logging_mixin.py:190} INFO - [2025-04-17T06:01:18.237+0000] {dagbag.py:588} INFO - Filling up the DagBag from /home/airflow/.local/lib/python3.12/site-packages/airflow/example_dags/tutorial.py
[2025-04-17T06:01:18.246+0000] {processor.py:925} INFO - DAG(s) 'tutorial' retrieved from /home/airflow/.local/lib/python3.12/site-packages/airflow/example_dags/tutorial.py
[2025-04-17T06:01:18.269+0000] {logging_mixin.py:190} INFO - [2025-04-17T06:01:18.269+0000] {dag.py:3239} INFO - Sync 1 DAGs
[2025-04-17T06:01:18.296+0000] {logging_mixin.py:190} INFO - [2025-04-17T06:01:18.296+0000] {dag.py:4180} INFO - Setting next_dagrun for tutorial to 2025-04-16 00:00:00+00:00, run_after=2025-04-17 00:00:00+00:00
[2025-04-17T06:01:18.323+0000] {processor.py:208} INFO - Processing /home/airflow/.local/lib/python3.12/site-packages/airflow/example_dags/tutorial.py took 0.100 seconds
[2025-04-17T06:01:48.789+0000] {processor.py:186} INFO - Started process (PID=717) to work on /home/airflow/.local/lib/python3.12/site-packages/airflow/example_dags/tutorial.py
[2025-04-17T06:01:48.790+0000] {processor.py:914} INFO - Processing file /home/airflow/.local/lib/python3.12/site-packages/airflow/example_dags/tutorial.py for tasks to queue
[2025-04-17T06:01:48.793+0000] {logging_mixin.py:190} INFO - [2025-04-17T06:01:48.793+0000] {dagbag.py:588} INFO - Filling up the DagBag from /home/airflow/.local/lib/python3.12/site-packages/airflow/example_dags/tutorial.py
[2025-04-17T06:01:48.802+0000] {processor.py:925} INFO - DAG(s) 'tutorial' retrieved from /home/airflow/.local/lib/python3.12/site-packages/airflow/example_dags/tutorial.py
[2025-04-17T06:01:48.822+0000] {logging_mixin.py:190} INFO - [2025-04-17T06:01:48.822+0000] {dag.py:3239} INFO - Sync 1 DAGs
[2025-04-17T06:01:48.852+0000] {logging_mixin.py:190} INFO - [2025-04-17T06:01:48.851+0000] {dag.py:4180} INFO - Setting next_dagrun for tutorial to 2025-04-16 00:00:00+00:00, run_after=2025-04-17 00:00:00+00:00
[2025-04-17T06:01:48.886+0000] {processor.py:208} INFO - Processing /home/airflow/.local/lib/python3.12/site-packages/airflow/example_dags/tutorial.py took 0.105 seconds
[2025-04-17T06:02:20.550+0000] {processor.py:186} INFO - Started process (PID=780) to work on /home/airflow/.local/lib/python3.12/site-packages/airflow/example_dags/tutorial.py
[2025-04-17T06:02:20.552+0000] {processor.py:914} INFO - Processing file /home/airflow/.local/lib/python3.12/site-packages/airflow/example_dags/tutorial.py for tasks to queue
[2025-04-17T06:02:20.556+0000] {logging_mixin.py:190} INFO - [2025-04-17T06:02:20.556+0000] {dagbag.py:588} INFO - Filling up the DagBag from /home/airflow/.local/lib/python3.12/site-packages/airflow/example_dags/tutorial.py
[2025-04-17T06:02:20.566+0000] {processor.py:925} INFO - DAG(s) 'tutorial' retrieved from /home/airflow/.local/lib/python3.12/site-packages/airflow/example_dags/tutorial.py
[2025-04-17T06:02:20.606+0000] {logging_mixin.py:190} INFO - [2025-04-17T06:02:20.606+0000] {dag.py:3239} INFO - Sync 1 DAGs
[2025-04-17T06:02:20.641+0000] {logging_mixin.py:190} INFO - [2025-04-17T06:02:20.640+0000] {dag.py:4180} INFO - Setting next_dagrun for tutorial to 2025-04-16 00:00:00+00:00, run_after=2025-04-17 00:00:00+00:00
[2025-04-17T06:02:20.674+0000] {processor.py:208} INFO - Processing /home/airflow/.local/lib/python3.12/site-packages/airflow/example_dags/tutorial.py took 0.131 seconds
[2025-04-17T06:02:51.276+0000] {processor.py:186} INFO - Started process (PID=836) to work on /home/airflow/.local/lib/python3.12/site-packages/airflow/example_dags/tutorial.py
[2025-04-17T06:02:51.283+0000] {processor.py:914} INFO - Processing file /home/airflow/.local/lib/python3.12/site-packages/airflow/example_dags/tutorial.py for tasks to queue
[2025-04-17T06:02:51.298+0000] {logging_mixin.py:190} INFO - [2025-04-17T06:02:51.297+0000] {dagbag.py:588} INFO - Filling up the DagBag from /home/airflow/.local/lib/python3.12/site-packages/airflow/example_dags/tutorial.py
[2025-04-17T06:02:51.309+0000] {processor.py:925} INFO - DAG(s) 'tutorial' retrieved from /home/airflow/.local/lib/python3.12/site-packages/airflow/example_dags/tutorial.py
[2025-04-17T06:02:51.336+0000] {logging_mixin.py:190} INFO - [2025-04-17T06:02:51.336+0000] {dag.py:3239} INFO - Sync 1 DAGs
[2025-04-17T06:02:51.359+0000] {logging_mixin.py:190} INFO - [2025-04-17T06:02:51.358+0000] {dag.py:4180} INFO - Setting next_dagrun for tutorial to 2025-04-16 00:00:00+00:00, run_after=2025-04-17 00:00:00+00:00
[2025-04-17T06:02:51.384+0000] {processor.py:208} INFO - Processing /home/airflow/.local/lib/python3.12/site-packages/airflow/example_dags/tutorial.py took 0.143 seconds
[2025-04-17T06:03:21.935+0000] {processor.py:186} INFO - Started process (PID=898) to work on /home/airflow/.local/lib/python3.12/site-packages/airflow/example_dags/tutorial.py
[2025-04-17T06:03:21.937+0000] {processor.py:914} INFO - Processing file /home/airflow/.local/lib/python3.12/site-packages/airflow/example_dags/tutorial.py for tasks to queue
[2025-04-17T06:03:21.941+0000] {logging_mixin.py:190} INFO - [2025-04-17T06:03:21.941+0000] {dagbag.py:588} INFO - Filling up the DagBag from /home/airflow/.local/lib/python3.12/site-packages/airflow/example_dags/tutorial.py
[2025-04-17T06:03:21.949+0000] {processor.py:925} INFO - DAG(s) 'tutorial' retrieved from /home/airflow/.local/lib/python3.12/site-packages/airflow/example_dags/tutorial.py
[2025-04-17T06:03:21.968+0000] {logging_mixin.py:190} INFO - [2025-04-17T06:03:21.968+0000] {dag.py:3239} INFO - Sync 1 DAGs
[2025-04-17T06:03:21.987+0000] {logging_mixin.py:190} INFO - [2025-04-17T06:03:21.987+0000] {dag.py:4180} INFO - Setting next_dagrun for tutorial to 2025-04-16 00:00:00+00:00, run_after=2025-04-17 00:00:00+00:00
[2025-04-17T06:03:22.007+0000] {processor.py:208} INFO - Processing /home/airflow/.local/lib/python3.12/site-packages/airflow/example_dags/tutorial.py took 0.083 seconds
[2025-04-17T06:10:46.743+0000] {processor.py:186} INFO - Started process (PID=90) to work on /home/airflow/.local/lib/python3.12/site-packages/airflow/example_dags/tutorial.py
[2025-04-17T06:10:46.751+0000] {processor.py:914} INFO - Processing file /home/airflow/.local/lib/python3.12/site-packages/airflow/example_dags/tutorial.py for tasks to queue
[2025-04-17T06:10:46.770+0000] {logging_mixin.py:190} INFO - [2025-04-17T06:10:46.769+0000] {dagbag.py:588} INFO - Filling up the DagBag from /home/airflow/.local/lib/python3.12/site-packages/airflow/example_dags/tutorial.py
[2025-04-17T06:10:46.828+0000] {processor.py:925} INFO - DAG(s) 'tutorial' retrieved from /home/airflow/.local/lib/python3.12/site-packages/airflow/example_dags/tutorial.py
[2025-04-17T06:10:47.001+0000] {logging_mixin.py:190} INFO - [2025-04-17T06:10:47.001+0000] {dag.py:3239} INFO - Sync 1 DAGs
[2025-04-17T06:10:47.148+0000] {logging_mixin.py:190} INFO - [2025-04-17T06:10:47.148+0000] {dag.py:4180} INFO - Setting next_dagrun for tutorial to 2025-04-16 00:00:00+00:00, run_after=2025-04-17 00:00:00+00:00
[2025-04-17T06:10:47.254+0000] {processor.py:208} INFO - Processing /home/airflow/.local/lib/python3.12/site-packages/airflow/example_dags/tutorial.py took 0.560 seconds
[2025-04-17T06:11:17.433+0000] {processor.py:186} INFO - Started process (PID=153) to work on /home/airflow/.local/lib/python3.12/site-packages/airflow/example_dags/tutorial.py
[2025-04-17T06:11:17.435+0000] {processor.py:914} INFO - Processing file /home/airflow/.local/lib/python3.12/site-packages/airflow/example_dags/tutorial.py for tasks to queue
[2025-04-17T06:11:17.440+0000] {logging_mixin.py:190} INFO - [2025-04-17T06:11:17.439+0000] {dagbag.py:588} INFO - Filling up the DagBag from /home/airflow/.local/lib/python3.12/site-packages/airflow/example_dags/tutorial.py
[2025-04-17T06:11:17.449+0000] {processor.py:925} INFO - DAG(s) 'tutorial' retrieved from /home/airflow/.local/lib/python3.12/site-packages/airflow/example_dags/tutorial.py
[2025-04-17T06:11:17.484+0000] {logging_mixin.py:190} INFO - [2025-04-17T06:11:17.484+0000] {dag.py:3239} INFO - Sync 1 DAGs
[2025-04-17T06:11:17.511+0000] {logging_mixin.py:190} INFO - [2025-04-17T06:11:17.511+0000] {dag.py:4180} INFO - Setting next_dagrun for tutorial to 2025-04-16 00:00:00+00:00, run_after=2025-04-17 00:00:00+00:00
[2025-04-17T06:11:17.537+0000] {processor.py:208} INFO - Processing /home/airflow/.local/lib/python3.12/site-packages/airflow/example_dags/tutorial.py took 0.122 seconds
[2025-04-17T06:11:48.279+0000] {processor.py:186} INFO - Started process (PID=215) to work on /home/airflow/.local/lib/python3.12/site-packages/airflow/example_dags/tutorial.py
[2025-04-17T06:11:48.280+0000] {processor.py:914} INFO - Processing file /home/airflow/.local/lib/python3.12/site-packages/airflow/example_dags/tutorial.py for tasks to queue
[2025-04-17T06:11:48.284+0000] {logging_mixin.py:190} INFO - [2025-04-17T06:11:48.283+0000] {dagbag.py:588} INFO - Filling up the DagBag from /home/airflow/.local/lib/python3.12/site-packages/airflow/example_dags/tutorial.py
[2025-04-17T06:11:48.297+0000] {processor.py:925} INFO - DAG(s) 'tutorial' retrieved from /home/airflow/.local/lib/python3.12/site-packages/airflow/example_dags/tutorial.py
[2025-04-17T06:11:48.322+0000] {logging_mixin.py:190} INFO - [2025-04-17T06:11:48.322+0000] {dag.py:3239} INFO - Sync 1 DAGs
[2025-04-17T06:11:48.347+0000] {logging_mixin.py:190} INFO - [2025-04-17T06:11:48.346+0000] {dag.py:4180} INFO - Setting next_dagrun for tutorial to 2025-04-16 00:00:00+00:00, run_after=2025-04-17 00:00:00+00:00
[2025-04-17T06:11:48.372+0000] {processor.py:208} INFO - Processing /home/airflow/.local/lib/python3.12/site-packages/airflow/example_dags/tutorial.py took 0.105 seconds
[2025-04-17T06:12:18.832+0000] {processor.py:186} INFO - Started process (PID=278) to work on /home/airflow/.local/lib/python3.12/site-packages/airflow/example_dags/tutorial.py
[2025-04-17T06:12:18.834+0000] {processor.py:914} INFO - Processing file /home/airflow/.local/lib/python3.12/site-packages/airflow/example_dags/tutorial.py for tasks to queue
[2025-04-17T06:12:18.840+0000] {logging_mixin.py:190} INFO - [2025-04-17T06:12:18.839+0000] {dagbag.py:588} INFO - Filling up the DagBag from /home/airflow/.local/lib/python3.12/site-packages/airflow/example_dags/tutorial.py
[2025-04-17T06:12:18.851+0000] {processor.py:925} INFO - DAG(s) 'tutorial' retrieved from /home/airflow/.local/lib/python3.12/site-packages/airflow/example_dags/tutorial.py
[2025-04-17T06:12:18.883+0000] {logging_mixin.py:190} INFO - [2025-04-17T06:12:18.883+0000] {dag.py:3239} INFO - Sync 1 DAGs
[2025-04-17T06:12:18.915+0000] {logging_mixin.py:190} INFO - [2025-04-17T06:12:18.915+0000] {dag.py:4180} INFO - Setting next_dagrun for tutorial to 2025-04-16 00:00:00+00:00, run_after=2025-04-17 00:00:00+00:00
[2025-04-17T06:12:18.951+0000] {processor.py:208} INFO - Processing /home/airflow/.local/lib/python3.12/site-packages/airflow/example_dags/tutorial.py took 0.127 seconds
[2025-04-17T06:12:49.808+0000] {processor.py:186} INFO - Started process (PID=341) to work on /home/airflow/.local/lib/python3.12/site-packages/airflow/example_dags/tutorial.py
[2025-04-17T06:12:49.810+0000] {processor.py:914} INFO - Processing file /home/airflow/.local/lib/python3.12/site-packages/airflow/example_dags/tutorial.py for tasks to queue
[2025-04-17T06:12:49.825+0000] {logging_mixin.py:190} INFO - [2025-04-17T06:12:49.824+0000] {dagbag.py:588} INFO - Filling up the DagBag from /home/airflow/.local/lib/python3.12/site-packages/airflow/example_dags/tutorial.py
[2025-04-17T06:12:49.847+0000] {processor.py:925} INFO - DAG(s) 'tutorial' retrieved from /home/airflow/.local/lib/python3.12/site-packages/airflow/example_dags/tutorial.py
[2025-04-17T06:12:49.881+0000] {logging_mixin.py:190} INFO - [2025-04-17T06:12:49.880+0000] {dag.py:3239} INFO - Sync 1 DAGs
[2025-04-17T06:12:49.919+0000] {logging_mixin.py:190} INFO - [2025-04-17T06:12:49.919+0000] {dag.py:4180} INFO - Setting next_dagrun for tutorial to 2025-04-16 00:00:00+00:00, run_after=2025-04-17 00:00:00+00:00
[2025-04-17T06:12:49.969+0000] {processor.py:208} INFO - Processing /home/airflow/.local/lib/python3.12/site-packages/airflow/example_dags/tutorial.py took 0.175 seconds
[2025-04-17T06:13:20.543+0000] {processor.py:186} INFO - Started process (PID=404) to work on /home/airflow/.local/lib/python3.12/site-packages/airflow/example_dags/tutorial.py
[2025-04-17T06:13:20.546+0000] {processor.py:914} INFO - Processing file /home/airflow/.local/lib/python3.12/site-packages/airflow/example_dags/tutorial.py for tasks to queue
[2025-04-17T06:13:20.552+0000] {logging_mixin.py:190} INFO - [2025-04-17T06:13:20.551+0000] {dagbag.py:588} INFO - Filling up the DagBag from /home/airflow/.local/lib/python3.12/site-packages/airflow/example_dags/tutorial.py
[2025-04-17T06:13:20.575+0000] {processor.py:925} INFO - DAG(s) 'tutorial' retrieved from /home/airflow/.local/lib/python3.12/site-packages/airflow/example_dags/tutorial.py
[2025-04-17T06:13:20.622+0000] {logging_mixin.py:190} INFO - [2025-04-17T06:13:20.621+0000] {dag.py:3239} INFO - Sync 1 DAGs
[2025-04-17T06:13:20.693+0000] {logging_mixin.py:190} INFO - [2025-04-17T06:13:20.693+0000] {dag.py:4180} INFO - Setting next_dagrun for tutorial to 2025-04-16 00:00:00+00:00, run_after=2025-04-17 00:00:00+00:00
[2025-04-17T06:13:20.753+0000] {processor.py:208} INFO - Processing /home/airflow/.local/lib/python3.12/site-packages/airflow/example_dags/tutorial.py took 0.224 seconds
[2025-04-17T06:14:02.139+0000] {processor.py:186} INFO - Started process (PID=460) to work on /home/airflow/.local/lib/python3.12/site-packages/airflow/example_dags/tutorial.py
[2025-04-17T06:14:02.146+0000] {processor.py:914} INFO - Processing file /home/airflow/.local/lib/python3.12/site-packages/airflow/example_dags/tutorial.py for tasks to queue
[2025-04-17T06:14:02.161+0000] {logging_mixin.py:190} INFO - [2025-04-17T06:14:02.160+0000] {dagbag.py:588} INFO - Filling up the DagBag from /home/airflow/.local/lib/python3.12/site-packages/airflow/example_dags/tutorial.py
[2025-04-17T06:14:02.237+0000] {processor.py:925} INFO - DAG(s) 'tutorial' retrieved from /home/airflow/.local/lib/python3.12/site-packages/airflow/example_dags/tutorial.py
[2025-04-17T06:14:02.362+0000] {logging_mixin.py:190} INFO - [2025-04-17T06:14:02.361+0000] {dag.py:3239} INFO - Sync 1 DAGs
[2025-04-17T06:14:02.523+0000] {logging_mixin.py:190} INFO - [2025-04-17T06:14:02.522+0000] {dag.py:4180} INFO - Setting next_dagrun for tutorial to 2025-04-16 00:00:00+00:00, run_after=2025-04-17 00:00:00+00:00
[2025-04-17T06:14:02.742+0000] {processor.py:208} INFO - Processing /home/airflow/.local/lib/python3.12/site-packages/airflow/example_dags/tutorial.py took 0.646 seconds
[2025-04-17T06:14:34.192+0000] {processor.py:186} INFO - Started process (PID=525) to work on /home/airflow/.local/lib/python3.12/site-packages/airflow/example_dags/tutorial.py
[2025-04-17T06:14:34.196+0000] {processor.py:914} INFO - Processing file /home/airflow/.local/lib/python3.12/site-packages/airflow/example_dags/tutorial.py for tasks to queue
[2025-04-17T06:14:34.211+0000] {logging_mixin.py:190} INFO - [2025-04-17T06:14:34.210+0000] {dagbag.py:588} INFO - Filling up the DagBag from /home/airflow/.local/lib/python3.12/site-packages/airflow/example_dags/tutorial.py
[2025-04-17T06:14:34.245+0000] {processor.py:925} INFO - DAG(s) 'tutorial' retrieved from /home/airflow/.local/lib/python3.12/site-packages/airflow/example_dags/tutorial.py
[2025-04-17T06:14:34.401+0000] {logging_mixin.py:190} INFO - [2025-04-17T06:14:34.400+0000] {dag.py:3239} INFO - Sync 1 DAGs
[2025-04-17T06:14:34.546+0000] {logging_mixin.py:190} INFO - [2025-04-17T06:14:34.544+0000] {dag.py:4180} INFO - Setting next_dagrun for tutorial to 2025-04-16 00:00:00+00:00, run_after=2025-04-17 00:00:00+00:00
[2025-04-17T06:14:34.632+0000] {processor.py:208} INFO - Processing /home/airflow/.local/lib/python3.12/site-packages/airflow/example_dags/tutorial.py took 0.461 seconds
[2025-04-17T06:15:05.571+0000] {processor.py:186} INFO - Started process (PID=587) to work on /home/airflow/.local/lib/python3.12/site-packages/airflow/example_dags/tutorial.py
[2025-04-17T06:15:05.583+0000] {processor.py:914} INFO - Processing file /home/airflow/.local/lib/python3.12/site-packages/airflow/example_dags/tutorial.py for tasks to queue
[2025-04-17T06:15:05.602+0000] {logging_mixin.py:190} INFO - [2025-04-17T06:15:05.600+0000] {dagbag.py:588} INFO - Filling up the DagBag from /home/airflow/.local/lib/python3.12/site-packages/airflow/example_dags/tutorial.py
[2025-04-17T06:15:05.669+0000] {processor.py:925} INFO - DAG(s) 'tutorial' retrieved from /home/airflow/.local/lib/python3.12/site-packages/airflow/example_dags/tutorial.py
[2025-04-17T06:15:05.814+0000] {logging_mixin.py:190} INFO - [2025-04-17T06:15:05.813+0000] {dag.py:3239} INFO - Sync 1 DAGs
[2025-04-17T06:15:06.015+0000] {logging_mixin.py:190} INFO - [2025-04-17T06:15:06.013+0000] {dag.py:4180} INFO - Setting next_dagrun for tutorial to 2025-04-16 00:00:00+00:00, run_after=2025-04-17 00:00:00+00:00
[2025-04-17T06:15:06.261+0000] {processor.py:208} INFO - Processing /home/airflow/.local/lib/python3.12/site-packages/airflow/example_dags/tutorial.py took 0.735 seconds
[2025-04-17T06:15:36.438+0000] {processor.py:186} INFO - Started process (PID=649) to work on /home/airflow/.local/lib/python3.12/site-packages/airflow/example_dags/tutorial.py
[2025-04-17T06:15:36.441+0000] {processor.py:914} INFO - Processing file /home/airflow/.local/lib/python3.12/site-packages/airflow/example_dags/tutorial.py for tasks to queue
[2025-04-17T06:15:36.447+0000] {logging_mixin.py:190} INFO - [2025-04-17T06:15:36.446+0000] {dagbag.py:588} INFO - Filling up the DagBag from /home/airflow/.local/lib/python3.12/site-packages/airflow/example_dags/tutorial.py
[2025-04-17T06:15:36.472+0000] {processor.py:925} INFO - DAG(s) 'tutorial' retrieved from /home/airflow/.local/lib/python3.12/site-packages/airflow/example_dags/tutorial.py
[2025-04-17T06:15:36.525+0000] {logging_mixin.py:190} INFO - [2025-04-17T06:15:36.524+0000] {dag.py:3239} INFO - Sync 1 DAGs
[2025-04-17T06:15:36.587+0000] {logging_mixin.py:190} INFO - [2025-04-17T06:15:36.587+0000] {dag.py:4180} INFO - Setting next_dagrun for tutorial to 2025-04-16 00:00:00+00:00, run_after=2025-04-17 00:00:00+00:00
[2025-04-17T06:15:36.635+0000] {processor.py:208} INFO - Processing /home/airflow/.local/lib/python3.12/site-packages/airflow/example_dags/tutorial.py took 0.213 seconds
[2025-04-17T06:16:07.023+0000] {processor.py:186} INFO - Started process (PID=712) to work on /home/airflow/.local/lib/python3.12/site-packages/airflow/example_dags/tutorial.py
[2025-04-17T06:16:07.025+0000] {processor.py:914} INFO - Processing file /home/airflow/.local/lib/python3.12/site-packages/airflow/example_dags/tutorial.py for tasks to queue
[2025-04-17T06:16:07.032+0000] {logging_mixin.py:190} INFO - [2025-04-17T06:16:07.031+0000] {dagbag.py:588} INFO - Filling up the DagBag from /home/airflow/.local/lib/python3.12/site-packages/airflow/example_dags/tutorial.py
[2025-04-17T06:16:07.041+0000] {processor.py:925} INFO - DAG(s) 'tutorial' retrieved from /home/airflow/.local/lib/python3.12/site-packages/airflow/example_dags/tutorial.py
[2025-04-17T06:16:07.072+0000] {logging_mixin.py:190} INFO - [2025-04-17T06:16:07.071+0000] {dag.py:3239} INFO - Sync 1 DAGs
[2025-04-17T06:16:07.123+0000] {logging_mixin.py:190} INFO - [2025-04-17T06:16:07.122+0000] {dag.py:4180} INFO - Setting next_dagrun for tutorial to 2025-04-16 00:00:00+00:00, run_after=2025-04-17 00:00:00+00:00
[2025-04-17T06:16:07.162+0000] {processor.py:208} INFO - Processing /home/airflow/.local/lib/python3.12/site-packages/airflow/example_dags/tutorial.py took 0.145 seconds
[2025-04-17T06:16:37.382+0000] {processor.py:186} INFO - Started process (PID=775) to work on /home/airflow/.local/lib/python3.12/site-packages/airflow/example_dags/tutorial.py
[2025-04-17T06:16:37.384+0000] {processor.py:914} INFO - Processing file /home/airflow/.local/lib/python3.12/site-packages/airflow/example_dags/tutorial.py for tasks to queue
[2025-04-17T06:16:37.388+0000] {logging_mixin.py:190} INFO - [2025-04-17T06:16:37.387+0000] {dagbag.py:588} INFO - Filling up the DagBag from /home/airflow/.local/lib/python3.12/site-packages/airflow/example_dags/tutorial.py
[2025-04-17T06:16:37.400+0000] {processor.py:925} INFO - DAG(s) 'tutorial' retrieved from /home/airflow/.local/lib/python3.12/site-packages/airflow/example_dags/tutorial.py
[2025-04-17T06:16:37.445+0000] {logging_mixin.py:190} INFO - [2025-04-17T06:16:37.444+0000] {dag.py:3239} INFO - Sync 1 DAGs
[2025-04-17T06:16:37.486+0000] {logging_mixin.py:190} INFO - [2025-04-17T06:16:37.485+0000] {dag.py:4180} INFO - Setting next_dagrun for tutorial to 2025-04-16 00:00:00+00:00, run_after=2025-04-17 00:00:00+00:00
[2025-04-17T06:16:37.512+0000] {processor.py:208} INFO - Processing /home/airflow/.local/lib/python3.12/site-packages/airflow/example_dags/tutorial.py took 0.140 seconds
[2025-04-17T06:17:08.081+0000] {processor.py:186} INFO - Started process (PID=838) to work on /home/airflow/.local/lib/python3.12/site-packages/airflow/example_dags/tutorial.py
[2025-04-17T06:17:08.088+0000] {processor.py:914} INFO - Processing file /home/airflow/.local/lib/python3.12/site-packages/airflow/example_dags/tutorial.py for tasks to queue
[2025-04-17T06:17:08.095+0000] {logging_mixin.py:190} INFO - [2025-04-17T06:17:08.094+0000] {dagbag.py:588} INFO - Filling up the DagBag from /home/airflow/.local/lib/python3.12/site-packages/airflow/example_dags/tutorial.py
[2025-04-17T06:17:08.114+0000] {processor.py:925} INFO - DAG(s) 'tutorial' retrieved from /home/airflow/.local/lib/python3.12/site-packages/airflow/example_dags/tutorial.py
[2025-04-17T06:17:08.161+0000] {logging_mixin.py:190} INFO - [2025-04-17T06:17:08.161+0000] {dag.py:3239} INFO - Sync 1 DAGs
[2025-04-17T06:17:08.215+0000] {logging_mixin.py:190} INFO - [2025-04-17T06:17:08.214+0000] {dag.py:4180} INFO - Setting next_dagrun for tutorial to 2025-04-16 00:00:00+00:00, run_after=2025-04-17 00:00:00+00:00
[2025-04-17T06:17:08.261+0000] {processor.py:208} INFO - Processing /home/airflow/.local/lib/python3.12/site-packages/airflow/example_dags/tutorial.py took 0.202 seconds
