[2025-04-17T05:56:39.675+0000] {processor.py:186} INFO - Started process (PID=78) to work on /home/airflow/.local/lib/python3.12/site-packages/airflow/example_dags/tutorial_objectstorage.py
[2025-04-17T05:56:39.678+0000] {processor.py:914} INFO - Processing file /home/airflow/.local/lib/python3.12/site-packages/airflow/example_dags/tutorial_objectstorage.py for tasks to queue
[2025-04-17T05:56:39.685+0000] {logging_mixin.py:190} INFO - [2025-04-17T05:56:39.684+0000] {dagbag.py:588} INFO - Filling up the DagBag from /home/airflow/.local/lib/python3.12/site-packages/airflow/example_dags/tutorial_objectstorage.py
[2025-04-17T05:56:39.739+0000] {processor.py:925} INFO - DAG(s) 'tutorial_objectstorage' retrieved from /home/airflow/.local/lib/python3.12/site-packages/airflow/example_dags/tutorial_objectstorage.py
[2025-04-17T05:56:40.196+0000] {logging_mixin.py:190} INFO - [2025-04-17T05:56:40.194+0000] {override.py:1912} INFO - Created Permission View: can delete on DAG:tutorial_objectstorage
[2025-04-17T05:56:40.228+0000] {logging_mixin.py:190} INFO - [2025-04-17T05:56:40.227+0000] {override.py:1912} INFO - Created Permission View: can edit on DAG:tutorial_objectstorage
[2025-04-17T05:56:40.248+0000] {logging_mixin.py:190} INFO - [2025-04-17T05:56:40.247+0000] {override.py:1912} INFO - Created Permission View: can read on DAG:tutorial_objectstorage
[2025-04-17T05:56:40.274+0000] {logging_mixin.py:190} INFO - [2025-04-17T05:56:40.273+0000] {override.py:1912} INFO - Created Permission View: can delete on DAG Run:tutorial_objectstorage
[2025-04-17T05:56:40.299+0000] {logging_mixin.py:190} INFO - [2025-04-17T05:56:40.299+0000] {override.py:1912} INFO - Created Permission View: can read on DAG Run:tutorial_objectstorage
[2025-04-17T05:56:40.319+0000] {logging_mixin.py:190} INFO - [2025-04-17T05:56:40.319+0000] {override.py:1912} INFO - Created Permission View: can create on DAG Run:tutorial_objectstorage
[2025-04-17T05:56:40.346+0000] {logging_mixin.py:190} INFO - [2025-04-17T05:56:40.345+0000] {override.py:1912} INFO - Created Permission View: menu access on DAG Run:tutorial_objectstorage
[2025-04-17T05:56:40.348+0000] {logging_mixin.py:190} INFO - [2025-04-17T05:56:40.347+0000] {dag.py:3239} INFO - Sync 1 DAGs
[2025-04-17T05:56:40.390+0000] {logging_mixin.py:190} INFO - [2025-04-17T05:56:40.389+0000] {dag.py:3262} INFO - Creating ORM DAG for tutorial_objectstorage
[2025-04-17T05:56:40.393+0000] {logging_mixin.py:190} INFO - [2025-04-17T05:56:40.392+0000] {dag.py:4180} INFO - Setting next_dagrun for tutorial_objectstorage to None, run_after=None
[2025-04-17T05:56:40.466+0000] {processor.py:208} INFO - Processing /home/airflow/.local/lib/python3.12/site-packages/airflow/example_dags/tutorial_objectstorage.py took 0.811 seconds
[2025-04-17T05:57:10.546+0000] {processor.py:186} INFO - Started process (PID=140) to work on /home/airflow/.local/lib/python3.12/site-packages/airflow/example_dags/tutorial_objectstorage.py
[2025-04-17T05:57:10.548+0000] {processor.py:914} INFO - Processing file /home/airflow/.local/lib/python3.12/site-packages/airflow/example_dags/tutorial_objectstorage.py for tasks to queue
[2025-04-17T05:57:10.551+0000] {logging_mixin.py:190} INFO - [2025-04-17T05:57:10.550+0000] {dagbag.py:588} INFO - Filling up the DagBag from /home/airflow/.local/lib/python3.12/site-packages/airflow/example_dags/tutorial_objectstorage.py
[2025-04-17T05:57:10.562+0000] {processor.py:925} INFO - DAG(s) 'tutorial_objectstorage' retrieved from /home/airflow/.local/lib/python3.12/site-packages/airflow/example_dags/tutorial_objectstorage.py
[2025-04-17T05:57:10.583+0000] {logging_mixin.py:190} INFO - [2025-04-17T05:57:10.583+0000] {dag.py:3239} INFO - Sync 1 DAGs
[2025-04-17T05:57:10.601+0000] {logging_mixin.py:190} INFO - [2025-04-17T05:57:10.600+0000] {dag.py:4180} INFO - Setting next_dagrun for tutorial_objectstorage to None, run_after=None
[2025-04-17T05:57:10.659+0000] {processor.py:208} INFO - Processing /home/airflow/.local/lib/python3.12/site-packages/airflow/example_dags/tutorial_objectstorage.py took 0.122 seconds
[2025-04-17T05:57:40.726+0000] {processor.py:186} INFO - Started process (PID=203) to work on /home/airflow/.local/lib/python3.12/site-packages/airflow/example_dags/tutorial_objectstorage.py
[2025-04-17T05:57:40.728+0000] {processor.py:914} INFO - Processing file /home/airflow/.local/lib/python3.12/site-packages/airflow/example_dags/tutorial_objectstorage.py for tasks to queue
[2025-04-17T05:57:40.730+0000] {logging_mixin.py:190} INFO - [2025-04-17T05:57:40.729+0000] {dagbag.py:588} INFO - Filling up the DagBag from /home/airflow/.local/lib/python3.12/site-packages/airflow/example_dags/tutorial_objectstorage.py
[2025-04-17T05:57:40.737+0000] {processor.py:925} INFO - DAG(s) 'tutorial_objectstorage' retrieved from /home/airflow/.local/lib/python3.12/site-packages/airflow/example_dags/tutorial_objectstorage.py
[2025-04-17T05:57:40.753+0000] {logging_mixin.py:190} INFO - [2025-04-17T05:57:40.753+0000] {dag.py:3239} INFO - Sync 1 DAGs
[2025-04-17T05:57:40.766+0000] {logging_mixin.py:190} INFO - [2025-04-17T05:57:40.765+0000] {dag.py:4180} INFO - Setting next_dagrun for tutorial_objectstorage to None, run_after=None
[2025-04-17T05:57:40.818+0000] {processor.py:208} INFO - Processing /home/airflow/.local/lib/python3.12/site-packages/airflow/example_dags/tutorial_objectstorage.py took 0.098 seconds
[2025-04-17T05:58:11.360+0000] {processor.py:186} INFO - Started process (PID=266) to work on /home/airflow/.local/lib/python3.12/site-packages/airflow/example_dags/tutorial_objectstorage.py
[2025-04-17T05:58:11.362+0000] {processor.py:914} INFO - Processing file /home/airflow/.local/lib/python3.12/site-packages/airflow/example_dags/tutorial_objectstorage.py for tasks to queue
[2025-04-17T05:58:11.366+0000] {logging_mixin.py:190} INFO - [2025-04-17T05:58:11.366+0000] {dagbag.py:588} INFO - Filling up the DagBag from /home/airflow/.local/lib/python3.12/site-packages/airflow/example_dags/tutorial_objectstorage.py
[2025-04-17T05:58:11.378+0000] {processor.py:925} INFO - DAG(s) 'tutorial_objectstorage' retrieved from /home/airflow/.local/lib/python3.12/site-packages/airflow/example_dags/tutorial_objectstorage.py
[2025-04-17T05:58:11.396+0000] {logging_mixin.py:190} INFO - [2025-04-17T05:58:11.396+0000] {dag.py:3239} INFO - Sync 1 DAGs
[2025-04-17T05:58:11.411+0000] {logging_mixin.py:190} INFO - [2025-04-17T05:58:11.410+0000] {dag.py:4180} INFO - Setting next_dagrun for tutorial_objectstorage to None, run_after=None
[2025-04-17T05:58:11.429+0000] {processor.py:208} INFO - Processing /home/airflow/.local/lib/python3.12/site-packages/airflow/example_dags/tutorial_objectstorage.py took 0.077 seconds
[2025-04-17T05:58:41.685+0000] {processor.py:186} INFO - Started process (PID=329) to work on /home/airflow/.local/lib/python3.12/site-packages/airflow/example_dags/tutorial_objectstorage.py
[2025-04-17T05:58:41.687+0000] {processor.py:914} INFO - Processing file /home/airflow/.local/lib/python3.12/site-packages/airflow/example_dags/tutorial_objectstorage.py for tasks to queue
[2025-04-17T05:58:41.690+0000] {logging_mixin.py:190} INFO - [2025-04-17T05:58:41.689+0000] {dagbag.py:588} INFO - Filling up the DagBag from /home/airflow/.local/lib/python3.12/site-packages/airflow/example_dags/tutorial_objectstorage.py
[2025-04-17T05:58:41.699+0000] {processor.py:925} INFO - DAG(s) 'tutorial_objectstorage' retrieved from /home/airflow/.local/lib/python3.12/site-packages/airflow/example_dags/tutorial_objectstorage.py
[2025-04-17T05:58:41.715+0000] {logging_mixin.py:190} INFO - [2025-04-17T05:58:41.714+0000] {dag.py:3239} INFO - Sync 1 DAGs
[2025-04-17T05:58:41.726+0000] {logging_mixin.py:190} INFO - [2025-04-17T05:58:41.726+0000] {dag.py:4180} INFO - Setting next_dagrun for tutorial_objectstorage to None, run_after=None
[2025-04-17T05:58:41.741+0000] {processor.py:208} INFO - Processing /home/airflow/.local/lib/python3.12/site-packages/airflow/example_dags/tutorial_objectstorage.py took 0.062 seconds
[2025-04-17T05:59:12.041+0000] {processor.py:186} INFO - Started process (PID=392) to work on /home/airflow/.local/lib/python3.12/site-packages/airflow/example_dags/tutorial_objectstorage.py
[2025-04-17T05:59:12.043+0000] {processor.py:914} INFO - Processing file /home/airflow/.local/lib/python3.12/site-packages/airflow/example_dags/tutorial_objectstorage.py for tasks to queue
[2025-04-17T05:59:12.046+0000] {logging_mixin.py:190} INFO - [2025-04-17T05:59:12.046+0000] {dagbag.py:588} INFO - Filling up the DagBag from /home/airflow/.local/lib/python3.12/site-packages/airflow/example_dags/tutorial_objectstorage.py
[2025-04-17T05:59:12.059+0000] {processor.py:925} INFO - DAG(s) 'tutorial_objectstorage' retrieved from /home/airflow/.local/lib/python3.12/site-packages/airflow/example_dags/tutorial_objectstorage.py
[2025-04-17T05:59:12.089+0000] {logging_mixin.py:190} INFO - [2025-04-17T05:59:12.089+0000] {dag.py:3239} INFO - Sync 1 DAGs
[2025-04-17T05:59:12.106+0000] {logging_mixin.py:190} INFO - [2025-04-17T05:59:12.106+0000] {dag.py:4180} INFO - Setting next_dagrun for tutorial_objectstorage to None, run_after=None
[2025-04-17T05:59:12.134+0000] {processor.py:208} INFO - Processing /home/airflow/.local/lib/python3.12/site-packages/airflow/example_dags/tutorial_objectstorage.py took 0.100 seconds
[2025-04-17T05:59:42.476+0000] {processor.py:186} INFO - Started process (PID=455) to work on /home/airflow/.local/lib/python3.12/site-packages/airflow/example_dags/tutorial_objectstorage.py
[2025-04-17T05:59:42.479+0000] {processor.py:914} INFO - Processing file /home/airflow/.local/lib/python3.12/site-packages/airflow/example_dags/tutorial_objectstorage.py for tasks to queue
[2025-04-17T05:59:42.487+0000] {logging_mixin.py:190} INFO - [2025-04-17T05:59:42.485+0000] {dagbag.py:588} INFO - Filling up the DagBag from /home/airflow/.local/lib/python3.12/site-packages/airflow/example_dags/tutorial_objectstorage.py
[2025-04-17T05:59:42.503+0000] {processor.py:925} INFO - DAG(s) 'tutorial_objectstorage' retrieved from /home/airflow/.local/lib/python3.12/site-packages/airflow/example_dags/tutorial_objectstorage.py
[2025-04-17T05:59:42.540+0000] {logging_mixin.py:190} INFO - [2025-04-17T05:59:42.540+0000] {dag.py:3239} INFO - Sync 1 DAGs
[2025-04-17T05:59:42.570+0000] {logging_mixin.py:190} INFO - [2025-04-17T05:59:42.570+0000] {dag.py:4180} INFO - Setting next_dagrun for tutorial_objectstorage to None, run_after=None
[2025-04-17T05:59:42.613+0000] {processor.py:208} INFO - Processing /home/airflow/.local/lib/python3.12/site-packages/airflow/example_dags/tutorial_objectstorage.py took 0.154 seconds
[2025-04-17T06:00:12.844+0000] {processor.py:186} INFO - Started process (PID=517) to work on /home/airflow/.local/lib/python3.12/site-packages/airflow/example_dags/tutorial_objectstorage.py
[2025-04-17T06:00:12.845+0000] {processor.py:914} INFO - Processing file /home/airflow/.local/lib/python3.12/site-packages/airflow/example_dags/tutorial_objectstorage.py for tasks to queue
[2025-04-17T06:00:12.848+0000] {logging_mixin.py:190} INFO - [2025-04-17T06:00:12.848+0000] {dagbag.py:588} INFO - Filling up the DagBag from /home/airflow/.local/lib/python3.12/site-packages/airflow/example_dags/tutorial_objectstorage.py
[2025-04-17T06:00:12.863+0000] {processor.py:925} INFO - DAG(s) 'tutorial_objectstorage' retrieved from /home/airflow/.local/lib/python3.12/site-packages/airflow/example_dags/tutorial_objectstorage.py
[2025-04-17T06:00:12.893+0000] {logging_mixin.py:190} INFO - [2025-04-17T06:00:12.893+0000] {dag.py:3239} INFO - Sync 1 DAGs
[2025-04-17T06:00:12.913+0000] {logging_mixin.py:190} INFO - [2025-04-17T06:00:12.913+0000] {dag.py:4180} INFO - Setting next_dagrun for tutorial_objectstorage to None, run_after=None
[2025-04-17T06:00:12.939+0000] {processor.py:208} INFO - Processing /home/airflow/.local/lib/python3.12/site-packages/airflow/example_dags/tutorial_objectstorage.py took 0.106 seconds
[2025-04-17T06:00:43.354+0000] {processor.py:186} INFO - Started process (PID=580) to work on /home/airflow/.local/lib/python3.12/site-packages/airflow/example_dags/tutorial_objectstorage.py
[2025-04-17T06:00:43.356+0000] {processor.py:914} INFO - Processing file /home/airflow/.local/lib/python3.12/site-packages/airflow/example_dags/tutorial_objectstorage.py for tasks to queue
[2025-04-17T06:00:43.358+0000] {logging_mixin.py:190} INFO - [2025-04-17T06:00:43.358+0000] {dagbag.py:588} INFO - Filling up the DagBag from /home/airflow/.local/lib/python3.12/site-packages/airflow/example_dags/tutorial_objectstorage.py
[2025-04-17T06:00:43.366+0000] {processor.py:925} INFO - DAG(s) 'tutorial_objectstorage' retrieved from /home/airflow/.local/lib/python3.12/site-packages/airflow/example_dags/tutorial_objectstorage.py
[2025-04-17T06:00:43.388+0000] {logging_mixin.py:190} INFO - [2025-04-17T06:00:43.388+0000] {dag.py:3239} INFO - Sync 1 DAGs
[2025-04-17T06:00:43.404+0000] {logging_mixin.py:190} INFO - [2025-04-17T06:00:43.404+0000] {dag.py:4180} INFO - Setting next_dagrun for tutorial_objectstorage to None, run_after=None
[2025-04-17T06:00:43.422+0000] {processor.py:208} INFO - Processing /home/airflow/.local/lib/python3.12/site-packages/airflow/example_dags/tutorial_objectstorage.py took 0.073 seconds
[2025-04-17T06:01:14.042+0000] {processor.py:186} INFO - Started process (PID=641) to work on /home/airflow/.local/lib/python3.12/site-packages/airflow/example_dags/tutorial_objectstorage.py
[2025-04-17T06:01:14.044+0000] {processor.py:914} INFO - Processing file /home/airflow/.local/lib/python3.12/site-packages/airflow/example_dags/tutorial_objectstorage.py for tasks to queue
[2025-04-17T06:01:14.049+0000] {logging_mixin.py:190} INFO - [2025-04-17T06:01:14.048+0000] {dagbag.py:588} INFO - Filling up the DagBag from /home/airflow/.local/lib/python3.12/site-packages/airflow/example_dags/tutorial_objectstorage.py
[2025-04-17T06:01:14.060+0000] {processor.py:925} INFO - DAG(s) 'tutorial_objectstorage' retrieved from /home/airflow/.local/lib/python3.12/site-packages/airflow/example_dags/tutorial_objectstorage.py
[2025-04-17T06:01:14.082+0000] {logging_mixin.py:190} INFO - [2025-04-17T06:01:14.082+0000] {dag.py:3239} INFO - Sync 1 DAGs
[2025-04-17T06:01:14.095+0000] {logging_mixin.py:190} INFO - [2025-04-17T06:01:14.095+0000] {dag.py:4180} INFO - Setting next_dagrun for tutorial_objectstorage to None, run_after=None
[2025-04-17T06:01:14.116+0000] {processor.py:208} INFO - Processing /home/airflow/.local/lib/python3.12/site-packages/airflow/example_dags/tutorial_objectstorage.py took 0.087 seconds
[2025-04-17T06:01:47.033+0000] {processor.py:186} INFO - Started process (PID=704) to work on /home/airflow/.local/lib/python3.12/site-packages/airflow/example_dags/tutorial_objectstorage.py
[2025-04-17T06:01:47.035+0000] {processor.py:914} INFO - Processing file /home/airflow/.local/lib/python3.12/site-packages/airflow/example_dags/tutorial_objectstorage.py for tasks to queue
[2025-04-17T06:01:47.038+0000] {logging_mixin.py:190} INFO - [2025-04-17T06:01:47.038+0000] {dagbag.py:588} INFO - Filling up the DagBag from /home/airflow/.local/lib/python3.12/site-packages/airflow/example_dags/tutorial_objectstorage.py
[2025-04-17T06:01:47.051+0000] {processor.py:925} INFO - DAG(s) 'tutorial_objectstorage' retrieved from /home/airflow/.local/lib/python3.12/site-packages/airflow/example_dags/tutorial_objectstorage.py
[2025-04-17T06:01:47.111+0000] {logging_mixin.py:190} INFO - [2025-04-17T06:01:47.111+0000] {dag.py:3239} INFO - Sync 1 DAGs
[2025-04-17T06:01:47.137+0000] {logging_mixin.py:190} INFO - [2025-04-17T06:01:47.137+0000] {dag.py:4180} INFO - Setting next_dagrun for tutorial_objectstorage to None, run_after=None
[2025-04-17T06:01:47.174+0000] {processor.py:208} INFO - Processing /home/airflow/.local/lib/python3.12/site-packages/airflow/example_dags/tutorial_objectstorage.py took 0.146 seconds
[2025-04-17T06:02:17.660+0000] {processor.py:186} INFO - Started process (PID=767) to work on /home/airflow/.local/lib/python3.12/site-packages/airflow/example_dags/tutorial_objectstorage.py
[2025-04-17T06:02:17.662+0000] {processor.py:914} INFO - Processing file /home/airflow/.local/lib/python3.12/site-packages/airflow/example_dags/tutorial_objectstorage.py for tasks to queue
[2025-04-17T06:02:17.665+0000] {logging_mixin.py:190} INFO - [2025-04-17T06:02:17.665+0000] {dagbag.py:588} INFO - Filling up the DagBag from /home/airflow/.local/lib/python3.12/site-packages/airflow/example_dags/tutorial_objectstorage.py
[2025-04-17T06:02:17.684+0000] {processor.py:925} INFO - DAG(s) 'tutorial_objectstorage' retrieved from /home/airflow/.local/lib/python3.12/site-packages/airflow/example_dags/tutorial_objectstorage.py
[2025-04-17T06:02:17.714+0000] {logging_mixin.py:190} INFO - [2025-04-17T06:02:17.714+0000] {dag.py:3239} INFO - Sync 1 DAGs
[2025-04-17T06:02:17.733+0000] {logging_mixin.py:190} INFO - [2025-04-17T06:02:17.733+0000] {dag.py:4180} INFO - Setting next_dagrun for tutorial_objectstorage to None, run_after=None
[2025-04-17T06:02:17.764+0000] {processor.py:208} INFO - Processing /home/airflow/.local/lib/python3.12/site-packages/airflow/example_dags/tutorial_objectstorage.py took 0.113 seconds
[2025-04-17T06:02:48.150+0000] {processor.py:186} INFO - Started process (PID=821) to work on /home/airflow/.local/lib/python3.12/site-packages/airflow/example_dags/tutorial_objectstorage.py
[2025-04-17T06:02:48.152+0000] {processor.py:914} INFO - Processing file /home/airflow/.local/lib/python3.12/site-packages/airflow/example_dags/tutorial_objectstorage.py for tasks to queue
[2025-04-17T06:02:48.154+0000] {logging_mixin.py:190} INFO - [2025-04-17T06:02:48.154+0000] {dagbag.py:588} INFO - Filling up the DagBag from /home/airflow/.local/lib/python3.12/site-packages/airflow/example_dags/tutorial_objectstorage.py
[2025-04-17T06:02:48.163+0000] {processor.py:925} INFO - DAG(s) 'tutorial_objectstorage' retrieved from /home/airflow/.local/lib/python3.12/site-packages/airflow/example_dags/tutorial_objectstorage.py
[2025-04-17T06:02:48.184+0000] {logging_mixin.py:190} INFO - [2025-04-17T06:02:48.183+0000] {dag.py:3239} INFO - Sync 1 DAGs
[2025-04-17T06:02:48.204+0000] {logging_mixin.py:190} INFO - [2025-04-17T06:02:48.204+0000] {dag.py:4180} INFO - Setting next_dagrun for tutorial_objectstorage to None, run_after=None
[2025-04-17T06:02:48.223+0000] {processor.py:208} INFO - Processing /home/airflow/.local/lib/python3.12/site-packages/airflow/example_dags/tutorial_objectstorage.py took 0.080 seconds
[2025-04-17T06:03:18.438+0000] {processor.py:186} INFO - Started process (PID=883) to work on /home/airflow/.local/lib/python3.12/site-packages/airflow/example_dags/tutorial_objectstorage.py
[2025-04-17T06:03:18.440+0000] {processor.py:914} INFO - Processing file /home/airflow/.local/lib/python3.12/site-packages/airflow/example_dags/tutorial_objectstorage.py for tasks to queue
[2025-04-17T06:03:18.443+0000] {logging_mixin.py:190} INFO - [2025-04-17T06:03:18.442+0000] {dagbag.py:588} INFO - Filling up the DagBag from /home/airflow/.local/lib/python3.12/site-packages/airflow/example_dags/tutorial_objectstorage.py
[2025-04-17T06:03:18.453+0000] {processor.py:925} INFO - DAG(s) 'tutorial_objectstorage' retrieved from /home/airflow/.local/lib/python3.12/site-packages/airflow/example_dags/tutorial_objectstorage.py
[2025-04-17T06:03:18.483+0000] {logging_mixin.py:190} INFO - [2025-04-17T06:03:18.483+0000] {dag.py:3239} INFO - Sync 1 DAGs
[2025-04-17T06:03:18.497+0000] {logging_mixin.py:190} INFO - [2025-04-17T06:03:18.497+0000] {dag.py:4180} INFO - Setting next_dagrun for tutorial_objectstorage to None, run_after=None
[2025-04-17T06:03:18.517+0000] {processor.py:208} INFO - Processing /home/airflow/.local/lib/python3.12/site-packages/airflow/example_dags/tutorial_objectstorage.py took 0.085 seconds
[2025-04-17T06:10:43.934+0000] {processor.py:186} INFO - Started process (PID=85) to work on /home/airflow/.local/lib/python3.12/site-packages/airflow/example_dags/tutorial_objectstorage.py
[2025-04-17T06:10:43.940+0000] {processor.py:914} INFO - Processing file /home/airflow/.local/lib/python3.12/site-packages/airflow/example_dags/tutorial_objectstorage.py for tasks to queue
[2025-04-17T06:10:43.949+0000] {logging_mixin.py:190} INFO - [2025-04-17T06:10:43.947+0000] {dagbag.py:588} INFO - Filling up the DagBag from /home/airflow/.local/lib/python3.12/site-packages/airflow/example_dags/tutorial_objectstorage.py
[2025-04-17T06:10:43.992+0000] {processor.py:925} INFO - DAG(s) 'tutorial_objectstorage' retrieved from /home/airflow/.local/lib/python3.12/site-packages/airflow/example_dags/tutorial_objectstorage.py
[2025-04-17T06:10:44.109+0000] {logging_mixin.py:190} INFO - [2025-04-17T06:10:44.106+0000] {dag.py:3239} INFO - Sync 1 DAGs
[2025-04-17T06:10:44.200+0000] {logging_mixin.py:190} INFO - [2025-04-17T06:10:44.190+0000] {dag.py:4180} INFO - Setting next_dagrun for tutorial_objectstorage to None, run_after=None
[2025-04-17T06:10:44.323+0000] {processor.py:208} INFO - Processing /home/airflow/.local/lib/python3.12/site-packages/airflow/example_dags/tutorial_objectstorage.py took 0.413 seconds
[2025-04-17T06:11:14.810+0000] {processor.py:186} INFO - Started process (PID=148) to work on /home/airflow/.local/lib/python3.12/site-packages/airflow/example_dags/tutorial_objectstorage.py
[2025-04-17T06:11:14.815+0000] {processor.py:914} INFO - Processing file /home/airflow/.local/lib/python3.12/site-packages/airflow/example_dags/tutorial_objectstorage.py for tasks to queue
[2025-04-17T06:11:14.827+0000] {logging_mixin.py:190} INFO - [2025-04-17T06:11:14.825+0000] {dagbag.py:588} INFO - Filling up the DagBag from /home/airflow/.local/lib/python3.12/site-packages/airflow/example_dags/tutorial_objectstorage.py
[2025-04-17T06:11:14.857+0000] {processor.py:925} INFO - DAG(s) 'tutorial_objectstorage' retrieved from /home/airflow/.local/lib/python3.12/site-packages/airflow/example_dags/tutorial_objectstorage.py
[2025-04-17T06:11:14.893+0000] {logging_mixin.py:190} INFO - [2025-04-17T06:11:14.892+0000] {dag.py:3239} INFO - Sync 1 DAGs
[2025-04-17T06:11:14.909+0000] {logging_mixin.py:190} INFO - [2025-04-17T06:11:14.909+0000] {dag.py:4180} INFO - Setting next_dagrun for tutorial_objectstorage to None, run_after=None
[2025-04-17T06:11:14.957+0000] {processor.py:208} INFO - Processing /home/airflow/.local/lib/python3.12/site-packages/airflow/example_dags/tutorial_objectstorage.py took 0.195 seconds
[2025-04-17T06:11:45.761+0000] {processor.py:186} INFO - Started process (PID=210) to work on /home/airflow/.local/lib/python3.12/site-packages/airflow/example_dags/tutorial_objectstorage.py
[2025-04-17T06:11:45.763+0000] {processor.py:914} INFO - Processing file /home/airflow/.local/lib/python3.12/site-packages/airflow/example_dags/tutorial_objectstorage.py for tasks to queue
[2025-04-17T06:11:45.767+0000] {logging_mixin.py:190} INFO - [2025-04-17T06:11:45.766+0000] {dagbag.py:588} INFO - Filling up the DagBag from /home/airflow/.local/lib/python3.12/site-packages/airflow/example_dags/tutorial_objectstorage.py
[2025-04-17T06:11:45.780+0000] {processor.py:925} INFO - DAG(s) 'tutorial_objectstorage' retrieved from /home/airflow/.local/lib/python3.12/site-packages/airflow/example_dags/tutorial_objectstorage.py
[2025-04-17T06:11:45.803+0000] {logging_mixin.py:190} INFO - [2025-04-17T06:11:45.802+0000] {dag.py:3239} INFO - Sync 1 DAGs
[2025-04-17T06:11:45.816+0000] {logging_mixin.py:190} INFO - [2025-04-17T06:11:45.815+0000] {dag.py:4180} INFO - Setting next_dagrun for tutorial_objectstorage to None, run_after=None
[2025-04-17T06:11:45.831+0000] {processor.py:208} INFO - Processing /home/airflow/.local/lib/python3.12/site-packages/airflow/example_dags/tutorial_objectstorage.py took 0.081 seconds
[2025-04-17T06:12:16.151+0000] {processor.py:186} INFO - Started process (PID=273) to work on /home/airflow/.local/lib/python3.12/site-packages/airflow/example_dags/tutorial_objectstorage.py
[2025-04-17T06:12:16.153+0000] {processor.py:914} INFO - Processing file /home/airflow/.local/lib/python3.12/site-packages/airflow/example_dags/tutorial_objectstorage.py for tasks to queue
[2025-04-17T06:12:16.157+0000] {logging_mixin.py:190} INFO - [2025-04-17T06:12:16.157+0000] {dagbag.py:588} INFO - Filling up the DagBag from /home/airflow/.local/lib/python3.12/site-packages/airflow/example_dags/tutorial_objectstorage.py
[2025-04-17T06:12:16.170+0000] {processor.py:925} INFO - DAG(s) 'tutorial_objectstorage' retrieved from /home/airflow/.local/lib/python3.12/site-packages/airflow/example_dags/tutorial_objectstorage.py
[2025-04-17T06:12:16.200+0000] {logging_mixin.py:190} INFO - [2025-04-17T06:12:16.200+0000] {dag.py:3239} INFO - Sync 1 DAGs
[2025-04-17T06:12:16.224+0000] {logging_mixin.py:190} INFO - [2025-04-17T06:12:16.224+0000] {dag.py:4180} INFO - Setting next_dagrun for tutorial_objectstorage to None, run_after=None
[2025-04-17T06:12:16.261+0000] {processor.py:208} INFO - Processing /home/airflow/.local/lib/python3.12/site-packages/airflow/example_dags/tutorial_objectstorage.py took 0.117 seconds
[2025-04-17T06:12:46.957+0000] {processor.py:186} INFO - Started process (PID=336) to work on /home/airflow/.local/lib/python3.12/site-packages/airflow/example_dags/tutorial_objectstorage.py
[2025-04-17T06:12:46.959+0000] {processor.py:914} INFO - Processing file /home/airflow/.local/lib/python3.12/site-packages/airflow/example_dags/tutorial_objectstorage.py for tasks to queue
[2025-04-17T06:12:46.965+0000] {logging_mixin.py:190} INFO - [2025-04-17T06:12:46.964+0000] {dagbag.py:588} INFO - Filling up the DagBag from /home/airflow/.local/lib/python3.12/site-packages/airflow/example_dags/tutorial_objectstorage.py
[2025-04-17T06:12:46.983+0000] {processor.py:925} INFO - DAG(s) 'tutorial_objectstorage' retrieved from /home/airflow/.local/lib/python3.12/site-packages/airflow/example_dags/tutorial_objectstorage.py
[2025-04-17T06:12:47.017+0000] {logging_mixin.py:190} INFO - [2025-04-17T06:12:47.017+0000] {dag.py:3239} INFO - Sync 1 DAGs
[2025-04-17T06:12:47.039+0000] {logging_mixin.py:190} INFO - [2025-04-17T06:12:47.039+0000] {dag.py:4180} INFO - Setting next_dagrun for tutorial_objectstorage to None, run_after=None
[2025-04-17T06:12:47.071+0000] {processor.py:208} INFO - Processing /home/airflow/.local/lib/python3.12/site-packages/airflow/example_dags/tutorial_objectstorage.py took 0.122 seconds
[2025-04-17T06:13:17.351+0000] {processor.py:186} INFO - Started process (PID=399) to work on /home/airflow/.local/lib/python3.12/site-packages/airflow/example_dags/tutorial_objectstorage.py
[2025-04-17T06:13:17.353+0000] {processor.py:914} INFO - Processing file /home/airflow/.local/lib/python3.12/site-packages/airflow/example_dags/tutorial_objectstorage.py for tasks to queue
[2025-04-17T06:13:17.357+0000] {logging_mixin.py:190} INFO - [2025-04-17T06:13:17.356+0000] {dagbag.py:588} INFO - Filling up the DagBag from /home/airflow/.local/lib/python3.12/site-packages/airflow/example_dags/tutorial_objectstorage.py
[2025-04-17T06:13:17.372+0000] {processor.py:925} INFO - DAG(s) 'tutorial_objectstorage' retrieved from /home/airflow/.local/lib/python3.12/site-packages/airflow/example_dags/tutorial_objectstorage.py
[2025-04-17T06:13:17.407+0000] {logging_mixin.py:190} INFO - [2025-04-17T06:13:17.406+0000] {dag.py:3239} INFO - Sync 1 DAGs
[2025-04-17T06:13:17.437+0000] {logging_mixin.py:190} INFO - [2025-04-17T06:13:17.437+0000] {dag.py:4180} INFO - Setting next_dagrun for tutorial_objectstorage to None, run_after=None
[2025-04-17T06:13:17.472+0000] {processor.py:208} INFO - Processing /home/airflow/.local/lib/python3.12/site-packages/airflow/example_dags/tutorial_objectstorage.py took 0.132 seconds
[2025-04-17T06:13:59.533+0000] {processor.py:186} INFO - Started process (PID=455) to work on /home/airflow/.local/lib/python3.12/site-packages/airflow/example_dags/tutorial_objectstorage.py
[2025-04-17T06:13:59.550+0000] {processor.py:914} INFO - Processing file /home/airflow/.local/lib/python3.12/site-packages/airflow/example_dags/tutorial_objectstorage.py for tasks to queue
[2025-04-17T06:13:59.572+0000] {logging_mixin.py:190} INFO - [2025-04-17T06:13:59.561+0000] {dagbag.py:588} INFO - Filling up the DagBag from /home/airflow/.local/lib/python3.12/site-packages/airflow/example_dags/tutorial_objectstorage.py
[2025-04-17T06:13:59.615+0000] {processor.py:925} INFO - DAG(s) 'tutorial_objectstorage' retrieved from /home/airflow/.local/lib/python3.12/site-packages/airflow/example_dags/tutorial_objectstorage.py
[2025-04-17T06:13:59.718+0000] {logging_mixin.py:190} INFO - [2025-04-17T06:13:59.717+0000] {dag.py:3239} INFO - Sync 1 DAGs
[2025-04-17T06:13:59.812+0000] {logging_mixin.py:190} INFO - [2025-04-17T06:13:59.811+0000] {dag.py:4180} INFO - Setting next_dagrun for tutorial_objectstorage to None, run_after=None
[2025-04-17T06:13:59.912+0000] {processor.py:208} INFO - Processing /home/airflow/.local/lib/python3.12/site-packages/airflow/example_dags/tutorial_objectstorage.py took 0.402 seconds
[2025-04-17T06:14:31.552+0000] {processor.py:186} INFO - Started process (PID=519) to work on /home/airflow/.local/lib/python3.12/site-packages/airflow/example_dags/tutorial_objectstorage.py
[2025-04-17T06:14:31.572+0000] {processor.py:914} INFO - Processing file /home/airflow/.local/lib/python3.12/site-packages/airflow/example_dags/tutorial_objectstorage.py for tasks to queue
[2025-04-17T06:14:31.599+0000] {logging_mixin.py:190} INFO - [2025-04-17T06:14:31.598+0000] {dagbag.py:588} INFO - Filling up the DagBag from /home/airflow/.local/lib/python3.12/site-packages/airflow/example_dags/tutorial_objectstorage.py
[2025-04-17T06:14:31.662+0000] {processor.py:925} INFO - DAG(s) 'tutorial_objectstorage' retrieved from /home/airflow/.local/lib/python3.12/site-packages/airflow/example_dags/tutorial_objectstorage.py
[2025-04-17T06:14:31.765+0000] {logging_mixin.py:190} INFO - [2025-04-17T06:14:31.757+0000] {dag.py:3239} INFO - Sync 1 DAGs
[2025-04-17T06:14:31.865+0000] {logging_mixin.py:190} INFO - [2025-04-17T06:14:31.865+0000] {dag.py:4180} INFO - Setting next_dagrun for tutorial_objectstorage to None, run_after=None
[2025-04-17T06:14:32.016+0000] {processor.py:208} INFO - Processing /home/airflow/.local/lib/python3.12/site-packages/airflow/example_dags/tutorial_objectstorage.py took 0.496 seconds
[2025-04-17T06:15:02.655+0000] {processor.py:186} INFO - Started process (PID=582) to work on /home/airflow/.local/lib/python3.12/site-packages/airflow/example_dags/tutorial_objectstorage.py
[2025-04-17T06:15:02.658+0000] {processor.py:914} INFO - Processing file /home/airflow/.local/lib/python3.12/site-packages/airflow/example_dags/tutorial_objectstorage.py for tasks to queue
[2025-04-17T06:15:02.684+0000] {logging_mixin.py:190} INFO - [2025-04-17T06:15:02.683+0000] {dagbag.py:588} INFO - Filling up the DagBag from /home/airflow/.local/lib/python3.12/site-packages/airflow/example_dags/tutorial_objectstorage.py
[2025-04-17T06:15:02.731+0000] {processor.py:925} INFO - DAG(s) 'tutorial_objectstorage' retrieved from /home/airflow/.local/lib/python3.12/site-packages/airflow/example_dags/tutorial_objectstorage.py
[2025-04-17T06:15:02.861+0000] {logging_mixin.py:190} INFO - [2025-04-17T06:15:02.861+0000] {dag.py:3239} INFO - Sync 1 DAGs
[2025-04-17T06:15:03.009+0000] {logging_mixin.py:190} INFO - [2025-04-17T06:15:03.009+0000] {dag.py:4180} INFO - Setting next_dagrun for tutorial_objectstorage to None, run_after=None
[2025-04-17T06:15:03.170+0000] {processor.py:208} INFO - Processing /home/airflow/.local/lib/python3.12/site-packages/airflow/example_dags/tutorial_objectstorage.py took 0.535 seconds
[2025-04-17T06:15:33.492+0000] {processor.py:186} INFO - Started process (PID=645) to work on /home/airflow/.local/lib/python3.12/site-packages/airflow/example_dags/tutorial_objectstorage.py
[2025-04-17T06:15:33.496+0000] {processor.py:914} INFO - Processing file /home/airflow/.local/lib/python3.12/site-packages/airflow/example_dags/tutorial_objectstorage.py for tasks to queue
[2025-04-17T06:15:33.512+0000] {logging_mixin.py:190} INFO - [2025-04-17T06:15:33.503+0000] {dagbag.py:588} INFO - Filling up the DagBag from /home/airflow/.local/lib/python3.12/site-packages/airflow/example_dags/tutorial_objectstorage.py
[2025-04-17T06:15:33.543+0000] {processor.py:925} INFO - DAG(s) 'tutorial_objectstorage' retrieved from /home/airflow/.local/lib/python3.12/site-packages/airflow/example_dags/tutorial_objectstorage.py
[2025-04-17T06:15:33.683+0000] {logging_mixin.py:190} INFO - [2025-04-17T06:15:33.682+0000] {dag.py:3239} INFO - Sync 1 DAGs
[2025-04-17T06:15:33.747+0000] {logging_mixin.py:190} INFO - [2025-04-17T06:15:33.747+0000] {dag.py:4180} INFO - Setting next_dagrun for tutorial_objectstorage to None, run_after=None
[2025-04-17T06:15:33.862+0000] {processor.py:208} INFO - Processing /home/airflow/.local/lib/python3.12/site-packages/airflow/example_dags/tutorial_objectstorage.py took 0.416 seconds
[2025-04-17T06:16:04.536+0000] {processor.py:186} INFO - Started process (PID=708) to work on /home/airflow/.local/lib/python3.12/site-packages/airflow/example_dags/tutorial_objectstorage.py
[2025-04-17T06:16:04.538+0000] {processor.py:914} INFO - Processing file /home/airflow/.local/lib/python3.12/site-packages/airflow/example_dags/tutorial_objectstorage.py for tasks to queue
[2025-04-17T06:16:04.540+0000] {logging_mixin.py:190} INFO - [2025-04-17T06:16:04.540+0000] {dagbag.py:588} INFO - Filling up the DagBag from /home/airflow/.local/lib/python3.12/site-packages/airflow/example_dags/tutorial_objectstorage.py
[2025-04-17T06:16:04.550+0000] {processor.py:925} INFO - DAG(s) 'tutorial_objectstorage' retrieved from /home/airflow/.local/lib/python3.12/site-packages/airflow/example_dags/tutorial_objectstorage.py
[2025-04-17T06:16:04.573+0000] {logging_mixin.py:190} INFO - [2025-04-17T06:16:04.572+0000] {dag.py:3239} INFO - Sync 1 DAGs
[2025-04-17T06:16:04.595+0000] {logging_mixin.py:190} INFO - [2025-04-17T06:16:04.595+0000] {dag.py:4180} INFO - Setting next_dagrun for tutorial_objectstorage to None, run_after=None
[2025-04-17T06:16:04.622+0000] {processor.py:208} INFO - Processing /home/airflow/.local/lib/python3.12/site-packages/airflow/example_dags/tutorial_objectstorage.py took 0.092 seconds
[2025-04-17T06:16:34.931+0000] {processor.py:186} INFO - Started process (PID=771) to work on /home/airflow/.local/lib/python3.12/site-packages/airflow/example_dags/tutorial_objectstorage.py
[2025-04-17T06:16:34.933+0000] {processor.py:914} INFO - Processing file /home/airflow/.local/lib/python3.12/site-packages/airflow/example_dags/tutorial_objectstorage.py for tasks to queue
[2025-04-17T06:16:34.936+0000] {logging_mixin.py:190} INFO - [2025-04-17T06:16:34.936+0000] {dagbag.py:588} INFO - Filling up the DagBag from /home/airflow/.local/lib/python3.12/site-packages/airflow/example_dags/tutorial_objectstorage.py
[2025-04-17T06:16:34.947+0000] {processor.py:925} INFO - DAG(s) 'tutorial_objectstorage' retrieved from /home/airflow/.local/lib/python3.12/site-packages/airflow/example_dags/tutorial_objectstorage.py
[2025-04-17T06:16:34.971+0000] {logging_mixin.py:190} INFO - [2025-04-17T06:16:34.970+0000] {dag.py:3239} INFO - Sync 1 DAGs
[2025-04-17T06:16:34.989+0000] {logging_mixin.py:190} INFO - [2025-04-17T06:16:34.989+0000] {dag.py:4180} INFO - Setting next_dagrun for tutorial_objectstorage to None, run_after=None
[2025-04-17T06:16:35.015+0000] {processor.py:208} INFO - Processing /home/airflow/.local/lib/python3.12/site-packages/airflow/example_dags/tutorial_objectstorage.py took 0.090 seconds
[2025-04-17T06:17:05.383+0000] {processor.py:186} INFO - Started process (PID=834) to work on /home/airflow/.local/lib/python3.12/site-packages/airflow/example_dags/tutorial_objectstorage.py
[2025-04-17T06:17:05.386+0000] {processor.py:914} INFO - Processing file /home/airflow/.local/lib/python3.12/site-packages/airflow/example_dags/tutorial_objectstorage.py for tasks to queue
[2025-04-17T06:17:05.393+0000] {logging_mixin.py:190} INFO - [2025-04-17T06:17:05.393+0000] {dagbag.py:588} INFO - Filling up the DagBag from /home/airflow/.local/lib/python3.12/site-packages/airflow/example_dags/tutorial_objectstorage.py
[2025-04-17T06:17:05.415+0000] {processor.py:925} INFO - DAG(s) 'tutorial_objectstorage' retrieved from /home/airflow/.local/lib/python3.12/site-packages/airflow/example_dags/tutorial_objectstorage.py
[2025-04-17T06:17:05.470+0000] {logging_mixin.py:190} INFO - [2025-04-17T06:17:05.469+0000] {dag.py:3239} INFO - Sync 1 DAGs
[2025-04-17T06:17:05.511+0000] {logging_mixin.py:190} INFO - [2025-04-17T06:17:05.510+0000] {dag.py:4180} INFO - Setting next_dagrun for tutorial_objectstorage to None, run_after=None
[2025-04-17T06:17:05.566+0000] {processor.py:208} INFO - Processing /home/airflow/.local/lib/python3.12/site-packages/airflow/example_dags/tutorial_objectstorage.py took 0.201 seconds
