[2025-04-17T05:56:48.688+0000] {processor.py:186} INFO - Started process (PID=95) to work on /home/airflow/.local/lib/python3.12/site-packages/airflow/example_dags/tutorial_taskflow_templates.py
[2025-04-17T05:56:48.690+0000] {processor.py:914} INFO - Processing file /home/airflow/.local/lib/python3.12/site-packages/airflow/example_dags/tutorial_taskflow_templates.py for tasks to queue
[2025-04-17T05:56:48.698+0000] {logging_mixin.py:190} INFO - [2025-04-17T05:56:48.697+0000] {dagbag.py:588} INFO - Filling up the DagBag from /home/airflow/.local/lib/python3.12/site-packages/airflow/example_dags/tutorial_taskflow_templates.py
[2025-04-17T05:56:48.779+0000] {processor.py:925} INFO - DAG(s) 'tutorial_taskflow_templates' retrieved from /home/airflow/.local/lib/python3.12/site-packages/airflow/example_dags/tutorial_taskflow_templates.py
[2025-04-17T05:56:49.176+0000] {logging_mixin.py:190} INFO - [2025-04-17T05:56:49.174+0000] {override.py:1912} INFO - Created Permission View: can delete on DAG:tutorial_taskflow_templates
[2025-04-17T05:56:49.211+0000] {logging_mixin.py:190} INFO - [2025-04-17T05:56:49.210+0000] {override.py:1912} INFO - Created Permission View: can edit on DAG:tutorial_taskflow_templates
[2025-04-17T05:56:49.229+0000] {logging_mixin.py:190} INFO - [2025-04-17T05:56:49.228+0000] {override.py:1912} INFO - Created Permission View: can read on DAG:tutorial_taskflow_templates
[2025-04-17T05:56:49.249+0000] {logging_mixin.py:190} INFO - [2025-04-17T05:56:49.248+0000] {override.py:1912} INFO - Created Permission View: can delete on DAG Run:tutorial_taskflow_templates
[2025-04-17T05:56:49.266+0000] {logging_mixin.py:190} INFO - [2025-04-17T05:56:49.266+0000] {override.py:1912} INFO - Created Permission View: can read on DAG Run:tutorial_taskflow_templates
[2025-04-17T05:56:49.293+0000] {logging_mixin.py:190} INFO - [2025-04-17T05:56:49.292+0000] {override.py:1912} INFO - Created Permission View: can create on DAG Run:tutorial_taskflow_templates
[2025-04-17T05:56:49.320+0000] {logging_mixin.py:190} INFO - [2025-04-17T05:56:49.320+0000] {override.py:1912} INFO - Created Permission View: menu access on DAG Run:tutorial_taskflow_templates
[2025-04-17T05:56:49.323+0000] {logging_mixin.py:190} INFO - [2025-04-17T05:56:49.322+0000] {dag.py:3239} INFO - Sync 1 DAGs
[2025-04-17T05:56:49.386+0000] {logging_mixin.py:190} INFO - [2025-04-17T05:56:49.386+0000] {dag.py:3262} INFO - Creating ORM DAG for tutorial_taskflow_templates
[2025-04-17T05:56:49.430+0000] {logging_mixin.py:190} INFO - [2025-04-17T05:56:49.429+0000] {dag.py:4180} INFO - Setting next_dagrun for tutorial_taskflow_templates to 2025-04-16 00:00:00+00:00, run_after=2025-04-17 00:00:00+00:00
[2025-04-17T05:56:49.493+0000] {processor.py:208} INFO - Processing /home/airflow/.local/lib/python3.12/site-packages/airflow/example_dags/tutorial_taskflow_templates.py took 0.842 seconds
[2025-04-17T05:57:19.750+0000] {processor.py:186} INFO - Started process (PID=158) to work on /home/airflow/.local/lib/python3.12/site-packages/airflow/example_dags/tutorial_taskflow_templates.py
[2025-04-17T05:57:19.753+0000] {processor.py:914} INFO - Processing file /home/airflow/.local/lib/python3.12/site-packages/airflow/example_dags/tutorial_taskflow_templates.py for tasks to queue
[2025-04-17T05:57:19.757+0000] {logging_mixin.py:190} INFO - [2025-04-17T05:57:19.757+0000] {dagbag.py:588} INFO - Filling up the DagBag from /home/airflow/.local/lib/python3.12/site-packages/airflow/example_dags/tutorial_taskflow_templates.py
[2025-04-17T05:57:19.803+0000] {processor.py:925} INFO - DAG(s) 'tutorial_taskflow_templates' retrieved from /home/airflow/.local/lib/python3.12/site-packages/airflow/example_dags/tutorial_taskflow_templates.py
[2025-04-17T05:57:19.837+0000] {logging_mixin.py:190} INFO - [2025-04-17T05:57:19.837+0000] {dag.py:3239} INFO - Sync 1 DAGs
[2025-04-17T05:57:19.871+0000] {logging_mixin.py:190} INFO - [2025-04-17T05:57:19.871+0000] {dag.py:4180} INFO - Setting next_dagrun for tutorial_taskflow_templates to 2025-04-16 00:00:00+00:00, run_after=2025-04-17 00:00:00+00:00
[2025-04-17T05:57:19.890+0000] {processor.py:208} INFO - Processing /home/airflow/.local/lib/python3.12/site-packages/airflow/example_dags/tutorial_taskflow_templates.py took 0.155 seconds
[2025-04-17T05:57:50.544+0000] {processor.py:186} INFO - Started process (PID=221) to work on /home/airflow/.local/lib/python3.12/site-packages/airflow/example_dags/tutorial_taskflow_templates.py
[2025-04-17T05:57:50.545+0000] {processor.py:914} INFO - Processing file /home/airflow/.local/lib/python3.12/site-packages/airflow/example_dags/tutorial_taskflow_templates.py for tasks to queue
[2025-04-17T05:57:50.550+0000] {logging_mixin.py:190} INFO - [2025-04-17T05:57:50.549+0000] {dagbag.py:588} INFO - Filling up the DagBag from /home/airflow/.local/lib/python3.12/site-packages/airflow/example_dags/tutorial_taskflow_templates.py
[2025-04-17T05:57:50.570+0000] {processor.py:925} INFO - DAG(s) 'tutorial_taskflow_templates' retrieved from /home/airflow/.local/lib/python3.12/site-packages/airflow/example_dags/tutorial_taskflow_templates.py
[2025-04-17T05:57:50.613+0000] {logging_mixin.py:190} INFO - [2025-04-17T05:57:50.612+0000] {dag.py:3239} INFO - Sync 1 DAGs
[2025-04-17T05:57:50.652+0000] {logging_mixin.py:190} INFO - [2025-04-17T05:57:50.652+0000] {dag.py:4180} INFO - Setting next_dagrun for tutorial_taskflow_templates to 2025-04-16 00:00:00+00:00, run_after=2025-04-17 00:00:00+00:00
[2025-04-17T05:57:50.690+0000] {processor.py:208} INFO - Processing /home/airflow/.local/lib/python3.12/site-packages/airflow/example_dags/tutorial_taskflow_templates.py took 0.154 seconds
[2025-04-17T05:58:20.800+0000] {processor.py:186} INFO - Started process (PID=284) to work on /home/airflow/.local/lib/python3.12/site-packages/airflow/example_dags/tutorial_taskflow_templates.py
[2025-04-17T05:58:20.804+0000] {processor.py:914} INFO - Processing file /home/airflow/.local/lib/python3.12/site-packages/airflow/example_dags/tutorial_taskflow_templates.py for tasks to queue
[2025-04-17T05:58:20.813+0000] {logging_mixin.py:190} INFO - [2025-04-17T05:58:20.812+0000] {dagbag.py:588} INFO - Filling up the DagBag from /home/airflow/.local/lib/python3.12/site-packages/airflow/example_dags/tutorial_taskflow_templates.py
[2025-04-17T05:58:20.852+0000] {processor.py:925} INFO - DAG(s) 'tutorial_taskflow_templates' retrieved from /home/airflow/.local/lib/python3.12/site-packages/airflow/example_dags/tutorial_taskflow_templates.py
[2025-04-17T05:58:20.917+0000] {logging_mixin.py:190} INFO - [2025-04-17T05:58:20.916+0000] {dag.py:3239} INFO - Sync 1 DAGs
[2025-04-17T05:58:21.061+0000] {logging_mixin.py:190} INFO - [2025-04-17T05:58:21.056+0000] {dag.py:4180} INFO - Setting next_dagrun for tutorial_taskflow_templates to 2025-04-16 00:00:00+00:00, run_after=2025-04-17 00:00:00+00:00
[2025-04-17T05:58:21.121+0000] {processor.py:208} INFO - Processing /home/airflow/.local/lib/python3.12/site-packages/airflow/example_dags/tutorial_taskflow_templates.py took 0.348 seconds
[2025-04-17T05:58:52.013+0000] {processor.py:186} INFO - Started process (PID=347) to work on /home/airflow/.local/lib/python3.12/site-packages/airflow/example_dags/tutorial_taskflow_templates.py
[2025-04-17T05:58:52.018+0000] {processor.py:914} INFO - Processing file /home/airflow/.local/lib/python3.12/site-packages/airflow/example_dags/tutorial_taskflow_templates.py for tasks to queue
[2025-04-17T05:58:52.027+0000] {logging_mixin.py:190} INFO - [2025-04-17T05:58:52.026+0000] {dagbag.py:588} INFO - Filling up the DagBag from /home/airflow/.local/lib/python3.12/site-packages/airflow/example_dags/tutorial_taskflow_templates.py
[2025-04-17T05:58:52.048+0000] {processor.py:925} INFO - DAG(s) 'tutorial_taskflow_templates' retrieved from /home/airflow/.local/lib/python3.12/site-packages/airflow/example_dags/tutorial_taskflow_templates.py
[2025-04-17T05:58:52.071+0000] {logging_mixin.py:190} INFO - [2025-04-17T05:58:52.071+0000] {dag.py:3239} INFO - Sync 1 DAGs
[2025-04-17T05:58:52.094+0000] {logging_mixin.py:190} INFO - [2025-04-17T05:58:52.093+0000] {dag.py:4180} INFO - Setting next_dagrun for tutorial_taskflow_templates to 2025-04-16 00:00:00+00:00, run_after=2025-04-17 00:00:00+00:00
[2025-04-17T05:58:52.112+0000] {processor.py:208} INFO - Processing /home/airflow/.local/lib/python3.12/site-packages/airflow/example_dags/tutorial_taskflow_templates.py took 0.105 seconds
[2025-04-17T05:59:22.269+0000] {processor.py:186} INFO - Started process (PID=410) to work on /home/airflow/.local/lib/python3.12/site-packages/airflow/example_dags/tutorial_taskflow_templates.py
[2025-04-17T05:59:22.272+0000] {processor.py:914} INFO - Processing file /home/airflow/.local/lib/python3.12/site-packages/airflow/example_dags/tutorial_taskflow_templates.py for tasks to queue
[2025-04-17T05:59:22.276+0000] {logging_mixin.py:190} INFO - [2025-04-17T05:59:22.275+0000] {dagbag.py:588} INFO - Filling up the DagBag from /home/airflow/.local/lib/python3.12/site-packages/airflow/example_dags/tutorial_taskflow_templates.py
[2025-04-17T05:59:22.317+0000] {processor.py:925} INFO - DAG(s) 'tutorial_taskflow_templates' retrieved from /home/airflow/.local/lib/python3.12/site-packages/airflow/example_dags/tutorial_taskflow_templates.py
[2025-04-17T05:59:22.350+0000] {logging_mixin.py:190} INFO - [2025-04-17T05:59:22.350+0000] {dag.py:3239} INFO - Sync 1 DAGs
[2025-04-17T05:59:22.403+0000] {logging_mixin.py:190} INFO - [2025-04-17T05:59:22.402+0000] {dag.py:4180} INFO - Setting next_dagrun for tutorial_taskflow_templates to 2025-04-16 00:00:00+00:00, run_after=2025-04-17 00:00:00+00:00
[2025-04-17T05:59:22.446+0000] {processor.py:208} INFO - Processing /home/airflow/.local/lib/python3.12/site-packages/airflow/example_dags/tutorial_taskflow_templates.py took 0.190 seconds
[2025-04-17T05:59:52.595+0000] {processor.py:186} INFO - Started process (PID=473) to work on /home/airflow/.local/lib/python3.12/site-packages/airflow/example_dags/tutorial_taskflow_templates.py
[2025-04-17T05:59:52.597+0000] {processor.py:914} INFO - Processing file /home/airflow/.local/lib/python3.12/site-packages/airflow/example_dags/tutorial_taskflow_templates.py for tasks to queue
[2025-04-17T05:59:52.600+0000] {logging_mixin.py:190} INFO - [2025-04-17T05:59:52.600+0000] {dagbag.py:588} INFO - Filling up the DagBag from /home/airflow/.local/lib/python3.12/site-packages/airflow/example_dags/tutorial_taskflow_templates.py
[2025-04-17T05:59:52.617+0000] {processor.py:925} INFO - DAG(s) 'tutorial_taskflow_templates' retrieved from /home/airflow/.local/lib/python3.12/site-packages/airflow/example_dags/tutorial_taskflow_templates.py
[2025-04-17T05:59:52.644+0000] {logging_mixin.py:190} INFO - [2025-04-17T05:59:52.643+0000] {dag.py:3239} INFO - Sync 1 DAGs
[2025-04-17T05:59:52.666+0000] {logging_mixin.py:190} INFO - [2025-04-17T05:59:52.666+0000] {dag.py:4180} INFO - Setting next_dagrun for tutorial_taskflow_templates to 2025-04-16 00:00:00+00:00, run_after=2025-04-17 00:00:00+00:00
[2025-04-17T05:59:52.687+0000] {processor.py:208} INFO - Processing /home/airflow/.local/lib/python3.12/site-packages/airflow/example_dags/tutorial_taskflow_templates.py took 0.099 seconds
[2025-04-17T06:00:22.796+0000] {processor.py:186} INFO - Started process (PID=536) to work on /home/airflow/.local/lib/python3.12/site-packages/airflow/example_dags/tutorial_taskflow_templates.py
[2025-04-17T06:00:22.798+0000] {processor.py:914} INFO - Processing file /home/airflow/.local/lib/python3.12/site-packages/airflow/example_dags/tutorial_taskflow_templates.py for tasks to queue
[2025-04-17T06:00:22.805+0000] {logging_mixin.py:190} INFO - [2025-04-17T06:00:22.804+0000] {dagbag.py:588} INFO - Filling up the DagBag from /home/airflow/.local/lib/python3.12/site-packages/airflow/example_dags/tutorial_taskflow_templates.py
[2025-04-17T06:00:22.828+0000] {processor.py:925} INFO - DAG(s) 'tutorial_taskflow_templates' retrieved from /home/airflow/.local/lib/python3.12/site-packages/airflow/example_dags/tutorial_taskflow_templates.py
[2025-04-17T06:00:22.856+0000] {logging_mixin.py:190} INFO - [2025-04-17T06:00:22.855+0000] {dag.py:3239} INFO - Sync 1 DAGs
[2025-04-17T06:00:22.883+0000] {logging_mixin.py:190} INFO - [2025-04-17T06:00:22.883+0000] {dag.py:4180} INFO - Setting next_dagrun for tutorial_taskflow_templates to 2025-04-16 00:00:00+00:00, run_after=2025-04-17 00:00:00+00:00
[2025-04-17T06:00:22.922+0000] {processor.py:208} INFO - Processing /home/airflow/.local/lib/python3.12/site-packages/airflow/example_dags/tutorial_taskflow_templates.py took 0.136 seconds
[2025-04-17T06:00:53.954+0000] {processor.py:186} INFO - Started process (PID=599) to work on /home/airflow/.local/lib/python3.12/site-packages/airflow/example_dags/tutorial_taskflow_templates.py
[2025-04-17T06:00:53.956+0000] {processor.py:914} INFO - Processing file /home/airflow/.local/lib/python3.12/site-packages/airflow/example_dags/tutorial_taskflow_templates.py for tasks to queue
[2025-04-17T06:00:53.958+0000] {logging_mixin.py:190} INFO - [2025-04-17T06:00:53.958+0000] {dagbag.py:588} INFO - Filling up the DagBag from /home/airflow/.local/lib/python3.12/site-packages/airflow/example_dags/tutorial_taskflow_templates.py
[2025-04-17T06:00:53.969+0000] {processor.py:925} INFO - DAG(s) 'tutorial_taskflow_templates' retrieved from /home/airflow/.local/lib/python3.12/site-packages/airflow/example_dags/tutorial_taskflow_templates.py
[2025-04-17T06:00:53.988+0000] {logging_mixin.py:190} INFO - [2025-04-17T06:00:53.988+0000] {dag.py:3239} INFO - Sync 1 DAGs
[2025-04-17T06:00:54.014+0000] {logging_mixin.py:190} INFO - [2025-04-17T06:00:54.014+0000] {dag.py:4180} INFO - Setting next_dagrun for tutorial_taskflow_templates to 2025-04-16 00:00:00+00:00, run_after=2025-04-17 00:00:00+00:00
[2025-04-17T06:00:54.041+0000] {processor.py:208} INFO - Processing /home/airflow/.local/lib/python3.12/site-packages/airflow/example_dags/tutorial_taskflow_templates.py took 0.093 seconds
[2025-04-17T06:01:24.692+0000] {processor.py:186} INFO - Started process (PID=662) to work on /home/airflow/.local/lib/python3.12/site-packages/airflow/example_dags/tutorial_taskflow_templates.py
[2025-04-17T06:01:24.695+0000] {processor.py:914} INFO - Processing file /home/airflow/.local/lib/python3.12/site-packages/airflow/example_dags/tutorial_taskflow_templates.py for tasks to queue
[2025-04-17T06:01:24.703+0000] {logging_mixin.py:190} INFO - [2025-04-17T06:01:24.703+0000] {dagbag.py:588} INFO - Filling up the DagBag from /home/airflow/.local/lib/python3.12/site-packages/airflow/example_dags/tutorial_taskflow_templates.py
[2025-04-17T06:01:24.739+0000] {processor.py:925} INFO - DAG(s) 'tutorial_taskflow_templates' retrieved from /home/airflow/.local/lib/python3.12/site-packages/airflow/example_dags/tutorial_taskflow_templates.py
[2025-04-17T06:01:24.766+0000] {logging_mixin.py:190} INFO - [2025-04-17T06:01:24.765+0000] {dag.py:3239} INFO - Sync 1 DAGs
[2025-04-17T06:01:24.790+0000] {logging_mixin.py:190} INFO - [2025-04-17T06:01:24.790+0000] {dag.py:4180} INFO - Setting next_dagrun for tutorial_taskflow_templates to 2025-04-16 00:00:00+00:00, run_after=2025-04-17 00:00:00+00:00
[2025-04-17T06:01:24.809+0000] {processor.py:208} INFO - Processing /home/airflow/.local/lib/python3.12/site-packages/airflow/example_dags/tutorial_taskflow_templates.py took 0.126 seconds
[2025-04-17T06:01:54.969+0000] {processor.py:186} INFO - Started process (PID=725) to work on /home/airflow/.local/lib/python3.12/site-packages/airflow/example_dags/tutorial_taskflow_templates.py
[2025-04-17T06:01:54.972+0000] {processor.py:914} INFO - Processing file /home/airflow/.local/lib/python3.12/site-packages/airflow/example_dags/tutorial_taskflow_templates.py for tasks to queue
[2025-04-17T06:01:54.978+0000] {logging_mixin.py:190} INFO - [2025-04-17T06:01:54.977+0000] {dagbag.py:588} INFO - Filling up the DagBag from /home/airflow/.local/lib/python3.12/site-packages/airflow/example_dags/tutorial_taskflow_templates.py
[2025-04-17T06:01:54.996+0000] {processor.py:925} INFO - DAG(s) 'tutorial_taskflow_templates' retrieved from /home/airflow/.local/lib/python3.12/site-packages/airflow/example_dags/tutorial_taskflow_templates.py
[2025-04-17T06:01:55.024+0000] {logging_mixin.py:190} INFO - [2025-04-17T06:01:55.024+0000] {dag.py:3239} INFO - Sync 1 DAGs
[2025-04-17T06:01:55.051+0000] {logging_mixin.py:190} INFO - [2025-04-17T06:01:55.051+0000] {dag.py:4180} INFO - Setting next_dagrun for tutorial_taskflow_templates to 2025-04-16 00:00:00+00:00, run_after=2025-04-17 00:00:00+00:00
[2025-04-17T06:01:55.072+0000] {processor.py:208} INFO - Processing /home/airflow/.local/lib/python3.12/site-packages/airflow/example_dags/tutorial_taskflow_templates.py took 0.114 seconds
[2025-04-17T06:02:25.791+0000] {processor.py:186} INFO - Started process (PID=788) to work on /home/airflow/.local/lib/python3.12/site-packages/airflow/example_dags/tutorial_taskflow_templates.py
[2025-04-17T06:02:25.793+0000] {processor.py:914} INFO - Processing file /home/airflow/.local/lib/python3.12/site-packages/airflow/example_dags/tutorial_taskflow_templates.py for tasks to queue
[2025-04-17T06:02:25.800+0000] {logging_mixin.py:190} INFO - [2025-04-17T06:02:25.798+0000] {dagbag.py:588} INFO - Filling up the DagBag from /home/airflow/.local/lib/python3.12/site-packages/airflow/example_dags/tutorial_taskflow_templates.py
[2025-04-17T06:02:25.820+0000] {processor.py:925} INFO - DAG(s) 'tutorial_taskflow_templates' retrieved from /home/airflow/.local/lib/python3.12/site-packages/airflow/example_dags/tutorial_taskflow_templates.py
[2025-04-17T06:02:25.842+0000] {logging_mixin.py:190} INFO - [2025-04-17T06:02:25.841+0000] {dag.py:3239} INFO - Sync 1 DAGs
[2025-04-17T06:02:25.862+0000] {logging_mixin.py:190} INFO - [2025-04-17T06:02:25.861+0000] {dag.py:4180} INFO - Setting next_dagrun for tutorial_taskflow_templates to 2025-04-16 00:00:00+00:00, run_after=2025-04-17 00:00:00+00:00
[2025-04-17T06:02:25.879+0000] {processor.py:208} INFO - Processing /home/airflow/.local/lib/python3.12/site-packages/airflow/example_dags/tutorial_taskflow_templates.py took 0.097 seconds
[2025-04-17T06:02:56.170+0000] {processor.py:186} INFO - Started process (PID=851) to work on /home/airflow/.local/lib/python3.12/site-packages/airflow/example_dags/tutorial_taskflow_templates.py
[2025-04-17T06:02:56.173+0000] {processor.py:914} INFO - Processing file /home/airflow/.local/lib/python3.12/site-packages/airflow/example_dags/tutorial_taskflow_templates.py for tasks to queue
[2025-04-17T06:02:56.179+0000] {logging_mixin.py:190} INFO - [2025-04-17T06:02:56.178+0000] {dagbag.py:588} INFO - Filling up the DagBag from /home/airflow/.local/lib/python3.12/site-packages/airflow/example_dags/tutorial_taskflow_templates.py
[2025-04-17T06:02:56.198+0000] {processor.py:925} INFO - DAG(s) 'tutorial_taskflow_templates' retrieved from /home/airflow/.local/lib/python3.12/site-packages/airflow/example_dags/tutorial_taskflow_templates.py
[2025-04-17T06:02:56.220+0000] {logging_mixin.py:190} INFO - [2025-04-17T06:02:56.219+0000] {dag.py:3239} INFO - Sync 1 DAGs
[2025-04-17T06:02:56.240+0000] {logging_mixin.py:190} INFO - [2025-04-17T06:02:56.240+0000] {dag.py:4180} INFO - Setting next_dagrun for tutorial_taskflow_templates to 2025-04-16 00:00:00+00:00, run_after=2025-04-17 00:00:00+00:00
[2025-04-17T06:02:56.277+0000] {processor.py:208} INFO - Processing /home/airflow/.local/lib/python3.12/site-packages/airflow/example_dags/tutorial_taskflow_templates.py took 0.121 seconds
[2025-04-17T06:03:27.003+0000] {processor.py:186} INFO - Started process (PID=914) to work on /home/airflow/.local/lib/python3.12/site-packages/airflow/example_dags/tutorial_taskflow_templates.py
[2025-04-17T06:03:27.006+0000] {processor.py:914} INFO - Processing file /home/airflow/.local/lib/python3.12/site-packages/airflow/example_dags/tutorial_taskflow_templates.py for tasks to queue
[2025-04-17T06:03:27.012+0000] {logging_mixin.py:190} INFO - [2025-04-17T06:03:27.011+0000] {dagbag.py:588} INFO - Filling up the DagBag from /home/airflow/.local/lib/python3.12/site-packages/airflow/example_dags/tutorial_taskflow_templates.py
[2025-04-17T06:03:27.036+0000] {processor.py:925} INFO - DAG(s) 'tutorial_taskflow_templates' retrieved from /home/airflow/.local/lib/python3.12/site-packages/airflow/example_dags/tutorial_taskflow_templates.py
[2025-04-17T06:03:27.062+0000] {logging_mixin.py:190} INFO - [2025-04-17T06:03:27.062+0000] {dag.py:3239} INFO - Sync 1 DAGs
[2025-04-17T06:03:27.086+0000] {logging_mixin.py:190} INFO - [2025-04-17T06:03:27.086+0000] {dag.py:4180} INFO - Setting next_dagrun for tutorial_taskflow_templates to 2025-04-16 00:00:00+00:00, run_after=2025-04-17 00:00:00+00:00
[2025-04-17T06:03:27.103+0000] {processor.py:208} INFO - Processing /home/airflow/.local/lib/python3.12/site-packages/airflow/example_dags/tutorial_taskflow_templates.py took 0.112 seconds
[2025-04-17T06:10:49.402+0000] {processor.py:186} INFO - Started process (PID=97) to work on /home/airflow/.local/lib/python3.12/site-packages/airflow/example_dags/tutorial_taskflow_templates.py
[2025-04-17T06:10:49.407+0000] {processor.py:914} INFO - Processing file /home/airflow/.local/lib/python3.12/site-packages/airflow/example_dags/tutorial_taskflow_templates.py for tasks to queue
[2025-04-17T06:10:49.416+0000] {logging_mixin.py:190} INFO - [2025-04-17T06:10:49.415+0000] {dagbag.py:588} INFO - Filling up the DagBag from /home/airflow/.local/lib/python3.12/site-packages/airflow/example_dags/tutorial_taskflow_templates.py
[2025-04-17T06:10:49.476+0000] {processor.py:925} INFO - DAG(s) 'tutorial_taskflow_templates' retrieved from /home/airflow/.local/lib/python3.12/site-packages/airflow/example_dags/tutorial_taskflow_templates.py
[2025-04-17T06:10:49.642+0000] {logging_mixin.py:190} INFO - [2025-04-17T06:10:49.641+0000] {dag.py:3239} INFO - Sync 1 DAGs
[2025-04-17T06:10:49.749+0000] {logging_mixin.py:190} INFO - [2025-04-17T06:10:49.747+0000] {dag.py:4180} INFO - Setting next_dagrun for tutorial_taskflow_templates to 2025-04-16 00:00:00+00:00, run_after=2025-04-17 00:00:00+00:00
[2025-04-17T06:10:49.867+0000] {processor.py:208} INFO - Processing /home/airflow/.local/lib/python3.12/site-packages/airflow/example_dags/tutorial_taskflow_templates.py took 0.503 seconds
[2025-04-17T06:11:20.313+0000] {processor.py:186} INFO - Started process (PID=160) to work on /home/airflow/.local/lib/python3.12/site-packages/airflow/example_dags/tutorial_taskflow_templates.py
[2025-04-17T06:11:20.315+0000] {processor.py:914} INFO - Processing file /home/airflow/.local/lib/python3.12/site-packages/airflow/example_dags/tutorial_taskflow_templates.py for tasks to queue
[2025-04-17T06:11:20.323+0000] {logging_mixin.py:190} INFO - [2025-04-17T06:11:20.322+0000] {dagbag.py:588} INFO - Filling up the DagBag from /home/airflow/.local/lib/python3.12/site-packages/airflow/example_dags/tutorial_taskflow_templates.py
[2025-04-17T06:11:20.355+0000] {processor.py:925} INFO - DAG(s) 'tutorial_taskflow_templates' retrieved from /home/airflow/.local/lib/python3.12/site-packages/airflow/example_dags/tutorial_taskflow_templates.py
[2025-04-17T06:11:20.409+0000] {logging_mixin.py:190} INFO - [2025-04-17T06:11:20.408+0000] {dag.py:3239} INFO - Sync 1 DAGs
[2025-04-17T06:11:20.464+0000] {logging_mixin.py:190} INFO - [2025-04-17T06:11:20.463+0000] {dag.py:4180} INFO - Setting next_dagrun for tutorial_taskflow_templates to 2025-04-16 00:00:00+00:00, run_after=2025-04-17 00:00:00+00:00
[2025-04-17T06:11:20.514+0000] {processor.py:208} INFO - Processing /home/airflow/.local/lib/python3.12/site-packages/airflow/example_dags/tutorial_taskflow_templates.py took 0.217 seconds
[2025-04-17T06:11:51.019+0000] {processor.py:186} INFO - Started process (PID=222) to work on /home/airflow/.local/lib/python3.12/site-packages/airflow/example_dags/tutorial_taskflow_templates.py
[2025-04-17T06:11:51.022+0000] {processor.py:914} INFO - Processing file /home/airflow/.local/lib/python3.12/site-packages/airflow/example_dags/tutorial_taskflow_templates.py for tasks to queue
[2025-04-17T06:11:51.025+0000] {logging_mixin.py:190} INFO - [2025-04-17T06:11:51.025+0000] {dagbag.py:588} INFO - Filling up the DagBag from /home/airflow/.local/lib/python3.12/site-packages/airflow/example_dags/tutorial_taskflow_templates.py
[2025-04-17T06:11:51.036+0000] {processor.py:925} INFO - DAG(s) 'tutorial_taskflow_templates' retrieved from /home/airflow/.local/lib/python3.12/site-packages/airflow/example_dags/tutorial_taskflow_templates.py
[2025-04-17T06:11:51.056+0000] {logging_mixin.py:190} INFO - [2025-04-17T06:11:51.055+0000] {dag.py:3239} INFO - Sync 1 DAGs
[2025-04-17T06:11:51.076+0000] {logging_mixin.py:190} INFO - [2025-04-17T06:11:51.075+0000] {dag.py:4180} INFO - Setting next_dagrun for tutorial_taskflow_templates to 2025-04-16 00:00:00+00:00, run_after=2025-04-17 00:00:00+00:00
[2025-04-17T06:11:51.107+0000] {processor.py:208} INFO - Processing /home/airflow/.local/lib/python3.12/site-packages/airflow/example_dags/tutorial_taskflow_templates.py took 0.094 seconds
[2025-04-17T06:12:21.494+0000] {processor.py:186} INFO - Started process (PID=285) to work on /home/airflow/.local/lib/python3.12/site-packages/airflow/example_dags/tutorial_taskflow_templates.py
[2025-04-17T06:12:21.496+0000] {processor.py:914} INFO - Processing file /home/airflow/.local/lib/python3.12/site-packages/airflow/example_dags/tutorial_taskflow_templates.py for tasks to queue
[2025-04-17T06:12:21.501+0000] {logging_mixin.py:190} INFO - [2025-04-17T06:12:21.501+0000] {dagbag.py:588} INFO - Filling up the DagBag from /home/airflow/.local/lib/python3.12/site-packages/airflow/example_dags/tutorial_taskflow_templates.py
[2025-04-17T06:12:21.525+0000] {processor.py:925} INFO - DAG(s) 'tutorial_taskflow_templates' retrieved from /home/airflow/.local/lib/python3.12/site-packages/airflow/example_dags/tutorial_taskflow_templates.py
[2025-04-17T06:12:21.562+0000] {logging_mixin.py:190} INFO - [2025-04-17T06:12:21.561+0000] {dag.py:3239} INFO - Sync 1 DAGs
[2025-04-17T06:12:21.604+0000] {logging_mixin.py:190} INFO - [2025-04-17T06:12:21.603+0000] {dag.py:4180} INFO - Setting next_dagrun for tutorial_taskflow_templates to 2025-04-16 00:00:00+00:00, run_after=2025-04-17 00:00:00+00:00
[2025-04-17T06:12:21.639+0000] {processor.py:208} INFO - Processing /home/airflow/.local/lib/python3.12/site-packages/airflow/example_dags/tutorial_taskflow_templates.py took 0.157 seconds
[2025-04-17T06:12:51.849+0000] {processor.py:186} INFO - Started process (PID=348) to work on /home/airflow/.local/lib/python3.12/site-packages/airflow/example_dags/tutorial_taskflow_templates.py
[2025-04-17T06:12:51.850+0000] {processor.py:914} INFO - Processing file /home/airflow/.local/lib/python3.12/site-packages/airflow/example_dags/tutorial_taskflow_templates.py for tasks to queue
[2025-04-17T06:12:51.855+0000] {logging_mixin.py:190} INFO - [2025-04-17T06:12:51.854+0000] {dagbag.py:588} INFO - Filling up the DagBag from /home/airflow/.local/lib/python3.12/site-packages/airflow/example_dags/tutorial_taskflow_templates.py
[2025-04-17T06:12:51.873+0000] {processor.py:925} INFO - DAG(s) 'tutorial_taskflow_templates' retrieved from /home/airflow/.local/lib/python3.12/site-packages/airflow/example_dags/tutorial_taskflow_templates.py
[2025-04-17T06:12:51.898+0000] {logging_mixin.py:190} INFO - [2025-04-17T06:12:51.897+0000] {dag.py:3239} INFO - Sync 1 DAGs
[2025-04-17T06:12:51.938+0000] {logging_mixin.py:190} INFO - [2025-04-17T06:12:51.938+0000] {dag.py:4180} INFO - Setting next_dagrun for tutorial_taskflow_templates to 2025-04-16 00:00:00+00:00, run_after=2025-04-17 00:00:00+00:00
[2025-04-17T06:12:51.983+0000] {processor.py:208} INFO - Processing /home/airflow/.local/lib/python3.12/site-packages/airflow/example_dags/tutorial_taskflow_templates.py took 0.140 seconds
[2025-04-17T06:13:22.881+0000] {processor.py:186} INFO - Started process (PID=411) to work on /home/airflow/.local/lib/python3.12/site-packages/airflow/example_dags/tutorial_taskflow_templates.py
[2025-04-17T06:13:22.883+0000] {processor.py:914} INFO - Processing file /home/airflow/.local/lib/python3.12/site-packages/airflow/example_dags/tutorial_taskflow_templates.py for tasks to queue
[2025-04-17T06:13:22.888+0000] {logging_mixin.py:190} INFO - [2025-04-17T06:13:22.887+0000] {dagbag.py:588} INFO - Filling up the DagBag from /home/airflow/.local/lib/python3.12/site-packages/airflow/example_dags/tutorial_taskflow_templates.py
[2025-04-17T06:13:22.910+0000] {processor.py:925} INFO - DAG(s) 'tutorial_taskflow_templates' retrieved from /home/airflow/.local/lib/python3.12/site-packages/airflow/example_dags/tutorial_taskflow_templates.py
[2025-04-17T06:13:22.947+0000] {logging_mixin.py:190} INFO - [2025-04-17T06:13:22.946+0000] {dag.py:3239} INFO - Sync 1 DAGs
[2025-04-17T06:13:23.004+0000] {logging_mixin.py:190} INFO - [2025-04-17T06:13:23.004+0000] {dag.py:4180} INFO - Setting next_dagrun for tutorial_taskflow_templates to 2025-04-16 00:00:00+00:00, run_after=2025-04-17 00:00:00+00:00
[2025-04-17T06:13:23.056+0000] {processor.py:208} INFO - Processing /home/airflow/.local/lib/python3.12/site-packages/airflow/example_dags/tutorial_taskflow_templates.py took 0.186 seconds
[2025-04-17T06:14:04.486+0000] {processor.py:186} INFO - Started process (PID=467) to work on /home/airflow/.local/lib/python3.12/site-packages/airflow/example_dags/tutorial_taskflow_templates.py
[2025-04-17T06:14:04.500+0000] {processor.py:914} INFO - Processing file /home/airflow/.local/lib/python3.12/site-packages/airflow/example_dags/tutorial_taskflow_templates.py for tasks to queue
[2025-04-17T06:14:04.512+0000] {logging_mixin.py:190} INFO - [2025-04-17T06:14:04.508+0000] {dagbag.py:588} INFO - Filling up the DagBag from /home/airflow/.local/lib/python3.12/site-packages/airflow/example_dags/tutorial_taskflow_templates.py
[2025-04-17T06:14:04.608+0000] {processor.py:925} INFO - DAG(s) 'tutorial_taskflow_templates' retrieved from /home/airflow/.local/lib/python3.12/site-packages/airflow/example_dags/tutorial_taskflow_templates.py
[2025-04-17T06:14:04.745+0000] {logging_mixin.py:190} INFO - [2025-04-17T06:14:04.744+0000] {dag.py:3239} INFO - Sync 1 DAGs
[2025-04-17T06:14:04.928+0000] {logging_mixin.py:190} INFO - [2025-04-17T06:14:04.926+0000] {dag.py:4180} INFO - Setting next_dagrun for tutorial_taskflow_templates to 2025-04-16 00:00:00+00:00, run_after=2025-04-17 00:00:00+00:00
[2025-04-17T06:14:05.105+0000] {processor.py:208} INFO - Processing /home/airflow/.local/lib/python3.12/site-packages/airflow/example_dags/tutorial_taskflow_templates.py took 0.658 seconds
[2025-04-17T06:14:36.021+0000] {processor.py:186} INFO - Started process (PID=531) to work on /home/airflow/.local/lib/python3.12/site-packages/airflow/example_dags/tutorial_taskflow_templates.py
[2025-04-17T06:14:36.024+0000] {processor.py:914} INFO - Processing file /home/airflow/.local/lib/python3.12/site-packages/airflow/example_dags/tutorial_taskflow_templates.py for tasks to queue
[2025-04-17T06:14:36.032+0000] {logging_mixin.py:190} INFO - [2025-04-17T06:14:36.031+0000] {dagbag.py:588} INFO - Filling up the DagBag from /home/airflow/.local/lib/python3.12/site-packages/airflow/example_dags/tutorial_taskflow_templates.py
[2025-04-17T06:14:36.102+0000] {processor.py:925} INFO - DAG(s) 'tutorial_taskflow_templates' retrieved from /home/airflow/.local/lib/python3.12/site-packages/airflow/example_dags/tutorial_taskflow_templates.py
[2025-04-17T06:14:36.205+0000] {logging_mixin.py:190} INFO - [2025-04-17T06:14:36.204+0000] {dag.py:3239} INFO - Sync 1 DAGs
[2025-04-17T06:14:36.352+0000] {logging_mixin.py:190} INFO - [2025-04-17T06:14:36.341+0000] {dag.py:4180} INFO - Setting next_dagrun for tutorial_taskflow_templates to 2025-04-16 00:00:00+00:00, run_after=2025-04-17 00:00:00+00:00
[2025-04-17T06:14:36.464+0000] {processor.py:208} INFO - Processing /home/airflow/.local/lib/python3.12/site-packages/airflow/example_dags/tutorial_taskflow_templates.py took 0.475 seconds
[2025-04-17T06:15:08.907+0000] {processor.py:186} INFO - Started process (PID=594) to work on /home/airflow/.local/lib/python3.12/site-packages/airflow/example_dags/tutorial_taskflow_templates.py
[2025-04-17T06:15:08.913+0000] {processor.py:914} INFO - Processing file /home/airflow/.local/lib/python3.12/site-packages/airflow/example_dags/tutorial_taskflow_templates.py for tasks to queue
[2025-04-17T06:15:08.940+0000] {logging_mixin.py:190} INFO - [2025-04-17T06:15:08.938+0000] {dagbag.py:588} INFO - Filling up the DagBag from /home/airflow/.local/lib/python3.12/site-packages/airflow/example_dags/tutorial_taskflow_templates.py
[2025-04-17T06:15:09.063+0000] {processor.py:925} INFO - DAG(s) 'tutorial_taskflow_templates' retrieved from /home/airflow/.local/lib/python3.12/site-packages/airflow/example_dags/tutorial_taskflow_templates.py
[2025-04-17T06:15:09.218+0000] {logging_mixin.py:190} INFO - [2025-04-17T06:15:09.217+0000] {dag.py:3239} INFO - Sync 1 DAGs
[2025-04-17T06:15:09.524+0000] {logging_mixin.py:190} INFO - [2025-04-17T06:15:09.524+0000] {dag.py:4180} INFO - Setting next_dagrun for tutorial_taskflow_templates to 2025-04-16 00:00:00+00:00, run_after=2025-04-17 00:00:00+00:00
[2025-04-17T06:15:09.768+0000] {processor.py:208} INFO - Processing /home/airflow/.local/lib/python3.12/site-packages/airflow/example_dags/tutorial_taskflow_templates.py took 0.918 seconds
[2025-04-17T06:15:40.541+0000] {processor.py:186} INFO - Started process (PID=657) to work on /home/airflow/.local/lib/python3.12/site-packages/airflow/example_dags/tutorial_taskflow_templates.py
[2025-04-17T06:15:40.546+0000] {processor.py:914} INFO - Processing file /home/airflow/.local/lib/python3.12/site-packages/airflow/example_dags/tutorial_taskflow_templates.py for tasks to queue
[2025-04-17T06:15:40.555+0000] {logging_mixin.py:190} INFO - [2025-04-17T06:15:40.554+0000] {dagbag.py:588} INFO - Filling up the DagBag from /home/airflow/.local/lib/python3.12/site-packages/airflow/example_dags/tutorial_taskflow_templates.py
[2025-04-17T06:15:40.614+0000] {processor.py:925} INFO - DAG(s) 'tutorial_taskflow_templates' retrieved from /home/airflow/.local/lib/python3.12/site-packages/airflow/example_dags/tutorial_taskflow_templates.py
[2025-04-17T06:15:40.701+0000] {logging_mixin.py:190} INFO - [2025-04-17T06:15:40.700+0000] {dag.py:3239} INFO - Sync 1 DAGs
[2025-04-17T06:15:40.748+0000] {logging_mixin.py:190} INFO - [2025-04-17T06:15:40.747+0000] {dag.py:4180} INFO - Setting next_dagrun for tutorial_taskflow_templates to 2025-04-16 00:00:00+00:00, run_after=2025-04-17 00:00:00+00:00
[2025-04-17T06:15:40.801+0000] {processor.py:208} INFO - Processing /home/airflow/.local/lib/python3.12/site-packages/airflow/example_dags/tutorial_taskflow_templates.py took 0.283 seconds
[2025-04-17T06:16:11.188+0000] {processor.py:186} INFO - Started process (PID=720) to work on /home/airflow/.local/lib/python3.12/site-packages/airflow/example_dags/tutorial_taskflow_templates.py
[2025-04-17T06:16:11.191+0000] {processor.py:914} INFO - Processing file /home/airflow/.local/lib/python3.12/site-packages/airflow/example_dags/tutorial_taskflow_templates.py for tasks to queue
[2025-04-17T06:16:11.203+0000] {logging_mixin.py:190} INFO - [2025-04-17T06:16:11.201+0000] {dagbag.py:588} INFO - Filling up the DagBag from /home/airflow/.local/lib/python3.12/site-packages/airflow/example_dags/tutorial_taskflow_templates.py
[2025-04-17T06:16:11.234+0000] {processor.py:925} INFO - DAG(s) 'tutorial_taskflow_templates' retrieved from /home/airflow/.local/lib/python3.12/site-packages/airflow/example_dags/tutorial_taskflow_templates.py
[2025-04-17T06:16:11.262+0000] {logging_mixin.py:190} INFO - [2025-04-17T06:16:11.261+0000] {dag.py:3239} INFO - Sync 1 DAGs
[2025-04-17T06:16:11.289+0000] {logging_mixin.py:190} INFO - [2025-04-17T06:16:11.289+0000] {dag.py:4180} INFO - Setting next_dagrun for tutorial_taskflow_templates to 2025-04-16 00:00:00+00:00, run_after=2025-04-17 00:00:00+00:00
[2025-04-17T06:16:11.329+0000] {processor.py:208} INFO - Processing /home/airflow/.local/lib/python3.12/site-packages/airflow/example_dags/tutorial_taskflow_templates.py took 0.161 seconds
[2025-04-17T06:16:41.554+0000] {processor.py:186} INFO - Started process (PID=783) to work on /home/airflow/.local/lib/python3.12/site-packages/airflow/example_dags/tutorial_taskflow_templates.py
[2025-04-17T06:16:41.558+0000] {processor.py:914} INFO - Processing file /home/airflow/.local/lib/python3.12/site-packages/airflow/example_dags/tutorial_taskflow_templates.py for tasks to queue
[2025-04-17T06:16:41.563+0000] {logging_mixin.py:190} INFO - [2025-04-17T06:16:41.562+0000] {dagbag.py:588} INFO - Filling up the DagBag from /home/airflow/.local/lib/python3.12/site-packages/airflow/example_dags/tutorial_taskflow_templates.py
[2025-04-17T06:16:41.598+0000] {processor.py:925} INFO - DAG(s) 'tutorial_taskflow_templates' retrieved from /home/airflow/.local/lib/python3.12/site-packages/airflow/example_dags/tutorial_taskflow_templates.py
[2025-04-17T06:16:41.631+0000] {logging_mixin.py:190} INFO - [2025-04-17T06:16:41.630+0000] {dag.py:3239} INFO - Sync 1 DAGs
[2025-04-17T06:16:41.652+0000] {logging_mixin.py:190} INFO - [2025-04-17T06:16:41.651+0000] {dag.py:4180} INFO - Setting next_dagrun for tutorial_taskflow_templates to 2025-04-16 00:00:00+00:00, run_after=2025-04-17 00:00:00+00:00
[2025-04-17T06:16:41.674+0000] {processor.py:208} INFO - Processing /home/airflow/.local/lib/python3.12/site-packages/airflow/example_dags/tutorial_taskflow_templates.py took 0.133 seconds
[2025-04-17T06:17:12.050+0000] {processor.py:186} INFO - Started process (PID=846) to work on /home/airflow/.local/lib/python3.12/site-packages/airflow/example_dags/tutorial_taskflow_templates.py
[2025-04-17T06:17:12.051+0000] {processor.py:914} INFO - Processing file /home/airflow/.local/lib/python3.12/site-packages/airflow/example_dags/tutorial_taskflow_templates.py for tasks to queue
[2025-04-17T06:17:12.054+0000] {logging_mixin.py:190} INFO - [2025-04-17T06:17:12.054+0000] {dagbag.py:588} INFO - Filling up the DagBag from /home/airflow/.local/lib/python3.12/site-packages/airflow/example_dags/tutorial_taskflow_templates.py
[2025-04-17T06:17:12.066+0000] {processor.py:925} INFO - DAG(s) 'tutorial_taskflow_templates' retrieved from /home/airflow/.local/lib/python3.12/site-packages/airflow/example_dags/tutorial_taskflow_templates.py
[2025-04-17T06:17:12.085+0000] {logging_mixin.py:190} INFO - [2025-04-17T06:17:12.085+0000] {dag.py:3239} INFO - Sync 1 DAGs
[2025-04-17T06:17:12.113+0000] {logging_mixin.py:190} INFO - [2025-04-17T06:17:12.113+0000] {dag.py:4180} INFO - Setting next_dagrun for tutorial_taskflow_templates to 2025-04-16 00:00:00+00:00, run_after=2025-04-17 00:00:00+00:00
[2025-04-17T06:17:12.147+0000] {processor.py:208} INFO - Processing /home/airflow/.local/lib/python3.12/site-packages/airflow/example_dags/tutorial_taskflow_templates.py took 0.103 seconds
