[2025-04-24T23:09:29.831+0000] {processor.py:186} INFO - Started process (PID=76) to work on /opt/airflow/dags/tutorial_dag.py
[2025-04-24T23:09:29.835+0000] {processor.py:914} INFO - Processing file /opt/airflow/dags/tutorial_dag.py for tasks to queue
[2025-04-24T23:09:29.854+0000] {logging_mixin.py:190} INFO - [2025-04-24T23:09:29.853+0000] {dagbag.py:588} INFO - Filling up the DagBag from /opt/airflow/dags/tutorial_dag.py
[2025-04-24T23:09:30.167+0000] {processor.py:925} INFO - DAG(s) 'first_dag' retrieved from /opt/airflow/dags/tutorial_dag.py
[2025-04-24T23:09:30.334+0000] {logging_mixin.py:190} INFO - [2025-04-24T23:09:30.333+0000] {dag.py:3239} INFO - Sync 1 DAGs
[2025-04-24T23:09:30.499+0000] {logging_mixin.py:190} INFO - [2025-04-24T23:09:30.498+0000] {dag.py:4180} INFO - Setting next_dagrun for first_dag to 2025-04-23 08:00:00+00:00, run_after=2025-04-24 08:00:00+00:00
[2025-04-24T23:09:30.632+0000] {processor.py:208} INFO - Processing /opt/airflow/dags/tutorial_dag.py took 0.826 seconds
[2025-04-24T23:10:01.415+0000] {processor.py:186} INFO - Started process (PID=85) to work on /opt/airflow/dags/tutorial_dag.py
[2025-04-24T23:10:01.419+0000] {processor.py:914} INFO - Processing file /opt/airflow/dags/tutorial_dag.py for tasks to queue
[2025-04-24T23:10:01.425+0000] {logging_mixin.py:190} INFO - [2025-04-24T23:10:01.424+0000] {dagbag.py:588} INFO - Filling up the DagBag from /opt/airflow/dags/tutorial_dag.py
[2025-04-24T23:10:01.480+0000] {processor.py:925} INFO - DAG(s) 'first_dag' retrieved from /opt/airflow/dags/tutorial_dag.py
[2025-04-24T23:10:01.522+0000] {logging_mixin.py:190} INFO - [2025-04-24T23:10:01.521+0000] {dag.py:3239} INFO - Sync 1 DAGs
[2025-04-24T23:10:01.561+0000] {logging_mixin.py:190} INFO - [2025-04-24T23:10:01.560+0000] {dag.py:4180} INFO - Setting next_dagrun for first_dag to 2025-04-23 08:00:00+00:00, run_after=2025-04-24 08:00:00+00:00
[2025-04-24T23:10:01.600+0000] {processor.py:208} INFO - Processing /opt/airflow/dags/tutorial_dag.py took 0.192 seconds
[2025-04-24T23:10:32.480+0000] {processor.py:186} INFO - Started process (PID=93) to work on /opt/airflow/dags/tutorial_dag.py
[2025-04-24T23:10:32.492+0000] {processor.py:914} INFO - Processing file /opt/airflow/dags/tutorial_dag.py for tasks to queue
[2025-04-24T23:10:32.503+0000] {logging_mixin.py:190} INFO - [2025-04-24T23:10:32.501+0000] {dagbag.py:588} INFO - Filling up the DagBag from /opt/airflow/dags/tutorial_dag.py
[2025-04-24T23:10:32.579+0000] {processor.py:925} INFO - DAG(s) 'first_dag' retrieved from /opt/airflow/dags/tutorial_dag.py
[2025-04-24T23:10:32.655+0000] {logging_mixin.py:190} INFO - [2025-04-24T23:10:32.654+0000] {dag.py:3239} INFO - Sync 1 DAGs
[2025-04-24T23:10:32.737+0000] {logging_mixin.py:190} INFO - [2025-04-24T23:10:32.736+0000] {dag.py:4180} INFO - Setting next_dagrun for first_dag to 2025-04-23 08:00:00+00:00, run_after=2025-04-24 08:00:00+00:00
[2025-04-24T23:10:32.820+0000] {processor.py:208} INFO - Processing /opt/airflow/dags/tutorial_dag.py took 0.367 seconds
[2025-04-24T23:11:03.031+0000] {processor.py:186} INFO - Started process (PID=101) to work on /opt/airflow/dags/tutorial_dag.py
[2025-04-24T23:11:03.033+0000] {processor.py:914} INFO - Processing file /opt/airflow/dags/tutorial_dag.py for tasks to queue
[2025-04-24T23:11:03.036+0000] {logging_mixin.py:190} INFO - [2025-04-24T23:11:03.035+0000] {dagbag.py:588} INFO - Filling up the DagBag from /opt/airflow/dags/tutorial_dag.py
[2025-04-24T23:11:03.079+0000] {processor.py:925} INFO - DAG(s) 'first_dag' retrieved from /opt/airflow/dags/tutorial_dag.py
[2025-04-24T23:11:03.106+0000] {logging_mixin.py:190} INFO - [2025-04-24T23:11:03.105+0000] {dag.py:3239} INFO - Sync 1 DAGs
[2025-04-24T23:11:03.139+0000] {logging_mixin.py:190} INFO - [2025-04-24T23:11:03.139+0000] {dag.py:4180} INFO - Setting next_dagrun for first_dag to 2025-04-23 08:00:00+00:00, run_after=2025-04-24 08:00:00+00:00
[2025-04-24T23:11:03.164+0000] {processor.py:208} INFO - Processing /opt/airflow/dags/tutorial_dag.py took 0.140 seconds
[2025-04-24T23:11:33.658+0000] {processor.py:186} INFO - Started process (PID=109) to work on /opt/airflow/dags/tutorial_dag.py
[2025-04-24T23:11:33.659+0000] {processor.py:914} INFO - Processing file /opt/airflow/dags/tutorial_dag.py for tasks to queue
[2025-04-24T23:11:33.662+0000] {logging_mixin.py:190} INFO - [2025-04-24T23:11:33.661+0000] {dagbag.py:588} INFO - Filling up the DagBag from /opt/airflow/dags/tutorial_dag.py
[2025-04-24T23:11:33.687+0000] {processor.py:925} INFO - DAG(s) 'first_dag' retrieved from /opt/airflow/dags/tutorial_dag.py
[2025-04-24T23:11:33.706+0000] {logging_mixin.py:190} INFO - [2025-04-24T23:11:33.706+0000] {dag.py:3239} INFO - Sync 1 DAGs
[2025-04-24T23:11:33.728+0000] {logging_mixin.py:190} INFO - [2025-04-24T23:11:33.728+0000] {dag.py:4180} INFO - Setting next_dagrun for first_dag to 2025-04-23 08:00:00+00:00, run_after=2025-04-24 08:00:00+00:00
[2025-04-24T23:11:33.748+0000] {processor.py:208} INFO - Processing /opt/airflow/dags/tutorial_dag.py took 0.096 seconds
[2025-04-24T23:12:04.181+0000] {processor.py:186} INFO - Started process (PID=117) to work on /opt/airflow/dags/tutorial_dag.py
[2025-04-24T23:12:04.183+0000] {processor.py:914} INFO - Processing file /opt/airflow/dags/tutorial_dag.py for tasks to queue
[2025-04-24T23:12:04.186+0000] {logging_mixin.py:190} INFO - [2025-04-24T23:12:04.186+0000] {dagbag.py:588} INFO - Filling up the DagBag from /opt/airflow/dags/tutorial_dag.py
[2025-04-24T23:12:04.213+0000] {processor.py:925} INFO - DAG(s) 'first_dag' retrieved from /opt/airflow/dags/tutorial_dag.py
[2025-04-24T23:12:04.240+0000] {logging_mixin.py:190} INFO - [2025-04-24T23:12:04.240+0000] {dag.py:3239} INFO - Sync 1 DAGs
[2025-04-24T23:12:04.278+0000] {logging_mixin.py:190} INFO - [2025-04-24T23:12:04.277+0000] {dag.py:4180} INFO - Setting next_dagrun for first_dag to 2025-04-23 08:00:00+00:00, run_after=2025-04-24 08:00:00+00:00
[2025-04-24T23:12:04.310+0000] {processor.py:208} INFO - Processing /opt/airflow/dags/tutorial_dag.py took 0.137 seconds
[2025-04-24T23:12:34.757+0000] {processor.py:186} INFO - Started process (PID=125) to work on /opt/airflow/dags/tutorial_dag.py
[2025-04-24T23:12:34.759+0000] {processor.py:914} INFO - Processing file /opt/airflow/dags/tutorial_dag.py for tasks to queue
[2025-04-24T23:12:34.762+0000] {logging_mixin.py:190} INFO - [2025-04-24T23:12:34.762+0000] {dagbag.py:588} INFO - Filling up the DagBag from /opt/airflow/dags/tutorial_dag.py
[2025-04-24T23:12:34.794+0000] {processor.py:925} INFO - DAG(s) 'first_dag' retrieved from /opt/airflow/dags/tutorial_dag.py
[2025-04-24T23:12:34.827+0000] {logging_mixin.py:190} INFO - [2025-04-24T23:12:34.827+0000] {dag.py:3239} INFO - Sync 1 DAGs
[2025-04-24T23:12:34.885+0000] {logging_mixin.py:190} INFO - [2025-04-24T23:12:34.885+0000] {dag.py:4180} INFO - Setting next_dagrun for first_dag to 2025-04-23 08:00:00+00:00, run_after=2025-04-24 08:00:00+00:00
[2025-04-24T23:12:34.920+0000] {processor.py:208} INFO - Processing /opt/airflow/dags/tutorial_dag.py took 0.174 seconds
[2025-04-24T23:13:05.099+0000] {processor.py:186} INFO - Started process (PID=133) to work on /opt/airflow/dags/tutorial_dag.py
[2025-04-24T23:13:05.101+0000] {processor.py:914} INFO - Processing file /opt/airflow/dags/tutorial_dag.py for tasks to queue
[2025-04-24T23:13:05.104+0000] {logging_mixin.py:190} INFO - [2025-04-24T23:13:05.103+0000] {dagbag.py:588} INFO - Filling up the DagBag from /opt/airflow/dags/tutorial_dag.py
[2025-04-24T23:13:05.145+0000] {processor.py:925} INFO - DAG(s) 'first_dag' retrieved from /opt/airflow/dags/tutorial_dag.py
[2025-04-24T23:13:05.189+0000] {logging_mixin.py:190} INFO - [2025-04-24T23:13:05.188+0000] {dag.py:3239} INFO - Sync 1 DAGs
[2025-04-24T23:13:05.230+0000] {logging_mixin.py:190} INFO - [2025-04-24T23:13:05.230+0000] {dag.py:4180} INFO - Setting next_dagrun for first_dag to 2025-04-23 08:00:00+00:00, run_after=2025-04-24 08:00:00+00:00
[2025-04-24T23:13:05.257+0000] {processor.py:208} INFO - Processing /opt/airflow/dags/tutorial_dag.py took 0.163 seconds
[2025-04-24T23:13:35.641+0000] {processor.py:186} INFO - Started process (PID=141) to work on /opt/airflow/dags/tutorial_dag.py
[2025-04-24T23:13:35.644+0000] {processor.py:914} INFO - Processing file /opt/airflow/dags/tutorial_dag.py for tasks to queue
[2025-04-24T23:13:35.650+0000] {logging_mixin.py:190} INFO - [2025-04-24T23:13:35.650+0000] {dagbag.py:588} INFO - Filling up the DagBag from /opt/airflow/dags/tutorial_dag.py
[2025-04-24T23:13:35.698+0000] {processor.py:925} INFO - DAG(s) 'first_dag' retrieved from /opt/airflow/dags/tutorial_dag.py
[2025-04-24T23:13:35.758+0000] {logging_mixin.py:190} INFO - [2025-04-24T23:13:35.757+0000] {dag.py:3239} INFO - Sync 1 DAGs
[2025-04-24T23:13:35.814+0000] {logging_mixin.py:190} INFO - [2025-04-24T23:13:35.814+0000] {dag.py:4180} INFO - Setting next_dagrun for first_dag to 2025-04-23 08:00:00+00:00, run_after=2025-04-24 08:00:00+00:00
[2025-04-24T23:13:35.913+0000] {processor.py:208} INFO - Processing /opt/airflow/dags/tutorial_dag.py took 0.280 seconds
[2025-04-24T23:14:06.264+0000] {processor.py:186} INFO - Started process (PID=149) to work on /opt/airflow/dags/tutorial_dag.py
[2025-04-24T23:14:06.266+0000] {processor.py:914} INFO - Processing file /opt/airflow/dags/tutorial_dag.py for tasks to queue
[2025-04-24T23:14:06.270+0000] {logging_mixin.py:190} INFO - [2025-04-24T23:14:06.270+0000] {dagbag.py:588} INFO - Filling up the DagBag from /opt/airflow/dags/tutorial_dag.py
[2025-04-24T23:14:06.318+0000] {processor.py:925} INFO - DAG(s) 'first_dag' retrieved from /opt/airflow/dags/tutorial_dag.py
[2025-04-24T23:14:06.369+0000] {logging_mixin.py:190} INFO - [2025-04-24T23:14:06.368+0000] {dag.py:3239} INFO - Sync 1 DAGs
[2025-04-24T23:14:06.427+0000] {logging_mixin.py:190} INFO - [2025-04-24T23:14:06.426+0000] {dag.py:4180} INFO - Setting next_dagrun for first_dag to 2025-04-23 08:00:00+00:00, run_after=2025-04-24 08:00:00+00:00
[2025-04-24T23:14:06.460+0000] {processor.py:208} INFO - Processing /opt/airflow/dags/tutorial_dag.py took 0.204 seconds
[2025-04-24T23:14:36.829+0000] {processor.py:186} INFO - Started process (PID=157) to work on /opt/airflow/dags/tutorial_dag.py
[2025-04-24T23:14:36.844+0000] {processor.py:914} INFO - Processing file /opt/airflow/dags/tutorial_dag.py for tasks to queue
[2025-04-24T23:14:36.862+0000] {logging_mixin.py:190} INFO - [2025-04-24T23:14:36.861+0000] {dagbag.py:588} INFO - Filling up the DagBag from /opt/airflow/dags/tutorial_dag.py
[2025-04-24T23:14:37.179+0000] {processor.py:925} INFO - DAG(s) 'first_dag' retrieved from /opt/airflow/dags/tutorial_dag.py
[2025-04-24T23:14:37.316+0000] {logging_mixin.py:190} INFO - [2025-04-24T23:14:37.316+0000] {dag.py:3239} INFO - Sync 1 DAGs
[2025-04-24T23:14:37.388+0000] {logging_mixin.py:190} INFO - [2025-04-24T23:14:37.388+0000] {dag.py:4180} INFO - Setting next_dagrun for first_dag to 2025-04-23 08:00:00+00:00, run_after=2025-04-24 08:00:00+00:00
[2025-04-24T23:14:37.443+0000] {processor.py:208} INFO - Processing /opt/airflow/dags/tutorial_dag.py took 0.651 seconds
[2025-04-24T23:15:07.628+0000] {processor.py:186} INFO - Started process (PID=165) to work on /opt/airflow/dags/tutorial_dag.py
[2025-04-24T23:15:07.636+0000] {processor.py:914} INFO - Processing file /opt/airflow/dags/tutorial_dag.py for tasks to queue
[2025-04-24T23:15:07.644+0000] {logging_mixin.py:190} INFO - [2025-04-24T23:15:07.643+0000] {dagbag.py:588} INFO - Filling up the DagBag from /opt/airflow/dags/tutorial_dag.py
[2025-04-24T23:15:07.698+0000] {processor.py:925} INFO - DAG(s) 'first_dag' retrieved from /opt/airflow/dags/tutorial_dag.py
[2025-04-24T23:15:07.717+0000] {logging_mixin.py:190} INFO - [2025-04-24T23:15:07.717+0000] {dag.py:3239} INFO - Sync 1 DAGs
[2025-04-24T23:15:07.738+0000] {logging_mixin.py:190} INFO - [2025-04-24T23:15:07.737+0000] {dag.py:4180} INFO - Setting next_dagrun for first_dag to 2025-04-23 08:00:00+00:00, run_after=2025-04-24 08:00:00+00:00
[2025-04-24T23:15:07.754+0000] {processor.py:208} INFO - Processing /opt/airflow/dags/tutorial_dag.py took 0.132 seconds
[2025-04-24T23:15:38.280+0000] {processor.py:186} INFO - Started process (PID=173) to work on /opt/airflow/dags/tutorial_dag.py
[2025-04-24T23:15:38.282+0000] {processor.py:914} INFO - Processing file /opt/airflow/dags/tutorial_dag.py for tasks to queue
[2025-04-24T23:15:38.293+0000] {logging_mixin.py:190} INFO - [2025-04-24T23:15:38.291+0000] {dagbag.py:588} INFO - Filling up the DagBag from /opt/airflow/dags/tutorial_dag.py
[2025-04-24T23:15:38.354+0000] {processor.py:925} INFO - DAG(s) 'first_dag' retrieved from /opt/airflow/dags/tutorial_dag.py
[2025-04-24T23:15:38.404+0000] {logging_mixin.py:190} INFO - [2025-04-24T23:15:38.404+0000] {dag.py:3239} INFO - Sync 1 DAGs
[2025-04-24T23:15:38.448+0000] {logging_mixin.py:190} INFO - [2025-04-24T23:15:38.448+0000] {dag.py:4180} INFO - Setting next_dagrun for first_dag to 2025-04-23 08:00:00+00:00, run_after=2025-04-24 08:00:00+00:00
[2025-04-24T23:15:38.473+0000] {processor.py:208} INFO - Processing /opt/airflow/dags/tutorial_dag.py took 0.201 seconds
[2025-04-24T23:16:08.900+0000] {processor.py:186} INFO - Started process (PID=181) to work on /opt/airflow/dags/tutorial_dag.py
[2025-04-24T23:16:08.901+0000] {processor.py:914} INFO - Processing file /opt/airflow/dags/tutorial_dag.py for tasks to queue
[2025-04-24T23:16:08.904+0000] {logging_mixin.py:190} INFO - [2025-04-24T23:16:08.903+0000] {dagbag.py:588} INFO - Filling up the DagBag from /opt/airflow/dags/tutorial_dag.py
[2025-04-24T23:16:08.920+0000] {processor.py:925} INFO - DAG(s) 'first_dag' retrieved from /opt/airflow/dags/tutorial_dag.py
[2025-04-24T23:16:08.949+0000] {logging_mixin.py:190} INFO - [2025-04-24T23:16:08.949+0000] {dag.py:3239} INFO - Sync 1 DAGs
[2025-04-24T23:16:08.988+0000] {logging_mixin.py:190} INFO - [2025-04-24T23:16:08.988+0000] {dag.py:4180} INFO - Setting next_dagrun for first_dag to 2025-04-23 08:00:00+00:00, run_after=2025-04-24 08:00:00+00:00
[2025-04-24T23:16:09.006+0000] {processor.py:208} INFO - Processing /opt/airflow/dags/tutorial_dag.py took 0.111 seconds
[2025-04-24T23:16:39.435+0000] {processor.py:186} INFO - Started process (PID=189) to work on /opt/airflow/dags/tutorial_dag.py
[2025-04-24T23:16:39.436+0000] {processor.py:914} INFO - Processing file /opt/airflow/dags/tutorial_dag.py for tasks to queue
[2025-04-24T23:16:39.439+0000] {logging_mixin.py:190} INFO - [2025-04-24T23:16:39.439+0000] {dagbag.py:588} INFO - Filling up the DagBag from /opt/airflow/dags/tutorial_dag.py
[2025-04-24T23:16:39.466+0000] {processor.py:925} INFO - DAG(s) 'first_dag' retrieved from /opt/airflow/dags/tutorial_dag.py
[2025-04-24T23:16:39.483+0000] {logging_mixin.py:190} INFO - [2025-04-24T23:16:39.483+0000] {dag.py:3239} INFO - Sync 1 DAGs
[2025-04-24T23:16:39.504+0000] {logging_mixin.py:190} INFO - [2025-04-24T23:16:39.503+0000] {dag.py:4180} INFO - Setting next_dagrun for first_dag to 2025-04-23 08:00:00+00:00, run_after=2025-04-24 08:00:00+00:00
[2025-04-24T23:16:39.525+0000] {processor.py:208} INFO - Processing /opt/airflow/dags/tutorial_dag.py took 0.095 seconds
[2025-04-24T23:17:09.938+0000] {processor.py:186} INFO - Started process (PID=197) to work on /opt/airflow/dags/tutorial_dag.py
[2025-04-24T23:17:09.939+0000] {processor.py:914} INFO - Processing file /opt/airflow/dags/tutorial_dag.py for tasks to queue
[2025-04-24T23:17:09.950+0000] {logging_mixin.py:190} INFO - [2025-04-24T23:17:09.949+0000] {dagbag.py:588} INFO - Filling up the DagBag from /opt/airflow/dags/tutorial_dag.py
[2025-04-24T23:17:10.025+0000] {processor.py:925} INFO - DAG(s) 'first_dag' retrieved from /opt/airflow/dags/tutorial_dag.py
[2025-04-24T23:17:10.045+0000] {logging_mixin.py:190} INFO - [2025-04-24T23:17:10.045+0000] {dag.py:3239} INFO - Sync 1 DAGs
[2025-04-24T23:17:10.070+0000] {logging_mixin.py:190} INFO - [2025-04-24T23:17:10.069+0000] {dag.py:4180} INFO - Setting next_dagrun for first_dag to 2025-04-23 08:00:00+00:00, run_after=2025-04-24 08:00:00+00:00
[2025-04-24T23:17:10.088+0000] {processor.py:208} INFO - Processing /opt/airflow/dags/tutorial_dag.py took 0.155 seconds
[2025-04-24T23:17:40.499+0000] {processor.py:186} INFO - Started process (PID=205) to work on /opt/airflow/dags/tutorial_dag.py
[2025-04-24T23:17:40.500+0000] {processor.py:914} INFO - Processing file /opt/airflow/dags/tutorial_dag.py for tasks to queue
[2025-04-24T23:17:40.502+0000] {logging_mixin.py:190} INFO - [2025-04-24T23:17:40.502+0000] {dagbag.py:588} INFO - Filling up the DagBag from /opt/airflow/dags/tutorial_dag.py
[2025-04-24T23:17:40.521+0000] {processor.py:925} INFO - DAG(s) 'first_dag' retrieved from /opt/airflow/dags/tutorial_dag.py
[2025-04-24T23:17:40.537+0000] {logging_mixin.py:190} INFO - [2025-04-24T23:17:40.537+0000] {dag.py:3239} INFO - Sync 1 DAGs
[2025-04-24T23:17:40.558+0000] {logging_mixin.py:190} INFO - [2025-04-24T23:17:40.557+0000] {dag.py:4180} INFO - Setting next_dagrun for first_dag to 2025-04-23 08:00:00+00:00, run_after=2025-04-24 08:00:00+00:00
[2025-04-24T23:17:40.577+0000] {processor.py:208} INFO - Processing /opt/airflow/dags/tutorial_dag.py took 0.084 seconds
[2025-04-24T23:18:10.953+0000] {processor.py:186} INFO - Started process (PID=213) to work on /opt/airflow/dags/tutorial_dag.py
[2025-04-24T23:18:10.954+0000] {processor.py:914} INFO - Processing file /opt/airflow/dags/tutorial_dag.py for tasks to queue
[2025-04-24T23:18:10.956+0000] {logging_mixin.py:190} INFO - [2025-04-24T23:18:10.956+0000] {dagbag.py:588} INFO - Filling up the DagBag from /opt/airflow/dags/tutorial_dag.py
[2025-04-24T23:18:10.978+0000] {processor.py:925} INFO - DAG(s) 'first_dag' retrieved from /opt/airflow/dags/tutorial_dag.py
[2025-04-24T23:18:10.999+0000] {logging_mixin.py:190} INFO - [2025-04-24T23:18:10.999+0000] {dag.py:3239} INFO - Sync 1 DAGs
[2025-04-24T23:18:11.024+0000] {logging_mixin.py:190} INFO - [2025-04-24T23:18:11.024+0000] {dag.py:4180} INFO - Setting next_dagrun for first_dag to 2025-04-23 08:00:00+00:00, run_after=2025-04-24 08:00:00+00:00
[2025-04-24T23:18:11.046+0000] {processor.py:208} INFO - Processing /opt/airflow/dags/tutorial_dag.py took 0.099 seconds
[2025-04-24T23:18:41.502+0000] {processor.py:186} INFO - Started process (PID=221) to work on /opt/airflow/dags/tutorial_dag.py
[2025-04-24T23:18:41.503+0000] {processor.py:914} INFO - Processing file /opt/airflow/dags/tutorial_dag.py for tasks to queue
[2025-04-24T23:18:41.505+0000] {logging_mixin.py:190} INFO - [2025-04-24T23:18:41.505+0000] {dagbag.py:588} INFO - Filling up the DagBag from /opt/airflow/dags/tutorial_dag.py
[2025-04-24T23:18:41.528+0000] {processor.py:925} INFO - DAG(s) 'first_dag' retrieved from /opt/airflow/dags/tutorial_dag.py
[2025-04-24T23:18:41.554+0000] {logging_mixin.py:190} INFO - [2025-04-24T23:18:41.554+0000] {dag.py:3239} INFO - Sync 1 DAGs
[2025-04-24T23:18:41.589+0000] {logging_mixin.py:190} INFO - [2025-04-24T23:18:41.588+0000] {dag.py:4180} INFO - Setting next_dagrun for first_dag to 2025-04-23 08:00:00+00:00, run_after=2025-04-24 08:00:00+00:00
[2025-04-24T23:18:41.612+0000] {processor.py:208} INFO - Processing /opt/airflow/dags/tutorial_dag.py took 0.116 seconds
[2025-04-24T23:19:11.839+0000] {processor.py:186} INFO - Started process (PID=229) to work on /opt/airflow/dags/tutorial_dag.py
[2025-04-24T23:19:11.840+0000] {processor.py:914} INFO - Processing file /opt/airflow/dags/tutorial_dag.py for tasks to queue
[2025-04-24T23:19:11.843+0000] {logging_mixin.py:190} INFO - [2025-04-24T23:19:11.842+0000] {dagbag.py:588} INFO - Filling up the DagBag from /opt/airflow/dags/tutorial_dag.py
[2025-04-24T23:19:11.863+0000] {processor.py:925} INFO - DAG(s) 'first_dag' retrieved from /opt/airflow/dags/tutorial_dag.py
[2025-04-24T23:19:11.881+0000] {logging_mixin.py:190} INFO - [2025-04-24T23:19:11.880+0000] {dag.py:3239} INFO - Sync 1 DAGs
[2025-04-24T23:19:11.902+0000] {logging_mixin.py:190} INFO - [2025-04-24T23:19:11.902+0000] {dag.py:4180} INFO - Setting next_dagrun for first_dag to 2025-04-23 08:00:00+00:00, run_after=2025-04-24 08:00:00+00:00
[2025-04-24T23:19:11.919+0000] {processor.py:208} INFO - Processing /opt/airflow/dags/tutorial_dag.py took 0.084 seconds
[2025-04-24T23:19:42.391+0000] {processor.py:186} INFO - Started process (PID=237) to work on /opt/airflow/dags/tutorial_dag.py
[2025-04-24T23:19:42.392+0000] {processor.py:914} INFO - Processing file /opt/airflow/dags/tutorial_dag.py for tasks to queue
[2025-04-24T23:19:42.394+0000] {logging_mixin.py:190} INFO - [2025-04-24T23:19:42.394+0000] {dagbag.py:588} INFO - Filling up the DagBag from /opt/airflow/dags/tutorial_dag.py
[2025-04-24T23:19:42.419+0000] {processor.py:925} INFO - DAG(s) 'first_dag' retrieved from /opt/airflow/dags/tutorial_dag.py
[2025-04-24T23:19:42.460+0000] {logging_mixin.py:190} INFO - [2025-04-24T23:19:42.459+0000] {dag.py:3239} INFO - Sync 1 DAGs
[2025-04-24T23:19:42.483+0000] {logging_mixin.py:190} INFO - [2025-04-24T23:19:42.483+0000] {dag.py:4180} INFO - Setting next_dagrun for first_dag to 2025-04-23 08:00:00+00:00, run_after=2025-04-24 08:00:00+00:00
[2025-04-24T23:19:42.563+0000] {processor.py:208} INFO - Processing /opt/airflow/dags/tutorial_dag.py took 0.178 seconds
[2025-04-24T23:20:12.836+0000] {processor.py:186} INFO - Started process (PID=245) to work on /opt/airflow/dags/tutorial_dag.py
[2025-04-24T23:20:12.837+0000] {processor.py:914} INFO - Processing file /opt/airflow/dags/tutorial_dag.py for tasks to queue
[2025-04-24T23:20:12.842+0000] {logging_mixin.py:190} INFO - [2025-04-24T23:20:12.841+0000] {dagbag.py:588} INFO - Filling up the DagBag from /opt/airflow/dags/tutorial_dag.py
[2025-04-24T23:20:12.865+0000] {processor.py:925} INFO - DAG(s) 'first_dag' retrieved from /opt/airflow/dags/tutorial_dag.py
[2025-04-24T23:20:12.893+0000] {logging_mixin.py:190} INFO - [2025-04-24T23:20:12.893+0000] {dag.py:3239} INFO - Sync 1 DAGs
[2025-04-24T23:20:12.919+0000] {logging_mixin.py:190} INFO - [2025-04-24T23:20:12.919+0000] {dag.py:4180} INFO - Setting next_dagrun for first_dag to 2025-04-23 08:00:00+00:00, run_after=2025-04-24 08:00:00+00:00
[2025-04-24T23:20:12.940+0000] {processor.py:208} INFO - Processing /opt/airflow/dags/tutorial_dag.py took 0.109 seconds
[2025-04-24T23:20:43.320+0000] {processor.py:186} INFO - Started process (PID=253) to work on /opt/airflow/dags/tutorial_dag.py
[2025-04-24T23:20:43.322+0000] {processor.py:914} INFO - Processing file /opt/airflow/dags/tutorial_dag.py for tasks to queue
[2025-04-24T23:20:43.325+0000] {logging_mixin.py:190} INFO - [2025-04-24T23:20:43.325+0000] {dagbag.py:588} INFO - Filling up the DagBag from /opt/airflow/dags/tutorial_dag.py
[2025-04-24T23:20:43.352+0000] {processor.py:925} INFO - DAG(s) 'first_dag' retrieved from /opt/airflow/dags/tutorial_dag.py
[2025-04-24T23:20:43.374+0000] {logging_mixin.py:190} INFO - [2025-04-24T23:20:43.374+0000] {dag.py:3239} INFO - Sync 1 DAGs
[2025-04-24T23:20:43.399+0000] {logging_mixin.py:190} INFO - [2025-04-24T23:20:43.398+0000] {dag.py:4180} INFO - Setting next_dagrun for first_dag to 2025-04-23 08:00:00+00:00, run_after=2025-04-24 08:00:00+00:00
[2025-04-24T23:20:43.416+0000] {processor.py:208} INFO - Processing /opt/airflow/dags/tutorial_dag.py took 0.101 seconds
[2025-04-24T23:21:13.673+0000] {processor.py:186} INFO - Started process (PID=261) to work on /opt/airflow/dags/tutorial_dag.py
[2025-04-24T23:21:13.674+0000] {processor.py:914} INFO - Processing file /opt/airflow/dags/tutorial_dag.py for tasks to queue
[2025-04-24T23:21:13.677+0000] {logging_mixin.py:190} INFO - [2025-04-24T23:21:13.677+0000] {dagbag.py:588} INFO - Filling up the DagBag from /opt/airflow/dags/tutorial_dag.py
[2025-04-24T23:21:13.691+0000] {processor.py:925} INFO - DAG(s) 'first_dag' retrieved from /opt/airflow/dags/tutorial_dag.py
[2025-04-24T23:21:13.712+0000] {logging_mixin.py:190} INFO - [2025-04-24T23:21:13.712+0000] {dag.py:3239} INFO - Sync 1 DAGs
[2025-04-24T23:21:13.732+0000] {logging_mixin.py:190} INFO - [2025-04-24T23:21:13.731+0000] {dag.py:4180} INFO - Setting next_dagrun for first_dag to 2025-04-23 08:00:00+00:00, run_after=2025-04-24 08:00:00+00:00
[2025-04-24T23:21:13.754+0000] {processor.py:208} INFO - Processing /opt/airflow/dags/tutorial_dag.py took 0.086 seconds
[2025-04-24T23:21:44.179+0000] {processor.py:186} INFO - Started process (PID=269) to work on /opt/airflow/dags/tutorial_dag.py
[2025-04-24T23:21:44.180+0000] {processor.py:914} INFO - Processing file /opt/airflow/dags/tutorial_dag.py for tasks to queue
[2025-04-24T23:21:44.182+0000] {logging_mixin.py:190} INFO - [2025-04-24T23:21:44.182+0000] {dagbag.py:588} INFO - Filling up the DagBag from /opt/airflow/dags/tutorial_dag.py
[2025-04-24T23:21:44.200+0000] {processor.py:925} INFO - DAG(s) 'first_dag' retrieved from /opt/airflow/dags/tutorial_dag.py
[2025-04-24T23:21:44.216+0000] {logging_mixin.py:190} INFO - [2025-04-24T23:21:44.215+0000] {dag.py:3239} INFO - Sync 1 DAGs
[2025-04-24T23:21:44.234+0000] {logging_mixin.py:190} INFO - [2025-04-24T23:21:44.234+0000] {dag.py:4180} INFO - Setting next_dagrun for first_dag to 2025-04-23 08:00:00+00:00, run_after=2025-04-24 08:00:00+00:00
[2025-04-24T23:21:44.253+0000] {processor.py:208} INFO - Processing /opt/airflow/dags/tutorial_dag.py took 0.079 seconds
[2025-04-24T23:22:14.626+0000] {processor.py:186} INFO - Started process (PID=277) to work on /opt/airflow/dags/tutorial_dag.py
[2025-04-24T23:22:14.627+0000] {processor.py:914} INFO - Processing file /opt/airflow/dags/tutorial_dag.py for tasks to queue
[2025-04-24T23:22:14.629+0000] {logging_mixin.py:190} INFO - [2025-04-24T23:22:14.629+0000] {dagbag.py:588} INFO - Filling up the DagBag from /opt/airflow/dags/tutorial_dag.py
[2025-04-24T23:22:14.650+0000] {processor.py:925} INFO - DAG(s) 'first_dag' retrieved from /opt/airflow/dags/tutorial_dag.py
[2025-04-24T23:22:14.668+0000] {logging_mixin.py:190} INFO - [2025-04-24T23:22:14.668+0000] {dag.py:3239} INFO - Sync 1 DAGs
[2025-04-24T23:22:14.688+0000] {logging_mixin.py:190} INFO - [2025-04-24T23:22:14.688+0000] {dag.py:4180} INFO - Setting next_dagrun for first_dag to 2025-04-23 08:00:00+00:00, run_after=2025-04-24 08:00:00+00:00
[2025-04-24T23:22:14.711+0000] {processor.py:208} INFO - Processing /opt/airflow/dags/tutorial_dag.py took 0.091 seconds
[2025-04-24T23:22:45.009+0000] {processor.py:186} INFO - Started process (PID=285) to work on /opt/airflow/dags/tutorial_dag.py
[2025-04-24T23:22:45.010+0000] {processor.py:914} INFO - Processing file /opt/airflow/dags/tutorial_dag.py for tasks to queue
[2025-04-24T23:22:45.012+0000] {logging_mixin.py:190} INFO - [2025-04-24T23:22:45.012+0000] {dagbag.py:588} INFO - Filling up the DagBag from /opt/airflow/dags/tutorial_dag.py
[2025-04-24T23:22:45.035+0000] {processor.py:925} INFO - DAG(s) 'first_dag' retrieved from /opt/airflow/dags/tutorial_dag.py
[2025-04-24T23:22:45.052+0000] {logging_mixin.py:190} INFO - [2025-04-24T23:22:45.051+0000] {dag.py:3239} INFO - Sync 1 DAGs
[2025-04-24T23:22:45.070+0000] {logging_mixin.py:190} INFO - [2025-04-24T23:22:45.070+0000] {dag.py:4180} INFO - Setting next_dagrun for first_dag to 2025-04-23 08:00:00+00:00, run_after=2025-04-24 08:00:00+00:00
[2025-04-24T23:22:45.087+0000] {processor.py:208} INFO - Processing /opt/airflow/dags/tutorial_dag.py took 0.082 seconds
[2025-04-24T23:23:15.490+0000] {processor.py:186} INFO - Started process (PID=294) to work on /opt/airflow/dags/tutorial_dag.py
[2025-04-24T23:23:15.491+0000] {processor.py:914} INFO - Processing file /opt/airflow/dags/tutorial_dag.py for tasks to queue
[2025-04-24T23:23:15.493+0000] {logging_mixin.py:190} INFO - [2025-04-24T23:23:15.493+0000] {dagbag.py:588} INFO - Filling up the DagBag from /opt/airflow/dags/tutorial_dag.py
[2025-04-24T23:23:15.528+0000] {processor.py:925} INFO - DAG(s) 'first_dag' retrieved from /opt/airflow/dags/tutorial_dag.py
[2025-04-24T23:23:15.549+0000] {logging_mixin.py:190} INFO - [2025-04-24T23:23:15.549+0000] {dag.py:3239} INFO - Sync 1 DAGs
[2025-04-24T23:23:15.570+0000] {logging_mixin.py:190} INFO - [2025-04-24T23:23:15.570+0000] {dag.py:4180} INFO - Setting next_dagrun for first_dag to 2025-04-23 08:00:00+00:00, run_after=2025-04-24 08:00:00+00:00
[2025-04-24T23:23:15.602+0000] {processor.py:208} INFO - Processing /opt/airflow/dags/tutorial_dag.py took 0.117 seconds
[2025-04-24T23:23:45.954+0000] {processor.py:186} INFO - Started process (PID=302) to work on /opt/airflow/dags/tutorial_dag.py
[2025-04-24T23:23:45.955+0000] {processor.py:914} INFO - Processing file /opt/airflow/dags/tutorial_dag.py for tasks to queue
[2025-04-24T23:23:45.957+0000] {logging_mixin.py:190} INFO - [2025-04-24T23:23:45.957+0000] {dagbag.py:588} INFO - Filling up the DagBag from /opt/airflow/dags/tutorial_dag.py
[2025-04-24T23:23:45.982+0000] {processor.py:925} INFO - DAG(s) 'first_dag' retrieved from /opt/airflow/dags/tutorial_dag.py
[2025-04-24T23:23:46.001+0000] {logging_mixin.py:190} INFO - [2025-04-24T23:23:46.001+0000] {dag.py:3239} INFO - Sync 1 DAGs
[2025-04-24T23:23:46.029+0000] {logging_mixin.py:190} INFO - [2025-04-24T23:23:46.029+0000] {dag.py:4180} INFO - Setting next_dagrun for first_dag to 2025-04-23 08:00:00+00:00, run_after=2025-04-24 08:00:00+00:00
[2025-04-24T23:23:46.050+0000] {processor.py:208} INFO - Processing /opt/airflow/dags/tutorial_dag.py took 0.101 seconds
[2025-04-24T23:24:16.421+0000] {processor.py:186} INFO - Started process (PID=310) to work on /opt/airflow/dags/tutorial_dag.py
[2025-04-24T23:24:16.422+0000] {processor.py:914} INFO - Processing file /opt/airflow/dags/tutorial_dag.py for tasks to queue
[2025-04-24T23:24:16.425+0000] {logging_mixin.py:190} INFO - [2025-04-24T23:24:16.425+0000] {dagbag.py:588} INFO - Filling up the DagBag from /opt/airflow/dags/tutorial_dag.py
[2025-04-24T23:24:16.448+0000] {processor.py:925} INFO - DAG(s) 'first_dag' retrieved from /opt/airflow/dags/tutorial_dag.py
[2025-04-24T23:24:16.471+0000] {logging_mixin.py:190} INFO - [2025-04-24T23:24:16.471+0000] {dag.py:3239} INFO - Sync 1 DAGs
[2025-04-24T23:24:16.494+0000] {logging_mixin.py:190} INFO - [2025-04-24T23:24:16.494+0000] {dag.py:4180} INFO - Setting next_dagrun for first_dag to 2025-04-23 08:00:00+00:00, run_after=2025-04-24 08:00:00+00:00
[2025-04-24T23:24:16.517+0000] {processor.py:208} INFO - Processing /opt/airflow/dags/tutorial_dag.py took 0.101 seconds
[2025-04-24T23:24:46.943+0000] {processor.py:186} INFO - Started process (PID=318) to work on /opt/airflow/dags/tutorial_dag.py
[2025-04-24T23:24:46.944+0000] {processor.py:914} INFO - Processing file /opt/airflow/dags/tutorial_dag.py for tasks to queue
[2025-04-24T23:24:46.947+0000] {logging_mixin.py:190} INFO - [2025-04-24T23:24:46.946+0000] {dagbag.py:588} INFO - Filling up the DagBag from /opt/airflow/dags/tutorial_dag.py
[2025-04-24T23:24:46.978+0000] {processor.py:925} INFO - DAG(s) 'first_dag' retrieved from /opt/airflow/dags/tutorial_dag.py
[2025-04-24T23:24:47.000+0000] {logging_mixin.py:190} INFO - [2025-04-24T23:24:47.000+0000] {dag.py:3239} INFO - Sync 1 DAGs
[2025-04-24T23:24:47.026+0000] {logging_mixin.py:190} INFO - [2025-04-24T23:24:47.025+0000] {dag.py:4180} INFO - Setting next_dagrun for first_dag to 2025-04-23 08:00:00+00:00, run_after=2025-04-24 08:00:00+00:00
[2025-04-24T23:24:47.046+0000] {processor.py:208} INFO - Processing /opt/airflow/dags/tutorial_dag.py took 0.108 seconds
[2025-04-24T23:25:17.548+0000] {processor.py:186} INFO - Started process (PID=326) to work on /opt/airflow/dags/tutorial_dag.py
[2025-04-24T23:25:17.549+0000] {processor.py:914} INFO - Processing file /opt/airflow/dags/tutorial_dag.py for tasks to queue
[2025-04-24T23:25:17.558+0000] {logging_mixin.py:190} INFO - [2025-04-24T23:25:17.557+0000] {dagbag.py:588} INFO - Filling up the DagBag from /opt/airflow/dags/tutorial_dag.py
[2025-04-24T23:25:17.584+0000] {processor.py:925} INFO - DAG(s) 'first_dag' retrieved from /opt/airflow/dags/tutorial_dag.py
[2025-04-24T23:25:17.601+0000] {logging_mixin.py:190} INFO - [2025-04-24T23:25:17.601+0000] {dag.py:3239} INFO - Sync 1 DAGs
[2025-04-24T23:25:17.622+0000] {logging_mixin.py:190} INFO - [2025-04-24T23:25:17.621+0000] {dag.py:4180} INFO - Setting next_dagrun for first_dag to 2025-04-23 08:00:00+00:00, run_after=2025-04-24 08:00:00+00:00
[2025-04-24T23:25:17.642+0000] {processor.py:208} INFO - Processing /opt/airflow/dags/tutorial_dag.py took 0.100 seconds
[2025-04-24T23:25:47.870+0000] {processor.py:186} INFO - Started process (PID=334) to work on /opt/airflow/dags/tutorial_dag.py
[2025-04-24T23:25:47.872+0000] {processor.py:914} INFO - Processing file /opt/airflow/dags/tutorial_dag.py for tasks to queue
[2025-04-24T23:25:47.875+0000] {logging_mixin.py:190} INFO - [2025-04-24T23:25:47.874+0000] {dagbag.py:588} INFO - Filling up the DagBag from /opt/airflow/dags/tutorial_dag.py
[2025-04-24T23:25:47.902+0000] {processor.py:925} INFO - DAG(s) 'first_dag' retrieved from /opt/airflow/dags/tutorial_dag.py
[2025-04-24T23:25:47.922+0000] {logging_mixin.py:190} INFO - [2025-04-24T23:25:47.922+0000] {dag.py:3239} INFO - Sync 1 DAGs
[2025-04-24T23:25:47.942+0000] {logging_mixin.py:190} INFO - [2025-04-24T23:25:47.941+0000] {dag.py:4180} INFO - Setting next_dagrun for first_dag to 2025-04-23 08:00:00+00:00, run_after=2025-04-24 08:00:00+00:00
[2025-04-24T23:25:47.958+0000] {processor.py:208} INFO - Processing /opt/airflow/dags/tutorial_dag.py took 0.096 seconds
[2025-04-24T23:26:18.357+0000] {processor.py:186} INFO - Started process (PID=342) to work on /opt/airflow/dags/tutorial_dag.py
[2025-04-24T23:26:18.358+0000] {processor.py:914} INFO - Processing file /opt/airflow/dags/tutorial_dag.py for tasks to queue
[2025-04-24T23:26:18.361+0000] {logging_mixin.py:190} INFO - [2025-04-24T23:26:18.360+0000] {dagbag.py:588} INFO - Filling up the DagBag from /opt/airflow/dags/tutorial_dag.py
[2025-04-24T23:26:18.394+0000] {processor.py:925} INFO - DAG(s) 'first_dag' retrieved from /opt/airflow/dags/tutorial_dag.py
[2025-04-24T23:26:18.425+0000] {logging_mixin.py:190} INFO - [2025-04-24T23:26:18.425+0000] {dag.py:3239} INFO - Sync 1 DAGs
[2025-04-24T23:26:18.465+0000] {logging_mixin.py:190} INFO - [2025-04-24T23:26:18.465+0000] {dag.py:4180} INFO - Setting next_dagrun for first_dag to 2025-04-23 08:00:00+00:00, run_after=2025-04-24 08:00:00+00:00
[2025-04-24T23:26:18.500+0000] {processor.py:208} INFO - Processing /opt/airflow/dags/tutorial_dag.py took 0.149 seconds
[2025-04-24T23:26:48.824+0000] {processor.py:186} INFO - Started process (PID=350) to work on /opt/airflow/dags/tutorial_dag.py
[2025-04-24T23:26:48.826+0000] {processor.py:914} INFO - Processing file /opt/airflow/dags/tutorial_dag.py for tasks to queue
[2025-04-24T23:26:48.828+0000] {logging_mixin.py:190} INFO - [2025-04-24T23:26:48.828+0000] {dagbag.py:588} INFO - Filling up the DagBag from /opt/airflow/dags/tutorial_dag.py
[2025-04-24T23:26:48.857+0000] {processor.py:925} INFO - DAG(s) 'first_dag' retrieved from /opt/airflow/dags/tutorial_dag.py
[2025-04-24T23:26:48.876+0000] {logging_mixin.py:190} INFO - [2025-04-24T23:26:48.876+0000] {dag.py:3239} INFO - Sync 1 DAGs
[2025-04-24T23:26:48.896+0000] {logging_mixin.py:190} INFO - [2025-04-24T23:26:48.896+0000] {dag.py:4180} INFO - Setting next_dagrun for first_dag to 2025-04-23 08:00:00+00:00, run_after=2025-04-24 08:00:00+00:00
[2025-04-24T23:26:48.914+0000] {processor.py:208} INFO - Processing /opt/airflow/dags/tutorial_dag.py took 0.096 seconds
[2025-04-24T23:27:19.316+0000] {processor.py:186} INFO - Started process (PID=358) to work on /opt/airflow/dags/tutorial_dag.py
[2025-04-24T23:27:19.317+0000] {processor.py:914} INFO - Processing file /opt/airflow/dags/tutorial_dag.py for tasks to queue
[2025-04-24T23:27:19.319+0000] {logging_mixin.py:190} INFO - [2025-04-24T23:27:19.319+0000] {dagbag.py:588} INFO - Filling up the DagBag from /opt/airflow/dags/tutorial_dag.py
[2025-04-24T23:27:19.339+0000] {processor.py:925} INFO - DAG(s) 'first_dag' retrieved from /opt/airflow/dags/tutorial_dag.py
[2025-04-24T23:27:19.357+0000] {logging_mixin.py:190} INFO - [2025-04-24T23:27:19.357+0000] {dag.py:3239} INFO - Sync 1 DAGs
[2025-04-24T23:27:19.376+0000] {logging_mixin.py:190} INFO - [2025-04-24T23:27:19.376+0000] {dag.py:4180} INFO - Setting next_dagrun for first_dag to 2025-04-23 08:00:00+00:00, run_after=2025-04-24 08:00:00+00:00
[2025-04-24T23:27:19.393+0000] {processor.py:208} INFO - Processing /opt/airflow/dags/tutorial_dag.py took 0.081 seconds
[2025-04-24T23:27:49.802+0000] {processor.py:186} INFO - Started process (PID=366) to work on /opt/airflow/dags/tutorial_dag.py
[2025-04-24T23:27:49.803+0000] {processor.py:914} INFO - Processing file /opt/airflow/dags/tutorial_dag.py for tasks to queue
[2025-04-24T23:27:49.806+0000] {logging_mixin.py:190} INFO - [2025-04-24T23:27:49.805+0000] {dagbag.py:588} INFO - Filling up the DagBag from /opt/airflow/dags/tutorial_dag.py
[2025-04-24T23:27:49.824+0000] {processor.py:925} INFO - DAG(s) 'first_dag' retrieved from /opt/airflow/dags/tutorial_dag.py
[2025-04-24T23:27:49.840+0000] {logging_mixin.py:190} INFO - [2025-04-24T23:27:49.840+0000] {dag.py:3239} INFO - Sync 1 DAGs
[2025-04-24T23:27:49.859+0000] {logging_mixin.py:190} INFO - [2025-04-24T23:27:49.859+0000] {dag.py:4180} INFO - Setting next_dagrun for first_dag to 2025-04-23 08:00:00+00:00, run_after=2025-04-24 08:00:00+00:00
[2025-04-24T23:27:49.877+0000] {processor.py:208} INFO - Processing /opt/airflow/dags/tutorial_dag.py took 0.078 seconds
[2025-04-24T23:28:20.288+0000] {processor.py:186} INFO - Started process (PID=374) to work on /opt/airflow/dags/tutorial_dag.py
[2025-04-24T23:28:20.290+0000] {processor.py:914} INFO - Processing file /opt/airflow/dags/tutorial_dag.py for tasks to queue
[2025-04-24T23:28:20.291+0000] {logging_mixin.py:190} INFO - [2025-04-24T23:28:20.291+0000] {dagbag.py:588} INFO - Filling up the DagBag from /opt/airflow/dags/tutorial_dag.py
[2025-04-24T23:28:20.316+0000] {processor.py:925} INFO - DAG(s) 'first_dag' retrieved from /opt/airflow/dags/tutorial_dag.py
[2025-04-24T23:28:20.332+0000] {logging_mixin.py:190} INFO - [2025-04-24T23:28:20.332+0000] {dag.py:3239} INFO - Sync 1 DAGs
[2025-04-24T23:28:20.351+0000] {logging_mixin.py:190} INFO - [2025-04-24T23:28:20.351+0000] {dag.py:4180} INFO - Setting next_dagrun for first_dag to 2025-04-23 08:00:00+00:00, run_after=2025-04-24 08:00:00+00:00
[2025-04-24T23:28:20.369+0000] {processor.py:208} INFO - Processing /opt/airflow/dags/tutorial_dag.py took 0.085 seconds
[2025-04-24T23:28:50.719+0000] {processor.py:186} INFO - Started process (PID=381) to work on /opt/airflow/dags/tutorial_dag.py
[2025-04-24T23:28:50.721+0000] {processor.py:914} INFO - Processing file /opt/airflow/dags/tutorial_dag.py for tasks to queue
[2025-04-24T23:28:50.723+0000] {logging_mixin.py:190} INFO - [2025-04-24T23:28:50.723+0000] {dagbag.py:588} INFO - Filling up the DagBag from /opt/airflow/dags/tutorial_dag.py
[2025-04-24T23:28:50.742+0000] {processor.py:925} INFO - DAG(s) 'first_dag' retrieved from /opt/airflow/dags/tutorial_dag.py
[2025-04-24T23:28:50.761+0000] {logging_mixin.py:190} INFO - [2025-04-24T23:28:50.761+0000] {dag.py:3239} INFO - Sync 1 DAGs
[2025-04-24T23:28:50.781+0000] {logging_mixin.py:190} INFO - [2025-04-24T23:28:50.780+0000] {dag.py:4180} INFO - Setting next_dagrun for first_dag to 2025-04-23 08:00:00+00:00, run_after=2025-04-24 08:00:00+00:00
[2025-04-24T23:28:50.800+0000] {processor.py:208} INFO - Processing /opt/airflow/dags/tutorial_dag.py took 0.086 seconds
[2025-04-24T23:29:21.173+0000] {processor.py:186} INFO - Started process (PID=389) to work on /opt/airflow/dags/tutorial_dag.py
[2025-04-24T23:29:21.174+0000] {processor.py:914} INFO - Processing file /opt/airflow/dags/tutorial_dag.py for tasks to queue
[2025-04-24T23:29:21.177+0000] {logging_mixin.py:190} INFO - [2025-04-24T23:29:21.176+0000] {dagbag.py:588} INFO - Filling up the DagBag from /opt/airflow/dags/tutorial_dag.py
[2025-04-24T23:29:21.206+0000] {processor.py:925} INFO - DAG(s) 'first_dag' retrieved from /opt/airflow/dags/tutorial_dag.py
[2025-04-24T23:29:21.230+0000] {logging_mixin.py:190} INFO - [2025-04-24T23:29:21.230+0000] {dag.py:3239} INFO - Sync 1 DAGs
[2025-04-24T23:29:21.251+0000] {logging_mixin.py:190} INFO - [2025-04-24T23:29:21.251+0000] {dag.py:4180} INFO - Setting next_dagrun for first_dag to 2025-04-23 08:00:00+00:00, run_after=2025-04-24 08:00:00+00:00
[2025-04-24T23:29:21.273+0000] {processor.py:208} INFO - Processing /opt/airflow/dags/tutorial_dag.py took 0.105 seconds
[2025-04-24T23:29:51.780+0000] {processor.py:186} INFO - Started process (PID=398) to work on /opt/airflow/dags/tutorial_dag.py
[2025-04-24T23:29:51.781+0000] {processor.py:914} INFO - Processing file /opt/airflow/dags/tutorial_dag.py for tasks to queue
[2025-04-24T23:29:51.786+0000] {logging_mixin.py:190} INFO - [2025-04-24T23:29:51.785+0000] {dagbag.py:588} INFO - Filling up the DagBag from /opt/airflow/dags/tutorial_dag.py
[2025-04-24T23:29:51.807+0000] {processor.py:925} INFO - DAG(s) 'first_dag' retrieved from /opt/airflow/dags/tutorial_dag.py
[2025-04-24T23:29:51.824+0000] {logging_mixin.py:190} INFO - [2025-04-24T23:29:51.823+0000] {dag.py:3239} INFO - Sync 1 DAGs
[2025-04-24T23:29:51.842+0000] {logging_mixin.py:190} INFO - [2025-04-24T23:29:51.842+0000] {dag.py:4180} INFO - Setting next_dagrun for first_dag to 2025-04-23 08:00:00+00:00, run_after=2025-04-24 08:00:00+00:00
[2025-04-24T23:29:51.863+0000] {processor.py:208} INFO - Processing /opt/airflow/dags/tutorial_dag.py took 0.088 seconds
[2025-04-24T23:30:22.246+0000] {processor.py:186} INFO - Started process (PID=406) to work on /opt/airflow/dags/tutorial_dag.py
[2025-04-24T23:30:22.248+0000] {processor.py:914} INFO - Processing file /opt/airflow/dags/tutorial_dag.py for tasks to queue
[2025-04-24T23:30:22.253+0000] {logging_mixin.py:190} INFO - [2025-04-24T23:30:22.252+0000] {dagbag.py:588} INFO - Filling up the DagBag from /opt/airflow/dags/tutorial_dag.py
[2025-04-24T23:30:22.274+0000] {processor.py:925} INFO - DAG(s) 'first_dag' retrieved from /opt/airflow/dags/tutorial_dag.py
[2025-04-24T23:30:22.295+0000] {logging_mixin.py:190} INFO - [2025-04-24T23:30:22.295+0000] {dag.py:3239} INFO - Sync 1 DAGs
[2025-04-24T23:30:22.319+0000] {logging_mixin.py:190} INFO - [2025-04-24T23:30:22.319+0000] {dag.py:4180} INFO - Setting next_dagrun for first_dag to 2025-04-23 08:00:00+00:00, run_after=2025-04-24 08:00:00+00:00
[2025-04-24T23:30:22.339+0000] {processor.py:208} INFO - Processing /opt/airflow/dags/tutorial_dag.py took 0.098 seconds
