[2025-04-26T01:00:58.333+0000] {local_task_job_runner.py:123} INFO - ::group::Pre task execution logs
[2025-04-26T01:00:58.352+0000] {taskinstance.py:2614} INFO - Dependencies all met for dep_context=non-requeueable deps ti=<TaskInstance: user_processing.create_table scheduled__2025-04-25T00:00:00+00:00 [queued]>
[2025-04-26T01:00:58.366+0000] {taskinstance.py:2614} INFO - Dependencies all met for dep_context=requeueable deps ti=<TaskInstance: user_processing.create_table scheduled__2025-04-25T00:00:00+00:00 [queued]>
[2025-04-26T01:00:58.367+0000] {taskinstance.py:2867} INFO - Starting attempt 1 of 1
[2025-04-26T01:00:58.384+0000] {taskinstance.py:2890} INFO - Executing <Task(SQLExecuteQueryOperator): create_table> on 2025-04-25 00:00:00+00:00
[2025-04-26T01:00:58.395+0000] {warnings.py:112} WARNING - /home/***/.local/lib/python3.12/site-packages/***/task/task_runner/standard_task_runner.py:70: DeprecationWarning: This process (pid=2084) is multi-threaded, use of fork() may lead to deadlocks in the child.
  pid = os.fork()

[2025-04-26T01:00:58.398+0000] {standard_task_runner.py:72} INFO - Started process 2089 to run task
[2025-04-26T01:00:58.397+0000] {standard_task_runner.py:104} INFO - Running: ['***', 'tasks', 'run', 'user_processing', 'create_table', 'scheduled__2025-04-25T00:00:00+00:00', '--job-id', '10', '--raw', '--subdir', 'DAGS_FOLDER/user_processing.py', '--cfg-path', '/tmp/tmp9puja8jk']
[2025-04-26T01:00:58.401+0000] {standard_task_runner.py:105} INFO - Job 10: Subtask create_table
[2025-04-26T01:00:58.464+0000] {task_command.py:467} INFO - Running <TaskInstance: user_processing.create_table scheduled__2025-04-25T00:00:00+00:00 [running]> on host bb0d27cab5a5
[2025-04-26T01:00:58.548+0000] {taskinstance.py:3134} INFO - Exporting env vars: AIRFLOW_CTX_DAG_OWNER='***' AIRFLOW_CTX_DAG_ID='user_processing' AIRFLOW_CTX_TASK_ID='create_table' AIRFLOW_CTX_EXECUTION_DATE='2025-04-25T00:00:00+00:00' AIRFLOW_CTX_TRY_NUMBER='1' AIRFLOW_CTX_DAG_RUN_ID='scheduled__2025-04-25T00:00:00+00:00'
[2025-04-26T01:00:58.556+0000] {taskinstance.py:732} INFO - ::endgroup::
[2025-04-26T01:00:58.600+0000] {sql.py:295} INFO - Executing: 
            CREATE TABLE IF NOT EXISTS pet (
            pet_id SERIAL PRIMARY KEY,
            name VARCHAR NOT NULL,
            pet_type VARCHAR NOT NULL,
            birth_date DATE NOT NULL,
            OWNER VARCHAR NOT NULL);
        
[2025-04-26T01:00:58.617+0000] {base.py:84} INFO - Retrieving connection 'postgres'
[2025-04-26T01:00:58.633+0000] {base.py:84} INFO - Retrieving connection 'postgres'
[2025-04-26T01:00:58.642+0000] {sql.py:511} INFO - Running statement: 
            CREATE TABLE IF NOT EXISTS pet (
            pet_id SERIAL PRIMARY KEY,
            name VARCHAR NOT NULL,
            pet_type VARCHAR NOT NULL,
            birth_date DATE NOT NULL,
            OWNER VARCHAR NOT NULL);
        , parameters: None
[2025-04-26T01:00:58.653+0000] {warnings.py:112} WARNING - /home/***/.local/lib/python3.12/site-packages/***/providers/common/sql/hooks/sql.py:470: DeprecationWarning: Import of fetch_all_handler from the '***.providers.common.sql.hooks' module is deprecated and will
be removed in the future. Please import it from '***.providers.common.sql.hooks.handlers'.
  result = self._make_common_data_structure(handler(cur))

[2025-04-26T01:00:58.657+0000] {warnings.py:112} WARNING - /home/***/.local/lib/python3.12/site-packages/***/providers/common/sql/hooks/sql.py:471: DeprecationWarning: Import of return_single_query_results from the '***.providers.common.sql.hooks' module is deprecated and will
be removed in the future. Please import it from '***.providers.common.sql.hooks.handlers'.
  if return_single_query_results(sql, return_last, split_statements):

[2025-04-26T01:00:58.658+0000] {warnings.py:112} WARNING - /home/***/.local/lib/python3.12/site-packages/***/providers/common/sql/hooks/sql.py:486: DeprecationWarning: Import of return_single_query_results from the '***.providers.common.sql.hooks' module is deprecated and will
be removed in the future. Please import it from '***.providers.common.sql.hooks.handlers'.
  if return_single_query_results(sql, return_last, split_statements):

[2025-04-26T01:00:58.659+0000] {warnings.py:112} WARNING - /home/***/.local/lib/python3.12/site-packages/***/providers/common/sql/operators/sql.py:311: DeprecationWarning: Import of return_single_query_results from the '***.providers.common.sql.hooks' module is deprecated and will
be removed in the future. Please import it from '***.providers.common.sql.hooks.handlers'.
  if return_single_query_results(self.sql, self.return_last, self.split_statements):

[2025-04-26T01:00:58.670+0000] {taskinstance.py:341} INFO - ::group::Post task execution logs
[2025-04-26T01:00:58.671+0000] {taskinstance.py:353} INFO - Marking task as SUCCESS. dag_id=user_processing, task_id=create_table, run_id=scheduled__2025-04-25T00:00:00+00:00, execution_date=20250425T000000, start_date=20250426T010058, end_date=20250426T010058
[2025-04-26T01:00:58.735+0000] {local_task_job_runner.py:266} INFO - Task exited with return code 0
[2025-04-26T01:00:58.773+0000] {taskinstance.py:3901} INFO - 1 downstream tasks scheduled from follow-on schedule check
[2025-04-26T01:00:58.787+0000] {local_task_job_runner.py:245} INFO - ::endgroup::
