[2025-04-26T01:19:17.919+0000] {local_task_job_runner.py:123} INFO - ::group::Pre task execution logs
[2025-04-26T01:19:17.942+0000] {taskinstance.py:2614} INFO - Dependencies all met for dep_context=non-requeueable deps ti=<TaskInstance: user_processing.extract_user manual__2025-04-26T01:18:55.389251+00:00 [queued]>
[2025-04-26T01:19:17.955+0000] {taskinstance.py:2614} INFO - Dependencies all met for dep_context=requeueable deps ti=<TaskInstance: user_processing.extract_user manual__2025-04-26T01:18:55.389251+00:00 [queued]>
[2025-04-26T01:19:17.956+0000] {taskinstance.py:2867} INFO - Starting attempt 1 of 1
[2025-04-26T01:19:18.158+0000] {taskinstance.py:2890} INFO - Executing <Task(HttpOperator): extract_user> on 2025-04-26 01:18:55.389251+00:00
[2025-04-26T01:19:18.168+0000] {standard_task_runner.py:104} INFO - Running: ['***', 'tasks', 'run', 'user_processing', 'extract_user', 'manual__2025-04-26T01:18:55.389251+00:00', '--job-id', '36', '--raw', '--subdir', 'DAGS_FOLDER/user_processing.py', '--cfg-path', '/tmp/tmpgbuw7kz9']
[2025-04-26T01:19:18.172+0000] {standard_task_runner.py:105} INFO - Job 36: Subtask extract_user
[2025-04-26T01:19:18.166+0000] {warnings.py:112} WARNING - /home/***/.local/lib/python3.12/site-packages/***/task/task_runner/standard_task_runner.py:70: DeprecationWarning: This process (pid=2423) is multi-threaded, use of fork() may lead to deadlocks in the child.
  pid = os.fork()

[2025-04-26T01:19:18.175+0000] {standard_task_runner.py:72} INFO - Started process 2425 to run task
[2025-04-26T01:19:18.243+0000] {task_command.py:467} INFO - Running <TaskInstance: user_processing.extract_user manual__2025-04-26T01:18:55.389251+00:00 [running]> on host bb0d27cab5a5
[2025-04-26T01:19:18.332+0000] {taskinstance.py:3134} INFO - Exporting env vars: AIRFLOW_CTX_DAG_OWNER='***' AIRFLOW_CTX_DAG_ID='user_processing' AIRFLOW_CTX_TASK_ID='extract_user' AIRFLOW_CTX_EXECUTION_DATE='2025-04-26T01:18:55.389251+00:00' AIRFLOW_CTX_TRY_NUMBER='1' AIRFLOW_CTX_DAG_RUN_ID='manual__2025-04-26T01:18:55.389251+00:00'
[2025-04-26T01:19:18.334+0000] {taskinstance.py:732} INFO - ::endgroup::
[2025-04-26T01:19:18.349+0000] {http.py:175} INFO - Calling HTTP method
[2025-04-26T01:19:18.360+0000] {base.py:84} INFO - Retrieving connection 'user_api'
[2025-04-26T01:19:18.368+0000] {base.py:84} INFO - Retrieving connection 'user_api'
[2025-04-26T01:19:33.146+0000] {http.py:236} INFO - {"results":[{"gender":"female","name":{"title":"Mrs","first":"Elif","last":"Mertoğlu"},"location":{"street":{"number":3468,"name":"Anafartalar Cd"},"city":"Trabzon","state":"Trabzon","country":"Turkey","postcode":22104,"coordinates":{"latitude":"70.8264","longitude":"106.1259"},"timezone":{"offset":"0:00","description":"Western Europe Time, London, Lisbon, Casablanca"}},"email":"elif.mertoglu@example.com","login":{"uuid":"599751cc-2d71-441a-b377-24e9340def34","username":"heavydog362","password":"iverson","salt":"1CfpdQ0n","md5":"360209c5b61dea4e23dc811cf18923eb","sha1":"703734046c43d9f34bb6ffb60971bb691c593d57","sha256":"637b460b188b76f39a95dce30b629693a78c488737fe7fe9c02235f49a919dec"},"dob":{"date":"1996-09-27T06:19:15.962Z","age":28},"registered":{"date":"2014-04-26T02:41:04.005Z","age":10},"phone":"(208)-892-2728","cell":"(522)-574-6266","id":{"name":"","value":null},"picture":{"large":"https://randomuser.me/api/portraits/women/18.jpg","medium":"https://randomuser.me/api/portraits/med/women/18.jpg","thumbnail":"https://randomuser.me/api/portraits/thumb/women/18.jpg"},"nat":"TR"}],"info":{"seed":"c85037b23e101688","results":1,"page":1,"version":"1.4"}}
[2025-04-26T01:19:33.171+0000] {taskinstance.py:341} INFO - ::group::Post task execution logs
[2025-04-26T01:19:33.172+0000] {taskinstance.py:353} INFO - Marking task as SUCCESS. dag_id=user_processing, task_id=extract_user, run_id=manual__2025-04-26T01:18:55.389251+00:00, execution_date=20250426T011855, start_date=20250426T011917, end_date=20250426T011933
[2025-04-26T01:19:33.229+0000] {local_task_job_runner.py:266} INFO - Task exited with return code 0
[2025-04-26T01:19:33.265+0000] {taskinstance.py:3901} INFO - 1 downstream tasks scheduled from follow-on schedule check
[2025-04-26T01:19:33.269+0000] {local_task_job_runner.py:245} INFO - ::endgroup::
