[2025-04-26T01:01:19.012+0000] {local_task_job_runner.py:123} INFO - ::group::Pre task execution logs
[2025-04-26T01:01:19.043+0000] {taskinstance.py:2614} INFO - Dependencies all met for dep_context=non-requeueable deps ti=<TaskInstance: user_processing.extract_user scheduled__2025-04-25T00:00:00+00:00 [queued]>
[2025-04-26T01:01:19.060+0000] {taskinstance.py:2614} INFO - Dependencies all met for dep_context=requeueable deps ti=<TaskInstance: user_processing.extract_user scheduled__2025-04-25T00:00:00+00:00 [queued]>
[2025-04-26T01:01:19.065+0000] {taskinstance.py:2867} INFO - Starting attempt 1 of 1
[2025-04-26T01:01:19.349+0000] {taskinstance.py:2890} INFO - Executing <Task(HttpOperator): extract_user> on 2025-04-25 00:00:00+00:00
[2025-04-26T01:01:19.358+0000] {warnings.py:112} WARNING - /home/***/.local/lib/python3.12/site-packages/***/task/task_runner/standard_task_runner.py:70: DeprecationWarning: This process (pid=2107) is multi-threaded, use of fork() may lead to deadlocks in the child.
  pid = os.fork()

[2025-04-26T01:01:19.361+0000] {standard_task_runner.py:72} INFO - Started process 2112 to run task
[2025-04-26T01:01:19.362+0000] {standard_task_runner.py:104} INFO - Running: ['***', 'tasks', 'run', 'user_processing', 'extract_user', 'scheduled__2025-04-25T00:00:00+00:00', '--job-id', '13', '--raw', '--subdir', 'DAGS_FOLDER/user_processing.py', '--cfg-path', '/tmp/tmpx6l_s1xi']
[2025-04-26T01:01:19.365+0000] {standard_task_runner.py:105} INFO - Job 13: Subtask extract_user
[2025-04-26T01:01:19.450+0000] {task_command.py:467} INFO - Running <TaskInstance: user_processing.extract_user scheduled__2025-04-25T00:00:00+00:00 [running]> on host bb0d27cab5a5
[2025-04-26T01:01:19.679+0000] {taskinstance.py:3134} INFO - Exporting env vars: AIRFLOW_CTX_DAG_OWNER='***' AIRFLOW_CTX_DAG_ID='user_processing' AIRFLOW_CTX_TASK_ID='extract_user' AIRFLOW_CTX_EXECUTION_DATE='2025-04-25T00:00:00+00:00' AIRFLOW_CTX_TRY_NUMBER='1' AIRFLOW_CTX_DAG_RUN_ID='scheduled__2025-04-25T00:00:00+00:00'
[2025-04-26T01:01:19.682+0000] {taskinstance.py:732} INFO - ::endgroup::
[2025-04-26T01:01:19.699+0000] {http.py:175} INFO - Calling HTTP method
[2025-04-26T01:01:19.710+0000] {base.py:84} INFO - Retrieving connection 'user_api'
[2025-04-26T01:01:19.723+0000] {base.py:84} INFO - Retrieving connection 'user_api'
[2025-04-26T01:01:40.048+0000] {http.py:236} INFO - {"results":[{"gender":"male","name":{"title":"Mr","first":"Özkan","last":"Sarıoğlu"},"location":{"street":{"number":3578,"name":"Istiklal Cd"},"city":"Kırşehir","state":"Ankara","country":"Turkey","postcode":58553,"coordinates":{"latitude":"65.7249","longitude":"-62.5921"},"timezone":{"offset":"0:00","description":"Western Europe Time, London, Lisbon, Casablanca"}},"email":"ozkan.sarioglu@example.com","login":{"uuid":"eb757718-c970-41e6-ad39-146a569dd2ae","username":"bluemeercat205","password":"skywalker","salt":"WKEcg4zM","md5":"5b954ba118e4e55d0b5ebf4ff63d4b13","sha1":"c50a3248c461a5a557ccd83631c17656608bcf4e","sha256":"8beacec1abd7e273eb92e44e41da48b0d2b9843a41f728e51b11f006da55db74"},"dob":{"date":"1958-11-21T12:03:26.064Z","age":66},"registered":{"date":"2010-01-16T06:42:37.716Z","age":15},"phone":"(336)-881-6951","cell":"(031)-927-6856","id":{"name":"","value":null},"picture":{"large":"https://randomuser.me/api/portraits/men/63.jpg","medium":"https://randomuser.me/api/portraits/med/men/63.jpg","thumbnail":"https://randomuser.me/api/portraits/thumb/men/63.jpg"},"nat":"TR"}],"info":{"seed":"e3d672a4a1b38175","results":1,"page":1,"version":"1.4"}}
[2025-04-26T01:01:40.147+0000] {taskinstance.py:341} INFO - ::group::Post task execution logs
[2025-04-26T01:01:40.149+0000] {taskinstance.py:353} INFO - Marking task as SUCCESS. dag_id=user_processing, task_id=extract_user, run_id=scheduled__2025-04-25T00:00:00+00:00, execution_date=20250425T000000, start_date=20250426T010119, end_date=20250426T010140
[2025-04-26T01:01:40.274+0000] {local_task_job_runner.py:266} INFO - Task exited with return code 0
[2025-04-26T01:01:40.342+0000] {taskinstance.py:3901} INFO - 1 downstream tasks scheduled from follow-on schedule check
[2025-04-26T01:01:40.348+0000] {local_task_job_runner.py:245} INFO - ::endgroup::
