[2025-04-26T01:05:00.893+0000] {local_task_job_runner.py:123} INFO - ::group::Pre task execution logs
[2025-04-26T01:05:00.920+0000] {taskinstance.py:2614} INFO - Dependencies all met for dep_context=non-requeueable deps ti=<TaskInstance: user_processing.extract_user manual__2025-04-26T01:04:43.342585+00:00 [queued]>
[2025-04-26T01:05:00.937+0000] {taskinstance.py:2614} INFO - Dependencies all met for dep_context=requeueable deps ti=<TaskInstance: user_processing.extract_user manual__2025-04-26T01:04:43.342585+00:00 [queued]>
[2025-04-26T01:05:00.939+0000] {taskinstance.py:2867} INFO - Starting attempt 1 of 1
[2025-04-26T01:05:01.231+0000] {taskinstance.py:2890} INFO - Executing <Task(HttpOperator): extract_user> on 2025-04-26 01:04:43.342585+00:00
[2025-04-26T01:05:01.246+0000] {warnings.py:112} WARNING - /home/***/.local/lib/python3.12/site-packages/***/task/task_runner/standard_task_runner.py:70: DeprecationWarning: This process (pid=2172) is multi-threaded, use of fork() may lead to deadlocks in the child.
  pid = os.fork()

[2025-04-26T01:05:01.250+0000] {standard_task_runner.py:72} INFO - Started process 2174 to run task
[2025-04-26T01:05:01.250+0000] {standard_task_runner.py:104} INFO - Running: ['***', 'tasks', 'run', 'user_processing', 'extract_user', 'manual__2025-04-26T01:04:43.342585+00:00', '--job-id', '19', '--raw', '--subdir', 'DAGS_FOLDER/user_processing.py', '--cfg-path', '/tmp/tmpqwe9w_ai']
[2025-04-26T01:05:01.255+0000] {standard_task_runner.py:105} INFO - Job 19: Subtask extract_user
[2025-04-26T01:05:01.327+0000] {task_command.py:467} INFO - Running <TaskInstance: user_processing.extract_user manual__2025-04-26T01:04:43.342585+00:00 [running]> on host bb0d27cab5a5
[2025-04-26T01:05:01.444+0000] {taskinstance.py:3134} INFO - Exporting env vars: AIRFLOW_CTX_DAG_OWNER='***' AIRFLOW_CTX_DAG_ID='user_processing' AIRFLOW_CTX_TASK_ID='extract_user' AIRFLOW_CTX_EXECUTION_DATE='2025-04-26T01:04:43.342585+00:00' AIRFLOW_CTX_TRY_NUMBER='1' AIRFLOW_CTX_DAG_RUN_ID='manual__2025-04-26T01:04:43.342585+00:00'
[2025-04-26T01:05:01.446+0000] {taskinstance.py:732} INFO - ::endgroup::
[2025-04-26T01:05:01.469+0000] {http.py:175} INFO - Calling HTTP method
[2025-04-26T01:05:01.483+0000] {base.py:84} INFO - Retrieving connection 'user_api'
[2025-04-26T01:05:01.495+0000] {base.py:84} INFO - Retrieving connection 'user_api'
[2025-04-26T01:05:16.194+0000] {http.py:236} INFO - {"results":[{"gender":"female","name":{"title":"Ms","first":"Falviana","last":"Silveira"},"location":{"street":{"number":1171,"name":"Rua São Jorge "},"city":"Timon","state":"Amazonas","country":"Brazil","postcode":42513,"coordinates":{"latitude":"-81.2609","longitude":"48.7587"},"timezone":{"offset":"-5:00","description":"Eastern Time (US & Canada), Bogota, Lima"}},"email":"falviana.silveira@example.com","login":{"uuid":"5ed31be2-59f9-469b-a410-636cafcf12e6","username":"angrygorilla283","password":"ashley","salt":"J8LxMQ3r","md5":"5a46b7a09b72568bf86f586dc0209e35","sha1":"527fb3890280c0136d78a74915779d5aea73a805","sha256":"0cadb485f278e258e88a7243389fe1d85276911a63248d8bec7cd54d2c67d040"},"dob":{"date":"1968-09-21T14:04:05.527Z","age":56},"registered":{"date":"2018-03-18T21:57:58.448Z","age":7},"phone":"(98) 9018-3965","cell":"(71) 9830-3057","id":{"name":"CPF","value":"665.409.813-64"},"picture":{"large":"https://randomuser.me/api/portraits/women/66.jpg","medium":"https://randomuser.me/api/portraits/med/women/66.jpg","thumbnail":"https://randomuser.me/api/portraits/thumb/women/66.jpg"},"nat":"BR"}],"info":{"seed":"9ce22d5f0a2691ce","results":1,"page":1,"version":"1.4"}}
[2025-04-26T01:05:16.255+0000] {taskinstance.py:341} INFO - ::group::Post task execution logs
[2025-04-26T01:05:16.256+0000] {taskinstance.py:353} INFO - Marking task as SUCCESS. dag_id=user_processing, task_id=extract_user, run_id=manual__2025-04-26T01:04:43.342585+00:00, execution_date=20250426T010443, start_date=20250426T010500, end_date=20250426T010516
[2025-04-26T01:05:16.333+0000] {local_task_job_runner.py:266} INFO - Task exited with return code 0
[2025-04-26T01:05:16.376+0000] {taskinstance.py:3901} INFO - 1 downstream tasks scheduled from follow-on schedule check
[2025-04-26T01:05:16.379+0000] {local_task_job_runner.py:245} INFO - ::endgroup::
