[2025-04-26T01:10:01.187+0000] {local_task_job_runner.py:123} INFO - ::group::Pre task execution logs
[2025-04-26T01:10:01.205+0000] {taskinstance.py:2614} INFO - Dependencies all met for dep_context=non-requeueable deps ti=<TaskInstance: user_processing.create_table manual__2025-04-26T01:09:59.579345+00:00 [queued]>
[2025-04-26T01:10:01.215+0000] {taskinstance.py:2614} INFO - Dependencies all met for dep_context=requeueable deps ti=<TaskInstance: user_processing.create_table manual__2025-04-26T01:09:59.579345+00:00 [queued]>
[2025-04-26T01:10:01.216+0000] {taskinstance.py:2867} INFO - Starting attempt 1 of 1
[2025-04-26T01:10:01.419+0000] {taskinstance.py:2890} INFO - Executing <Task(SQLExecuteQueryOperator): create_table> on 2025-04-26 01:09:59.579345+00:00
[2025-04-26T01:10:01.425+0000] {warnings.py:112} WARNING - /home/***/.local/lib/python3.12/site-packages/***/task/task_runner/standard_task_runner.py:70: DeprecationWarning: This process (pid=2260) is multi-threaded, use of fork() may lead to deadlocks in the child.
  pid = os.fork()

[2025-04-26T01:10:01.427+0000] {standard_task_runner.py:72} INFO - Started process 2262 to run task
[2025-04-26T01:10:01.427+0000] {standard_task_runner.py:104} INFO - Running: ['***', 'tasks', 'run', 'user_processing', 'create_table', 'manual__2025-04-26T01:09:59.579345+00:00', '--job-id', '25', '--raw', '--subdir', 'DAGS_FOLDER/user_processing.py', '--cfg-path', '/tmp/tmpqwyrkq7r']
[2025-04-26T01:10:01.430+0000] {standard_task_runner.py:105} INFO - Job 25: Subtask create_table
[2025-04-26T01:10:01.475+0000] {task_command.py:467} INFO - Running <TaskInstance: user_processing.create_table manual__2025-04-26T01:09:59.579345+00:00 [running]> on host bb0d27cab5a5
[2025-04-26T01:10:01.546+0000] {taskinstance.py:3134} INFO - Exporting env vars: AIRFLOW_CTX_DAG_OWNER='***' AIRFLOW_CTX_DAG_ID='user_processing' AIRFLOW_CTX_TASK_ID='create_table' AIRFLOW_CTX_EXECUTION_DATE='2025-04-26T01:09:59.579345+00:00' AIRFLOW_CTX_TRY_NUMBER='1' AIRFLOW_CTX_DAG_RUN_ID='manual__2025-04-26T01:09:59.579345+00:00'
[2025-04-26T01:10:01.547+0000] {taskinstance.py:732} INFO - ::endgroup::
[2025-04-26T01:10:01.560+0000] {sql.py:295} INFO - Executing: 
            CREATE TABLE IF NOT EXISTS pet (
            pet_id SERIAL PRIMARY KEY,
            name VARCHAR NOT NULL,
            pet_type VARCHAR NOT NULL,
            birth_date DATE NOT NULL,
            OWNER VARCHAR NOT NULL);
        
[2025-04-26T01:10:01.568+0000] {base.py:84} INFO - Retrieving connection 'postgres'
[2025-04-26T01:10:01.577+0000] {base.py:84} INFO - Retrieving connection 'postgres'
[2025-04-26T01:10:01.581+0000] {sql.py:511} INFO - Running statement: 
            CREATE TABLE IF NOT EXISTS pet (
            pet_id SERIAL PRIMARY KEY,
            name VARCHAR NOT NULL,
            pet_type VARCHAR NOT NULL,
            birth_date DATE NOT NULL,
            OWNER VARCHAR NOT NULL);
        , parameters: None
[2025-04-26T01:10:01.583+0000] {warnings.py:112} WARNING - /home/***/.local/lib/python3.12/site-packages/***/providers/common/sql/hooks/sql.py:470: DeprecationWarning: Import of fetch_all_handler from the '***.providers.common.sql.hooks' module is deprecated and will
be removed in the future. Please import it from '***.providers.common.sql.hooks.handlers'.
  result = self._make_common_data_structure(handler(cur))

[2025-04-26T01:10:01.584+0000] {warnings.py:112} WARNING - /home/***/.local/lib/python3.12/site-packages/***/providers/common/sql/hooks/sql.py:471: DeprecationWarning: Import of return_single_query_results from the '***.providers.common.sql.hooks' module is deprecated and will
be removed in the future. Please import it from '***.providers.common.sql.hooks.handlers'.
  if return_single_query_results(sql, return_last, split_statements):

[2025-04-26T01:10:01.586+0000] {warnings.py:112} WARNING - /home/***/.local/lib/python3.12/site-packages/***/providers/common/sql/hooks/sql.py:486: DeprecationWarning: Import of return_single_query_results from the '***.providers.common.sql.hooks' module is deprecated and will
be removed in the future. Please import it from '***.providers.common.sql.hooks.handlers'.
  if return_single_query_results(sql, return_last, split_statements):

[2025-04-26T01:10:01.587+0000] {warnings.py:112} WARNING - /home/***/.local/lib/python3.12/site-packages/***/providers/common/sql/operators/sql.py:311: DeprecationWarning: Import of return_single_query_results from the '***.providers.common.sql.hooks' module is deprecated and will
be removed in the future. Please import it from '***.providers.common.sql.hooks.handlers'.
  if return_single_query_results(self.sql, self.return_last, self.split_statements):

[2025-04-26T01:10:01.596+0000] {taskinstance.py:341} INFO - ::group::Post task execution logs
[2025-04-26T01:10:01.597+0000] {taskinstance.py:353} INFO - Marking task as SUCCESS. dag_id=user_processing, task_id=create_table, run_id=manual__2025-04-26T01:09:59.579345+00:00, execution_date=20250426T010959, start_date=20250426T011001, end_date=20250426T011001
[2025-04-26T01:10:01.647+0000] {local_task_job_runner.py:266} INFO - Task exited with return code 0
[2025-04-26T01:10:01.681+0000] {taskinstance.py:3901} INFO - 1 downstream tasks scheduled from follow-on schedule check
[2025-04-26T01:10:01.684+0000] {local_task_job_runner.py:245} INFO - ::endgroup::
